#
# A fatal error has been detected by the Java Runtime Environment:
#
#  EXCEPTION_ACCESS_VIOLATION (0xc0000005) at pc=0x00007ffd6e0ee878, pid=7400, tid=17296
#
# JRE version: Java(TM) SE Runtime Environment (12.0.1+12) (build 12.0.1+12)
# Java VM: Java HotSpot(TM) 64-Bit Server VM (12.0.1+12, mixed mode, sharing, tiered, compressed oops, g1 gc, windows-amd64)
# Problematic frame:
# C  [librocksdbjni3250310675145823932.dll+0x24e878]
#
# No core dump will be written. Minidumps are not enabled by default on client versions of Windows
#
# If you would like to submit a bug report, please visit:
#   http://bugreport.java.com/bugreport/crash.jsp
# The crash happened outside the Java Virtual Machine in native code.
# See problematic frame for where to report the bug.
#

---------------  S U M M A R Y ------------

Command Line: -javaagent:C:\Program Files\JetBrains\IntelliJ IDEA Community Edition 2020.1.3\lib\idea_rt.jar=62502:C:\Program Files\JetBrains\IntelliJ IDEA Community Edition 2020.1.3\bin -Dfile.encoding=UTF-8 one.wangwei.blockchain.cli.Main

Host: Intel(R) Core(TM) i5-6300HQ CPU @ 2.30GHz, 4 cores, 7G,  Windows 10 , 64 bit Build 18362 (10.0.18362.959)
Time: Fri Aug 14 10:42:25 2020 ?D1®≤°¿®∫°¡?®∫°¿?? elapsed time: 5 seconds (0d 0h 0m 5s)

---------------  T H R E A D  ---------------

Current thread (0x000001a12e260000):  JavaThread "main" [_thread_in_native, id=17296, stack(0x00000033a5d00000,0x00000033a5e00000)]

Stack: [0x00000033a5d00000,0x00000033a5e00000],  sp=0x00000033a5dfed20,  free space=1019k
Native frames: (J=compiled Java code, j=interpreted, Vv=VM code, C=native code)
C  [librocksdbjni3250310675145823932.dll+0x24e878]

Java frames: (J=compiled Java code, j=interpreted, Vv=VM code)
j  org.rocksdb.RocksDB.put(J[BII[BII)V+0
j  org.rocksdb.RocksDB.put([B[B)V+13
j  one.wangwei.blockchain.store.RocksDBUtils.putBlock(Lone/wangwei/blockchain/block/Block;)V+34
j  one.wangwei.blockchain.block.Blockchain.createBlockchain(Ljava/lang/String;)Lone/wangwei/blockchain/block/Blockchain;+65
j  one.wangwei.blockchain.cli.CLI.createBlockchain(Ljava/lang/String;)V+1
j  one.wangwei.blockchain.cli.CLI.parse()V+339
j  one.wangwei.blockchain.cli.Main.main([Ljava/lang/String;)V+30
v  ~StubRoutines::call_stub

siginfo: EXCEPTION_ACCESS_VIOLATION (0xc0000005), reading address 0x0000000000000038


Register to memory mapping:

RIP=0x00007ffd6e0ee878 librocksdbjni3250310675145823932.dll
RAX=0x0 is NULL
RBX=0x0000000000000251 is an unknown value
RCX=0x000001a14dacd0d0 points into unknown readable memory: 00 00 00 00 00 00 00 00
RDX=0x00000033a5dfed88 is pointing into the stack for thread: 0x000001a12e260000
RSP=0x00000033a5dfed20 is pointing into the stack for thread: 0x000001a12e260000
RBP=0x00000033a5dfeda0 is pointing into the stack for thread: 0x000001a12e260000
RSI=0x0 is NULL
RDI=0x0 is NULL
R8 =0x00007ffd6e4d8944 librocksdbjni3250310675145823932.dll
R9 =0x00000033a5dfed78 is pointing into the stack for thread: 0x000001a12e260000
R10=0x0000000085091ce0 points into unknown readable memory: 01 00 6a 61 76 61 2e 75
R11=0x00000033a5dfed00 is pointing into the stack for thread: 0x000001a12e260000
R12=0x000001a12e260330 points into unknown readable memory: e0 1d f3 6e fd 7f 00 00
R13=0x000001a14dacd0d0 points into unknown readable memory: 00 00 00 00 00 00 00 00
R14=0x000001a14e5e02e0 points into unknown readable memory: 03 01 62 6c 6f 63 6b f3
R15=0x000001a151e47000 points into unknown readable memory: 01 00 6a 61 76 61 2e 75


Registers:
RAX=0x0000000000000000, RBX=0x0000000000000251, RCX=0x000001a14dacd0d0, RDX=0x00000033a5dfed88
RSP=0x00000033a5dfed20, RBP=0x00000033a5dfeda0, RSI=0x0000000000000000, RDI=0x0000000000000000
R8 =0x00007ffd6e4d8944, R9 =0x00000033a5dfed78, R10=0x0000000085091ce0, R11=0x00000033a5dfed00
R12=0x000001a12e260330, R13=0x000001a14dacd0d0, R14=0x000001a14e5e02e0, R15=0x000001a151e47000
RIP=0x00007ffd6e0ee878, EFLAGS=0x0000000000010246

Top of Stack: (sp=0x00000033a5dfed20)
0x00000033a5dfed20:   0000000000000251 0000000000000008
0x00000033a5dfed30:   0000000000000008 000000008508d890
0x00000033a5dfed40:   00000033a5dfed68 000001a1000000b6
0x00000033a5dfed50:   fffffffffffffffe 0000000000000000
0x00000033a5dfed60:   0000000000000000 000001a151e47000
0x00000033a5dfed70:   0000000000000251 000001a14e5e02e0
0x00000033a5dfed80:   0000000000000008 00000033a5dfef50
0x00000033a5dfed90:   000001a14cb71fb8 00007ffd6e6ae699
0x00000033a5dfeda0:   000001a12e260000 00000033a5dfef50
0x00000033a5dfedb0:   000001a14cb71fb8 0000000000000000
0x00000033a5dfedc0:   000000008508d890 00000000000001a0
0x00000033a5dfedd0:   00000033a5dfeef0 00007ffd6e0f1464
0x00000033a5dfede0:   000001a14cb71fc0 000001a1366b5e6b
0x00000033a5dfedf0:   00007ffd6e4d8944 0000000000000000
0x00000033a5dfee00:   00000033a5dfef38 000001a100000000
0x00000033a5dfee10:   3ff0000000000008 00000033a5dfef20 

Instructions: (pc=0x00007ffd6e0ee878)
0x00007ffd6e0ee858:   4c 24 28 48 8d 4d d8 48 89 4c 24 20 49 8b cd ff
0x00007ffd6e0ee868:   50 40 eb 0f 48 89 4c 24 20 4c 8d 4d d8 49 8b cd
0x00007ffd6e0ee878:   ff 50 38 48 8b d8 48 8d 45 b8 48 3b c3 74 28 8b
0x00007ffd6e0ee888:   33 45 33 ed 44 89 2b 8b 4b 04 89 4d bc 89 75 b8 


Stack slot to memory mapping:
stack at sp + 0 slots: 0x0000000000000251 is an unknown value
stack at sp + 1 slots: 0x0000000000000008 is an unknown value
stack at sp + 2 slots: 0x0000000000000008 is an unknown value
stack at sp + 3 slots: 0x000000008508d890 points into unknown readable memory: 01 00 00 00 00 00 00 00
stack at sp + 4 slots: 0x00000033a5dfed68 is pointing into the stack for thread: 0x000001a12e260000
stack at sp + 5 slots: 0x000001a1000000b6 is an unknown value
stack at sp + 6 slots: 0xfffffffffffffffe is an unknown value
stack at sp + 7 slots: 0x0 is NULL


---------------  P R O C E S S  ---------------

Threads class SMR info:
_java_thread_list=0x000001a14daccef0, length=12, elements={
0x000001a12e260000, 0x000001a14c666800, 0x000001a14c667800, 0x000001a14c685800,
0x000001a14c686800, 0x000001a14c688800, 0x000001a14c696000, 0x000001a14c69b000,
0x000001a14c64b800, 0x000001a14d1ae000, 0x000001a14d1ae800, 0x000001a14df4e800
}

Java Threads: ( => current thread )
=>0x000001a12e260000 JavaThread "main" [_thread_in_native, id=17296, stack(0x00000033a5d00000,0x00000033a5e00000)]
  0x000001a14c666800 JavaThread "Reference Handler" daemon [_thread_blocked, id=10560, stack(0x00000033a6400000,0x00000033a6500000)]
  0x000001a14c667800 JavaThread "Finalizer" daemon [_thread_blocked, id=5232, stack(0x00000033a6500000,0x00000033a6600000)]
  0x000001a14c685800 JavaThread "Signal Dispatcher" daemon [_thread_blocked, id=12856, stack(0x00000033a6700000,0x00000033a6800000)]
  0x000001a14c686800 JavaThread "Attach Listener" daemon [_thread_blocked, id=14428, stack(0x00000033a6800000,0x00000033a6900000)]
  0x000001a14c688800 JavaThread "C2 CompilerThread0" daemon [_thread_blocked, id=16112, stack(0x00000033a6900000,0x00000033a6a00000)]
  0x000001a14c696000 JavaThread "C1 CompilerThread0" daemon [_thread_blocked, id=5432, stack(0x00000033a6a00000,0x00000033a6b00000)]
  0x000001a14c69b000 JavaThread "Sweeper thread" daemon [_thread_blocked, id=9752, stack(0x00000033a6b00000,0x00000033a6c00000)]
  0x000001a14c64b800 JavaThread "Common-Cleaner" daemon [_thread_blocked, id=4256, stack(0x00000033a6c00000,0x00000033a6d00000)]
  0x000001a14d1ae000 JavaThread "Monitor Ctrl-Break" daemon [_thread_in_native, id=7408, stack(0x00000033a6d00000,0x00000033a6e00000)]
  0x000001a14d1ae800 JavaThread "Service Thread" daemon [_thread_blocked, id=5216, stack(0x00000033a6e00000,0x00000033a6f00000)]
  0x000001a14df4e800 JavaThread "C2 CompilerThread1" daemon [_thread_blocked, id=10664, stack(0x00000033a7400000,0x00000033a7500000)]

Other Threads:
  0x000001a14c663000 VMThread "VM Thread" [stack: 0x00000033a6300000,0x00000033a6400000] [id=9732]
  0x000001a14d1b0800 WatcherThread [stack: 0x00000033a6f00000,0x00000033a7000000] [id=7864]
  0x000001a12e29a000 GCTaskThread "GC Thread#0" [stack: 0x00000033a5e00000,0x00000033a5f00000] [id=16776]
  0x000001a14df42800 GCTaskThread "GC Thread#1" [stack: 0x00000033a7200000,0x00000033a7300000] [id=2688]
  0x000001a14df4a800 GCTaskThread "GC Thread#2" [stack: 0x00000033a7300000,0x00000033a7400000] [id=13784]
  0x000001a12e2a7800 ConcurrentGCThread "G1 Main Marker" [stack: 0x00000033a5f00000,0x00000033a6000000] [id=6784]
  0x000001a12e2ab000 ConcurrentGCThread "G1 Conc#0" [stack: 0x00000033a6000000,0x00000033a6100000] [id=12812]
  0x000001a14c4e4800 ConcurrentGCThread "G1 Refine#0" [stack: 0x00000033a6100000,0x00000033a6200000] [id=12956]
  0x000001a14e2d9800 ConcurrentGCThread "G1 Refine#1" [stack: 0x00000033a7500000,0x00000033a7600000] [id=8304]
  0x000001a12e32e000 ConcurrentGCThread "G1 Young RemSet Sampling" [stack: 0x00000033a6200000,0x00000033a6300000] [id=10456]

Threads with active compile tasks:

VM state:not at safepoint (normal execution)

VM Mutex/Monitor currently owned by a thread: None

Heap address: 0x0000000081a00000, size: 2022 MB, Compressed Oops mode: 32-bit
Narrow klass base: 0x0000000800000000, Narrow klass shift: 3
Compressed class space size: 1073741824 Address: 0x00000008011a0000

Heap:
 garbage-first heap   total 131072K, used 84286K [0x0000000081a00000, 0x0000000100000000)
  region size 1024K, 75 young (76800K), 1 survivors (1024K)
 Metaspace       used 7125K, capacity 7360K, committed 7424K, reserved 1056768K
  class space    used 638K, capacity 721K, committed 768K, reserved 1048576K
Heap Regions: E=young(eden), S=young(survivor), O=old, HS=humongous(starts), HC=humongous(continues), CS=collection set, F=free, A=archive, TAMS=top-at-mark-start (previous, next)
|   0|0x0000000081a00000, 0x0000000081b00000, 0x0000000081b00000|100%| O|  |TAMS 0x0000000081a00000, 0x0000000081a00000| Untracked 
|   1|0x0000000081b00000, 0x0000000081c00000, 0x0000000081c00000|100%| O|  |TAMS 0x0000000081b00000, 0x0000000081b00000| Untracked 
|   2|0x0000000081c00000, 0x0000000081d00000, 0x0000000081d00000|100%| O|  |TAMS 0x0000000081c00000, 0x0000000081c00000| Untracked 
|   3|0x0000000081d00000, 0x0000000081e00000, 0x0000000081e00000|100%| O|  |TAMS 0x0000000081d00000, 0x0000000081d00000| Untracked 
|   4|0x0000000081e00000, 0x0000000081f00000, 0x0000000081f00000|100%| O|  |TAMS 0x0000000081e00000, 0x0000000081e00000| Untracked 
|   5|0x0000000081f00000, 0x0000000082000000, 0x0000000082000000|100%| O|  |TAMS 0x0000000081f00000, 0x0000000081f00000| Untracked 
|   6|0x0000000082000000, 0x0000000082100000, 0x0000000082100000|100%| O|  |TAMS 0x0000000082000000, 0x0000000082000000| Untracked 
|   7|0x0000000082100000, 0x0000000082200000, 0x0000000082200000|100%| O|  |TAMS 0x0000000082100000, 0x0000000082100000| Untracked 
|   8|0x0000000082200000, 0x00000000822f5800, 0x0000000082300000| 95%| O|  |TAMS 0x0000000082200000, 0x0000000082200000| Untracked 
|   9|0x0000000082300000, 0x0000000082300000, 0x0000000082400000|  0%| F|  |TAMS 0x0000000082300000, 0x0000000082300000| Untracked 
|  10|0x0000000082400000, 0x0000000082400000, 0x0000000082500000|  0%| F|  |TAMS 0x0000000082400000, 0x0000000082400000| Untracked 
|  11|0x0000000082500000, 0x0000000082500000, 0x0000000082600000|  0%| F|  |TAMS 0x0000000082500000, 0x0000000082500000| Untracked 
|  12|0x0000000082600000, 0x0000000082600000, 0x0000000082700000|  0%| F|  |TAMS 0x0000000082600000, 0x0000000082600000| Untracked 
|  13|0x0000000082700000, 0x0000000082700000, 0x0000000082800000|  0%| F|  |TAMS 0x0000000082700000, 0x0000000082700000| Untracked 
|  14|0x0000000082800000, 0x0000000082800000, 0x0000000082900000|  0%| F|  |TAMS 0x0000000082800000, 0x0000000082800000| Untracked 
|  15|0x0000000082900000, 0x0000000082900000, 0x0000000082a00000|  0%| F|  |TAMS 0x0000000082900000, 0x0000000082900000| Untracked 
|  16|0x0000000082a00000, 0x0000000082a00000, 0x0000000082b00000|  0%| F|  |TAMS 0x0000000082a00000, 0x0000000082a00000| Untracked 
|  17|0x0000000082b00000, 0x0000000082b00000, 0x0000000082c00000|  0%| F|  |TAMS 0x0000000082b00000, 0x0000000082b00000| Untracked 
|  18|0x0000000082c00000, 0x0000000082c00000, 0x0000000082d00000|  0%| F|  |TAMS 0x0000000082c00000, 0x0000000082c00000| Untracked 
|  19|0x0000000082d00000, 0x0000000082d00000, 0x0000000082e00000|  0%| F|  |TAMS 0x0000000082d00000, 0x0000000082d00000| Untracked 
|  20|0x0000000082e00000, 0x0000000082e00000, 0x0000000082f00000|  0%| F|  |TAMS 0x0000000082e00000, 0x0000000082e00000| Untracked 
|  21|0x0000000082f00000, 0x0000000082f00000, 0x0000000083000000|  0%| F|  |TAMS 0x0000000082f00000, 0x0000000082f00000| Untracked 
|  22|0x0000000083000000, 0x0000000083000000, 0x0000000083100000|  0%| F|  |TAMS 0x0000000083000000, 0x0000000083000000| Untracked 
|  23|0x0000000083100000, 0x0000000083100000, 0x0000000083200000|  0%| F|  |TAMS 0x0000000083100000, 0x0000000083100000| Untracked 
|  24|0x0000000083200000, 0x0000000083200000, 0x0000000083300000|  0%| F|  |TAMS 0x0000000083200000, 0x0000000083200000| Untracked 
|  25|0x0000000083300000, 0x0000000083300000, 0x0000000083400000|  0%| F|  |TAMS 0x0000000083300000, 0x0000000083300000| Untracked 
|  26|0x0000000083400000, 0x0000000083400000, 0x0000000083500000|  0%| F|  |TAMS 0x0000000083400000, 0x0000000083400000| Untracked 
|  27|0x0000000083500000, 0x0000000083500000, 0x0000000083600000|  0%| F|  |TAMS 0x0000000083500000, 0x0000000083500000| Untracked 
|  28|0x0000000083600000, 0x0000000083600000, 0x0000000083700000|  0%| F|  |TAMS 0x0000000083600000, 0x0000000083600000| Untracked 
|  29|0x0000000083700000, 0x0000000083700000, 0x0000000083800000|  0%| F|  |TAMS 0x0000000083700000, 0x0000000083700000| Untracked 
|  30|0x0000000083800000, 0x0000000083800000, 0x0000000083900000|  0%| F|  |TAMS 0x0000000083800000, 0x0000000083800000| Untracked 
|  31|0x0000000083900000, 0x0000000083900000, 0x0000000083a00000|  0%| F|  |TAMS 0x0000000083900000, 0x0000000083900000| Untracked 
|  32|0x0000000083a00000, 0x0000000083a00000, 0x0000000083b00000|  0%| F|  |TAMS 0x0000000083a00000, 0x0000000083a00000| Untracked 
|  33|0x0000000083b00000, 0x0000000083b00000, 0x0000000083c00000|  0%| F|  |TAMS 0x0000000083b00000, 0x0000000083b00000| Untracked 
|  34|0x0000000083c00000, 0x0000000083c00000, 0x0000000083d00000|  0%| F|  |TAMS 0x0000000083c00000, 0x0000000083c00000| Untracked 
|  35|0x0000000083d00000, 0x0000000083d00000, 0x0000000083e00000|  0%| F|  |TAMS 0x0000000083d00000, 0x0000000083d00000| Untracked 
|  36|0x0000000083e00000, 0x0000000083e00000, 0x0000000083f00000|  0%| F|  |TAMS 0x0000000083e00000, 0x0000000083e00000| Untracked 
|  37|0x0000000083f00000, 0x0000000083f00000, 0x0000000084000000|  0%| F|  |TAMS 0x0000000083f00000, 0x0000000083f00000| Untracked 
|  38|0x0000000084000000, 0x0000000084000000, 0x0000000084100000|  0%| F|  |TAMS 0x0000000084000000, 0x0000000084000000| Untracked 
|  39|0x0000000084100000, 0x0000000084100000, 0x0000000084200000|  0%| F|  |TAMS 0x0000000084100000, 0x0000000084100000| Untracked 
|  40|0x0000000084200000, 0x0000000084200000, 0x0000000084300000|  0%| F|  |TAMS 0x0000000084200000, 0x0000000084200000| Untracked 
|  41|0x0000000084300000, 0x0000000084300000, 0x0000000084400000|  0%| F|  |TAMS 0x0000000084300000, 0x0000000084300000| Untracked 
|  42|0x0000000084400000, 0x0000000084400000, 0x0000000084500000|  0%| F|  |TAMS 0x0000000084400000, 0x0000000084400000| Untracked 
|  43|0x0000000084500000, 0x0000000084500000, 0x0000000084600000|  0%| F|  |TAMS 0x0000000084500000, 0x0000000084500000| Untracked 
|  44|0x0000000084600000, 0x0000000084600000, 0x0000000084700000|  0%| F|  |TAMS 0x0000000084600000, 0x0000000084600000| Untracked 
|  45|0x0000000084700000, 0x0000000084700000, 0x0000000084800000|  0%| F|  |TAMS 0x0000000084700000, 0x0000000084700000| Untracked 
|  46|0x0000000084800000, 0x0000000084800000, 0x0000000084900000|  0%| F|  |TAMS 0x0000000084800000, 0x0000000084800000| Untracked 
|  47|0x0000000084900000, 0x0000000084900000, 0x0000000084a00000|  0%| F|  |TAMS 0x0000000084900000, 0x0000000084900000| Untracked 
|  48|0x0000000084a00000, 0x0000000084a00000, 0x0000000084b00000|  0%| F|  |TAMS 0x0000000084a00000, 0x0000000084a00000| Untracked 
|  49|0x0000000084b00000, 0x0000000084b00000, 0x0000000084c00000|  0%| F|  |TAMS 0x0000000084b00000, 0x0000000084b00000| Untracked 
|  50|0x0000000084c00000, 0x0000000084c00000, 0x0000000084d00000|  0%| F|  |TAMS 0x0000000084c00000, 0x0000000084c00000| Untracked 
|  51|0x0000000084d00000, 0x0000000084d5a2c8, 0x0000000084e00000| 35%| S|CS|TAMS 0x0000000084d00000, 0x0000000084d00000| Complete 
|  52|0x0000000084e00000, 0x0000000084e00000, 0x0000000084f00000|  0%| F|  |TAMS 0x0000000084e00000, 0x0000000084e00000| Untracked 
|  53|0x0000000084f00000, 0x0000000084f00000, 0x0000000085000000|  0%| F|  |TAMS 0x0000000084f00000, 0x0000000084f00000| Untracked 
|  54|0x0000000085000000, 0x0000000085100000, 0x0000000085100000|100%| E|  |TAMS 0x0000000085000000, 0x0000000085000000| Complete 
|  55|0x0000000085100000, 0x0000000085200000, 0x0000000085200000|100%| E|CS|TAMS 0x0000000085100000, 0x0000000085100000| Complete 
|  56|0x0000000085200000, 0x0000000085300000, 0x0000000085300000|100%| E|CS|TAMS 0x0000000085200000, 0x0000000085200000| Complete 
|  57|0x0000000085300000, 0x0000000085400000, 0x0000000085400000|100%| E|CS|TAMS 0x0000000085300000, 0x0000000085300000| Complete 
|  58|0x0000000085400000, 0x0000000085500000, 0x0000000085500000|100%| E|CS|TAMS 0x0000000085400000, 0x0000000085400000| Complete 
|  59|0x0000000085500000, 0x0000000085600000, 0x0000000085600000|100%| E|CS|TAMS 0x0000000085500000, 0x0000000085500000| Complete 
|  60|0x0000000085600000, 0x0000000085700000, 0x0000000085700000|100%| E|CS|TAMS 0x0000000085600000, 0x0000000085600000| Complete 
|  61|0x0000000085700000, 0x0000000085800000, 0x0000000085800000|100%| E|CS|TAMS 0x0000000085700000, 0x0000000085700000| Complete 
|  62|0x0000000085800000, 0x0000000085900000, 0x0000000085900000|100%| E|CS|TAMS 0x0000000085800000, 0x0000000085800000| Complete 
|  63|0x0000000085900000, 0x0000000085a00000, 0x0000000085a00000|100%| E|CS|TAMS 0x0000000085900000, 0x0000000085900000| Complete 
|  64|0x0000000085a00000, 0x0000000085b00000, 0x0000000085b00000|100%| E|CS|TAMS 0x0000000085a00000, 0x0000000085a00000| Complete 
|  65|0x0000000085b00000, 0x0000000085c00000, 0x0000000085c00000|100%| E|CS|TAMS 0x0000000085b00000, 0x0000000085b00000| Complete 
|  66|0x0000000085c00000, 0x0000000085d00000, 0x0000000085d00000|100%| E|CS|TAMS 0x0000000085c00000, 0x0000000085c00000| Complete 
|  67|0x0000000085d00000, 0x0000000085e00000, 0x0000000085e00000|100%| E|CS|TAMS 0x0000000085d00000, 0x0000000085d00000| Complete 
|  68|0x0000000085e00000, 0x0000000085f00000, 0x0000000085f00000|100%| E|CS|TAMS 0x0000000085e00000, 0x0000000085e00000| Complete 
|  69|0x0000000085f00000, 0x0000000086000000, 0x0000000086000000|100%| E|CS|TAMS 0x0000000085f00000, 0x0000000085f00000| Complete 
|  70|0x0000000086000000, 0x0000000086100000, 0x0000000086100000|100%| E|CS|TAMS 0x0000000086000000, 0x0000000086000000| Complete 
|  71|0x0000000086100000, 0x0000000086200000, 0x0000000086200000|100%| E|CS|TAMS 0x0000000086100000, 0x0000000086100000| Complete 
|  72|0x0000000086200000, 0x0000000086300000, 0x0000000086300000|100%| E|CS|TAMS 0x0000000086200000, 0x0000000086200000| Complete 
|  73|0x0000000086300000, 0x0000000086400000, 0x0000000086400000|100%| E|CS|TAMS 0x0000000086300000, 0x0000000086300000| Complete 
|  74|0x0000000086400000, 0x0000000086500000, 0x0000000086500000|100%| E|CS|TAMS 0x0000000086400000, 0x0000000086400000| Complete 
|  75|0x0000000086500000, 0x0000000086600000, 0x0000000086600000|100%| E|CS|TAMS 0x0000000086500000, 0x0000000086500000| Complete 
|  76|0x0000000086600000, 0x0000000086700000, 0x0000000086700000|100%| E|CS|TAMS 0x0000000086600000, 0x0000000086600000| Complete 
|  77|0x0000000086700000, 0x0000000086800000, 0x0000000086800000|100%| E|CS|TAMS 0x0000000086700000, 0x0000000086700000| Complete 
|  78|0x0000000086800000, 0x0000000086900000, 0x0000000086900000|100%| E|CS|TAMS 0x0000000086800000, 0x0000000086800000| Complete 
|  79|0x0000000086900000, 0x0000000086a00000, 0x0000000086a00000|100%| E|CS|TAMS 0x0000000086900000, 0x0000000086900000| Complete 
|  80|0x0000000086a00000, 0x0000000086b00000, 0x0000000086b00000|100%| E|CS|TAMS 0x0000000086a00000, 0x0000000086a00000| Complete 
|  81|0x0000000086b00000, 0x0000000086c00000, 0x0000000086c00000|100%| E|CS|TAMS 0x0000000086b00000, 0x0000000086b00000| Complete 
|  82|0x0000000086c00000, 0x0000000086d00000, 0x0000000086d00000|100%| E|CS|TAMS 0x0000000086c00000, 0x0000000086c00000| Complete 
|  83|0x0000000086d00000, 0x0000000086e00000, 0x0000000086e00000|100%| E|CS|TAMS 0x0000000086d00000, 0x0000000086d00000| Complete 
|  84|0x0000000086e00000, 0x0000000086f00000, 0x0000000086f00000|100%| E|CS|TAMS 0x0000000086e00000, 0x0000000086e00000| Complete 
|  85|0x0000000086f00000, 0x0000000087000000, 0x0000000087000000|100%| E|CS|TAMS 0x0000000086f00000, 0x0000000086f00000| Complete 
|  86|0x0000000087000000, 0x0000000087100000, 0x0000000087100000|100%| E|CS|TAMS 0x0000000087000000, 0x0000000087000000| Complete 
|  87|0x0000000087100000, 0x0000000087200000, 0x0000000087200000|100%| E|CS|TAMS 0x0000000087100000, 0x0000000087100000| Complete 
|  88|0x0000000087200000, 0x0000000087300000, 0x0000000087300000|100%| E|CS|TAMS 0x0000000087200000, 0x0000000087200000| Complete 
|  89|0x0000000087300000, 0x0000000087400000, 0x0000000087400000|100%| E|CS|TAMS 0x0000000087300000, 0x0000000087300000| Complete 
|  90|0x0000000087400000, 0x0000000087500000, 0x0000000087500000|100%| E|CS|TAMS 0x0000000087400000, 0x0000000087400000| Complete 
|  91|0x0000000087500000, 0x0000000087600000, 0x0000000087600000|100%| E|CS|TAMS 0x0000000087500000, 0x0000000087500000| Complete 
|  92|0x0000000087600000, 0x0000000087700000, 0x0000000087700000|100%| E|CS|TAMS 0x0000000087600000, 0x0000000087600000| Complete 
|  93|0x0000000087700000, 0x0000000087800000, 0x0000000087800000|100%| E|CS|TAMS 0x0000000087700000, 0x0000000087700000| Complete 
|  94|0x0000000087800000, 0x0000000087900000, 0x0000000087900000|100%| E|CS|TAMS 0x0000000087800000, 0x0000000087800000| Complete 
|  95|0x0000000087900000, 0x0000000087a00000, 0x0000000087a00000|100%| E|CS|TAMS 0x0000000087900000, 0x0000000087900000| Complete 
|  96|0x0000000087a00000, 0x0000000087b00000, 0x0000000087b00000|100%| E|CS|TAMS 0x0000000087a00000, 0x0000000087a00000| Complete 
|  97|0x0000000087b00000, 0x0000000087c00000, 0x0000000087c00000|100%| E|CS|TAMS 0x0000000087b00000, 0x0000000087b00000| Complete 
|  98|0x0000000087c00000, 0x0000000087d00000, 0x0000000087d00000|100%| E|CS|TAMS 0x0000000087c00000, 0x0000000087c00000| Complete 
|  99|0x0000000087d00000, 0x0000000087e00000, 0x0000000087e00000|100%| E|CS|TAMS 0x0000000087d00000, 0x0000000087d00000| Complete 
| 100|0x0000000087e00000, 0x0000000087f00000, 0x0000000087f00000|100%| E|CS|TAMS 0x0000000087e00000, 0x0000000087e00000| Complete 
| 101|0x0000000087f00000, 0x0000000088000000, 0x0000000088000000|100%| E|CS|TAMS 0x0000000087f00000, 0x0000000087f00000| Complete 
| 102|0x0000000088000000, 0x0000000088100000, 0x0000000088100000|100%| E|CS|TAMS 0x0000000088000000, 0x0000000088000000| Complete 
| 103|0x0000000088100000, 0x0000000088200000, 0x0000000088200000|100%| E|CS|TAMS 0x0000000088100000, 0x0000000088100000| Complete 
| 104|0x0000000088200000, 0x0000000088300000, 0x0000000088300000|100%| E|CS|TAMS 0x0000000088200000, 0x0000000088200000| Complete 
| 105|0x0000000088300000, 0x0000000088400000, 0x0000000088400000|100%| E|CS|TAMS 0x0000000088300000, 0x0000000088300000| Complete 
| 106|0x0000000088400000, 0x0000000088500000, 0x0000000088500000|100%| E|CS|TAMS 0x0000000088400000, 0x0000000088400000| Complete 
| 107|0x0000000088500000, 0x0000000088600000, 0x0000000088600000|100%| E|CS|TAMS 0x0000000088500000, 0x0000000088500000| Complete 
| 108|0x0000000088600000, 0x0000000088700000, 0x0000000088700000|100%| E|CS|TAMS 0x0000000088600000, 0x0000000088600000| Complete 
| 109|0x0000000088700000, 0x0000000088800000, 0x0000000088800000|100%| E|CS|TAMS 0x0000000088700000, 0x0000000088700000| Complete 
| 110|0x0000000088800000, 0x0000000088900000, 0x0000000088900000|100%| E|CS|TAMS 0x0000000088800000, 0x0000000088800000| Complete 
| 111|0x0000000088900000, 0x0000000088a00000, 0x0000000088a00000|100%| E|CS|TAMS 0x0000000088900000, 0x0000000088900000| Complete 
| 112|0x0000000088a00000, 0x0000000088b00000, 0x0000000088b00000|100%| E|CS|TAMS 0x0000000088a00000, 0x0000000088a00000| Complete 
| 113|0x0000000088b00000, 0x0000000088c00000, 0x0000000088c00000|100%| E|CS|TAMS 0x0000000088b00000, 0x0000000088b00000| Complete 
| 114|0x0000000088c00000, 0x0000000088d00000, 0x0000000088d00000|100%| E|CS|TAMS 0x0000000088c00000, 0x0000000088c00000| Complete 
| 115|0x0000000088d00000, 0x0000000088e00000, 0x0000000088e00000|100%| E|CS|TAMS 0x0000000088d00000, 0x0000000088d00000| Complete 
| 116|0x0000000088e00000, 0x0000000088f00000, 0x0000000088f00000|100%| E|CS|TAMS 0x0000000088e00000, 0x0000000088e00000| Complete 
| 117|0x0000000088f00000, 0x0000000089000000, 0x0000000089000000|100%| E|CS|TAMS 0x0000000088f00000, 0x0000000088f00000| Complete 
| 118|0x0000000089000000, 0x0000000089100000, 0x0000000089100000|100%| E|CS|TAMS 0x0000000089000000, 0x0000000089000000| Complete 
| 119|0x0000000089100000, 0x0000000089200000, 0x0000000089200000|100%| E|CS|TAMS 0x0000000089100000, 0x0000000089100000| Complete 
| 120|0x0000000089200000, 0x0000000089300000, 0x0000000089300000|100%| E|CS|TAMS 0x0000000089200000, 0x0000000089200000| Complete 
| 121|0x0000000089300000, 0x0000000089400000, 0x0000000089400000|100%| E|CS|TAMS 0x0000000089300000, 0x0000000089300000| Complete 
| 122|0x0000000089400000, 0x0000000089500000, 0x0000000089500000|100%| E|CS|TAMS 0x0000000089400000, 0x0000000089400000| Complete 
| 123|0x0000000089500000, 0x0000000089600000, 0x0000000089600000|100%| E|CS|TAMS 0x0000000089500000, 0x0000000089500000| Complete 
| 124|0x0000000089600000, 0x0000000089700000, 0x0000000089700000|100%| E|CS|TAMS 0x0000000089600000, 0x0000000089600000| Complete 
| 125|0x0000000089700000, 0x0000000089800000, 0x0000000089800000|100%| E|CS|TAMS 0x0000000089700000, 0x0000000089700000| Complete 
| 126|0x0000000089800000, 0x0000000089900000, 0x0000000089900000|100%| E|CS|TAMS 0x0000000089800000, 0x0000000089800000| Complete 
| 127|0x0000000089900000, 0x0000000089a00000, 0x0000000089a00000|100%| E|CS|TAMS 0x0000000089900000, 0x0000000089900000| Complete 

Card table byte_map: [0x000001a145a60000,0x000001a145e60000] _byte_map_base: 0x000001a145653000

Marking Bits (Prev, Next): (CMBitMap*) 0x000001a12e29aef8, (CMBitMap*) 0x000001a12e29af38
 Prev Bits: [0x000001a146260000, 0x000001a1481f8000)
 Next Bits: [0x000001a148200000, 0x000001a14a198000)

Polling page: 0x000001a12bfb0000

Metaspace:

Usage:
  Non-class:      6.48 MB capacity,     6.34 MB ( 98%) used,   141.97 KB (  2%) free+waste,     9.94 KB ( <1%) overhead. 
      Class:    721.00 KB capacity,   638.79 KB ( 89%) used,    77.21 KB ( 11%) free+waste,     5.00 KB ( <1%) overhead. 
       Both:      7.19 MB capacity,     6.96 MB ( 97%) used,   219.18 KB (  3%) free+waste,    14.94 KB ( <1%) overhead. 

Virtual space:
  Non-class space:        8.00 MB reserved,       6.50 MB ( 81%) committed 
      Class space:        1.00 GB reserved,     768.00 KB ( <1%) committed 
             Both:        1.01 GB reserved,       7.25 MB ( <1%) committed 

Chunk freelists:
   Non-Class:  2.13 KB
       Class:  1.88 KB
        Both:  4.00 KB

CodeHeap 'non-profiled nmethods': size=120064Kb used=1828Kb max_used=1828Kb free=118236Kb
 bounds [0x000001a13e120000, 0x000001a13e390000, 0x000001a145660000]
CodeHeap 'profiled nmethods': size=120000Kb used=4239Kb max_used=4239Kb free=115760Kb
 bounds [0x000001a136bf0000, 0x000001a137020000, 0x000001a13e120000]
CodeHeap 'non-nmethods': size=5696Kb used=1149Kb max_used=1249Kb free=4546Kb
 bounds [0x000001a136660000, 0x000001a1368d0000, 0x000001a136bf0000]
 total_blobs=3438 nmethods=2054 adapters=387
 compilation: enabled
              stopped_count=0, restarted_count=0
 full_count=0

Compilation events (10 events):
Event: 5.443 Thread 0x000001a14c696000 2063       3       jdk.internal.math.FDBigInteger::mult (64 bytes)
Event: 5.444 Thread 0x000001a14c696000 nmethod 2063 0x000001a137010e10 code [0x000001a137010fe0, 0x000001a137011278]
Event: 5.444 Thread 0x000001a14c696000 2064       3       jdk.internal.math.FDBigInteger::<init> (30 bytes)
Event: 5.444 Thread 0x000001a14c696000 nmethod 2064 0x000001a137011490 code [0x000001a137011660, 0x000001a1370118f0]
Event: 5.444 Thread 0x000001a14c696000 2065       3       jdk.internal.math.FDBigInteger::trimLeadingZeros (57 bytes)
Event: 5.444 Thread 0x000001a14c696000 nmethod 2065 0x000001a137011a10 code [0x000001a137011be0, 0x000001a137011f58]
Event: 5.448 Thread 0x000001a14c696000 2066   !   3       java.lang.reflect.Field::declaredAnnotations (82 bytes)
Event: 5.448 Thread 0x000001a14df4e800 2067       4       java.lang.Class::cast (27 bytes)
Event: 5.449 Thread 0x000001a14c696000 nmethod 2066 0x000001a137012090 code [0x000001a1370122a0, 0x000001a137012910]
Event: 5.449 Thread 0x000001a14c696000 2068       3       java.lang.reflect.Field::getAnnotation (23 bytes)

GC Heap History (10 events):
Event: 3.970 GC heap before
{Heap before GC invocations=6 (full 0):
 garbage-first heap   total 131072K, used 86313K [0x0000000081a00000, 0x0000000100000000)
  region size 1024K, 76 young (77824K), 1 survivors (1024K)
 Metaspace       used 7079K, capacity 7296K, committed 7424K, reserved 1056768K
  class space    used 634K, capacity 721K, committed 768K, reserved 1048576K
}
Event: 3.972 GC heap after
{Heap after GC invocations=7 (full 0):
 garbage-first heap   total 131072K, used 9515K [0x0000000081a00000, 0x0000000100000000)
  region size 1024K, 1 young (1024K), 1 survivors (1024K)
 Metaspace       used 7079K, capacity 7296K, committed 7424K, reserved 1056768K
  class space    used 634K, capacity 721K, committed 768K, reserved 1048576K
}
Event: 4.468 GC heap before
{Heap before GC invocations=7 (full 0):
 garbage-first heap   total 131072K, used 86315K [0x0000000081a00000, 0x0000000100000000)
  region size 1024K, 76 young (77824K), 1 survivors (1024K)
 Metaspace       used 7079K, capacity 7296K, committed 7424K, reserved 1056768K
  class space    used 634K, capacity 721K, committed 768K, reserved 1048576K
}
Event: 4.470 GC heap after
{Heap after GC invocations=8 (full 0):
 garbage-first heap   total 131072K, used 9501K [0x0000000081a00000, 0x0000000100000000)
  region size 1024K, 1 young (1024K), 1 survivors (1024K)
 Metaspace       used 7079K, capacity 7296K, committed 7424K, reserved 1056768K
  class space    used 634K, capacity 721K, committed 768K, reserved 1048576K
}
Event: 4.854 GC heap before
{Heap before GC invocations=8 (full 0):
 garbage-first heap   total 131072K, used 86301K [0x0000000081a00000, 0x0000000100000000)
  region size 1024K, 76 young (77824K), 1 survivors (1024K)
 Metaspace       used 7079K, capacity 7296K, committed 7424K, reserved 1056768K
  class space    used 634K, capacity 721K, committed 768K, reserved 1048576K
}
Event: 4.856 GC heap after
{Heap after GC invocations=9 (full 0):
 garbage-first heap   total 131072K, used 9493K [0x0000000081a00000, 0x0000000100000000)
  region size 1024K, 1 young (1024K), 1 survivors (1024K)
 Metaspace       used 7079K, capacity 7296K, committed 7424K, reserved 1056768K
  class space    used 634K, capacity 721K, committed 768K, reserved 1048576K
}
Event: 5.067 GC heap before
{Heap before GC invocations=9 (full 0):
 garbage-first heap   total 131072K, used 86293K [0x0000000081a00000, 0x0000000100000000)
  region size 1024K, 76 young (77824K), 1 survivors (1024K)
 Metaspace       used 7081K, capacity 7296K, committed 7424K, reserved 1056768K
  class space    used 635K, capacity 721K, committed 768K, reserved 1048576K
}
Event: 5.068 GC heap after
{Heap after GC invocations=10 (full 0):
 garbage-first heap   total 131072K, used 9512K [0x0000000081a00000, 0x0000000100000000)
  region size 1024K, 1 young (1024K), 1 survivors (1024K)
 Metaspace       used 7081K, capacity 7296K, committed 7424K, reserved 1056768K
  class space    used 635K, capacity 721K, committed 768K, reserved 1048576K
}
Event: 5.258 GC heap before
{Heap before GC invocations=10 (full 0):
 garbage-first heap   total 131072K, used 86312K [0x0000000081a00000, 0x0000000100000000)
  region size 1024K, 76 young (77824K), 1 survivors (1024K)
 Metaspace       used 7083K, capacity 7296K, committed 7424K, reserved 1056768K
  class space    used 636K, capacity 721K, committed 768K, reserved 1048576K
}
Event: 5.260 GC heap after
{Heap after GC invocations=11 (full 0):
 garbage-first heap   total 131072K, used 9534K [0x0000000081a00000, 0x0000000100000000)
  region size 1024K, 1 young (1024K), 1 survivors (1024K)
 Metaspace       used 7083K, capacity 7296K, committed 7424K, reserved 1056768K
  class space    used 636K, capacity 721K, committed 768K, reserved 1048576K
}

Deoptimization events (10 events):
Event: 5.448 Thread 0x000001a12e260000 Uncommon trap: reason=class_check action=maybe_recompile pc=0x000001a13e22cb84 method=com.esotericsoftware.kryo.serializers.ObjectField.write(Lcom/esotericsoftware/kryo/io/Output;Ljava/lang/Object;)V @ 177 c2
Event: 5.448 Thread 0x000001a12e260000 Uncommon trap: reason=class_check action=maybe_recompile pc=0x000001a13e224dbc method=com.esotericsoftware.kryo.Kryo.writeObjectOrNull(Lcom/esotericsoftware/kryo/io/Output;Ljava/lang/Object;Lcom/esotericsoftware/kryo/Serializer;)V @ 184 c2
Event: 5.448 Thread 0x000001a12e260000 Uncommon trap: reason=unstable_if action=reinterpret pc=0x000001a13e2272d0 method=com.esotericsoftware.kryo.util.DefaultClassResolver.writeClass(Lcom/esotericsoftware/kryo/io/Output;Ljava/lang/Class;)Lcom/esotericsoftware/kryo/Registration; @ 56 c2
Event: 5.448 Thread 0x000001a12e260000 Uncommon trap: reason=class_check action=maybe_recompile pc=0x000001a13e29b7b8 method=com.esotericsoftware.kryo.Kryo.writeClassAndObject(Lcom/esotericsoftware/kryo/io/Output;Ljava/lang/Object;)V @ 150 c2
Event: 5.448 Thread 0x000001a12e260000 Uncommon trap: reason=class_check action=maybe_recompile pc=0x000001a13e1f7700 method=com.esotericsoftware.kryo.factories.ReflectionSerializerFactory.makeSerializer(Lcom/esotericsoftware/kryo/Kryo;Ljava/lang/Class;Ljava/lang/Class;)Lcom/esotericsoftware/k
Event: 5.448 Thread 0x000001a12e260000 Uncommon trap: reason=class_check action=maybe_recompile pc=0x000001a13e29b7b8 method=com.esotericsoftware.kryo.Kryo.writeClassAndObject(Lcom/esotericsoftware/kryo/io/Output;Ljava/lang/Object;)V @ 150 c2
Event: 5.449 Thread 0x000001a12e260000 Uncommon trap: reason=unstable_if action=reinterpret pc=0x000001a13e23580c method=com.esotericsoftware.kryo.util.DefaultClassResolver.writeClass(Lcom/esotericsoftware/kryo/io/Output;Ljava/lang/Class;)Lcom/esotericsoftware/kryo/Registration; @ 56 c2
Event: 5.449 Thread 0x000001a12e260000 Uncommon trap: reason=class_check action=maybe_recompile pc=0x000001a13e29b7b8 method=com.esotericsoftware.kryo.Kryo.writeClassAndObject(Lcom/esotericsoftware/kryo/io/Output;Ljava/lang/Object;)V @ 150 c2
Event: 5.449 Thread 0x000001a12e260000 Uncommon trap: reason=class_check action=maybe_recompile pc=0x000001a13e29b7b8 method=com.esotericsoftware.kryo.Kryo.writeClassAndObject(Lcom/esotericsoftware/kryo/io/Output;Ljava/lang/Object;)V @ 150 c2
Event: 5.449 Thread 0x000001a12e260000 Uncommon trap: reason=unstable_if action=reinterpret pc=0x000001a13e1b1210 method=com.esotericsoftware.kryo.io.Output.writeVarInt(IZ)I @ 17 c2

Classes redefined (0 events):
No events

Internal exceptions (10 events):
Event: 0.287 Thread 0x000001a12e260000 Exception <a 'java/lang/ClassNotFoundException'{0x0000000089449938}: javax/smartcardio/CardPermission> (0x0000000089449938) thrown at [t:/workspace/open/src/hotspot/share/classfile/systemDictionary.cpp, line 235]
Event: 0.291 Thread 0x000001a12e260000 Exception <a 'java/io/FileNotFoundException'{0x00000000894576e8}> (0x00000000894576e8) thrown at [t:/workspace/open/src/hotspot/share/prims/jni.cpp, line 615]
Event: 0.428 Thread 0x000001a12e260000 Exception <a 'java/lang/NoSuchMethodError'{0x000000008912ab10}: java.lang.invoke.DirectMethodHandle$Holder.invokeStaticInit(Ljava/lang/Object;IIII)Ljava/lang/Object;> (0x000000008912ab10) thrown at [t:/workspace/open/src/hotspot/share/interpreter/linkReso
Event: 1.142 Thread 0x000001a12e260000 Exception <a 'java/lang/NoSuchMethodError'{0x000000008907e7d8}: java.lang.invoke.DirectMethodHandle$Holder.invokeStaticInit(Ljava/lang/Object;Ljava/lang/Object;IIII)Ljava/lang/Object;> (0x000000008907e7d8) thrown at [t:/workspace/open/src/hotspot/share/in
Event: 1.594 Thread 0x000001a12e260000 Implicit null exception at 0x000001a13e15066e to 0x000001a13e15100f
Event: 2.017 Thread 0x000001a12e260000 Exception <a 'java/lang/NoSuchMethodError'{0x0000000089568520}: org.slf4j.impl.StaticMDCBinder.getSingleton()Lorg/slf4j/impl/StaticMDCBinder;> (0x0000000089568520) thrown at [t:/workspace/open/src/hotspot/share/interpreter/linkResolver.cpp, line 777]
Event: 2.465 Thread 0x000001a12e260000 Implicit null exception at 0x000001a13e1ca497 to 0x000001a13e1ca7be
Event: 2.488 Thread 0x000001a12e260000 Implicit null exception at 0x000001a13e1ccb3f to 0x000001a13e1cd0d2
Event: 5.447 Thread 0x000001a12e260000 Implicit null exception at 0x000001a13e2093e4 to 0x000001a13e20941e
Event: 5.447 Thread 0x000001a12e260000 Implicit null exception at 0x000001a13e211d2a to 0x000001a13e2177a2

Events (10 events):
Event: 5.449 Thread 0x000001a12e260000 DEOPT UNPACKING pc=0x000001a136689baf sp=0x00000033a5dfeb50 mode 2
Event: 5.449 Thread 0x000001a12e260000 Uncommon trap: trap_request=0xffffffde fr.pc=0x000001a13e29b7b8 relative=0x0000000000000b98
Event: 5.449 Thread 0x000001a12e260000 DEOPT PACKING pc=0x000001a13e29b7b8 sp=0x00000033a5dfec90
Event: 5.449 Thread 0x000001a12e260000 DEOPT UNPACKING pc=0x000001a136689baf sp=0x00000033a5dfec78 mode 2
Event: 5.449 Thread 0x000001a12e260000 Uncommon trap: trap_request=0xffffffde fr.pc=0x000001a13e29b7b8 relative=0x0000000000000b98
Event: 5.449 Thread 0x000001a12e260000 DEOPT PACKING pc=0x000001a13e29b7b8 sp=0x00000033a5dfec90
Event: 5.449 Thread 0x000001a12e260000 DEOPT UNPACKING pc=0x000001a136689baf sp=0x00000033a5dfec78 mode 2
Event: 5.449 Thread 0x000001a12e260000 Uncommon trap: trap_request=0xffffff4d fr.pc=0x000001a13e1b1210 relative=0x00000000000000d0
Event: 5.449 Thread 0x000001a12e260000 DEOPT PACKING pc=0x000001a13e1b1210 sp=0x00000033a5dfebc0
Event: 5.449 Thread 0x000001a12e260000 DEOPT UNPACKING pc=0x000001a136689baf sp=0x00000033a5dfeb48 mode 2


Dynamic libraries:
0x00007ff6ffab0000 - 0x00007ff6ffabf000 	C:\Program Files\Java\jdk-12.0.1\bin\java.exe
0x00007ffda2280000 - 0x00007ffda2470000 	C:\WINDOWS\SYSTEM32\ntdll.dll
0x00007ffda0bc0000 - 0x00007ffda0c72000 	C:\WINDOWS\System32\KERNEL32.DLL
0x00007ffd9fed0000 - 0x00007ffda0174000 	C:\WINDOWS\System32\KERNELBASE.dll
0x00007ffd9fd80000 - 0x00007ffd9fe7a000 	C:\WINDOWS\System32\ucrtbase.dll
0x00007ffd99a80000 - 0x00007ffd99a98000 	C:\Program Files\Java\jdk-12.0.1\bin\jli.dll
0x00007ffda0ef0000 - 0x00007ffda0f93000 	C:\WINDOWS\System32\ADVAPI32.dll
0x00007ffda07a0000 - 0x00007ffda083e000 	C:\WINDOWS\System32\msvcrt.dll
0x00007ffda0980000 - 0x00007ffda0a17000 	C:\WINDOWS\System32\sechost.dll
0x00007ffda1850000 - 0x00007ffda1970000 	C:\WINDOWS\System32\RPCRT4.dll
0x00007ffda0fa0000 - 0x00007ffda1134000 	C:\WINDOWS\System32\USER32.dll
0x00007ffda0200000 - 0x00007ffda0221000 	C:\WINDOWS\System32\win32u.dll
0x00007ffda20d0000 - 0x00007ffda20f6000 	C:\WINDOWS\System32\GDI32.dll
0x00007ffd9f350000 - 0x00007ffd9f4e6000 	C:\WINDOWS\System32\gdi32full.dll
0x00007ffda0230000 - 0x00007ffda02ce000 	C:\WINDOWS\System32\msvcp_win.dll
0x00007ffd99a60000 - 0x00007ffd99a76000 	C:\Program Files\Java\jdk-12.0.1\bin\VCRUNTIME140.dll
0x00007ffd92240000 - 0x00007ffd924c4000 	C:\WINDOWS\WinSxS\amd64_microsoft.windows.common-controls_6595b64144ccf1df_6.0.18362.959_none_e6c7bbbf130c62bb\COMCTL32.dll
0x00007ffda1c30000 - 0x00007ffda1f65000 	C:\WINDOWS\System32\combase.dll
0x00007ffda0180000 - 0x00007ffda0200000 	C:\WINDOWS\System32\bcryptPrimitives.dll
0x00007ffd96280000 - 0x00007ffd9628a000 	C:\WINDOWS\SYSTEM32\VERSION.dll
0x00007ffda0840000 - 0x00007ffda086e000 	C:\WINDOWS\System32\IMM32.DLL
0x00007ffd8b1f0000 - 0x00007ffd8b29a000 	C:\Program Files\Java\jdk-12.0.1\bin\msvcp140.dll
0x00007ffd6e520000 - 0x00007ffd6f094000 	C:\Program Files\Java\jdk-12.0.1\bin\server\jvm.dll
0x00007ffda0870000 - 0x00007ffda0878000 	C:\WINDOWS\System32\PSAPI.DLL
0x00007ffd8f660000 - 0x00007ffd8f669000 	C:\WINDOWS\SYSTEM32\WSOCK32.dll
0x00007ffda0b50000 - 0x00007ffda0bbf000 	C:\WINDOWS\System32\WS2_32.dll
0x00007ffd9d0d0000 - 0x00007ffd9d0f4000 	C:\WINDOWS\SYSTEM32\WINMM.dll
0x00007ffd9d070000 - 0x00007ffd9d09d000 	C:\WINDOWS\SYSTEM32\winmmbase.dll
0x00007ffd9fe80000 - 0x00007ffd9feca000 	C:\WINDOWS\System32\cfgmgr32.dll
0x00007ffd9f140000 - 0x00007ffd9f151000 	C:\WINDOWS\System32\kernel.appcore.dll
0x00007ffd99a40000 - 0x00007ffd99a51000 	C:\Program Files\Java\jdk-12.0.1\bin\verify.dll
0x00007ffd9b610000 - 0x00007ffd9b804000 	C:\WINDOWS\SYSTEM32\DBGHELP.DLL
0x00007ffd8edc0000 - 0x00007ffd8edea000 	C:\WINDOWS\SYSTEM32\dbgcore.DLL
0x00007ffd99a10000 - 0x00007ffd99a36000 	C:\Program Files\Java\jdk-12.0.1\bin\java.dll
0x00007ffd9d230000 - 0x00007ffd9d23e000 	C:\Program Files\Java\jdk-12.0.1\bin\instrument.dll
0x00007ffd999f0000 - 0x00007ffd99a07000 	C:\Program Files\Java\jdk-12.0.1\bin\zip.dll
0x00007ffd9b820000 - 0x00007ffd9b82a000 	C:\Program Files\Java\jdk-12.0.1\bin\jimage.dll
0x00007ffda1140000 - 0x00007ffda1826000 	C:\WINDOWS\System32\SHELL32.dll
0x00007ffda0c80000 - 0x00007ffda0d29000 	C:\WINDOWS\System32\shcore.dll
0x00007ffd9f5f0000 - 0x00007ffd9fd72000 	C:\WINDOWS\System32\windows.storage.dll
0x00007ffd9f1d0000 - 0x00007ffd9f1f3000 	C:\WINDOWS\System32\profapi.dll
0x00007ffd9f160000 - 0x00007ffd9f1aa000 	C:\WINDOWS\System32\powrprof.dll
0x00007ffd9f130000 - 0x00007ffd9f140000 	C:\WINDOWS\System32\UMPDC.dll
0x00007ffda0a80000 - 0x00007ffda0ad2000 	C:\WINDOWS\System32\shlwapi.dll
0x00007ffd9f4f0000 - 0x00007ffd9f507000 	C:\WINDOWS\System32\cryptsp.dll
0x00007ffd98ea0000 - 0x00007ffd98eb9000 	C:\Program Files\Java\jdk-12.0.1\bin\net.dll
0x00007ffd93930000 - 0x00007ffd93a20000 	C:\WINDOWS\SYSTEM32\WINHTTP.dll
0x00007ffd90020000 - 0x00007ffd901f6000 	C:\WINDOWS\SYSTEM32\urlmon.dll
0x00007ffd8d5c0000 - 0x00007ffd8d866000 	C:\WINDOWS\SYSTEM32\iertutil.dll
0x00007ffd9eb70000 - 0x00007ffd9eb7c000 	C:\WINDOWS\SYSTEM32\CRYPTBASE.DLL
0x00007ffd9e9a0000 - 0x00007ffd9ea07000 	C:\WINDOWS\system32\mswsock.dll
0x00007ffd98e80000 - 0x00007ffd98e93000 	C:\Program Files\Java\jdk-12.0.1\bin\nio.dll
0x00007ffd98e60000 - 0x00007ffd98e7a000 	C:\Program Files\JetBrains\IntelliJ IDEA Community Edition 2020.1.3\bin\breakgen64.dll
0x00007ffd9e510000 - 0x00007ffd9e543000 	C:\WINDOWS\system32\rsaenh.dll
0x00007ffd9f510000 - 0x00007ffd9f536000 	C:\WINDOWS\System32\bcrypt.dll
0x00007ffd9f050000 - 0x00007ffd9f075000 	C:\WINDOWS\SYSTEM32\USERENV.dll
0x00007ffd9e6b0000 - 0x00007ffd9e6ea000 	C:\WINDOWS\SYSTEM32\IPHLPAPI.DLL
0x00007ffda0b40000 - 0x00007ffda0b48000 	C:\WINDOWS\System32\NSI.dll
0x00007ffd993a0000 - 0x00007ffd993b6000 	C:\WINDOWS\SYSTEM32\dhcpcsvc6.DLL
0x00007ffd99360000 - 0x00007ffd9937c000 	C:\WINDOWS\SYSTEM32\dhcpcsvc.DLL
0x00007ffd9e6f0000 - 0x00007ffd9e7bb000 	C:\WINDOWS\SYSTEM32\DNSAPI.dll
0x00007ffd6dea0000 - 0x00007ffd6e517000 	C:\Users\62737\AppData\Local\Temp\librocksdbjni3250310675145823932.dll

dbghelp: loaded successfully - version: 4.0.5 - missing functions: none
symbol engine: initialized successfully - sym options: 0x614 - pdb path: .;C:\Program Files\Java\jdk-12.0.1\bin;C:\WINDOWS\SYSTEM32;C:\WINDOWS\WinSxS\amd64_microsoft.windows.common-controls_6595b64144ccf1df_6.0.18362.959_none_e6c7bbbf130c62bb;C:\Program Files\Java\jdk-12.0.1\bin\server;C:\Program Files\JetBrains\IntelliJ IDEA Community Edition 2020.1.3\bin;C:\Users\62737\AppData\Local\Temp

VM Arguments:
jvm_args: -javaagent:C:\Program Files\JetBrains\IntelliJ IDEA Community Edition 2020.1.3\lib\idea_rt.jar=62502:C:\Program Files\JetBrains\IntelliJ IDEA Community Edition 2020.1.3\bin -Dfile.encoding=UTF-8 
java_command: one.wangwei.blockchain.cli.Main
java_class_path (initial): D:\int main\blockchain-java-master -÷ÿππ\target\classes;C:\Users\62737\.m2\repository\org\apache\commons\commons-lang3\3.7\commons-lang3-3.7.jar;C:\Users\62737\.m2\repository\commons-codec\commons-codec\1.11\commons-codec-1.11.jar;C:\Users\62737\.m2\repository\commons-cli\commons-cli\1.4\commons-cli-1.4.jar;C:\Users\62737\.m2\repository\commons-io\commons-io\2.6\commons-io-2.6.jar;C:\Users\62737\.m2\repository\com\google\guava\guava\24.0-jre\guava-24.0-jre.jar;C:\Users\62737\.m2\repository\com\google\code\findbugs\jsr305\1.3.9\jsr305-1.3.9.jar;C:\Users\62737\.m2\repository\org\checkerframework\checker-compat-qual\2.0.0\checker-compat-qual-2.0.0.jar;C:\Users\62737\.m2\repository\com\google\errorprone\error_prone_annotations\2.1.3\error_prone_annotations-2.1.3.jar;C:\Users\62737\.m2\repository\com\google\j2objc\j2objc-annotations\1.1\j2objc-annotations-1.1.jar;C:\Users\62737\.m2\repository\org\codehaus\mojo\animal-sniffer-annotations\1.14\animal-sniffer-annotations-1.14.jar;C:\Users\62737\.m2\repository\org\projectlombok\lombok\1.18.12\lombok-1.18.12.jar;C:\Users\62737\.m2\repository\com\esotericsoftware\kryo\4.0.1\kryo-4.0.1.jar;C:\Users\62737\.m2\repository\com\esotericsoftware\reflectasm\1.11.3\reflectasm-1.11.3.jar;C:\Users\62737\.m2\repository\org\ow2\asm\asm\5.0.4\asm-5.0.4.jar;C:\Users\62737\.m2\repository\com\esotericsoftware\minlog\1.3.0\minlog-1.3.0.jar;C:\Users\62737\.m2\repository\org\objenesis\objenesis\2.5.1\objenesis-2.5.1.jar;C:\Users\62737\.m2\repository\org\rocksdb\rocksdbjni\5.9.2\rocksdbjni-5.9.2.jar;C:\Users\62737\.m2\repository\org\bouncycastle\bcprov-jdk15on\1.59\bcprov-jdk15on-1.59.jar;C:\Users\62737\.m2\repository\org\slf4j\slf4j-api\1.7.25\slf4j-api-1.7.25.jar;C:\Users\62737\.m2\repository\ch\qos\logback\logback-core\1.2.3\logback-core-1.2.3.jar;C:\Users\62737\.m2\repository\ch\qos\logback\logback-classic\1.2.3\logback-classic-1.2.3.jar;C:\Users\62737\.m2\repository\org\jetbrains\annotations\19.0.0\annotations-19.
Launcher Type: SUN_STANDARD

[Global flags]
     intx CICompilerCount                          = 3                                         {product} {ergonomic}
     uint ConcGCThreads                            = 1                                         {product} {ergonomic}
     uint G1ConcRefinementThreads                  = 4                                         {product} {ergonomic}
   size_t G1HeapRegionSize                         = 1048576                                   {product} {ergonomic}
    uintx GCDrainStackTargetSize                   = 64                                        {product} {ergonomic}
   size_t InitialHeapSize                          = 134217728                                 {product} {ergonomic}
   size_t MarkStackSize                            = 4194304                                   {product} {ergonomic}
   size_t MaxHeapSize                              = 2120220672                                {product} {ergonomic}
   size_t MaxNewSize                               = 1271922688                                {product} {ergonomic}
   size_t MinHeapDeltaBytes                        = 1048576                                   {product} {ergonomic}
    uintx NonNMethodCodeHeapSize                   = 5830732                                {pd product} {ergonomic}
    uintx NonProfiledCodeHeapSize                  = 122913754                              {pd product} {ergonomic}
    uintx ProfiledCodeHeapSize                     = 122913754                              {pd product} {ergonomic}
    uintx ReservedCodeCacheSize                    = 251658240                              {pd product} {ergonomic}
     bool SegmentedCodeCache                       = true                                      {product} {ergonomic}
     bool UseCompressedClassPointers               = true                                 {lp64_product} {ergonomic}
     bool UseCompressedOops                        = true                                 {lp64_product} {ergonomic}
     bool UseG1GC                                  = true                                      {product} {ergonomic}
     bool UseLargePagesIndividualAllocation        = false                                  {pd product} {ergonomic}

Logging:
Log output configuration:
 #0: stdout all=warning uptime,level,tags
 #1: stderr all=off uptime,level,tags

Environment Variables:
JAVA_HOME=C:\Program Files\Java\jdk-12.0.1
PATH=C:\Windows\system32;C:\Windows;C:\Windows\System32\Wbem;C:\Windows\System32\WindowsPowerShell\v1.0\;C:\Windows\System32\OpenSSH\;C:\Program Files (x86)\NVIDIA Corporation\PhysX\Common;C:\Program Files\NVIDIA Corporation\NVIDIA NvDLISR;C:\Program Files\Java\jdk-12.0.1\bin;C:\Program Files\dotnet\;C:\Program Files\Microsoft SQL Server\130\Tools\Binn\;C:\Program Files\Microsoft SQL Server\Client SDK\ODBC\170\Tools\Binn\;C:\Program Files\MySQL\MySQL Server 8.0\bin;C:\Program Files\Git\cmd;C:\WINDOWS\system32;C:\WINDOWS;C:\WINDOWS\System32\Wbem;C:\WINDOWS\System32\WindowsPowerShell\v1.0\;C:\WINDOWS\System32\OpenSSH\;D:\Program Files\C++Library\OpenCV\420\opencv\build\x64\vc15\bin;D:\matlab\bin;D:\Program Files\apache-maven-3.6.1\bin;C:\Program Files\MySQL\MySQL Shell 8.0\bin\;C:\Users\62737\AppData\Local\Microsoft\WindowsApps;;D:\Bigdata-CCA\Microsoft VS Code\bin
USERNAME=62737
OS=Windows_NT
PROCESSOR_IDENTIFIER=Intel64 Family 6 Model 94 Stepping 3, GenuineIntel



---------------  S Y S T E M  ---------------

OS: Windows 10 , 64 bit Build 18362 (10.0.18362.959)

CPU:total 4 (initial active 4) (4 cores per cpu, 1 threads per core) family 6 model 94 stepping 3, cmov, cx8, fxsr, mmx, sse, sse2, sse3, ssse3, sse4.1, sse4.2, popcnt, avx, avx2, aes, clmul, erms, rtm, 3dnowpref, lzcnt, tsc, tscinvbit, bmi1, bmi2, adx, fma

Memory: 4k page, system-wide physical 8081M (2614M free)
TotalPageFile size 12689M (AvailPageFile size 4100M)
current process WorkingSet (physical memory assigned to process): 156M, peak: 210M
current process commit charge ("private bytes"): 225M, peak: 283M

vm_info: Java HotSpot(TM) 64-Bit Server VM (12.0.1+12) for windows-amd64 JRE (12.0.1+12), built on Apr  2 2019 14:02:19 by "mach5one" with MS VC++ 15.5 (VS2017)

END.
