#
# A fatal error has been detected by the Java Runtime Environment:
#
#  EXCEPTION_ACCESS_VIOLATION (0xc0000005) at pc=0x0000000000000000, pid=6844, tid=6788
#
# JRE version: Java(TM) SE Runtime Environment (12.0.1+12) (build 12.0.1+12)
# Java VM: Java HotSpot(TM) 64-Bit Server VM (12.0.1+12, mixed mode, sharing, tiered, compressed oops, g1 gc, windows-amd64)
# Problematic frame:
# C  0x0000000000000000
#
# No core dump will be written. Minidumps are not enabled by default on client versions of Windows
#
# If you would like to submit a bug report, please visit:
#   http://bugreport.java.com/bugreport/crash.jsp
# The crash happened outside the Java Virtual Machine in native code.
# See problematic frame for where to report the bug.
#

---------------  S U M M A R Y ------------

Command Line: -javaagent:C:\Program Files\JetBrains\IntelliJ IDEA Community Edition 2020.1.3\lib\idea_rt.jar=51552:C:\Program Files\JetBrains\IntelliJ IDEA Community Edition 2020.1.3\bin -Dfile.encoding=UTF-8 one.wangwei.blockchain.cli.Main

Host: Intel(R) Core(TM) i5-6300HQ CPU @ 2.30GHz, 4 cores, 7G,  Windows 10 , 64 bit Build 18362 (10.0.18362.959)
Time: Thu Aug 13 17:24:44 2020 ?D1®≤°¿®∫°¡?®∫°¿?? elapsed time: 11 seconds (0d 0h 0m 11s)

---------------  T H R E A D  ---------------

Current thread (0x00000241ae17b000):  JavaThread "main" [_thread_in_native, id=6788, stack(0x00000062eee00000,0x00000062eef00000)]

Stack: [0x00000062eee00000,0x00000062eef00000],  sp=0x00000062eeefeb18,  free space=1018k
Native frames: (J=compiled Java code, j=interpreted, Vv=VM code, C=native code)

Java frames: (J=compiled Java code, j=interpreted, Vv=VM code)
j  org.rocksdb.RocksDB.put(J[BII[BII)V+0
j  org.rocksdb.RocksDB.put([B[B)V+13
j  one.wangwei.blockchain.store.RocksDBUtils.putUTXOs(Ljava/lang/String;[Lone/wangwei/blockchain/transaction/TXOutput;)V+51
j  one.wangwei.blockchain.transaction.UTXOSet.update(Lone/wangwei/blockchain/block/Block;)V+305
j  one.wangwei.blockchain.cli.CLI.mineblock(Ljava/lang/String;)V+181
j  one.wangwei.blockchain.cli.CLI.parse()V+468
j  one.wangwei.blockchain.cli.Main.main([Ljava/lang/String;)V+30
v  ~StubRoutines::call_stub

siginfo: EXCEPTION_ACCESS_VIOLATION (0xc0000005), data execution prevention violation at address 0x0000000000000000


Register to memory mapping:

RIP=0x0 is NULL
RAX=0x00000241cdffd930 points into unknown readable memory: a0 0b 9a ce 41 02 00 00
RBX=0x00000000000003d2 is an unknown value
RCX=0x00000241cd9b0020 points into unknown readable memory: 30 d9 ff cd 41 02 00 00
RDX=0x00000062eeefeb88 is pointing into the stack for thread: 0x00000241ae17b000
RSP=0x00000062eeefeb18 is pointing into the stack for thread: 0x00000241ae17b000
RBP=0x00000062eeefeba0 is pointing into the stack for thread: 0x00000241ae17b000
RSI=0x0 is NULL
RDI=0x0 is NULL
R8 =0x00007ffd66bc8944 librocksdbjni4525040348215208923.dll
R9 =0x00000062eeefeb78 is pointing into the stack for thread: 0x00000241ae17b000
R10=0x0000000088dbaa38 points into unknown readable memory: 01 00 6a 61 76 61 2e 75
R11=0x00000062eeefeb00 is pointing into the stack for thread: 0x00000241ae17b000
R12=0x00000241ae17b330 points into unknown readable memory: e0 1d fe 6b fd 7f 00 00
R13=0x00000241cd9b0020 points into unknown readable memory: 30 d9 ff cd 41 02 00 00
R14=0x00000241cd1f3cb0 points into unknown readable memory: 03 01 63 68 61 69 6e 73
R15=0x00000241ceac9000 points into unknown readable memory: 01 00 6a 61 76 61 2e 75


Registers:
RAX=0x00000241cdffd930, RBX=0x00000000000003d2, RCX=0x00000241cd9b0020, RDX=0x00000062eeefeb88
RSP=0x00000062eeefeb18, RBP=0x00000062eeefeba0, RSI=0x0000000000000000, RDI=0x0000000000000000
R8 =0x00007ffd66bc8944, R9 =0x00000062eeefeb78, R10=0x0000000088dbaa38, R11=0x00000062eeefeb00
R12=0x00000241ae17b330, R13=0x00000241cd9b0020, R14=0x00000241cd1f3cb0, R15=0x00000241ceac9000
RIP=0x0000000000000000, EFLAGS=0x0000000000010246

Top of Stack: (sp=0x00000062eeefeb18)
0x00000062eeefeb18:   00007ffd667de87b 00000000000003d2
0x00000062eeefeb28:   000000000000000c 000000000000000c
0x00000062eeefeb38:   0000000088db6710 00000062eeefeb68
0x00000062eeefeb48:   0000000000000000 fffffffffffffffe
0x00000062eeefeb58:   0000000000000000 0000000000000000
0x00000062eeefeb68:   00000241ceac9000 00000000000003d2
0x00000062eeefeb78:   00000241cd1f3cb0 000000000000000c
0x00000062eeefeb88:   0000000000000005 0000000081d32de8
0x00000062eeefeb98:   0000000088db5298 00000241ae17b000
0x00000062eeefeba8:   00000062eeefed50 00000241cca8f130
0x00000062eeefebb8:   0000000000000000 0000000088db6710
0x00000062eeefebc8:   00000000000001a0 00000062eeefecf0
0x00000062eeefebd8:   00007ffd667e1464 00000241cca8f138
0x00000062eeefebe8:   0000000000000000 00007ffd66bc8944
0x00000062eeefebf8:   0000000000000000 00000062eeefed38
0x00000062eeefec08:   0000000000000000 000000000000000c 

Instructions: (pc=0x0000000000000000)
0xffffffffffffffe0:   


Stack slot to memory mapping:
stack at sp + 0 slots: 0x00007ffd667de87b librocksdbjni4525040348215208923.dll
stack at sp + 1 slots: 0x00000000000003d2 is an unknown value
stack at sp + 2 slots: 0x000000000000000c is an unknown value
stack at sp + 3 slots: 0x000000000000000c is an unknown value
stack at sp + 4 slots: 0x0000000088db6710 points into unknown readable memory: 01 00 00 00 00 00 00 00
stack at sp + 5 slots: 0x00000062eeefeb68 is pointing into the stack for thread: 0x00000241ae17b000
stack at sp + 6 slots: 0x0 is NULL
stack at sp + 7 slots: 0xfffffffffffffffe is an unknown value


---------------  P R O C E S S  ---------------

Threads class SMR info:
_java_thread_list=0x00000241ce3159a0, length=11, elements={
0x00000241ae17b000, 0x00000241cc586000, 0x00000241cc587000, 0x00000241cc5a4000,
0x00000241cc5a6000, 0x00000241cc5a7000, 0x00000241cc5b8800, 0x00000241cc5c2800,
0x00000241ccf3f800, 0x00000241cd102800, 0x00000241cd103800
}

Java Threads: ( => current thread )
=>0x00000241ae17b000 JavaThread "main" [_thread_in_native, id=6788, stack(0x00000062eee00000,0x00000062eef00000)]
  0x00000241cc586000 JavaThread "Reference Handler" daemon [_thread_blocked, id=8672, stack(0x00000062ef500000,0x00000062ef600000)]
  0x00000241cc587000 JavaThread "Finalizer" daemon [_thread_blocked, id=7648, stack(0x00000062ef600000,0x00000062ef700000)]
  0x00000241cc5a4000 JavaThread "Signal Dispatcher" daemon [_thread_blocked, id=12452, stack(0x00000062ef700000,0x00000062ef800000)]
  0x00000241cc5a6000 JavaThread "Attach Listener" daemon [_thread_blocked, id=8644, stack(0x00000062ef800000,0x00000062ef900000)]
  0x00000241cc5a7000 JavaThread "C2 CompilerThread0" daemon [_thread_blocked, id=9176, stack(0x00000062ef900000,0x00000062efa00000)]
  0x00000241cc5b8800 JavaThread "C1 CompilerThread0" daemon [_thread_blocked, id=16876, stack(0x00000062efa00000,0x00000062efb00000)]
  0x00000241cc5c2800 JavaThread "Sweeper thread" daemon [_thread_blocked, id=17292, stack(0x00000062efb00000,0x00000062efc00000)]
  0x00000241ccf3f800 JavaThread "Common-Cleaner" daemon [_thread_blocked, id=8884, stack(0x00000062efc00000,0x00000062efd00000)]
  0x00000241cd102800 JavaThread "Monitor Ctrl-Break" daemon [_thread_in_native, id=16728, stack(0x00000062efd00000,0x00000062efe00000)]
  0x00000241cd103800 JavaThread "Service Thread" daemon [_thread_blocked, id=8484, stack(0x00000062efe00000,0x00000062eff00000)]

Other Threads:
  0x00000241cc582800 VMThread "VM Thread" [stack: 0x00000062ef400000,0x00000062ef500000] [id=13040]
  0x00000241cd105800 WatcherThread [stack: 0x00000062eff00000,0x00000062f0000000] [id=9404]
  0x00000241ae1ba000 GCTaskThread "GC Thread#0" [stack: 0x00000062eef00000,0x00000062ef000000] [id=10648]
  0x00000241ce05a000 GCTaskThread "GC Thread#1" [stack: 0x00000062f0200000,0x00000062f0300000] [id=7596]
  0x00000241ce05b000 GCTaskThread "GC Thread#2" [stack: 0x00000062f0300000,0x00000062f0400000] [id=16892]
  0x00000241ae1cb000 ConcurrentGCThread "G1 Main Marker" [stack: 0x00000062ef000000,0x00000062ef100000] [id=7424]
  0x00000241ae1cc800 ConcurrentGCThread "G1 Conc#0" [stack: 0x00000062ef100000,0x00000062ef200000] [id=14448]
  0x00000241cc404800 ConcurrentGCThread "G1 Refine#0" [stack: 0x00000062ef200000,0x00000062ef300000] [id=11728]
  0x00000241ae24e800 ConcurrentGCThread "G1 Young RemSet Sampling" [stack: 0x00000062ef300000,0x00000062ef400000] [id=1824]

Threads with active compile tasks:

VM state:not at safepoint (normal execution)

VM Mutex/Monitor currently owned by a thread: None

Heap address: 0x0000000081a00000, size: 2022 MB, Compressed Oops mode: 32-bit
Narrow klass base: 0x0000000800000000, Narrow klass shift: 3
Compressed class space size: 1073741824 Address: 0x00000008011a0000

Heap:
 garbage-first heap   total 131072K, used 19520K [0x0000000081a00000, 0x0000000100000000)
  region size 1024K, 14 young (14336K), 1 survivors (1024K)
 Metaspace       used 7180K, capacity 7360K, committed 7424K, reserved 1056768K
  class space    used 643K, capacity 721K, committed 768K, reserved 1048576K
Heap Regions: E=young(eden), S=young(survivor), O=old, HS=humongous(starts), HC=humongous(continues), CS=collection set, F=free, A=archive, TAMS=top-at-mark-start (previous, next)
|   0|0x0000000081a00000, 0x0000000081b00000, 0x0000000081b00000|100%| O|  |TAMS 0x0000000081a00000, 0x0000000081a00000| Untracked 
|   1|0x0000000081b00000, 0x0000000081c00000, 0x0000000081c00000|100%| O|  |TAMS 0x0000000081b00000, 0x0000000081b00000| Untracked 
|   2|0x0000000081c00000, 0x0000000081d00000, 0x0000000081d00000|100%| O|  |TAMS 0x0000000081c00000, 0x0000000081c00000| Untracked 
|   3|0x0000000081d00000, 0x0000000081e00000, 0x0000000081e00000|100%| O|  |TAMS 0x0000000081d00000, 0x0000000081d00000| Untracked 
|   4|0x0000000081e00000, 0x0000000081f00000, 0x0000000081f00000|100%| O|  |TAMS 0x0000000081e00000, 0x0000000081e00000| Untracked 
|   5|0x0000000081f00000, 0x0000000082000000, 0x0000000082000000|100%| O|  |TAMS 0x0000000081f00000, 0x0000000081f00000| Untracked 
|   6|0x0000000082000000, 0x0000000082100000, 0x0000000082100000|100%| O|  |TAMS 0x0000000082000000, 0x0000000082000000| Untracked 
|   7|0x0000000082100000, 0x000000008210c800, 0x0000000082200000|  4%| O|  |TAMS 0x0000000082100000, 0x0000000082100000| Untracked 
|   8|0x0000000082200000, 0x0000000082200000, 0x0000000082300000|  0%| F|  |TAMS 0x0000000082200000, 0x0000000082200000| Untracked 
|   9|0x0000000082300000, 0x0000000082300000, 0x0000000082400000|  0%| F|  |TAMS 0x0000000082300000, 0x0000000082300000| Untracked 
|  10|0x0000000082400000, 0x0000000082400000, 0x0000000082500000|  0%| F|  |TAMS 0x0000000082400000, 0x0000000082400000| Untracked 
|  11|0x0000000082500000, 0x0000000082500000, 0x0000000082600000|  0%| F|  |TAMS 0x0000000082500000, 0x0000000082500000| Untracked 
|  12|0x0000000082600000, 0x0000000082600000, 0x0000000082700000|  0%| F|  |TAMS 0x0000000082600000, 0x0000000082600000| Untracked 
|  13|0x0000000082700000, 0x0000000082700000, 0x0000000082800000|  0%| F|  |TAMS 0x0000000082700000, 0x0000000082700000| Untracked 
|  14|0x0000000082800000, 0x0000000082800000, 0x0000000082900000|  0%| F|  |TAMS 0x0000000082800000, 0x0000000082800000| Untracked 
|  15|0x0000000082900000, 0x0000000082900000, 0x0000000082a00000|  0%| F|  |TAMS 0x0000000082900000, 0x0000000082900000| Untracked 
|  16|0x0000000082a00000, 0x0000000082a00000, 0x0000000082b00000|  0%| F|  |TAMS 0x0000000082a00000, 0x0000000082a00000| Untracked 
|  17|0x0000000082b00000, 0x0000000082b00000, 0x0000000082c00000|  0%| F|  |TAMS 0x0000000082b00000, 0x0000000082b00000| Untracked 
|  18|0x0000000082c00000, 0x0000000082c00000, 0x0000000082d00000|  0%| F|  |TAMS 0x0000000082c00000, 0x0000000082c00000| Untracked 
|  19|0x0000000082d00000, 0x0000000082d00000, 0x0000000082e00000|  0%| F|  |TAMS 0x0000000082d00000, 0x0000000082d00000| Untracked 
|  20|0x0000000082e00000, 0x0000000082e00000, 0x0000000082f00000|  0%| F|  |TAMS 0x0000000082e00000, 0x0000000082e00000| Untracked 
|  21|0x0000000082f00000, 0x0000000082f00000, 0x0000000083000000|  0%| F|  |TAMS 0x0000000082f00000, 0x0000000082f00000| Untracked 
|  22|0x0000000083000000, 0x0000000083000000, 0x0000000083100000|  0%| F|  |TAMS 0x0000000083000000, 0x0000000083000000| Untracked 
|  23|0x0000000083100000, 0x0000000083100000, 0x0000000083200000|  0%| F|  |TAMS 0x0000000083100000, 0x0000000083100000| Untracked 
|  24|0x0000000083200000, 0x0000000083200000, 0x0000000083300000|  0%| F|  |TAMS 0x0000000083200000, 0x0000000083200000| Untracked 
|  25|0x0000000083300000, 0x0000000083300000, 0x0000000083400000|  0%| F|  |TAMS 0x0000000083300000, 0x0000000083300000| Untracked 
|  26|0x0000000083400000, 0x0000000083400000, 0x0000000083500000|  0%| F|  |TAMS 0x0000000083400000, 0x0000000083400000| Untracked 
|  27|0x0000000083500000, 0x0000000083500000, 0x0000000083600000|  0%| F|  |TAMS 0x0000000083500000, 0x0000000083500000| Untracked 
|  28|0x0000000083600000, 0x0000000083600000, 0x0000000083700000|  0%| F|  |TAMS 0x0000000083600000, 0x0000000083600000| Untracked 
|  29|0x0000000083700000, 0x0000000083700000, 0x0000000083800000|  0%| F|  |TAMS 0x0000000083700000, 0x0000000083700000| Untracked 
|  30|0x0000000083800000, 0x0000000083800000, 0x0000000083900000|  0%| F|  |TAMS 0x0000000083800000, 0x0000000083800000| Untracked 
|  31|0x0000000083900000, 0x0000000083900000, 0x0000000083a00000|  0%| F|  |TAMS 0x0000000083900000, 0x0000000083900000| Untracked 
|  32|0x0000000083a00000, 0x0000000083a00000, 0x0000000083b00000|  0%| F|  |TAMS 0x0000000083a00000, 0x0000000083a00000| Untracked 
|  33|0x0000000083b00000, 0x0000000083b00000, 0x0000000083c00000|  0%| F|  |TAMS 0x0000000083b00000, 0x0000000083b00000| Untracked 
|  34|0x0000000083c00000, 0x0000000083c00000, 0x0000000083d00000|  0%| F|  |TAMS 0x0000000083c00000, 0x0000000083c00000| Untracked 
|  35|0x0000000083d00000, 0x0000000083d00000, 0x0000000083e00000|  0%| F|  |TAMS 0x0000000083d00000, 0x0000000083d00000| Untracked 
|  36|0x0000000083e00000, 0x0000000083e00000, 0x0000000083f00000|  0%| F|  |TAMS 0x0000000083e00000, 0x0000000083e00000| Untracked 
|  37|0x0000000083f00000, 0x0000000083f00000, 0x0000000084000000|  0%| F|  |TAMS 0x0000000083f00000, 0x0000000083f00000| Untracked 
|  38|0x0000000084000000, 0x0000000084000000, 0x0000000084100000|  0%| F|  |TAMS 0x0000000084000000, 0x0000000084000000| Untracked 
|  39|0x0000000084100000, 0x0000000084100000, 0x0000000084200000|  0%| F|  |TAMS 0x0000000084100000, 0x0000000084100000| Untracked 
|  40|0x0000000084200000, 0x0000000084200000, 0x0000000084300000|  0%| F|  |TAMS 0x0000000084200000, 0x0000000084200000| Untracked 
|  41|0x0000000084300000, 0x0000000084300000, 0x0000000084400000|  0%| F|  |TAMS 0x0000000084300000, 0x0000000084300000| Untracked 
|  42|0x0000000084400000, 0x0000000084400000, 0x0000000084500000|  0%| F|  |TAMS 0x0000000084400000, 0x0000000084400000| Untracked 
|  43|0x0000000084500000, 0x0000000084500000, 0x0000000084600000|  0%| F|  |TAMS 0x0000000084500000, 0x0000000084500000| Untracked 
|  44|0x0000000084600000, 0x0000000084600000, 0x0000000084700000|  0%| F|  |TAMS 0x0000000084600000, 0x0000000084600000| Untracked 
|  45|0x0000000084700000, 0x0000000084700000, 0x0000000084800000|  0%| F|  |TAMS 0x0000000084700000, 0x0000000084700000| Untracked 
|  46|0x0000000084800000, 0x0000000084800000, 0x0000000084900000|  0%| F|  |TAMS 0x0000000084800000, 0x0000000084800000| Untracked 
|  47|0x0000000084900000, 0x0000000084900000, 0x0000000084a00000|  0%| F|  |TAMS 0x0000000084900000, 0x0000000084900000| Untracked 
|  48|0x0000000084a00000, 0x0000000084a00000, 0x0000000084b00000|  0%| F|  |TAMS 0x0000000084a00000, 0x0000000084a00000| Untracked 
|  49|0x0000000084b00000, 0x0000000084b00000, 0x0000000084c00000|  0%| F|  |TAMS 0x0000000084b00000, 0x0000000084b00000| Untracked 
|  50|0x0000000084c00000, 0x0000000084c00000, 0x0000000084d00000|  0%| F|  |TAMS 0x0000000084c00000, 0x0000000084c00000| Untracked 
|  51|0x0000000084d00000, 0x0000000084d00000, 0x0000000084e00000|  0%| F|  |TAMS 0x0000000084d00000, 0x0000000084d00000| Untracked 
|  52|0x0000000084e00000, 0x0000000084e03860, 0x0000000084f00000|  1%| S|CS|TAMS 0x0000000084e00000, 0x0000000084e00000| Complete 
|  53|0x0000000084f00000, 0x0000000084f00000, 0x0000000085000000|  0%| F|  |TAMS 0x0000000084f00000, 0x0000000084f00000| Untracked 
|  54|0x0000000085000000, 0x0000000085000000, 0x0000000085100000|  0%| F|  |TAMS 0x0000000085000000, 0x0000000085000000| Untracked 
|  55|0x0000000085100000, 0x0000000085100000, 0x0000000085200000|  0%| F|  |TAMS 0x0000000085100000, 0x0000000085100000| Untracked 
|  56|0x0000000085200000, 0x0000000085200000, 0x0000000085300000|  0%| F|  |TAMS 0x0000000085200000, 0x0000000085200000| Untracked 
|  57|0x0000000085300000, 0x0000000085300000, 0x0000000085400000|  0%| F|  |TAMS 0x0000000085300000, 0x0000000085300000| Untracked 
|  58|0x0000000085400000, 0x0000000085400000, 0x0000000085500000|  0%| F|  |TAMS 0x0000000085400000, 0x0000000085400000| Untracked 
|  59|0x0000000085500000, 0x0000000085500000, 0x0000000085600000|  0%| F|  |TAMS 0x0000000085500000, 0x0000000085500000| Untracked 
|  60|0x0000000085600000, 0x0000000085600000, 0x0000000085700000|  0%| F|  |TAMS 0x0000000085600000, 0x0000000085600000| Untracked 
|  61|0x0000000085700000, 0x0000000085700000, 0x0000000085800000|  0%| F|  |TAMS 0x0000000085700000, 0x0000000085700000| Untracked 
|  62|0x0000000085800000, 0x0000000085800000, 0x0000000085900000|  0%| F|  |TAMS 0x0000000085800000, 0x0000000085800000| Untracked 
|  63|0x0000000085900000, 0x0000000085900000, 0x0000000085a00000|  0%| F|  |TAMS 0x0000000085900000, 0x0000000085900000| Untracked 
|  64|0x0000000085a00000, 0x0000000085a00000, 0x0000000085b00000|  0%| F|  |TAMS 0x0000000085a00000, 0x0000000085a00000| Untracked 
|  65|0x0000000085b00000, 0x0000000085b00000, 0x0000000085c00000|  0%| F|  |TAMS 0x0000000085b00000, 0x0000000085b00000| Untracked 
|  66|0x0000000085c00000, 0x0000000085c00000, 0x0000000085d00000|  0%| F|  |TAMS 0x0000000085c00000, 0x0000000085c00000| Untracked 
|  67|0x0000000085d00000, 0x0000000085d00000, 0x0000000085e00000|  0%| F|  |TAMS 0x0000000085d00000, 0x0000000085d00000| Untracked 
|  68|0x0000000085e00000, 0x0000000085e00000, 0x0000000085f00000|  0%| F|  |TAMS 0x0000000085e00000, 0x0000000085e00000| Untracked 
|  69|0x0000000085f00000, 0x0000000085f00000, 0x0000000086000000|  0%| F|  |TAMS 0x0000000085f00000, 0x0000000085f00000| Untracked 
|  70|0x0000000086000000, 0x0000000086000000, 0x0000000086100000|  0%| F|  |TAMS 0x0000000086000000, 0x0000000086000000| Untracked 
|  71|0x0000000086100000, 0x0000000086100000, 0x0000000086200000|  0%| F|  |TAMS 0x0000000086100000, 0x0000000086100000| Untracked 
|  72|0x0000000086200000, 0x0000000086200000, 0x0000000086300000|  0%| F|  |TAMS 0x0000000086200000, 0x0000000086200000| Untracked 
|  73|0x0000000086300000, 0x0000000086300000, 0x0000000086400000|  0%| F|  |TAMS 0x0000000086300000, 0x0000000086300000| Untracked 
|  74|0x0000000086400000, 0x0000000086400000, 0x0000000086500000|  0%| F|  |TAMS 0x0000000086400000, 0x0000000086400000| Untracked 
|  75|0x0000000086500000, 0x0000000086500000, 0x0000000086600000|  0%| F|  |TAMS 0x0000000086500000, 0x0000000086500000| Untracked 
|  76|0x0000000086600000, 0x0000000086600000, 0x0000000086700000|  0%| F|  |TAMS 0x0000000086600000, 0x0000000086600000| Untracked 
|  77|0x0000000086700000, 0x0000000086700000, 0x0000000086800000|  0%| F|  |TAMS 0x0000000086700000, 0x0000000086700000| Untracked 
|  78|0x0000000086800000, 0x0000000086800000, 0x0000000086900000|  0%| F|  |TAMS 0x0000000086800000, 0x0000000086800000| Untracked 
|  79|0x0000000086900000, 0x0000000086900000, 0x0000000086a00000|  0%| F|  |TAMS 0x0000000086900000, 0x0000000086900000| Untracked 
|  80|0x0000000086a00000, 0x0000000086a00000, 0x0000000086b00000|  0%| F|  |TAMS 0x0000000086a00000, 0x0000000086a00000| Untracked 
|  81|0x0000000086b00000, 0x0000000086b00000, 0x0000000086c00000|  0%| F|  |TAMS 0x0000000086b00000, 0x0000000086b00000| Untracked 
|  82|0x0000000086c00000, 0x0000000086c00000, 0x0000000086d00000|  0%| F|  |TAMS 0x0000000086c00000, 0x0000000086c00000| Untracked 
|  83|0x0000000086d00000, 0x0000000086d00000, 0x0000000086e00000|  0%| F|  |TAMS 0x0000000086d00000, 0x0000000086d00000| Untracked 
|  84|0x0000000086e00000, 0x0000000086e00000, 0x0000000086f00000|  0%| F|  |TAMS 0x0000000086e00000, 0x0000000086e00000| Untracked 
|  85|0x0000000086f00000, 0x0000000086f00000, 0x0000000087000000|  0%| F|  |TAMS 0x0000000086f00000, 0x0000000086f00000| Untracked 
|  86|0x0000000087000000, 0x0000000087000000, 0x0000000087100000|  0%| F|  |TAMS 0x0000000087000000, 0x0000000087000000| Untracked 
|  87|0x0000000087100000, 0x0000000087100000, 0x0000000087200000|  0%| F|  |TAMS 0x0000000087100000, 0x0000000087100000| Untracked 
|  88|0x0000000087200000, 0x0000000087200000, 0x0000000087300000|  0%| F|  |TAMS 0x0000000087200000, 0x0000000087200000| Untracked 
|  89|0x0000000087300000, 0x0000000087300000, 0x0000000087400000|  0%| F|  |TAMS 0x0000000087300000, 0x0000000087300000| Untracked 
|  90|0x0000000087400000, 0x0000000087400000, 0x0000000087500000|  0%| F|  |TAMS 0x0000000087400000, 0x0000000087400000| Untracked 
|  91|0x0000000087500000, 0x0000000087500000, 0x0000000087600000|  0%| F|  |TAMS 0x0000000087500000, 0x0000000087500000| Untracked 
|  92|0x0000000087600000, 0x0000000087600000, 0x0000000087700000|  0%| F|  |TAMS 0x0000000087600000, 0x0000000087600000| Untracked 
|  93|0x0000000087700000, 0x0000000087700000, 0x0000000087800000|  0%| F|  |TAMS 0x0000000087700000, 0x0000000087700000| Untracked 
|  94|0x0000000087800000, 0x0000000087800000, 0x0000000087900000|  0%| F|  |TAMS 0x0000000087800000, 0x0000000087800000| Untracked 
|  95|0x0000000087900000, 0x0000000087900000, 0x0000000087a00000|  0%| F|  |TAMS 0x0000000087900000, 0x0000000087900000| Untracked 
|  96|0x0000000087a00000, 0x0000000087a00000, 0x0000000087b00000|  0%| F|  |TAMS 0x0000000087a00000, 0x0000000087a00000| Untracked 
|  97|0x0000000087b00000, 0x0000000087b00000, 0x0000000087c00000|  0%| F|  |TAMS 0x0000000087b00000, 0x0000000087b00000| Untracked 
|  98|0x0000000087c00000, 0x0000000087c00000, 0x0000000087d00000|  0%| F|  |TAMS 0x0000000087c00000, 0x0000000087c00000| Untracked 
|  99|0x0000000087d00000, 0x0000000087d00000, 0x0000000087e00000|  0%| F|  |TAMS 0x0000000087d00000, 0x0000000087d00000| Untracked 
| 100|0x0000000087e00000, 0x0000000087e00000, 0x0000000087f00000|  0%| F|  |TAMS 0x0000000087e00000, 0x0000000087e00000| Untracked 
| 101|0x0000000087f00000, 0x0000000087f00000, 0x0000000088000000|  0%| F|  |TAMS 0x0000000087f00000, 0x0000000087f00000| Untracked 
| 102|0x0000000088000000, 0x0000000088000000, 0x0000000088100000|  0%| F|  |TAMS 0x0000000088000000, 0x0000000088000000| Untracked 
| 103|0x0000000088100000, 0x0000000088100000, 0x0000000088200000|  0%| F|  |TAMS 0x0000000088100000, 0x0000000088100000| Untracked 
| 104|0x0000000088200000, 0x0000000088200000, 0x0000000088300000|  0%| F|  |TAMS 0x0000000088200000, 0x0000000088200000| Untracked 
| 105|0x0000000088300000, 0x0000000088300000, 0x0000000088400000|  0%| F|  |TAMS 0x0000000088300000, 0x0000000088300000| Untracked 
| 106|0x0000000088400000, 0x0000000088400000, 0x0000000088500000|  0%| F|  |TAMS 0x0000000088400000, 0x0000000088400000| Untracked 
| 107|0x0000000088500000, 0x0000000088500000, 0x0000000088600000|  0%| F|  |TAMS 0x0000000088500000, 0x0000000088500000| Untracked 
| 108|0x0000000088600000, 0x0000000088600000, 0x0000000088700000|  0%| F|  |TAMS 0x0000000088600000, 0x0000000088600000| Untracked 
| 109|0x0000000088700000, 0x0000000088700000, 0x0000000088800000|  0%| F|  |TAMS 0x0000000088700000, 0x0000000088700000| Untracked 
| 110|0x0000000088800000, 0x0000000088800000, 0x0000000088900000|  0%| F|  |TAMS 0x0000000088800000, 0x0000000088800000| Untracked 
| 111|0x0000000088900000, 0x0000000088900000, 0x0000000088a00000|  0%| F|  |TAMS 0x0000000088900000, 0x0000000088900000| Untracked 
| 112|0x0000000088a00000, 0x0000000088a00000, 0x0000000088b00000|  0%| F|  |TAMS 0x0000000088a00000, 0x0000000088a00000| Untracked 
| 113|0x0000000088b00000, 0x0000000088b00000, 0x0000000088c00000|  0%| F|  |TAMS 0x0000000088b00000, 0x0000000088b00000| Untracked 
| 114|0x0000000088c00000, 0x0000000088c00000, 0x0000000088d00000|  0%| F|  |TAMS 0x0000000088c00000, 0x0000000088c00000| Untracked 
| 115|0x0000000088d00000, 0x0000000088e00000, 0x0000000088e00000|100%| E|  |TAMS 0x0000000088d00000, 0x0000000088d00000| Complete 
| 116|0x0000000088e00000, 0x0000000088f00000, 0x0000000088f00000|100%| E|CS|TAMS 0x0000000088e00000, 0x0000000088e00000| Complete 
| 117|0x0000000088f00000, 0x0000000089000000, 0x0000000089000000|100%| E|CS|TAMS 0x0000000088f00000, 0x0000000088f00000| Complete 
| 118|0x0000000089000000, 0x0000000089100000, 0x0000000089100000|100%| E|CS|TAMS 0x0000000089000000, 0x0000000089000000| Complete 
| 119|0x0000000089100000, 0x0000000089200000, 0x0000000089200000|100%| E|CS|TAMS 0x0000000089100000, 0x0000000089100000| Complete 
| 120|0x0000000089200000, 0x0000000089300000, 0x0000000089300000|100%| E|CS|TAMS 0x0000000089200000, 0x0000000089200000| Complete 
| 121|0x0000000089300000, 0x0000000089400000, 0x0000000089400000|100%| E|CS|TAMS 0x0000000089300000, 0x0000000089300000| Complete 
| 122|0x0000000089400000, 0x0000000089500000, 0x0000000089500000|100%| E|CS|TAMS 0x0000000089400000, 0x0000000089400000| Complete 
| 123|0x0000000089500000, 0x0000000089600000, 0x0000000089600000|100%| E|CS|TAMS 0x0000000089500000, 0x0000000089500000| Complete 
| 124|0x0000000089600000, 0x0000000089700000, 0x0000000089700000|100%| E|CS|TAMS 0x0000000089600000, 0x0000000089600000| Complete 
| 125|0x0000000089700000, 0x0000000089800000, 0x0000000089800000|100%| E|CS|TAMS 0x0000000089700000, 0x0000000089700000| Complete 
| 126|0x0000000089800000, 0x0000000089900000, 0x0000000089900000|100%| E|CS|TAMS 0x0000000089800000, 0x0000000089800000| Complete 
| 127|0x0000000089900000, 0x0000000089a00000, 0x0000000089a00000|100%| E|CS|TAMS 0x0000000089900000, 0x0000000089900000| Complete 

Card table byte_map: [0x00000241c5980000,0x00000241c5d80000] _byte_map_base: 0x00000241c5573000

Marking Bits (Prev, Next): (CMBitMap*) 0x00000241ae1bb148, (CMBitMap*) 0x00000241ae1bb188
 Prev Bits: [0x00000241c6180000, 0x00000241c8118000)
 Next Bits: [0x00000241c8120000, 0x00000241ca0b8000)

Polling page: 0x00000241ad950000

Metaspace:

Usage:
  Non-class:      6.48 MB capacity,     6.38 MB ( 98%) used,    91.86 KB (  1%) free+waste,     9.94 KB ( <1%) overhead. 
      Class:    721.00 KB capacity,   643.27 KB ( 89%) used,    72.73 KB ( 10%) free+waste,     5.00 KB ( <1%) overhead. 
       Both:      7.19 MB capacity,     7.01 MB ( 98%) used,   164.59 KB (  2%) free+waste,    14.94 KB ( <1%) overhead. 

Virtual space:
  Non-class space:        8.00 MB reserved,       6.50 MB ( 81%) committed 
      Class space:        1.00 GB reserved,     768.00 KB ( <1%) committed 
             Both:        1.01 GB reserved,       7.25 MB ( <1%) committed 

Chunk freelists:
   Non-Class:  2.13 KB
       Class:  1.88 KB
        Both:  4.00 KB

CodeHeap 'non-profiled nmethods': size=120064Kb used=2000Kb max_used=2000Kb free=118063Kb
 bounds [0x00000241be040000, 0x00000241be2b0000, 0x00000241c5580000]
CodeHeap 'profiled nmethods': size=120000Kb used=4336Kb max_used=4336Kb free=115663Kb
 bounds [0x00000241b6b10000, 0x00000241b6f50000, 0x00000241be040000]
CodeHeap 'non-nmethods': size=5696Kb used=1150Kb max_used=1257Kb free=4546Kb
 bounds [0x00000241b6580000, 0x00000241b67f0000, 0x00000241b6b10000]
 total_blobs=3525 nmethods=2089 adapters=387
 compilation: enabled
              stopped_count=0, restarted_count=0
 full_count=0

Compilation events (10 events):
Event: 11.379 Thread 0x00000241cc5b8800 2094       3       java.lang.Class::arrayContentsEq (70 bytes)
Event: 11.379 Thread 0x00000241cc5b8800 nmethod 2094 0x00000241b6f44c10 code [0x00000241b6f44e00, 0x00000241b6f45258]
Event: 11.379 Thread 0x00000241cc5b8800 2095       3       com.esotericsoftware.kryo.util.ObjectMap::put_internal (485 bytes)
Event: 11.380 Thread 0x00000241cc5b8800 nmethod 2095 0x00000241b6f45390 code [0x00000241b6f45760, 0x00000241b6f47fd0]
Event: 11.380 Thread 0x00000241cc5b8800 2096       3       com.esotericsoftware.kryo.serializers.FieldSerializer::createCachedFields (133 bytes)
Event: 11.381 Thread 0x00000241cc5b8800 nmethod 2096 0x00000241b6f48a10 code [0x00000241b6f48cc0, 0x00000241b6f49ab0]
Event: 11.381 Thread 0x00000241cc5b8800 2097   !   3       java.lang.reflect.Field::declaredAnnotations (82 bytes)
Event: 11.382 Thread 0x00000241cc5b8800 nmethod 2097 0x00000241b6f49f90 code [0x00000241b6f4a1a0, 0x00000241b6f4a810]
Event: 11.382 Thread 0x00000241cc5b8800 2098   !   3       com.esotericsoftware.kryo.Kryo::writeObjectOrNull (246 bytes)
Event: 11.383 Thread 0x00000241cc5b8800 nmethod 2098 0x00000241b6f4aa90 code [0x00000241b6f4ada0, 0x00000241b6f4bdc0]

GC Heap History (10 events):
Event: 10.723 GC heap before
{Heap before GC invocations=50 (full 0):
 garbage-first heap   total 131072K, used 84024K [0x0000000081a00000, 0x0000000100000000)
  region size 1024K, 76 young (77824K), 1 survivors (1024K)
 Metaspace       used 7086K, capacity 7360K, committed 7424K, reserved 1056768K
  class space    used 636K, capacity 721K, committed 768K, reserved 1048576K
}
Event: 10.723 GC heap after
{Heap after GC invocations=51 (full 0):
 garbage-first heap   total 131072K, used 7234K [0x0000000081a00000, 0x0000000100000000)
  region size 1024K, 1 young (1024K), 1 survivors (1024K)
 Metaspace       used 7086K, capacity 7360K, committed 7424K, reserved 1056768K
  class space    used 636K, capacity 721K, committed 768K, reserved 1048576K
}
Event: 10.859 GC heap before
{Heap before GC invocations=51 (full 0):
 garbage-first heap   total 131072K, used 84034K [0x0000000081a00000, 0x0000000100000000)
  region size 1024K, 76 young (77824K), 1 survivors (1024K)
 Metaspace       used 7086K, capacity 7360K, committed 7424K, reserved 1056768K
  class space    used 636K, capacity 721K, committed 768K, reserved 1048576K
}
Event: 10.860 GC heap after
{Heap after GC invocations=52 (full 0):
 garbage-first heap   total 131072K, used 7224K [0x0000000081a00000, 0x0000000100000000)
  region size 1024K, 1 young (1024K), 1 survivors (1024K)
 Metaspace       used 7086K, capacity 7360K, committed 7424K, reserved 1056768K
  class space    used 636K, capacity 721K, committed 768K, reserved 1048576K
}
Event: 10.987 GC heap before
{Heap before GC invocations=52 (full 0):
 garbage-first heap   total 131072K, used 84024K [0x0000000081a00000, 0x0000000100000000)
  region size 1024K, 76 young (77824K), 1 survivors (1024K)
 Metaspace       used 7086K, capacity 7360K, committed 7424K, reserved 1056768K
  class space    used 636K, capacity 721K, committed 768K, reserved 1048576K
}
Event: 10.987 GC heap after
{Heap after GC invocations=53 (full 0):
 garbage-first heap   total 131072K, used 7234K [0x0000000081a00000, 0x0000000100000000)
  region size 1024K, 1 young (1024K), 1 survivors (1024K)
 Metaspace       used 7086K, capacity 7360K, committed 7424K, reserved 1056768K
  class space    used 636K, capacity 721K, committed 768K, reserved 1048576K
}
Event: 11.124 GC heap before
{Heap before GC invocations=53 (full 0):
 garbage-first heap   total 131072K, used 84034K [0x0000000081a00000, 0x0000000100000000)
  region size 1024K, 76 young (77824K), 1 survivors (1024K)
 Metaspace       used 7086K, capacity 7360K, committed 7424K, reserved 1056768K
  class space    used 636K, capacity 721K, committed 768K, reserved 1048576K
}
Event: 11.125 GC heap after
{Heap after GC invocations=54 (full 0):
 garbage-first heap   total 131072K, used 7224K [0x0000000081a00000, 0x0000000100000000)
  region size 1024K, 1 young (1024K), 1 survivors (1024K)
 Metaspace       used 7086K, capacity 7360K, committed 7424K, reserved 1056768K
  class space    used 636K, capacity 721K, committed 768K, reserved 1048576K
}
Event: 11.265 GC heap before
{Heap before GC invocations=54 (full 0):
 garbage-first heap   total 131072K, used 84024K [0x0000000081a00000, 0x0000000100000000)
  region size 1024K, 76 young (77824K), 1 survivors (1024K)
 Metaspace       used 7086K, capacity 7360K, committed 7424K, reserved 1056768K
  class space    used 636K, capacity 721K, committed 768K, reserved 1048576K
}
Event: 11.266 GC heap after
{Heap after GC invocations=55 (full 0):
 garbage-first heap   total 131072K, used 7232K [0x0000000081a00000, 0x0000000100000000)
  region size 1024K, 1 young (1024K), 1 survivors (1024K)
 Metaspace       used 7086K, capacity 7360K, committed 7424K, reserved 1056768K
  class space    used 636K, capacity 721K, committed 768K, reserved 1048576K
}

Deoptimization events (10 events):
Event: 11.376 Thread 0x00000241ae17b000 Uncommon trap: reason=unstable_if action=reinterpret pc=0x00000241be16df04 method=com.esotericsoftware.kryo.serializers.DefaultArraySerializers$ObjectArraySerializer.<init>(Lcom/esotericsoftware/kryo/Kryo;Ljava/lang/Class;)V @ 32 c2
Event: 11.376 Thread 0x00000241ae17b000 Uncommon trap: reason=unstable_if action=reinterpret pc=0x00000241be226958 method=com.esotericsoftware.kryo.serializers.DefaultArraySerializers$ObjectArraySerializer.write(Lcom/esotericsoftware/kryo/Kryo;Lcom/esotericsoftware/kryo/io/Output;[Ljava/lang/Ob
Event: 11.378 Thread 0x00000241ae17b000 Uncommon trap: reason=unstable_if action=reinterpret pc=0x00000241be1dc9c0 method=java.lang.ClassLoader.loadClass(Ljava/lang/String;Z)Ljava/lang/Class; @ 60 c2
Event: 11.378 Thread 0x00000241ae17b000 Uncommon trap: reason=class_check action=maybe_recompile pc=0x00000241be1a1da8 method=com.esotericsoftware.kryo.serializers.ObjectField.read(Lcom/esotericsoftware/kryo/io/Input;Ljava/lang/Object;)V @ 171 c2
Event: 11.379 Thread 0x00000241ae17b000 Uncommon trap: reason=class_check action=maybe_recompile pc=0x00000241be174700 method=com.esotericsoftware.kryo.Kryo.readObjectOrNull(Lcom/esotericsoftware/kryo/io/Input;Ljava/lang/Class;Lcom/esotericsoftware/kryo/Serializer;)Ljava/lang/Object; @ 106 c2
Event: 11.379 Thread 0x00000241ae17b000 Uncommon trap: reason=unstable_if action=reinterpret pc=0x00000241be200958 method=com.esotericsoftware.kryo.io.Input.readVarLong(Z)J @ 118 c2
Event: 11.379 Thread 0x00000241ae17b000 Uncommon trap: reason=class_check action=maybe_recompile pc=0x00000241be1a1da8 method=com.esotericsoftware.kryo.serializers.ObjectField.read(Lcom/esotericsoftware/kryo/io/Input;Ljava/lang/Object;)V @ 171 c2
Event: 11.379 Thread 0x00000241ae17b000 Uncommon trap: reason=class_check action=maybe_recompile pc=0x00000241be174700 method=com.esotericsoftware.kryo.Kryo.readObjectOrNull(Lcom/esotericsoftware/kryo/io/Input;Ljava/lang/Class;Lcom/esotericsoftware/kryo/Serializer;)Ljava/lang/Object; @ 106 c2
Event: 11.379 Thread 0x00000241ae17b000 Uncommon trap: reason=unstable_if action=reinterpret pc=0x00000241be0ca5f8 method=com.esotericsoftware.kryo.util.ObjectMap.put_internal(Ljava/lang/Object;Ljava/lang/Object;)Ljava/lang/Object; @ 393 c2
Event: 11.388 Thread 0x00000241ae17b000 Uncommon trap: reason=class_check action=maybe_recompile pc=0x00000241be0fe940 method=com.esotericsoftware.kryo.factories.ReflectionSerializerFactory.makeSerializer(Lcom/esotericsoftware/kryo/Kryo;Ljava/lang/Class;Ljava/lang/Class;)Lcom/esotericsoftware/k

Classes redefined (0 events):
No events

Internal exceptions (10 events):
Event: 1.112 Thread 0x00000241ae17b000 Exception <a 'java/lang/NoSuchMethodError'{0x00000000890cef20}: java.lang.invoke.DirectMethodHandle$Holder.invokeStaticInit(Ljava/lang/Object;Ljava/lang/Object;IIII)Ljava/lang/Object;> (0x00000000890cef20) thrown at [t:/workspace/open/src/hotspot/share/in
Event: 1.481 Thread 0x00000241ae17b000 Implicit null exception at 0x00000241be06f3ee to 0x00000241be06fd43
Event: 1.481 Thread 0x00000241ae17b000 Implicit null exception at 0x00000241be049acf to 0x00000241be049b4d
Event: 1.839 Thread 0x00000241ae17b000 Exception <a 'java/lang/NoSuchMethodError'{0x0000000088d49928}: org.slf4j.impl.StaticMDCBinder.getSingleton()Lorg/slf4j/impl/StaticMDCBinder;> (0x0000000088d49928) thrown at [t:/workspace/open/src/hotspot/share/interpreter/linkResolver.cpp, line 777]
Event: 2.278 Thread 0x00000241ae17b000 Implicit null exception at 0x00000241be0e7218 to 0x00000241be0e753e
Event: 2.312 Thread 0x00000241ae17b000 Implicit null exception at 0x00000241be0eb64f to 0x00000241be0eb99a
Event: 11.293 Thread 0x00000241ae17b000 Implicit null exception at 0x00000241be11ad64 to 0x00000241be11ad9e
Event: 11.293 Thread 0x00000241ae17b000 Implicit null exception at 0x00000241be1306ac to 0x00000241be133046
Event: 11.370 Thread 0x00000241ae17b000 Implicit null exception at 0x00000241be108c64 to 0x00000241be10de98
Event: 11.370 Thread 0x00000241ae17b000 Implicit null exception at 0x00000241be0dd8cc to 0x00000241be0dd976

Events (10 events):
Event: 11.379 Thread 0x00000241ae17b000 DEOPT PACKING pc=0x00000241be174700 sp=0x00000062eeefea40
Event: 11.379 Thread 0x00000241ae17b000 DEOPT UNPACKING pc=0x00000241b65a9baf sp=0x00000062eeefe9f8 mode 2
Event: 11.379 Thread 0x00000241ae17b000 Uncommon trap: trap_request=0xffffff4d fr.pc=0x00000241be0ca5f8 relative=0x0000000000000518
Event: 11.379 Thread 0x00000241ae17b000 DEOPT PACKING pc=0x00000241be0ca5f8 sp=0x00000062eeefe620
Event: 11.379 Thread 0x00000241ae17b000 DEOPT UNPACKING pc=0x00000241b65a9baf sp=0x00000062eeefe598 mode 2
Event: 11.380 loading class one/wangwei/blockchain/transaction/UTXOSet
Event: 11.380 loading class one/wangwei/blockchain/transaction/UTXOSet done
Event: 11.388 Thread 0x00000241ae17b000 Uncommon trap: trap_request=0xffffffde fr.pc=0x00000241be0fe940 relative=0x000000000000b340
Event: 11.388 Thread 0x00000241ae17b000 DEOPT PACKING pc=0x00000241be0fe940 sp=0x00000062eeefeae0
Event: 11.388 Thread 0x00000241ae17b000 DEOPT UNPACKING pc=0x00000241b65a9baf sp=0x00000062eeefe978 mode 2


Dynamic libraries:
0x00007ff6e3e80000 - 0x00007ff6e3e8f000 	C:\Program Files\Java\jdk-12.0.1\bin\java.exe
0x00007ffda2280000 - 0x00007ffda2470000 	C:\WINDOWS\SYSTEM32\ntdll.dll
0x00007ffda0bc0000 - 0x00007ffda0c72000 	C:\WINDOWS\System32\KERNEL32.DLL
0x00007ffd9fed0000 - 0x00007ffda0174000 	C:\WINDOWS\System32\KERNELBASE.dll
0x00007ffd9fd80000 - 0x00007ffd9fe7a000 	C:\WINDOWS\System32\ucrtbase.dll
0x00007ffd9d260000 - 0x00007ffd9d278000 	C:\Program Files\Java\jdk-12.0.1\bin\jli.dll
0x00007ffda0ef0000 - 0x00007ffda0f93000 	C:\WINDOWS\System32\ADVAPI32.dll
0x00007ffd99a40000 - 0x00007ffd99a56000 	C:\Program Files\Java\jdk-12.0.1\bin\VCRUNTIME140.dll
0x00007ffda07a0000 - 0x00007ffda083e000 	C:\WINDOWS\System32\msvcrt.dll
0x00007ffda0980000 - 0x00007ffda0a17000 	C:\WINDOWS\System32\sechost.dll
0x00007ffda1850000 - 0x00007ffda1970000 	C:\WINDOWS\System32\RPCRT4.dll
0x00007ffda0fa0000 - 0x00007ffda1134000 	C:\WINDOWS\System32\USER32.dll
0x00007ffda0200000 - 0x00007ffda0221000 	C:\WINDOWS\System32\win32u.dll
0x00007ffda20d0000 - 0x00007ffda20f6000 	C:\WINDOWS\System32\GDI32.dll
0x00007ffd9f350000 - 0x00007ffd9f4e6000 	C:\WINDOWS\System32\gdi32full.dll
0x00007ffda0230000 - 0x00007ffda02ce000 	C:\WINDOWS\System32\msvcp_win.dll
0x00007ffd92240000 - 0x00007ffd924c4000 	C:\WINDOWS\WinSxS\amd64_microsoft.windows.common-controls_6595b64144ccf1df_6.0.18362.959_none_e6c7bbbf130c62bb\COMCTL32.dll
0x00007ffda1c30000 - 0x00007ffda1f65000 	C:\WINDOWS\System32\combase.dll
0x00007ffda0180000 - 0x00007ffda0200000 	C:\WINDOWS\System32\bcryptPrimitives.dll
0x00007ffd96280000 - 0x00007ffd9628a000 	C:\WINDOWS\SYSTEM32\VERSION.dll
0x00007ffda0840000 - 0x00007ffda086e000 	C:\WINDOWS\System32\IMM32.DLL
0x00007ffd99920000 - 0x00007ffd999ca000 	C:\Program Files\Java\jdk-12.0.1\bin\msvcp140.dll
0x00007ffd6b5d0000 - 0x00007ffd6c144000 	C:\Program Files\Java\jdk-12.0.1\bin\server\jvm.dll
0x00007ffda0870000 - 0x00007ffda0878000 	C:\WINDOWS\System32\PSAPI.DLL
0x00007ffd8f660000 - 0x00007ffd8f669000 	C:\WINDOWS\SYSTEM32\WSOCK32.dll
0x00007ffda0b50000 - 0x00007ffda0bbf000 	C:\WINDOWS\System32\WS2_32.dll
0x00007ffd9d0d0000 - 0x00007ffd9d0f4000 	C:\WINDOWS\SYSTEM32\WINMM.dll
0x00007ffd9d070000 - 0x00007ffd9d09d000 	C:\WINDOWS\SYSTEM32\winmmbase.dll
0x00007ffd9fe80000 - 0x00007ffd9feca000 	C:\WINDOWS\System32\cfgmgr32.dll
0x00007ffd9f140000 - 0x00007ffd9f151000 	C:\WINDOWS\System32\kernel.appcore.dll
0x00007ffd99900000 - 0x00007ffd99911000 	C:\Program Files\Java\jdk-12.0.1\bin\verify.dll
0x00007ffd9b610000 - 0x00007ffd9b804000 	C:\WINDOWS\SYSTEM32\DBGHELP.DLL
0x00007ffd8edc0000 - 0x00007ffd8edea000 	C:\WINDOWS\SYSTEM32\dbgcore.DLL
0x00007ffd998d0000 - 0x00007ffd998f6000 	C:\Program Files\Java\jdk-12.0.1\bin\java.dll
0x00007ffd9d230000 - 0x00007ffd9d23e000 	C:\Program Files\Java\jdk-12.0.1\bin\instrument.dll
0x00007ffd995a0000 - 0x00007ffd995b7000 	C:\Program Files\Java\jdk-12.0.1\bin\zip.dll
0x00007ffd99a20000 - 0x00007ffd99a2a000 	C:\Program Files\Java\jdk-12.0.1\bin\jimage.dll
0x00007ffda1140000 - 0x00007ffda1826000 	C:\WINDOWS\System32\SHELL32.dll
0x00007ffda0c80000 - 0x00007ffda0d29000 	C:\WINDOWS\System32\shcore.dll
0x00007ffd9f5f0000 - 0x00007ffd9fd72000 	C:\WINDOWS\System32\windows.storage.dll
0x00007ffd9f1d0000 - 0x00007ffd9f1f3000 	C:\WINDOWS\System32\profapi.dll
0x00007ffd9f160000 - 0x00007ffd9f1aa000 	C:\WINDOWS\System32\powrprof.dll
0x00007ffd9f130000 - 0x00007ffd9f140000 	C:\WINDOWS\System32\UMPDC.dll
0x00007ffda0a80000 - 0x00007ffda0ad2000 	C:\WINDOWS\System32\shlwapi.dll
0x00007ffd9f4f0000 - 0x00007ffd9f507000 	C:\WINDOWS\System32\cryptsp.dll
0x00007ffd99580000 - 0x00007ffd99599000 	C:\Program Files\Java\jdk-12.0.1\bin\net.dll
0x00007ffd93930000 - 0x00007ffd93a20000 	C:\WINDOWS\SYSTEM32\WINHTTP.dll
0x00007ffd90020000 - 0x00007ffd901f6000 	C:\WINDOWS\SYSTEM32\urlmon.dll
0x00007ffd8d5c0000 - 0x00007ffd8d866000 	C:\WINDOWS\SYSTEM32\iertutil.dll
0x00007ffd9eb70000 - 0x00007ffd9eb7c000 	C:\WINDOWS\SYSTEM32\CRYPTBASE.DLL
0x00007ffd9e9a0000 - 0x00007ffd9ea07000 	C:\WINDOWS\system32\mswsock.dll
0x00007ffd98ea0000 - 0x00007ffd98eb3000 	C:\Program Files\Java\jdk-12.0.1\bin\nio.dll
0x00007ffd98e80000 - 0x00007ffd98e9a000 	C:\Program Files\JetBrains\IntelliJ IDEA Community Edition 2020.1.3\bin\breakgen64.dll
0x00007ffd9e510000 - 0x00007ffd9e543000 	C:\WINDOWS\system32\rsaenh.dll
0x00007ffd9f510000 - 0x00007ffd9f536000 	C:\WINDOWS\System32\bcrypt.dll
0x00007ffd9f050000 - 0x00007ffd9f075000 	C:\WINDOWS\SYSTEM32\USERENV.dll
0x00007ffd9e6b0000 - 0x00007ffd9e6ea000 	C:\WINDOWS\SYSTEM32\IPHLPAPI.DLL
0x00007ffda0b40000 - 0x00007ffda0b48000 	C:\WINDOWS\System32\NSI.dll
0x00007ffd993a0000 - 0x00007ffd993b6000 	C:\WINDOWS\SYSTEM32\dhcpcsvc6.DLL
0x00007ffd99360000 - 0x00007ffd9937c000 	C:\WINDOWS\SYSTEM32\dhcpcsvc.DLL
0x00007ffd9e6f0000 - 0x00007ffd9e7bb000 	C:\WINDOWS\SYSTEM32\DNSAPI.dll
0x00007ffd66590000 - 0x00007ffd66c07000 	C:\Users\62737\AppData\Local\Temp\librocksdbjni4525040348215208923.dll

dbghelp: loaded successfully - version: 4.0.5 - missing functions: none
symbol engine: initialized successfully - sym options: 0x614 - pdb path: .;C:\Program Files\Java\jdk-12.0.1\bin;C:\WINDOWS\SYSTEM32;C:\WINDOWS\WinSxS\amd64_microsoft.windows.common-controls_6595b64144ccf1df_6.0.18362.959_none_e6c7bbbf130c62bb;C:\Program Files\Java\jdk-12.0.1\bin\server;C:\Program Files\JetBrains\IntelliJ IDEA Community Edition 2020.1.3\bin;C:\Users\62737\AppData\Local\Temp

VM Arguments:
jvm_args: -javaagent:C:\Program Files\JetBrains\IntelliJ IDEA Community Edition 2020.1.3\lib\idea_rt.jar=51552:C:\Program Files\JetBrains\IntelliJ IDEA Community Edition 2020.1.3\bin -Dfile.encoding=UTF-8 
java_command: one.wangwei.blockchain.cli.Main
java_class_path (initial): D:\int main\blockchain-java-master -÷ÿππ\target\classes;C:\Users\62737\.m2\repository\org\apache\commons\commons-lang3\3.7\commons-lang3-3.7.jar;C:\Users\62737\.m2\repository\commons-codec\commons-codec\1.11\commons-codec-1.11.jar;C:\Users\62737\.m2\repository\commons-cli\commons-cli\1.4\commons-cli-1.4.jar;C:\Users\62737\.m2\repository\commons-io\commons-io\2.6\commons-io-2.6.jar;C:\Users\62737\.m2\repository\com\google\guava\guava\24.0-jre\guava-24.0-jre.jar;C:\Users\62737\.m2\repository\com\google\code\findbugs\jsr305\1.3.9\jsr305-1.3.9.jar;C:\Users\62737\.m2\repository\org\checkerframework\checker-compat-qual\2.0.0\checker-compat-qual-2.0.0.jar;C:\Users\62737\.m2\repository\com\google\errorprone\error_prone_annotations\2.1.3\error_prone_annotations-2.1.3.jar;C:\Users\62737\.m2\repository\com\google\j2objc\j2objc-annotations\1.1\j2objc-annotations-1.1.jar;C:\Users\62737\.m2\repository\org\codehaus\mojo\animal-sniffer-annotations\1.14\animal-sniffer-annotations-1.14.jar;C:\Users\62737\.m2\repository\org\projectlombok\lombok\1.18.12\lombok-1.18.12.jar;C:\Users\62737\.m2\repository\com\esotericsoftware\kryo\4.0.1\kryo-4.0.1.jar;C:\Users\62737\.m2\repository\com\esotericsoftware\reflectasm\1.11.3\reflectasm-1.11.3.jar;C:\Users\62737\.m2\repository\org\ow2\asm\asm\5.0.4\asm-5.0.4.jar;C:\Users\62737\.m2\repository\com\esotericsoftware\minlog\1.3.0\minlog-1.3.0.jar;C:\Users\62737\.m2\repository\org\objenesis\objenesis\2.5.1\objenesis-2.5.1.jar;C:\Users\62737\.m2\repository\org\rocksdb\rocksdbjni\5.9.2\rocksdbjni-5.9.2.jar;C:\Users\62737\.m2\repository\org\bouncycastle\bcprov-jdk15on\1.59\bcprov-jdk15on-1.59.jar;C:\Users\62737\.m2\repository\org\slf4j\slf4j-api\1.7.25\slf4j-api-1.7.25.jar;C:\Users\62737\.m2\repository\ch\qos\logback\logback-core\1.2.3\logback-core-1.2.3.jar;C:\Users\62737\.m2\repository\ch\qos\logback\logback-classic\1.2.3\logback-classic-1.2.3.jar;C:\Users\62737\.m2\repository\org\jetbrains\annotations\19.0.0\annotations-19.
Launcher Type: SUN_STANDARD

[Global flags]
     intx CICompilerCount                          = 3                                         {product} {ergonomic}
     uint ConcGCThreads                            = 1                                         {product} {ergonomic}
     uint G1ConcRefinementThreads                  = 4                                         {product} {ergonomic}
   size_t G1HeapRegionSize                         = 1048576                                   {product} {ergonomic}
    uintx GCDrainStackTargetSize                   = 64                                        {product} {ergonomic}
   size_t InitialHeapSize                          = 134217728                                 {product} {ergonomic}
   size_t MarkStackSize                            = 4194304                                   {product} {ergonomic}
   size_t MaxHeapSize                              = 2120220672                                {product} {ergonomic}
   size_t MaxNewSize                               = 1271922688                                {product} {ergonomic}
   size_t MinHeapDeltaBytes                        = 1048576                                   {product} {ergonomic}
    uintx NonNMethodCodeHeapSize                   = 5830732                                {pd product} {ergonomic}
    uintx NonProfiledCodeHeapSize                  = 122913754                              {pd product} {ergonomic}
    uintx ProfiledCodeHeapSize                     = 122913754                              {pd product} {ergonomic}
    uintx ReservedCodeCacheSize                    = 251658240                              {pd product} {ergonomic}
     bool SegmentedCodeCache                       = true                                      {product} {ergonomic}
     bool UseCompressedClassPointers               = true                                 {lp64_product} {ergonomic}
     bool UseCompressedOops                        = true                                 {lp64_product} {ergonomic}
     bool UseG1GC                                  = true                                      {product} {ergonomic}
     bool UseLargePagesIndividualAllocation        = false                                  {pd product} {ergonomic}

Logging:
Log output configuration:
 #0: stdout all=warning uptime,level,tags
 #1: stderr all=off uptime,level,tags

Environment Variables:
JAVA_HOME=C:\Program Files\Java\jdk-12.0.1
PATH=C:\Windows\system32;C:\Windows;C:\Windows\System32\Wbem;C:\Windows\System32\WindowsPowerShell\v1.0\;C:\Windows\System32\OpenSSH\;C:\Program Files (x86)\NVIDIA Corporation\PhysX\Common;C:\Program Files\NVIDIA Corporation\NVIDIA NvDLISR;C:\Program Files\Java\jdk-12.0.1\bin;C:\Program Files\dotnet\;C:\Program Files\Microsoft SQL Server\130\Tools\Binn\;C:\Program Files\Microsoft SQL Server\Client SDK\ODBC\170\Tools\Binn\;C:\Program Files\MySQL\MySQL Server 8.0\bin;C:\Program Files\Git\cmd;C:\WINDOWS\system32;C:\WINDOWS;C:\WINDOWS\System32\Wbem;C:\WINDOWS\System32\WindowsPowerShell\v1.0\;C:\WINDOWS\System32\OpenSSH\;D:\Program Files\C++Library\OpenCV\420\opencv\build\x64\vc15\bin;D:\matlab\bin;D:\Program Files\apache-maven-3.6.1\bin;C:\Program Files\MySQL\MySQL Shell 8.0\bin\;C:\Users\62737\AppData\Local\Microsoft\WindowsApps;;D:\Bigdata-CCA\Microsoft VS Code\bin
USERNAME=62737
OS=Windows_NT
PROCESSOR_IDENTIFIER=Intel64 Family 6 Model 94 Stepping 3, GenuineIntel



---------------  S Y S T E M  ---------------

OS: Windows 10 , 64 bit Build 18362 (10.0.18362.959)

CPU:total 4 (initial active 4) (4 cores per cpu, 1 threads per core) family 6 model 94 stepping 3, cmov, cx8, fxsr, mmx, sse, sse2, sse3, ssse3, sse4.1, sse4.2, popcnt, avx, avx2, aes, clmul, erms, rtm, 3dnowpref, lzcnt, tsc, tscinvbit, bmi1, bmi2, adx, fma

Memory: 4k page, system-wide physical 8081M (2198M free)
TotalPageFile size 12689M (AvailPageFile size 2036M)
current process WorkingSet (physical memory assigned to process): 153M, peak: 203M
current process commit charge ("private bytes"): 220M, peak: 278M

vm_info: Java HotSpot(TM) 64-Bit Server VM (12.0.1+12) for windows-amd64 JRE (12.0.1+12), built on Apr  2 2019 14:02:19 by "mach5one" with MS VC++ 15.5 (VS2017)

END.
