#
# A fatal error has been detected by the Java Runtime Environment:
#
#  EXCEPTION_ACCESS_VIOLATION (0xc0000005) at pc=0x0000000000000000, pid=1364, tid=15184
#
# JRE version: Java(TM) SE Runtime Environment (12.0.1+12) (build 12.0.1+12)
# Java VM: Java HotSpot(TM) 64-Bit Server VM (12.0.1+12, mixed mode, sharing, tiered, compressed oops, g1 gc, windows-amd64)
# Problematic frame:
# C  0x0000000000000000
#
# No core dump will be written. Minidumps are not enabled by default on client versions of Windows
#
# If you would like to submit a bug report, please visit:
#   http://bugreport.java.com/bugreport/crash.jsp
# The crash happened outside the Java Virtual Machine in native code.
# See problematic frame for where to report the bug.
#

---------------  S U M M A R Y ------------

Command Line: -javaagent:C:\Program Files\JetBrains\IntelliJ IDEA Community Edition 2020.1.3\lib\idea_rt.jar=49741:C:\Program Files\JetBrains\IntelliJ IDEA Community Edition 2020.1.3\bin -Dfile.encoding=UTF-8 one.wangwei.blockchain.cli.Main

Host: Intel(R) Core(TM) i5-6300HQ CPU @ 2.30GHz, 4 cores, 7G,  Windows 10 , 64 bit Build 18362 (10.0.18362.959)
Time: Thu Aug 13 16:40:41 2020 ?D1®≤°¿®∫°¡?®∫°¿?? elapsed time: 9 seconds (0d 0h 0m 9s)

---------------  T H R E A D  ---------------

Current thread (0x0000027617b49000):  JavaThread "main" [_thread_in_native, id=15184, stack(0x000000784d600000,0x000000784d700000)]

Stack: [0x000000784d600000,0x000000784d700000],  sp=0x000000784d6ff208,  free space=1020k
Native frames: (J=compiled Java code, j=interpreted, Vv=VM code, C=native code)

Java frames: (J=compiled Java code, j=interpreted, Vv=VM code)
j  org.rocksdb.RocksDB.put(J[BII[BII)V+0
j  org.rocksdb.RocksDB.put([B[B)V+13
j  one.wangwei.blockchain.store.RocksDBUtils.putUTXOs(Ljava/lang/String;[Lone/wangwei/blockchain/transaction/TXOutput;)V+31
j  one.wangwei.blockchain.transaction.UTXOSet.update(Lone/wangwei/blockchain/block/Block;)V+226
j  one.wangwei.blockchain.cli.CLI.mineblock(Ljava/lang/String;)V+173
j  one.wangwei.blockchain.cli.CLI.parse()V+468
j  one.wangwei.blockchain.cli.Main.main([Ljava/lang/String;)V+30
v  ~StubRoutines::call_stub

siginfo: EXCEPTION_ACCESS_VIOLATION (0xc0000005), data execution prevention violation at address 0x0000000000000000


Register to memory mapping:

RIP=0x0 is NULL
RAX=0x000002763aef0080 points into unknown readable memory: 40 50 94 37 76 02 00 00
RBX=0x00000000000003d2 is an unknown value
RCX=0x00000276374c60f0 points into unknown readable memory: 80 00 ef 3a 76 02 00 00
RDX=0x000000784d6ff278 is pointing into the stack for thread: 0x0000027617b49000
RSP=0x000000784d6ff208 is pointing into the stack for thread: 0x0000027617b49000
RBP=0x000000784d6ff290 is pointing into the stack for thread: 0x0000027617b49000
RSI=0x0 is NULL
RDI=0x0 is NULL
R8 =0x00007ffd66bc8944 librocksdbjni6031525204350222755.dll
R9 =0x000000784d6ff268 is pointing into the stack for thread: 0x0000027617b49000
R10=0x00000000868efa20 points into unknown readable memory: 01 00 6a 61 76 61 2e 75
R11=0x000000784d6ff1f0 is pointing into the stack for thread: 0x0000027617b49000
R12=0x0000027617b49330 points into unknown readable memory: e0 1d fe 6b fd 7f 00 00
R13=0x00000276374c60f0 points into unknown readable memory: 80 00 ef 3a 76 02 00 00
R14=0x0000027637961960 points into unknown readable memory: 03 01 63 68 61 69 6e 73
R15=0x000002763aeec010 points into unknown readable memory: 01 00 6a 61 76 61 2e 75


Registers:
RAX=0x000002763aef0080, RBX=0x00000000000003d2, RCX=0x00000276374c60f0, RDX=0x000000784d6ff278
RSP=0x000000784d6ff208, RBP=0x000000784d6ff290, RSI=0x0000000000000000, RDI=0x0000000000000000
R8 =0x00007ffd66bc8944, R9 =0x000000784d6ff268, R10=0x00000000868efa20, R11=0x000000784d6ff1f0
R12=0x0000027617b49330, R13=0x00000276374c60f0, R14=0x0000027637961960, R15=0x000002763aeec010
RIP=0x0000000000000000, EFLAGS=0x0000000000010246

Top of Stack: (sp=0x000000784d6ff208)
0x000000784d6ff208:   00007ffd667de87b 00000000000003d2
0x000000784d6ff218:   000000000000000c 000000000000000c
0x000000784d6ff228:   00000000868eb6f8 000000784d6ff258
0x000000784d6ff238:   00000000868ee000 fffffffffffffffe
0x000000784d6ff248:   0000000000000000 0000000000000000
0x000000784d6ff258:   000002763aeec010 00000000000003d2
0x000000784d6ff268:   0000027637961960 000000000000000c
0x000000784d6ff278:   0000000000000000 000000784d6ff2c0
0x000000784d6ff288:   000000784d6ff328 0000027617b49000
0x000000784d6ff298:   000000784d6ff440 000002763645f0c8
0x000000784d6ff2a8:   0000000000000000 00000000868eb6f8
0x000000784d6ff2b8:   00000000868eb2b8 000000784d6ff3e0
0x000000784d6ff2c8:   00007ffd667e1464 000002763645f0d0
0x000000784d6ff2d8:   00000000868ede20 00007ffd66bc8944
0x000000784d6ff2e8:   0000000000000000 000000784d6ff428
0x000000784d6ff2f8:   0000027600000000 000000000000000c 

Instructions: (pc=0x0000000000000000)
0xffffffffffffffe0:   


Stack slot to memory mapping:
stack at sp + 0 slots: 0x00007ffd667de87b librocksdbjni6031525204350222755.dll
stack at sp + 1 slots: 0x00000000000003d2 is an unknown value
stack at sp + 2 slots: 0x000000000000000c is an unknown value
stack at sp + 3 slots: 0x000000000000000c is an unknown value
stack at sp + 4 slots: 0x00000000868eb6f8 points into unknown readable memory: 01 00 00 00 00 00 00 00
stack at sp + 5 slots: 0x000000784d6ff258 is pointing into the stack for thread: 0x0000027617b49000
stack at sp + 6 slots: 0x00000000868ee000 points into unknown readable memory: 05 00 00 00 00 00 00 00
stack at sp + 7 slots: 0xfffffffffffffffe is an unknown value


---------------  P R O C E S S  ---------------

Threads class SMR info:
_java_thread_list=0x0000027637a6be20, length=11, elements={
0x0000027617b49000, 0x0000027635f53800, 0x0000027635f54800, 0x0000027635f74000,
0x0000027635f76000, 0x0000027635f76800, 0x0000027636841000, 0x000002763684a800,
0x0000027635f39000, 0x0000027636b1f000, 0x0000027636b20000
}

Java Threads: ( => current thread )
=>0x0000027617b49000 JavaThread "main" [_thread_in_native, id=15184, stack(0x000000784d600000,0x000000784d700000)]
  0x0000027635f53800 JavaThread "Reference Handler" daemon [_thread_blocked, id=11720, stack(0x000000784dd00000,0x000000784de00000)]
  0x0000027635f54800 JavaThread "Finalizer" daemon [_thread_blocked, id=9044, stack(0x000000784de00000,0x000000784df00000)]
  0x0000027635f74000 JavaThread "Signal Dispatcher" daemon [_thread_blocked, id=6844, stack(0x000000784df00000,0x000000784e000000)]
  0x0000027635f76000 JavaThread "Attach Listener" daemon [_thread_blocked, id=15700, stack(0x000000784e000000,0x000000784e100000)]
  0x0000027635f76800 JavaThread "C2 CompilerThread0" daemon [_thread_blocked, id=13740, stack(0x000000784e100000,0x000000784e200000)]
  0x0000027636841000 JavaThread "C1 CompilerThread0" daemon [_thread_blocked, id=16508, stack(0x000000784e200000,0x000000784e300000)]
  0x000002763684a800 JavaThread "Sweeper thread" daemon [_thread_blocked, id=10440, stack(0x000000784e300000,0x000000784e400000)]
  0x0000027635f39000 JavaThread "Common-Cleaner" daemon [_thread_blocked, id=684, stack(0x000000784e400000,0x000000784e500000)]
  0x0000027636b1f000 JavaThread "Monitor Ctrl-Break" daemon [_thread_in_native, id=14108, stack(0x000000784e500000,0x000000784e600000)]
  0x0000027636b20000 JavaThread "Service Thread" daemon [_thread_blocked, id=7360, stack(0x000000784e600000,0x000000784e700000)]

Other Threads:
  0x0000027635f4f800 VMThread "VM Thread" [stack: 0x000000784dc00000,0x000000784dd00000] [id=16444]
  0x0000027636b29800 WatcherThread [stack: 0x000000784e700000,0x000000784e800000] [id=15816]
  0x0000027617b87000 GCTaskThread "GC Thread#0" [stack: 0x000000784d700000,0x000000784d800000] [id=1744]
  0x0000027637950800 GCTaskThread "GC Thread#1" [stack: 0x000000784ea00000,0x000000784eb00000] [id=12348]
  0x0000027637973800 GCTaskThread "GC Thread#2" [stack: 0x000000784eb00000,0x000000784ec00000] [id=14232]
  0x0000027617b96000 ConcurrentGCThread "G1 Main Marker" [stack: 0x000000784d800000,0x000000784d900000] [id=10408]
  0x0000027617b99000 ConcurrentGCThread "G1 Conc#0" [stack: 0x000000784d900000,0x000000784da00000] [id=9096]
  0x0000027617c1e000 ConcurrentGCThread "G1 Refine#0" [stack: 0x000000784da00000,0x000000784db00000] [id=16004]
  0x0000027636b30800 ConcurrentGCThread "G1 Refine#1" [stack: 0x000000784ec00000,0x000000784ed00000] [id=14176]
  0x0000027635dd0800 ConcurrentGCThread "G1 Young RemSet Sampling" [stack: 0x000000784db00000,0x000000784dc00000] [id=15696]

Threads with active compile tasks:

VM state:not at safepoint (normal execution)

VM Mutex/Monitor currently owned by a thread: None

Heap address: 0x0000000081a00000, size: 2022 MB, Compressed Oops mode: 32-bit
Narrow klass base: 0x0000000800000000, Narrow klass shift: 3
Compressed class space size: 1073741824 Address: 0x00000008011a0000

Heap:
 garbage-first heap   total 131072K, used 58131K [0x0000000081a00000, 0x0000000100000000)
  region size 1024K, 51 young (52224K), 1 survivors (1024K)
 Metaspace       used 7192K, capacity 7424K, committed 7680K, reserved 1056768K
  class space    used 642K, capacity 721K, committed 768K, reserved 1048576K
Heap Regions: E=young(eden), S=young(survivor), O=old, HS=humongous(starts), HC=humongous(continues), CS=collection set, F=free, A=archive, TAMS=top-at-mark-start (previous, next)
|   0|0x0000000081a00000, 0x0000000081b00000, 0x0000000081b00000|100%| O|  |TAMS 0x0000000081a00000, 0x0000000081a00000| Untracked 
|   1|0x0000000081b00000, 0x0000000081c00000, 0x0000000081c00000|100%| O|  |TAMS 0x0000000081b00000, 0x0000000081b00000| Untracked 
|   2|0x0000000081c00000, 0x0000000081d00000, 0x0000000081d00000|100%| O|  |TAMS 0x0000000081c00000, 0x0000000081c00000| Untracked 
|   3|0x0000000081d00000, 0x0000000081e00000, 0x0000000081e00000|100%| O|  |TAMS 0x0000000081d00000, 0x0000000081d00000| Untracked 
|   4|0x0000000081e00000, 0x0000000081f00000, 0x0000000081f00000|100%| O|  |TAMS 0x0000000081e00000, 0x0000000081e00000| Untracked 
|   5|0x0000000081f00000, 0x0000000082000000, 0x0000000082000000|100%| O|  |TAMS 0x0000000081f00000, 0x0000000081f00000| Untracked 
|   6|0x0000000082000000, 0x0000000082100000, 0x0000000082100000|100%| O|  |TAMS 0x0000000082000000, 0x0000000082000000| Untracked 
|   7|0x0000000082100000, 0x00000000821c3e00, 0x0000000082200000| 76%| O|  |TAMS 0x0000000082100000, 0x0000000082100000| Untracked 
|   8|0x0000000082200000, 0x0000000082200000, 0x0000000082300000|  0%| F|  |TAMS 0x0000000082200000, 0x0000000082200000| Untracked 
|   9|0x0000000082300000, 0x0000000082300000, 0x0000000082400000|  0%| F|  |TAMS 0x0000000082300000, 0x0000000082300000| Untracked 
|  10|0x0000000082400000, 0x0000000082400000, 0x0000000082500000|  0%| F|  |TAMS 0x0000000082400000, 0x0000000082400000| Untracked 
|  11|0x0000000082500000, 0x0000000082500000, 0x0000000082600000|  0%| F|  |TAMS 0x0000000082500000, 0x0000000082500000| Untracked 
|  12|0x0000000082600000, 0x0000000082600000, 0x0000000082700000|  0%| F|  |TAMS 0x0000000082600000, 0x0000000082600000| Untracked 
|  13|0x0000000082700000, 0x0000000082700000, 0x0000000082800000|  0%| F|  |TAMS 0x0000000082700000, 0x0000000082700000| Untracked 
|  14|0x0000000082800000, 0x0000000082800000, 0x0000000082900000|  0%| F|  |TAMS 0x0000000082800000, 0x0000000082800000| Untracked 
|  15|0x0000000082900000, 0x0000000082900000, 0x0000000082a00000|  0%| F|  |TAMS 0x0000000082900000, 0x0000000082900000| Untracked 
|  16|0x0000000082a00000, 0x0000000082a00000, 0x0000000082b00000|  0%| F|  |TAMS 0x0000000082a00000, 0x0000000082a00000| Untracked 
|  17|0x0000000082b00000, 0x0000000082b00000, 0x0000000082c00000|  0%| F|  |TAMS 0x0000000082b00000, 0x0000000082b00000| Untracked 
|  18|0x0000000082c00000, 0x0000000082c00000, 0x0000000082d00000|  0%| F|  |TAMS 0x0000000082c00000, 0x0000000082c00000| Untracked 
|  19|0x0000000082d00000, 0x0000000082d00000, 0x0000000082e00000|  0%| F|  |TAMS 0x0000000082d00000, 0x0000000082d00000| Untracked 
|  20|0x0000000082e00000, 0x0000000082e00000, 0x0000000082f00000|  0%| F|  |TAMS 0x0000000082e00000, 0x0000000082e00000| Untracked 
|  21|0x0000000082f00000, 0x0000000082f00000, 0x0000000083000000|  0%| F|  |TAMS 0x0000000082f00000, 0x0000000082f00000| Untracked 
|  22|0x0000000083000000, 0x0000000083000000, 0x0000000083100000|  0%| F|  |TAMS 0x0000000083000000, 0x0000000083000000| Untracked 
|  23|0x0000000083100000, 0x0000000083100000, 0x0000000083200000|  0%| F|  |TAMS 0x0000000083100000, 0x0000000083100000| Untracked 
|  24|0x0000000083200000, 0x0000000083200000, 0x0000000083300000|  0%| F|  |TAMS 0x0000000083200000, 0x0000000083200000| Untracked 
|  25|0x0000000083300000, 0x0000000083300000, 0x0000000083400000|  0%| F|  |TAMS 0x0000000083300000, 0x0000000083300000| Untracked 
|  26|0x0000000083400000, 0x0000000083400000, 0x0000000083500000|  0%| F|  |TAMS 0x0000000083400000, 0x0000000083400000| Untracked 
|  27|0x0000000083500000, 0x0000000083500000, 0x0000000083600000|  0%| F|  |TAMS 0x0000000083500000, 0x0000000083500000| Untracked 
|  28|0x0000000083600000, 0x0000000083600000, 0x0000000083700000|  0%| F|  |TAMS 0x0000000083600000, 0x0000000083600000| Untracked 
|  29|0x0000000083700000, 0x0000000083700000, 0x0000000083800000|  0%| F|  |TAMS 0x0000000083700000, 0x0000000083700000| Untracked 
|  30|0x0000000083800000, 0x0000000083800000, 0x0000000083900000|  0%| F|  |TAMS 0x0000000083800000, 0x0000000083800000| Untracked 
|  31|0x0000000083900000, 0x0000000083900000, 0x0000000083a00000|  0%| F|  |TAMS 0x0000000083900000, 0x0000000083900000| Untracked 
|  32|0x0000000083a00000, 0x0000000083a00000, 0x0000000083b00000|  0%| F|  |TAMS 0x0000000083a00000, 0x0000000083a00000| Untracked 
|  33|0x0000000083b00000, 0x0000000083b00000, 0x0000000083c00000|  0%| F|  |TAMS 0x0000000083b00000, 0x0000000083b00000| Untracked 
|  34|0x0000000083c00000, 0x0000000083c00000, 0x0000000083d00000|  0%| F|  |TAMS 0x0000000083c00000, 0x0000000083c00000| Untracked 
|  35|0x0000000083d00000, 0x0000000083d00000, 0x0000000083e00000|  0%| F|  |TAMS 0x0000000083d00000, 0x0000000083d00000| Untracked 
|  36|0x0000000083e00000, 0x0000000083e00000, 0x0000000083f00000|  0%| F|  |TAMS 0x0000000083e00000, 0x0000000083e00000| Untracked 
|  37|0x0000000083f00000, 0x0000000083f00000, 0x0000000084000000|  0%| F|  |TAMS 0x0000000083f00000, 0x0000000083f00000| Untracked 
|  38|0x0000000084000000, 0x0000000084000000, 0x0000000084100000|  0%| F|  |TAMS 0x0000000084000000, 0x0000000084000000| Untracked 
|  39|0x0000000084100000, 0x0000000084100000, 0x0000000084200000|  0%| F|  |TAMS 0x0000000084100000, 0x0000000084100000| Untracked 
|  40|0x0000000084200000, 0x0000000084200000, 0x0000000084300000|  0%| F|  |TAMS 0x0000000084200000, 0x0000000084200000| Untracked 
|  41|0x0000000084300000, 0x0000000084300000, 0x0000000084400000|  0%| F|  |TAMS 0x0000000084300000, 0x0000000084300000| Untracked 
|  42|0x0000000084400000, 0x0000000084400000, 0x0000000084500000|  0%| F|  |TAMS 0x0000000084400000, 0x0000000084400000| Untracked 
|  43|0x0000000084500000, 0x0000000084500000, 0x0000000084600000|  0%| F|  |TAMS 0x0000000084500000, 0x0000000084500000| Untracked 
|  44|0x0000000084600000, 0x0000000084600000, 0x0000000084700000|  0%| F|  |TAMS 0x0000000084600000, 0x0000000084600000| Untracked 
|  45|0x0000000084700000, 0x0000000084700000, 0x0000000084800000|  0%| F|  |TAMS 0x0000000084700000, 0x0000000084700000| Untracked 
|  46|0x0000000084800000, 0x0000000084800000, 0x0000000084900000|  0%| F|  |TAMS 0x0000000084800000, 0x0000000084800000| Untracked 
|  47|0x0000000084900000, 0x0000000084900000, 0x0000000084a00000|  0%| F|  |TAMS 0x0000000084900000, 0x0000000084900000| Untracked 
|  48|0x0000000084a00000, 0x0000000084a00000, 0x0000000084b00000|  0%| F|  |TAMS 0x0000000084a00000, 0x0000000084a00000| Untracked 
|  49|0x0000000084b00000, 0x0000000084b00000, 0x0000000084c00000|  0%| F|  |TAMS 0x0000000084b00000, 0x0000000084b00000| Untracked 
|  50|0x0000000084c00000, 0x0000000084c00000, 0x0000000084d00000|  0%| F|  |TAMS 0x0000000084c00000, 0x0000000084c00000| Untracked 
|  51|0x0000000084d00000, 0x0000000084d00000, 0x0000000084e00000|  0%| F|  |TAMS 0x0000000084d00000, 0x0000000084d00000| Untracked 
|  52|0x0000000084e00000, 0x0000000084e01020, 0x0000000084f00000|  0%| S|CS|TAMS 0x0000000084e00000, 0x0000000084e00000| Complete 
|  53|0x0000000084f00000, 0x0000000084f00000, 0x0000000085000000|  0%| F|  |TAMS 0x0000000084f00000, 0x0000000084f00000| Untracked 
|  54|0x0000000085000000, 0x0000000085000000, 0x0000000085100000|  0%| F|  |TAMS 0x0000000085000000, 0x0000000085000000| Untracked 
|  55|0x0000000085100000, 0x0000000085100000, 0x0000000085200000|  0%| F|  |TAMS 0x0000000085100000, 0x0000000085100000| Untracked 
|  56|0x0000000085200000, 0x0000000085200000, 0x0000000085300000|  0%| F|  |TAMS 0x0000000085200000, 0x0000000085200000| Untracked 
|  57|0x0000000085300000, 0x0000000085300000, 0x0000000085400000|  0%| F|  |TAMS 0x0000000085300000, 0x0000000085300000| Untracked 
|  58|0x0000000085400000, 0x0000000085400000, 0x0000000085500000|  0%| F|  |TAMS 0x0000000085400000, 0x0000000085400000| Untracked 
|  59|0x0000000085500000, 0x0000000085500000, 0x0000000085600000|  0%| F|  |TAMS 0x0000000085500000, 0x0000000085500000| Untracked 
|  60|0x0000000085600000, 0x0000000085600000, 0x0000000085700000|  0%| F|  |TAMS 0x0000000085600000, 0x0000000085600000| Untracked 
|  61|0x0000000085700000, 0x0000000085700000, 0x0000000085800000|  0%| F|  |TAMS 0x0000000085700000, 0x0000000085700000| Untracked 
|  62|0x0000000085800000, 0x0000000085800000, 0x0000000085900000|  0%| F|  |TAMS 0x0000000085800000, 0x0000000085800000| Untracked 
|  63|0x0000000085900000, 0x0000000085900000, 0x0000000085a00000|  0%| F|  |TAMS 0x0000000085900000, 0x0000000085900000| Untracked 
|  64|0x0000000085a00000, 0x0000000085a00000, 0x0000000085b00000|  0%| F|  |TAMS 0x0000000085a00000, 0x0000000085a00000| Untracked 
|  65|0x0000000085b00000, 0x0000000085b00000, 0x0000000085c00000|  0%| F|  |TAMS 0x0000000085b00000, 0x0000000085b00000| Untracked 
|  66|0x0000000085c00000, 0x0000000085c00000, 0x0000000085d00000|  0%| F|  |TAMS 0x0000000085c00000, 0x0000000085c00000| Untracked 
|  67|0x0000000085d00000, 0x0000000085d00000, 0x0000000085e00000|  0%| F|  |TAMS 0x0000000085d00000, 0x0000000085d00000| Untracked 
|  68|0x0000000085e00000, 0x0000000085e00000, 0x0000000085f00000|  0%| F|  |TAMS 0x0000000085e00000, 0x0000000085e00000| Untracked 
|  69|0x0000000085f00000, 0x0000000085f00000, 0x0000000086000000|  0%| F|  |TAMS 0x0000000085f00000, 0x0000000085f00000| Untracked 
|  70|0x0000000086000000, 0x0000000086000000, 0x0000000086100000|  0%| F|  |TAMS 0x0000000086000000, 0x0000000086000000| Untracked 
|  71|0x0000000086100000, 0x0000000086100000, 0x0000000086200000|  0%| F|  |TAMS 0x0000000086100000, 0x0000000086100000| Untracked 
|  72|0x0000000086200000, 0x0000000086200000, 0x0000000086300000|  0%| F|  |TAMS 0x0000000086200000, 0x0000000086200000| Untracked 
|  73|0x0000000086300000, 0x0000000086300000, 0x0000000086400000|  0%| F|  |TAMS 0x0000000086300000, 0x0000000086300000| Untracked 
|  74|0x0000000086400000, 0x0000000086400000, 0x0000000086500000|  0%| F|  |TAMS 0x0000000086400000, 0x0000000086400000| Untracked 
|  75|0x0000000086500000, 0x0000000086500000, 0x0000000086600000|  0%| F|  |TAMS 0x0000000086500000, 0x0000000086500000| Untracked 
|  76|0x0000000086600000, 0x0000000086600000, 0x0000000086700000|  0%| F|  |TAMS 0x0000000086600000, 0x0000000086600000| Untracked 
|  77|0x0000000086700000, 0x0000000086700000, 0x0000000086800000|  0%| F|  |TAMS 0x0000000086700000, 0x0000000086700000| Untracked 
|  78|0x0000000086800000, 0x0000000086900000, 0x0000000086900000|100%| E|  |TAMS 0x0000000086800000, 0x0000000086800000| Complete 
|  79|0x0000000086900000, 0x0000000086a00000, 0x0000000086a00000|100%| E|CS|TAMS 0x0000000086900000, 0x0000000086900000| Complete 
|  80|0x0000000086a00000, 0x0000000086b00000, 0x0000000086b00000|100%| E|CS|TAMS 0x0000000086a00000, 0x0000000086a00000| Complete 
|  81|0x0000000086b00000, 0x0000000086c00000, 0x0000000086c00000|100%| E|CS|TAMS 0x0000000086b00000, 0x0000000086b00000| Complete 
|  82|0x0000000086c00000, 0x0000000086d00000, 0x0000000086d00000|100%| E|CS|TAMS 0x0000000086c00000, 0x0000000086c00000| Complete 
|  83|0x0000000086d00000, 0x0000000086e00000, 0x0000000086e00000|100%| E|CS|TAMS 0x0000000086d00000, 0x0000000086d00000| Complete 
|  84|0x0000000086e00000, 0x0000000086f00000, 0x0000000086f00000|100%| E|CS|TAMS 0x0000000086e00000, 0x0000000086e00000| Complete 
|  85|0x0000000086f00000, 0x0000000087000000, 0x0000000087000000|100%| E|CS|TAMS 0x0000000086f00000, 0x0000000086f00000| Complete 
|  86|0x0000000087000000, 0x0000000087100000, 0x0000000087100000|100%| E|CS|TAMS 0x0000000087000000, 0x0000000087000000| Complete 
|  87|0x0000000087100000, 0x0000000087200000, 0x0000000087200000|100%| E|CS|TAMS 0x0000000087100000, 0x0000000087100000| Complete 
|  88|0x0000000087200000, 0x0000000087300000, 0x0000000087300000|100%| E|CS|TAMS 0x0000000087200000, 0x0000000087200000| Complete 
|  89|0x0000000087300000, 0x0000000087400000, 0x0000000087400000|100%| E|CS|TAMS 0x0000000087300000, 0x0000000087300000| Complete 
|  90|0x0000000087400000, 0x0000000087500000, 0x0000000087500000|100%| E|CS|TAMS 0x0000000087400000, 0x0000000087400000| Complete 
|  91|0x0000000087500000, 0x0000000087600000, 0x0000000087600000|100%| E|CS|TAMS 0x0000000087500000, 0x0000000087500000| Complete 
|  92|0x0000000087600000, 0x0000000087700000, 0x0000000087700000|100%| E|CS|TAMS 0x0000000087600000, 0x0000000087600000| Complete 
|  93|0x0000000087700000, 0x0000000087800000, 0x0000000087800000|100%| E|CS|TAMS 0x0000000087700000, 0x0000000087700000| Complete 
|  94|0x0000000087800000, 0x0000000087900000, 0x0000000087900000|100%| E|CS|TAMS 0x0000000087800000, 0x0000000087800000| Complete 
|  95|0x0000000087900000, 0x0000000087a00000, 0x0000000087a00000|100%| E|CS|TAMS 0x0000000087900000, 0x0000000087900000| Complete 
|  96|0x0000000087a00000, 0x0000000087b00000, 0x0000000087b00000|100%| E|CS|TAMS 0x0000000087a00000, 0x0000000087a00000| Complete 
|  97|0x0000000087b00000, 0x0000000087c00000, 0x0000000087c00000|100%| E|CS|TAMS 0x0000000087b00000, 0x0000000087b00000| Complete 
|  98|0x0000000087c00000, 0x0000000087d00000, 0x0000000087d00000|100%| E|CS|TAMS 0x0000000087c00000, 0x0000000087c00000| Complete 
|  99|0x0000000087d00000, 0x0000000087e00000, 0x0000000087e00000|100%| E|CS|TAMS 0x0000000087d00000, 0x0000000087d00000| Complete 
| 100|0x0000000087e00000, 0x0000000087f00000, 0x0000000087f00000|100%| E|CS|TAMS 0x0000000087e00000, 0x0000000087e00000| Complete 
| 101|0x0000000087f00000, 0x0000000088000000, 0x0000000088000000|100%| E|CS|TAMS 0x0000000087f00000, 0x0000000087f00000| Complete 
| 102|0x0000000088000000, 0x0000000088100000, 0x0000000088100000|100%| E|CS|TAMS 0x0000000088000000, 0x0000000088000000| Complete 
| 103|0x0000000088100000, 0x0000000088200000, 0x0000000088200000|100%| E|CS|TAMS 0x0000000088100000, 0x0000000088100000| Complete 
| 104|0x0000000088200000, 0x0000000088300000, 0x0000000088300000|100%| E|CS|TAMS 0x0000000088200000, 0x0000000088200000| Complete 
| 105|0x0000000088300000, 0x0000000088400000, 0x0000000088400000|100%| E|CS|TAMS 0x0000000088300000, 0x0000000088300000| Complete 
| 106|0x0000000088400000, 0x0000000088500000, 0x0000000088500000|100%| E|CS|TAMS 0x0000000088400000, 0x0000000088400000| Complete 
| 107|0x0000000088500000, 0x0000000088600000, 0x0000000088600000|100%| E|CS|TAMS 0x0000000088500000, 0x0000000088500000| Complete 
| 108|0x0000000088600000, 0x0000000088700000, 0x0000000088700000|100%| E|CS|TAMS 0x0000000088600000, 0x0000000088600000| Complete 
| 109|0x0000000088700000, 0x0000000088800000, 0x0000000088800000|100%| E|CS|TAMS 0x0000000088700000, 0x0000000088700000| Complete 
| 110|0x0000000088800000, 0x0000000088900000, 0x0000000088900000|100%| E|CS|TAMS 0x0000000088800000, 0x0000000088800000| Complete 
| 111|0x0000000088900000, 0x0000000088a00000, 0x0000000088a00000|100%| E|CS|TAMS 0x0000000088900000, 0x0000000088900000| Complete 
| 112|0x0000000088a00000, 0x0000000088b00000, 0x0000000088b00000|100%| E|CS|TAMS 0x0000000088a00000, 0x0000000088a00000| Complete 
| 113|0x0000000088b00000, 0x0000000088c00000, 0x0000000088c00000|100%| E|CS|TAMS 0x0000000088b00000, 0x0000000088b00000| Complete 
| 114|0x0000000088c00000, 0x0000000088d00000, 0x0000000088d00000|100%| E|CS|TAMS 0x0000000088c00000, 0x0000000088c00000| Complete 
| 115|0x0000000088d00000, 0x0000000088e00000, 0x0000000088e00000|100%| E|CS|TAMS 0x0000000088d00000, 0x0000000088d00000| Complete 
| 116|0x0000000088e00000, 0x0000000088f00000, 0x0000000088f00000|100%| E|CS|TAMS 0x0000000088e00000, 0x0000000088e00000| Complete 
| 117|0x0000000088f00000, 0x0000000089000000, 0x0000000089000000|100%| E|CS|TAMS 0x0000000088f00000, 0x0000000088f00000| Complete 
| 118|0x0000000089000000, 0x0000000089100000, 0x0000000089100000|100%| E|CS|TAMS 0x0000000089000000, 0x0000000089000000| Complete 
| 119|0x0000000089100000, 0x0000000089200000, 0x0000000089200000|100%| E|CS|TAMS 0x0000000089100000, 0x0000000089100000| Complete 
| 120|0x0000000089200000, 0x0000000089300000, 0x0000000089300000|100%| E|CS|TAMS 0x0000000089200000, 0x0000000089200000| Complete 
| 121|0x0000000089300000, 0x0000000089400000, 0x0000000089400000|100%| E|CS|TAMS 0x0000000089300000, 0x0000000089300000| Complete 
| 122|0x0000000089400000, 0x0000000089500000, 0x0000000089500000|100%| E|CS|TAMS 0x0000000089400000, 0x0000000089400000| Complete 
| 123|0x0000000089500000, 0x0000000089600000, 0x0000000089600000|100%| E|CS|TAMS 0x0000000089500000, 0x0000000089500000| Complete 
| 124|0x0000000089600000, 0x0000000089700000, 0x0000000089700000|100%| E|CS|TAMS 0x0000000089600000, 0x0000000089600000| Complete 
| 125|0x0000000089700000, 0x0000000089800000, 0x0000000089800000|100%| E|CS|TAMS 0x0000000089700000, 0x0000000089700000| Complete 
| 126|0x0000000089800000, 0x0000000089900000, 0x0000000089900000|100%| E|CS|TAMS 0x0000000089800000, 0x0000000089800000| Complete 
| 127|0x0000000089900000, 0x0000000089a00000, 0x0000000089a00000|100%| E|CS|TAMS 0x0000000089900000, 0x0000000089900000| Complete 

Card table byte_map: [0x000002762f350000,0x000002762f750000] _byte_map_base: 0x000002762ef43000

Marking Bits (Prev, Next): (CMBitMap*) 0x0000027617b89468, (CMBitMap*) 0x0000027617b894a8
 Prev Bits: [0x000002762fb50000, 0x0000027631ae8000)
 Next Bits: [0x0000027631af0000, 0x0000027633a88000)

Polling page: 0x0000027617320000

Metaspace:

Usage:
  Non-class:      6.55 MB capacity,     6.40 MB ( 98%) used,   143.44 KB (  2%) free+waste,    10.00 KB ( <1%) overhead. 
      Class:    721.00 KB capacity,   642.73 KB ( 89%) used,    73.27 KB ( 10%) free+waste,     5.00 KB ( <1%) overhead. 
       Both:      7.25 MB capacity,     7.02 MB ( 97%) used,   216.70 KB (  3%) free+waste,    15.00 KB ( <1%) overhead. 

Virtual space:
  Non-class space:        8.00 MB reserved,       6.75 MB ( 84%) committed 
      Class space:        1.00 GB reserved,     768.00 KB ( <1%) committed 
             Both:        1.01 GB reserved,       7.50 MB ( <1%) committed 

Chunk freelists:
   Non-Class:  2.13 KB
       Class:  1.88 KB
        Both:  4.00 KB

CodeHeap 'non-profiled nmethods': size=120064Kb used=1861Kb max_used=1861Kb free=118202Kb
 bounds [0x0000027627a10000, 0x0000027627c80000, 0x000002762ef50000]
CodeHeap 'profiled nmethods': size=120000Kb used=4356Kb max_used=4356Kb free=115643Kb
 bounds [0x00000276204e0000, 0x0000027620930000, 0x0000027627a10000]
CodeHeap 'non-nmethods': size=5696Kb used=1149Kb max_used=1231Kb free=4546Kb
 bounds [0x000002761ff50000, 0x00000276201c0000, 0x00000276204e0000]
 total_blobs=3538 nmethods=2094 adapters=387
 compilation: enabled
              stopped_count=0, restarted_count=0
 full_count=0

Compilation events (10 events):
Event: 8.381 Thread 0x0000027636841000 2101       3       com.esotericsoftware.kryo.io.Output::writeVarInt (433 bytes)
Event: 8.381 Thread 0x0000027636841000 nmethod 2101 0x000002762091cf90 code [0x000002762091d1e0, 0x000002762091d9d0]
Event: 8.463 Thread 0x0000027636841000 2103       3       java.lang.ClassLoader::definePackage (84 bytes)
Event: 8.464 Thread 0x0000027636841000 nmethod 2103 0x000002762091dd10 code [0x000002762091e020, 0x000002762091f260]
Event: 8.464 Thread 0x0000027636841000 2104       3       java.lang.Package::isSealed (26 bytes)
Event: 8.464 Thread 0x0000027636841000 nmethod 2104 0x000002762091f790 code [0x000002762091f960, 0x000002762091fcf8]
Event: 8.578 Thread 0x0000027635f76800 2105       4       java.lang.Character::digit (6 bytes)
Event: 8.579 Thread 0x0000027635f76800 nmethod 2105 0x0000027627be1210 code [0x0000027627be13c0, 0x0000027627be14b8]
Event: 8.581 Thread 0x0000027636841000 2106       3       java.lang.AbstractStringBuilder::checkRange (60 bytes)
Event: 8.581 Thread 0x0000027636841000 nmethod 2106 0x000002762091fe10 code [0x00000276209200e0, 0x0000027620920d00]

GC Heap History (10 events):
Event: 7.730 GC heap before
{Heap before GC invocations=30 (full 0):
 garbage-first heap   total 131072K, used 84757K [0x0000000081a00000, 0x0000000100000000)
  region size 1024K, 76 young (77824K), 1 survivors (1024K)
 Metaspace       used 7099K, capacity 7360K, committed 7424K, reserved 1056768K
  class space    used 636K, capacity 721K, committed 768K, reserved 1048576K
}
Event: 7.731 GC heap after
{Heap after GC invocations=31 (full 0):
 garbage-first heap   total 131072K, used 7950K [0x0000000081a00000, 0x0000000100000000)
  region size 1024K, 1 young (1024K), 1 survivors (1024K)
 Metaspace       used 7099K, capacity 7360K, committed 7424K, reserved 1056768K
  class space    used 636K, capacity 721K, committed 768K, reserved 1048576K
}
Event: 7.864 GC heap before
{Heap before GC invocations=31 (full 0):
 garbage-first heap   total 131072K, used 84750K [0x0000000081a00000, 0x0000000100000000)
  region size 1024K, 76 young (77824K), 1 survivors (1024K)
 Metaspace       used 7099K, capacity 7360K, committed 7424K, reserved 1056768K
  class space    used 636K, capacity 721K, committed 768K, reserved 1048576K
}
Event: 7.865 GC heap after
{Heap after GC invocations=32 (full 0):
 garbage-first heap   total 131072K, used 7960K [0x0000000081a00000, 0x0000000100000000)
  region size 1024K, 1 young (1024K), 1 survivors (1024K)
 Metaspace       used 7099K, capacity 7360K, committed 7424K, reserved 1056768K
  class space    used 636K, capacity 721K, committed 768K, reserved 1048576K
}
Event: 7.996 GC heap before
{Heap before GC invocations=32 (full 0):
 garbage-first heap   total 131072K, used 84760K [0x0000000081a00000, 0x0000000100000000)
  region size 1024K, 76 young (77824K), 1 survivors (1024K)
 Metaspace       used 7099K, capacity 7360K, committed 7424K, reserved 1056768K
  class space    used 636K, capacity 721K, committed 768K, reserved 1048576K
}
Event: 7.996 GC heap after
{Heap after GC invocations=33 (full 0):
 garbage-first heap   total 131072K, used 7953K [0x0000000081a00000, 0x0000000100000000)
  region size 1024K, 1 young (1024K), 1 survivors (1024K)
 Metaspace       used 7099K, capacity 7360K, committed 7424K, reserved 1056768K
  class space    used 636K, capacity 721K, committed 768K, reserved 1048576K
}
Event: 8.140 GC heap before
{Heap before GC invocations=33 (full 0):
 garbage-first heap   total 131072K, used 84753K [0x0000000081a00000, 0x0000000100000000)
  region size 1024K, 76 young (77824K), 1 survivors (1024K)
 Metaspace       used 7099K, capacity 7360K, committed 7424K, reserved 1056768K
  class space    used 636K, capacity 721K, committed 768K, reserved 1048576K
}
Event: 8.141 GC heap after
{Heap after GC invocations=34 (full 0):
 garbage-first heap   total 131072K, used 7961K [0x0000000081a00000, 0x0000000100000000)
  region size 1024K, 1 young (1024K), 1 survivors (1024K)
 Metaspace       used 7099K, capacity 7360K, committed 7424K, reserved 1056768K
  class space    used 636K, capacity 721K, committed 768K, reserved 1048576K
}
Event: 8.276 GC heap before
{Heap before GC invocations=34 (full 0):
 garbage-first heap   total 131072K, used 84761K [0x0000000081a00000, 0x0000000100000000)
  region size 1024K, 76 young (77824K), 1 survivors (1024K)
 Metaspace       used 7099K, capacity 7360K, committed 7424K, reserved 1056768K
  class space    used 636K, capacity 721K, committed 768K, reserved 1048576K
}
Event: 8.277 GC heap after
{Heap after GC invocations=35 (full 0):
 garbage-first heap   total 131072K, used 7955K [0x0000000081a00000, 0x0000000100000000)
  region size 1024K, 1 young (1024K), 1 survivors (1024K)
 Metaspace       used 7099K, capacity 7360K, committed 7424K, reserved 1056768K
  class space    used 636K, capacity 721K, committed 768K, reserved 1048576K
}

Deoptimization events (10 events):
Event: 8.579 Thread 0x0000027617b49000 Uncommon trap: reason=unstable_if action=reinterpret pc=0x0000027627ab088c method=java.lang.Class.arrayContentsEq([Ljava/lang/Object;[Ljava/lang/Object;)Z @ 1 c2
Event: 8.579 Thread 0x0000027617b49000 Uncommon trap: reason=unstable_if action=reinterpret pc=0x0000027627b32850 method=java.lang.Class.newInstance()Ljava/lang/Object; @ 24 c2
Event: 8.579 Thread 0x0000027617b49000 Uncommon trap: reason=class_check action=maybe_recompile pc=0x0000027627b6bf44 method=com.esotericsoftware.kryo.serializers.ObjectField.read(Lcom/esotericsoftware/kryo/io/Input;Ljava/lang/Object;)V @ 171 c2
Event: 8.579 Thread 0x0000027617b49000 Uncommon trap: reason=class_check action=maybe_recompile pc=0x0000027627b39ea4 method=com.esotericsoftware.kryo.Kryo.readObjectOrNull(Lcom/esotericsoftware/kryo/io/Input;Ljava/lang/Class;Lcom/esotericsoftware/kryo/Serializer;)Ljava/lang/Object; @ 106 c2
Event: 8.579 Thread 0x0000027617b49000 Uncommon trap: reason=unstable_if action=reinterpret pc=0x0000027627b35d20 method=com.esotericsoftware.kryo.io.Input.readString()Ljava/lang/String; @ 28 c2
Event: 8.580 Thread 0x0000027617b49000 Uncommon trap: reason=class_check action=maybe_recompile pc=0x0000027627bd1b58 method=com.esotericsoftware.kryo.serializers.ObjectField.write(Lcom/esotericsoftware/kryo/io/Output;Ljava/lang/Object;)V @ 177 c2
Event: 8.580 Thread 0x0000027617b49000 Uncommon trap: reason=class_check action=maybe_recompile pc=0x0000027627bd5670 method=com.esotericsoftware.kryo.Kryo.writeObjectOrNull(Lcom/esotericsoftware/kryo/io/Output;Ljava/lang/Object;Lcom/esotericsoftware/kryo/Serializer;)V @ 184 c2
Event: 8.580 Thread 0x0000027617b49000 Uncommon trap: reason=unstable_if action=reinterpret pc=0x0000027627b34804 method=com.esotericsoftware.kryo.serializers.DefaultArraySerializers$ObjectArraySerializer.<init>(Lcom/esotericsoftware/kryo/Kryo;Ljava/lang/Class;)V @ 32 c2
Event: 8.580 Thread 0x0000027617b49000 Uncommon trap: reason=unstable_if action=reinterpret pc=0x0000027627bccddc method=com.esotericsoftware.kryo.serializers.DefaultArraySerializers$ObjectArraySerializer.write(Lcom/esotericsoftware/kryo/Kryo;Lcom/esotericsoftware/kryo/io/Output;[Ljava/lang/Ob
Event: 9.752 Thread 0x0000027617b49000 Uncommon trap: reason=class_check action=maybe_recompile pc=0x0000027627ad7ca0 method=com.esotericsoftware.kryo.factories.ReflectionSerializerFactory.makeSerializer(Lcom/esotericsoftware/kryo/Kryo;Ljava/lang/Class;Ljava/lang/Class;)Lcom/esotericsoftware/k

Classes redefined (0 events):
No events

Internal exceptions (10 events):
Event: 1.567 Thread 0x0000027617b49000 Implicit null exception at 0x0000027627a3edee to 0x0000027627a3f78f
Event: 1.567 Thread 0x0000027617b49000 Implicit null exception at 0x0000027627a19e4f to 0x0000027627a19ecd
Event: 1.949 Thread 0x0000027617b49000 Exception <a 'java/lang/NoSuchMethodError'{0x0000000089738820}: org.slf4j.impl.StaticMDCBinder.getSingleton()Lorg/slf4j/impl/StaticMDCBinder;> (0x0000000089738820) thrown at [t:/workspace/open/src/hotspot/share/interpreter/linkResolver.cpp, line 777]
Event: 2.991 Thread 0x0000027617b49000 Implicit null exception at 0x0000027627ac66b8 to 0x0000027627ac72ee
Event: 3.030 Thread 0x0000027617b49000 Implicit null exception at 0x0000027627ac9ae8 to 0x0000027627aca722
Event: 3.030 Thread 0x0000027617b49000 Implicit null exception at 0x0000027627ae1980 to 0x0000027627ae1a16
Event: 8.371 Thread 0x0000027617b49000 Implicit null exception at 0x0000027627ae98e4 to 0x0000027627ae991e
Event: 8.371 Thread 0x0000027617b49000 Implicit null exception at 0x0000027627afa32c to 0x0000027627afccae
Event: 8.579 Thread 0x0000027617b49000 Implicit null exception at 0x0000027627ab8cad to 0x0000027627abbb30
Event: 8.579 Thread 0x0000027617b49000 Implicit null exception at 0x0000027627ab07cc to 0x0000027627ab0876

Events (10 events):
Event: 8.580 Thread 0x0000027617b49000 DEOPT PACKING pc=0x0000027627b34804 sp=0x000000784d6ff0a0
Event: 8.580 Thread 0x0000027617b49000 DEOPT UNPACKING pc=0x000002761ff79baf sp=0x000000784d6fefd0 mode 2
Event: 8.580 Thread 0x0000027617b49000 Uncommon trap: trap_request=0xffffff4d fr.pc=0x0000027627bccddc relative=0x00000000000009fc
Event: 8.580 Thread 0x0000027617b49000 DEOPT PACKING pc=0x0000027627bccddc sp=0x000000784d6ff130
Event: 8.580 Thread 0x0000027617b49000 DEOPT UNPACKING pc=0x000002761ff79baf sp=0x000000784d6ff100 mode 2
Event: 9.751 loading class one/wangwei/blockchain/transaction/UTXOSet
Event: 9.751 loading class one/wangwei/blockchain/transaction/UTXOSet done
Event: 9.752 Thread 0x0000027617b49000 Uncommon trap: trap_request=0xffffffde fr.pc=0x0000027627ad7ca0 relative=0x000000000000b3a0
Event: 9.752 Thread 0x0000027617b49000 DEOPT PACKING pc=0x0000027627ad7ca0 sp=0x000000784d6ff0c0
Event: 9.752 Thread 0x0000027617b49000 DEOPT UNPACKING pc=0x000002761ff79baf sp=0x000000784d6fef58 mode 2


Dynamic libraries:
0x00007ff6e3e80000 - 0x00007ff6e3e8f000 	C:\Program Files\Java\jdk-12.0.1\bin\java.exe
0x00007ffda2280000 - 0x00007ffda2470000 	C:\WINDOWS\SYSTEM32\ntdll.dll
0x00007ffda0bc0000 - 0x00007ffda0c72000 	C:\WINDOWS\System32\KERNEL32.DLL
0x00007ffd9fed0000 - 0x00007ffda0174000 	C:\WINDOWS\System32\KERNELBASE.dll
0x00007ffd9fd80000 - 0x00007ffd9fe7a000 	C:\WINDOWS\System32\ucrtbase.dll
0x00007ffd9d260000 - 0x00007ffd9d278000 	C:\Program Files\Java\jdk-12.0.1\bin\jli.dll
0x00007ffda0ef0000 - 0x00007ffda0f93000 	C:\WINDOWS\System32\ADVAPI32.dll
0x00007ffda07a0000 - 0x00007ffda083e000 	C:\WINDOWS\System32\msvcrt.dll
0x00007ffda0980000 - 0x00007ffda0a17000 	C:\WINDOWS\System32\sechost.dll
0x00007ffda1850000 - 0x00007ffda1970000 	C:\WINDOWS\System32\RPCRT4.dll
0x00007ffd99a40000 - 0x00007ffd99a56000 	C:\Program Files\Java\jdk-12.0.1\bin\VCRUNTIME140.dll
0x00007ffda0fa0000 - 0x00007ffda1134000 	C:\WINDOWS\System32\USER32.dll
0x00007ffda0200000 - 0x00007ffda0221000 	C:\WINDOWS\System32\win32u.dll
0x00007ffda20d0000 - 0x00007ffda20f6000 	C:\WINDOWS\System32\GDI32.dll
0x00007ffd9f350000 - 0x00007ffd9f4e6000 	C:\WINDOWS\System32\gdi32full.dll
0x00007ffd92240000 - 0x00007ffd924c4000 	C:\WINDOWS\WinSxS\amd64_microsoft.windows.common-controls_6595b64144ccf1df_6.0.18362.959_none_e6c7bbbf130c62bb\COMCTL32.dll
0x00007ffda0230000 - 0x00007ffda02ce000 	C:\WINDOWS\System32\msvcp_win.dll
0x00007ffda1c30000 - 0x00007ffda1f65000 	C:\WINDOWS\System32\combase.dll
0x00007ffda0180000 - 0x00007ffda0200000 	C:\WINDOWS\System32\bcryptPrimitives.dll
0x00007ffd96280000 - 0x00007ffd9628a000 	C:\WINDOWS\SYSTEM32\VERSION.dll
0x00007ffda0840000 - 0x00007ffda086e000 	C:\WINDOWS\System32\IMM32.DLL
0x00007ffd99920000 - 0x00007ffd999ca000 	C:\Program Files\Java\jdk-12.0.1\bin\msvcp140.dll
0x00007ffd6b5d0000 - 0x00007ffd6c144000 	C:\Program Files\Java\jdk-12.0.1\bin\server\jvm.dll
0x00007ffda0870000 - 0x00007ffda0878000 	C:\WINDOWS\System32\PSAPI.DLL
0x00007ffd8f660000 - 0x00007ffd8f669000 	C:\WINDOWS\SYSTEM32\WSOCK32.dll
0x00007ffda0b50000 - 0x00007ffda0bbf000 	C:\WINDOWS\System32\WS2_32.dll
0x00007ffd9d0d0000 - 0x00007ffd9d0f4000 	C:\WINDOWS\SYSTEM32\WINMM.dll
0x00007ffd9d070000 - 0x00007ffd9d09d000 	C:\WINDOWS\SYSTEM32\winmmbase.dll
0x00007ffd9fe80000 - 0x00007ffd9feca000 	C:\WINDOWS\System32\cfgmgr32.dll
0x00007ffd9f140000 - 0x00007ffd9f151000 	C:\WINDOWS\System32\kernel.appcore.dll
0x00007ffd99900000 - 0x00007ffd99911000 	C:\Program Files\Java\jdk-12.0.1\bin\verify.dll
0x00007ffd9b610000 - 0x00007ffd9b804000 	C:\WINDOWS\SYSTEM32\DBGHELP.DLL
0x00007ffd8edc0000 - 0x00007ffd8edea000 	C:\WINDOWS\SYSTEM32\dbgcore.DLL
0x00007ffd998d0000 - 0x00007ffd998f6000 	C:\Program Files\Java\jdk-12.0.1\bin\java.dll
0x00007ffd9d230000 - 0x00007ffd9d23e000 	C:\Program Files\Java\jdk-12.0.1\bin\instrument.dll
0x00007ffd995a0000 - 0x00007ffd995b7000 	C:\Program Files\Java\jdk-12.0.1\bin\zip.dll
0x00007ffd99a20000 - 0x00007ffd99a2a000 	C:\Program Files\Java\jdk-12.0.1\bin\jimage.dll
0x00007ffda1140000 - 0x00007ffda1826000 	C:\WINDOWS\System32\SHELL32.dll
0x00007ffda0c80000 - 0x00007ffda0d29000 	C:\WINDOWS\System32\shcore.dll
0x00007ffd9f5f0000 - 0x00007ffd9fd72000 	C:\WINDOWS\System32\windows.storage.dll
0x00007ffd9f1d0000 - 0x00007ffd9f1f3000 	C:\WINDOWS\System32\profapi.dll
0x00007ffd9f160000 - 0x00007ffd9f1aa000 	C:\WINDOWS\System32\powrprof.dll
0x00007ffd9f130000 - 0x00007ffd9f140000 	C:\WINDOWS\System32\UMPDC.dll
0x00007ffda0a80000 - 0x00007ffda0ad2000 	C:\WINDOWS\System32\shlwapi.dll
0x00007ffd9f4f0000 - 0x00007ffd9f507000 	C:\WINDOWS\System32\cryptsp.dll
0x00007ffd99580000 - 0x00007ffd99599000 	C:\Program Files\Java\jdk-12.0.1\bin\net.dll
0x00007ffd93930000 - 0x00007ffd93a20000 	C:\WINDOWS\SYSTEM32\WINHTTP.dll
0x00007ffd90020000 - 0x00007ffd901f6000 	C:\WINDOWS\SYSTEM32\urlmon.dll
0x00007ffd8d5c0000 - 0x00007ffd8d866000 	C:\WINDOWS\SYSTEM32\iertutil.dll
0x00007ffd9eb70000 - 0x00007ffd9eb7c000 	C:\WINDOWS\SYSTEM32\CRYPTBASE.DLL
0x00007ffd9e9a0000 - 0x00007ffd9ea07000 	C:\WINDOWS\system32\mswsock.dll
0x00007ffd98ea0000 - 0x00007ffd98eb3000 	C:\Program Files\Java\jdk-12.0.1\bin\nio.dll
0x00007ffd98e80000 - 0x00007ffd98e9a000 	C:\Program Files\JetBrains\IntelliJ IDEA Community Edition 2020.1.3\bin\breakgen64.dll
0x00007ffd9e510000 - 0x00007ffd9e543000 	C:\WINDOWS\system32\rsaenh.dll
0x00007ffd9f510000 - 0x00007ffd9f536000 	C:\WINDOWS\System32\bcrypt.dll
0x00007ffd9f050000 - 0x00007ffd9f075000 	C:\WINDOWS\SYSTEM32\USERENV.dll
0x00007ffd9e6b0000 - 0x00007ffd9e6ea000 	C:\WINDOWS\SYSTEM32\IPHLPAPI.DLL
0x00007ffda0b40000 - 0x00007ffda0b48000 	C:\WINDOWS\System32\NSI.dll
0x00007ffd993a0000 - 0x00007ffd993b6000 	C:\WINDOWS\SYSTEM32\dhcpcsvc6.DLL
0x00007ffd99360000 - 0x00007ffd9937c000 	C:\WINDOWS\SYSTEM32\dhcpcsvc.DLL
0x00007ffd9e6f0000 - 0x00007ffd9e7bb000 	C:\WINDOWS\SYSTEM32\DNSAPI.dll
0x00007ffd66590000 - 0x00007ffd66c07000 	C:\Users\62737\AppData\Local\Temp\librocksdbjni6031525204350222755.dll

dbghelp: loaded successfully - version: 4.0.5 - missing functions: none
symbol engine: initialized successfully - sym options: 0x614 - pdb path: .;C:\Program Files\Java\jdk-12.0.1\bin;C:\WINDOWS\SYSTEM32;C:\WINDOWS\WinSxS\amd64_microsoft.windows.common-controls_6595b64144ccf1df_6.0.18362.959_none_e6c7bbbf130c62bb;C:\Program Files\Java\jdk-12.0.1\bin\server;C:\Program Files\JetBrains\IntelliJ IDEA Community Edition 2020.1.3\bin;C:\Users\62737\AppData\Local\Temp

VM Arguments:
jvm_args: -javaagent:C:\Program Files\JetBrains\IntelliJ IDEA Community Edition 2020.1.3\lib\idea_rt.jar=49741:C:\Program Files\JetBrains\IntelliJ IDEA Community Edition 2020.1.3\bin -Dfile.encoding=UTF-8 
java_command: one.wangwei.blockchain.cli.Main
java_class_path (initial): D:\int main\blockchain-java-master -÷ÿππ\target\classes;C:\Users\62737\.m2\repository\org\apache\commons\commons-lang3\3.7\commons-lang3-3.7.jar;C:\Users\62737\.m2\repository\commons-codec\commons-codec\1.11\commons-codec-1.11.jar;C:\Users\62737\.m2\repository\commons-cli\commons-cli\1.4\commons-cli-1.4.jar;C:\Users\62737\.m2\repository\commons-io\commons-io\2.6\commons-io-2.6.jar;C:\Users\62737\.m2\repository\com\google\guava\guava\24.0-jre\guava-24.0-jre.jar;C:\Users\62737\.m2\repository\com\google\code\findbugs\jsr305\1.3.9\jsr305-1.3.9.jar;C:\Users\62737\.m2\repository\org\checkerframework\checker-compat-qual\2.0.0\checker-compat-qual-2.0.0.jar;C:\Users\62737\.m2\repository\com\google\errorprone\error_prone_annotations\2.1.3\error_prone_annotations-2.1.3.jar;C:\Users\62737\.m2\repository\com\google\j2objc\j2objc-annotations\1.1\j2objc-annotations-1.1.jar;C:\Users\62737\.m2\repository\org\codehaus\mojo\animal-sniffer-annotations\1.14\animal-sniffer-annotations-1.14.jar;C:\Users\62737\.m2\repository\org\projectlombok\lombok\1.18.12\lombok-1.18.12.jar;C:\Users\62737\.m2\repository\com\esotericsoftware\kryo\4.0.1\kryo-4.0.1.jar;C:\Users\62737\.m2\repository\com\esotericsoftware\reflectasm\1.11.3\reflectasm-1.11.3.jar;C:\Users\62737\.m2\repository\org\ow2\asm\asm\5.0.4\asm-5.0.4.jar;C:\Users\62737\.m2\repository\com\esotericsoftware\minlog\1.3.0\minlog-1.3.0.jar;C:\Users\62737\.m2\repository\org\objenesis\objenesis\2.5.1\objenesis-2.5.1.jar;C:\Users\62737\.m2\repository\org\rocksdb\rocksdbjni\5.9.2\rocksdbjni-5.9.2.jar;C:\Users\62737\.m2\repository\org\bouncycastle\bcprov-jdk15on\1.59\bcprov-jdk15on-1.59.jar;C:\Users\62737\.m2\repository\org\slf4j\slf4j-api\1.7.25\slf4j-api-1.7.25.jar;C:\Users\62737\.m2\repository\ch\qos\logback\logback-core\1.2.3\logback-core-1.2.3.jar;C:\Users\62737\.m2\repository\ch\qos\logback\logback-classic\1.2.3\logback-classic-1.2.3.jar;C:\Users\62737\.m2\repository\org\jetbrains\annotations\19.0.0\annotations-19.
Launcher Type: SUN_STANDARD

[Global flags]
     intx CICompilerCount                          = 3                                         {product} {ergonomic}
     uint ConcGCThreads                            = 1                                         {product} {ergonomic}
     uint G1ConcRefinementThreads                  = 4                                         {product} {ergonomic}
   size_t G1HeapRegionSize                         = 1048576                                   {product} {ergonomic}
    uintx GCDrainStackTargetSize                   = 64                                        {product} {ergonomic}
   size_t InitialHeapSize                          = 134217728                                 {product} {ergonomic}
   size_t MarkStackSize                            = 4194304                                   {product} {ergonomic}
   size_t MaxHeapSize                              = 2120220672                                {product} {ergonomic}
   size_t MaxNewSize                               = 1271922688                                {product} {ergonomic}
   size_t MinHeapDeltaBytes                        = 1048576                                   {product} {ergonomic}
    uintx NonNMethodCodeHeapSize                   = 5830732                                {pd product} {ergonomic}
    uintx NonProfiledCodeHeapSize                  = 122913754                              {pd product} {ergonomic}
    uintx ProfiledCodeHeapSize                     = 122913754                              {pd product} {ergonomic}
    uintx ReservedCodeCacheSize                    = 251658240                              {pd product} {ergonomic}
     bool SegmentedCodeCache                       = true                                      {product} {ergonomic}
     bool UseCompressedClassPointers               = true                                 {lp64_product} {ergonomic}
     bool UseCompressedOops                        = true                                 {lp64_product} {ergonomic}
     bool UseG1GC                                  = true                                      {product} {ergonomic}
     bool UseLargePagesIndividualAllocation        = false                                  {pd product} {ergonomic}

Logging:
Log output configuration:
 #0: stdout all=warning uptime,level,tags
 #1: stderr all=off uptime,level,tags

Environment Variables:
JAVA_HOME=C:\Program Files\Java\jdk-12.0.1
PATH=C:\Windows\system32;C:\Windows;C:\Windows\System32\Wbem;C:\Windows\System32\WindowsPowerShell\v1.0\;C:\Windows\System32\OpenSSH\;C:\Program Files (x86)\NVIDIA Corporation\PhysX\Common;C:\Program Files\NVIDIA Corporation\NVIDIA NvDLISR;C:\Program Files\Java\jdk-12.0.1\bin;C:\Program Files\dotnet\;C:\Program Files\Microsoft SQL Server\130\Tools\Binn\;C:\Program Files\Microsoft SQL Server\Client SDK\ODBC\170\Tools\Binn\;C:\Program Files\MySQL\MySQL Server 8.0\bin;C:\Program Files\Git\cmd;C:\WINDOWS\system32;C:\WINDOWS;C:\WINDOWS\System32\Wbem;C:\WINDOWS\System32\WindowsPowerShell\v1.0\;C:\WINDOWS\System32\OpenSSH\;D:\Program Files\C++Library\OpenCV\420\opencv\build\x64\vc15\bin;D:\matlab\bin;D:\Program Files\apache-maven-3.6.1\bin;C:\Program Files\MySQL\MySQL Shell 8.0\bin\;C:\Users\62737\AppData\Local\Microsoft\WindowsApps;;D:\Bigdata-CCA\Microsoft VS Code\bin
USERNAME=62737
OS=Windows_NT
PROCESSOR_IDENTIFIER=Intel64 Family 6 Model 94 Stepping 3, GenuineIntel



---------------  S Y S T E M  ---------------

OS: Windows 10 , 64 bit Build 18362 (10.0.18362.959)

CPU:total 4 (initial active 4) (4 cores per cpu, 1 threads per core) family 6 model 94 stepping 3, cmov, cx8, fxsr, mmx, sse, sse2, sse3, ssse3, sse4.1, sse4.2, popcnt, avx, avx2, aes, clmul, erms, rtm, 3dnowpref, lzcnt, tsc, tscinvbit, bmi1, bmi2, adx, fma

Memory: 4k page, system-wide physical 8081M (2765M free)
TotalPageFile size 12689M (AvailPageFile size 2688M)
current process WorkingSet (physical memory assigned to process): 149M, peak: 201M
current process commit charge ("private bytes"): 218M, peak: 275M

vm_info: Java HotSpot(TM) 64-Bit Server VM (12.0.1+12) for windows-amd64 JRE (12.0.1+12), built on Apr  2 2019 14:02:19 by "mach5one" with MS VC++ 15.5 (VS2017)

END.
