#
# A fatal error has been detected by the Java Runtime Environment:
#
#  EXCEPTION_ACCESS_VIOLATION (0xc0000005) at pc=0x0000000000000000, pid=864, tid=15600
#
# JRE version: Java(TM) SE Runtime Environment (12.0.1+12) (build 12.0.1+12)
# Java VM: Java HotSpot(TM) 64-Bit Server VM (12.0.1+12, mixed mode, sharing, tiered, compressed oops, g1 gc, windows-amd64)
# Problematic frame:
# C  0x0000000000000000
#
# No core dump will be written. Minidumps are not enabled by default on client versions of Windows
#
# If you would like to submit a bug report, please visit:
#   http://bugreport.java.com/bugreport/crash.jsp
# The crash happened outside the Java Virtual Machine in native code.
# See problematic frame for where to report the bug.
#

---------------  S U M M A R Y ------------

Command Line: -javaagent:C:\Program Files\JetBrains\IntelliJ IDEA Community Edition 2020.1.3\lib\idea_rt.jar=55291:C:\Program Files\JetBrains\IntelliJ IDEA Community Edition 2020.1.3\bin -Dfile.encoding=UTF-8 one.wangwei.blockchain.cli.Main

Host: Intel(R) Core(TM) i5-6300HQ CPU @ 2.30GHz, 4 cores, 7G,  Windows 10 , 64 bit Build 18362 (10.0.18362.959)
Time: Thu Aug 13 17:04:39 2020 ?D1®≤°¿®∫°¡?®∫°¿?? elapsed time: 5 seconds (0d 0h 0m 5s)

---------------  T H R E A D  ---------------

Current thread (0x0000020b1080d800):  JavaThread "main" [_thread_in_native, id=15600, stack(0x0000005c3c300000,0x0000005c3c400000)]

Stack: [0x0000005c3c300000,0x0000005c3c400000],  sp=0x0000005c3c3fedd8,  free space=1019k
Native frames: (J=compiled Java code, j=interpreted, Vv=VM code, C=native code)

Java frames: (J=compiled Java code, j=interpreted, Vv=VM code)
j  org.rocksdb.RocksDB.put(J[BII[BII)V+0
j  org.rocksdb.RocksDB.put([B[B)V+13
j  one.wangwei.blockchain.store.RocksDBUtils.putUTXOs(Ljava/lang/String;[Lone/wangwei/blockchain/transaction/TXOutput;)V+31
j  one.wangwei.blockchain.transaction.UTXOSet.update(Lone/wangwei/blockchain/block/Block;)V+274
j  one.wangwei.blockchain.cli.CLI.mineblock(Ljava/lang/String;)V+171
j  one.wangwei.blockchain.cli.CLI.parse()V+468
j  one.wangwei.blockchain.cli.Main.main([Ljava/lang/String;)V+30
v  ~StubRoutines::call_stub

siginfo: EXCEPTION_ACCESS_VIOLATION (0xc0000005), data execution prevention violation at address 0x0000000000000000


Register to memory mapping:

RIP=0x0 is NULL
RAX=0x0000020b1080d800 is a thread
RBX=0x00000000000003d2 is an unknown value
RCX=0x0000020b3202d0b0 points into unknown readable memory: 00 d8 80 10 0b 02 00 00
RDX=0x0000005c3c3fee48 is pointing into the stack for thread: 0x0000020b1080d800
RSP=0x0000005c3c3fedd8 is pointing into the stack for thread: 0x0000020b1080d800
RBP=0x0000005c3c3fee60 is pointing into the stack for thread: 0x0000020b1080d800
RSI=0x0 is NULL
RDI=0x0 is NULL
R8 =0x00007ffd66bc8944 librocksdbjni16188155068093983599.dll
R9 =0x0000005c3c3fee38 is pointing into the stack for thread: 0x0000020b1080d800
R10=0x000000008792e3d0 points into unknown readable memory: 01 00 6a 61 76 61 2e 75
R11=0x0000005c3c3fedc0 is pointing into the stack for thread: 0x0000020b1080d800
R12=0x0000020b1080db30 points into unknown readable memory: e0 1d fe 6b fd 7f 00 00
R13=0x0000020b3202d0b0 points into unknown readable memory: 00 d8 80 10 0b 02 00 00
R14=0x0000020b32dfcaa0 points into unknown readable memory: 03 01 63 68 61 69 6e 73
R15=0x0000020b356db860 points into unknown readable memory: 01 00 6a 61 76 61 2e 75


Registers:
RAX=0x0000020b1080d800, RBX=0x00000000000003d2, RCX=0x0000020b3202d0b0, RDX=0x0000005c3c3fee48
RSP=0x0000005c3c3fedd8, RBP=0x0000005c3c3fee60, RSI=0x0000000000000000, RDI=0x0000000000000000
R8 =0x00007ffd66bc8944, R9 =0x0000005c3c3fee38, R10=0x000000008792e3d0, R11=0x0000005c3c3fedc0
R12=0x0000020b1080db30, R13=0x0000020b3202d0b0, R14=0x0000020b32dfcaa0, R15=0x0000020b356db860
RIP=0x0000000000000000, EFLAGS=0x0000000000010246

Top of Stack: (sp=0x0000005c3c3fedd8)
0x0000005c3c3fedd8:   00007ffd667de87b 00000000000003d2
0x0000005c3c3fede8:   000000000000000c 000000000000000c
0x0000005c3c3fedf8:   000000008792a0a8 0000005c3c3fee28
0x0000005c3c3fee08:   0000020b1a439655 fffffffffffffffe
0x0000005c3c3fee18:   0000000000000000 0000000000000000
0x0000005c3c3fee28:   0000020b356db860 00000000000003d2
0x0000005c3c3fee38:   0000020b32dfcaa0 000000000000000c
0x0000005c3c3fee48:   0000020b31105b98 0000000000000000
0x0000005c3c3fee58:   0000005c3c3fee98 0000020b1080d800
0x0000005c3c3fee68:   0000005c3c3ff010 0000020b3106f0c8
0x0000005c3c3fee78:   0000000000000000 000000008792a0a8
0x0000005c3c3fee88:   00000000000001a0 0000005c3c3fefb0
0x0000005c3c3fee98:   00007ffd667e1464 0000020b3106f0d0
0x0000005c3c3feea8:   0000000087929c68 00007ffd66bc8944
0x0000005c3c3feeb8:   0000000000000000 0000005c3c3feff8
0x0000005c3c3feec8:   0000005c00000000 0000020b0000000c 

Instructions: (pc=0x0000000000000000)
0xffffffffffffffe0:   


Stack slot to memory mapping:
stack at sp + 0 slots: 0x00007ffd667de87b librocksdbjni16188155068093983599.dll
stack at sp + 1 slots: 0x00000000000003d2 is an unknown value
stack at sp + 2 slots: 0x000000000000000c is an unknown value
stack at sp + 3 slots: 0x000000000000000c is an unknown value
stack at sp + 4 slots: 0x000000008792a0a8 points into unknown readable memory: 01 00 00 00 00 00 00 00
stack at sp + 5 slots: 0x0000005c3c3fee28 is pointing into the stack for thread: 0x0000020b1080d800
stack at sp + 6 slots: 0x0000020b1a439655 is at code_begin+277 in an Interpreter codelet
invoke return entry points  [0x0000020b1a439540, 0x0000020b1a439f60]  2592 bytes
stack at sp + 7 slots: 0xfffffffffffffffe is an unknown value


---------------  P R O C E S S  ---------------

Threads class SMR info:
_java_thread_list=0x0000020b31d57c30, length=12, elements={
0x0000020b1080d800, 0x0000020b30b62000, 0x0000020b30b63800, 0x0000020b30b83000,
0x0000020b30b85000, 0x0000020b30b86800, 0x0000020b30b8d800, 0x0000020b30b93800,
0x0000020b3153b000, 0x0000020b3170a800, 0x0000020b3170c000, 0x0000020b31b70000
}

Java Threads: ( => current thread )
=>0x0000020b1080d800 JavaThread "main" [_thread_in_native, id=15600, stack(0x0000005c3c300000,0x0000005c3c400000)]
  0x0000020b30b62000 JavaThread "Reference Handler" daemon [_thread_blocked, id=13060, stack(0x0000005c3ca00000,0x0000005c3cb00000)]
  0x0000020b30b63800 JavaThread "Finalizer" daemon [_thread_blocked, id=12708, stack(0x0000005c3cb00000,0x0000005c3cc00000)]
  0x0000020b30b83000 JavaThread "Signal Dispatcher" daemon [_thread_blocked, id=6632, stack(0x0000005c3cc00000,0x0000005c3cd00000)]
  0x0000020b30b85000 JavaThread "Attach Listener" daemon [_thread_blocked, id=16524, stack(0x0000005c3cd00000,0x0000005c3ce00000)]
  0x0000020b30b86800 JavaThread "C2 CompilerThread0" daemon [_thread_blocked, id=852, stack(0x0000005c3ce00000,0x0000005c3cf00000)]
  0x0000020b30b8d800 JavaThread "C1 CompilerThread0" daemon [_thread_blocked, id=2296, stack(0x0000005c3cf00000,0x0000005c3d000000)]
  0x0000020b30b93800 JavaThread "Sweeper thread" daemon [_thread_blocked, id=12864, stack(0x0000005c3d000000,0x0000005c3d100000)]
  0x0000020b3153b000 JavaThread "Common-Cleaner" daemon [_thread_blocked, id=13820, stack(0x0000005c3d100000,0x0000005c3d200000)]
  0x0000020b3170a800 JavaThread "Monitor Ctrl-Break" daemon [_thread_in_native, id=1004, stack(0x0000005c3d200000,0x0000005c3d300000)]
  0x0000020b3170c000 JavaThread "Service Thread" daemon [_thread_blocked, id=11616, stack(0x0000005c3d300000,0x0000005c3d400000)]
  0x0000020b31b70000 JavaThread "C2 CompilerThread1" daemon [_thread_blocked, id=1484, stack(0x0000005c3da00000,0x0000005c3db00000)]

Other Threads:
  0x0000020b30b60000 VMThread "VM Thread" [stack: 0x0000005c3c900000,0x0000005c3ca00000] [id=10448]
  0x0000020b31716800 WatcherThread [stack: 0x0000005c3d400000,0x0000005c3d500000] [id=10432]
  0x0000020b10847000 GCTaskThread "GC Thread#0" [stack: 0x0000005c3c400000,0x0000005c3c500000] [id=15496]
  0x0000020b32708800 GCTaskThread "GC Thread#1" [stack: 0x0000005c3d700000,0x0000005c3d800000] [id=6452]
  0x0000020b32708000 GCTaskThread "GC Thread#2" [stack: 0x0000005c3d800000,0x0000005c3d900000] [id=9172]
  0x0000020b10854800 ConcurrentGCThread "G1 Main Marker" [stack: 0x0000005c3c500000,0x0000005c3c600000] [id=16020]
  0x0000020b10859800 ConcurrentGCThread "G1 Conc#0" [stack: 0x0000005c3c600000,0x0000005c3c700000] [id=5232]
  0x0000020b309e0800 ConcurrentGCThread "G1 Refine#0" [stack: 0x0000005c3c700000,0x0000005c3c800000] [id=13908]
  0x0000020b31717800 ConcurrentGCThread "G1 Refine#1" [stack: 0x0000005c3d900000,0x0000005c3da00000] [id=15684]
  0x0000020b309e1800 ConcurrentGCThread "G1 Young RemSet Sampling" [stack: 0x0000005c3c800000,0x0000005c3c900000] [id=8488]

Threads with active compile tasks:

VM state:not at safepoint (normal execution)

VM Mutex/Monitor currently owned by a thread: None

Heap address: 0x0000000081a00000, size: 2022 MB, Compressed Oops mode: 32-bit
Narrow klass base: 0x0000000800000000, Narrow klass shift: 3
Compressed class space size: 1073741824 Address: 0x00000008011a0000

Heap:
 garbage-first heap   total 131072K, used 39919K [0x0000000081a00000, 0x0000000100000000)
  region size 1024K, 34 young (34816K), 1 survivors (1024K)
 Metaspace       used 7173K, capacity 7360K, committed 7424K, reserved 1056768K
  class space    used 642K, capacity 721K, committed 768K, reserved 1048576K
Heap Regions: E=young(eden), S=young(survivor), O=old, HS=humongous(starts), HC=humongous(continues), CS=collection set, F=free, A=archive, TAMS=top-at-mark-start (previous, next)
|   0|0x0000000081a00000, 0x0000000081b00000, 0x0000000081b00000|100%| O|  |TAMS 0x0000000081a00000, 0x0000000081a00000| Untracked 
|   1|0x0000000081b00000, 0x0000000081c00000, 0x0000000081c00000|100%| O|  |TAMS 0x0000000081b00000, 0x0000000081b00000| Untracked 
|   2|0x0000000081c00000, 0x0000000081d00000, 0x0000000081d00000|100%| O|  |TAMS 0x0000000081c00000, 0x0000000081c00000| Untracked 
|   3|0x0000000081d00000, 0x0000000081e00000, 0x0000000081e00000|100%| O|  |TAMS 0x0000000081d00000, 0x0000000081d00000| Untracked 
|   4|0x0000000081e00000, 0x0000000081f00000, 0x0000000081f00000|100%| O|  |TAMS 0x0000000081e00000, 0x0000000081e00000| Untracked 
|   5|0x0000000081f00000, 0x0000000082000000, 0x0000000082000000|100%| O|  |TAMS 0x0000000081f00000, 0x0000000081f00000| Untracked 
|   6|0x0000000082000000, 0x00000000820dba00, 0x0000000082100000| 85%| O|  |TAMS 0x0000000082000000, 0x0000000082000000| Untracked 
|   7|0x0000000082100000, 0x0000000082100000, 0x0000000082200000|  0%| F|  |TAMS 0x0000000082100000, 0x0000000082100000| Untracked 
|   8|0x0000000082200000, 0x0000000082200000, 0x0000000082300000|  0%| F|  |TAMS 0x0000000082200000, 0x0000000082200000| Untracked 
|   9|0x0000000082300000, 0x0000000082300000, 0x0000000082400000|  0%| F|  |TAMS 0x0000000082300000, 0x0000000082300000| Untracked 
|  10|0x0000000082400000, 0x0000000082400000, 0x0000000082500000|  0%| F|  |TAMS 0x0000000082400000, 0x0000000082400000| Untracked 
|  11|0x0000000082500000, 0x0000000082500000, 0x0000000082600000|  0%| F|  |TAMS 0x0000000082500000, 0x0000000082500000| Untracked 
|  12|0x0000000082600000, 0x0000000082600000, 0x0000000082700000|  0%| F|  |TAMS 0x0000000082600000, 0x0000000082600000| Untracked 
|  13|0x0000000082700000, 0x0000000082700000, 0x0000000082800000|  0%| F|  |TAMS 0x0000000082700000, 0x0000000082700000| Untracked 
|  14|0x0000000082800000, 0x0000000082800000, 0x0000000082900000|  0%| F|  |TAMS 0x0000000082800000, 0x0000000082800000| Untracked 
|  15|0x0000000082900000, 0x0000000082900000, 0x0000000082a00000|  0%| F|  |TAMS 0x0000000082900000, 0x0000000082900000| Untracked 
|  16|0x0000000082a00000, 0x0000000082a00000, 0x0000000082b00000|  0%| F|  |TAMS 0x0000000082a00000, 0x0000000082a00000| Untracked 
|  17|0x0000000082b00000, 0x0000000082b00000, 0x0000000082c00000|  0%| F|  |TAMS 0x0000000082b00000, 0x0000000082b00000| Untracked 
|  18|0x0000000082c00000, 0x0000000082c00000, 0x0000000082d00000|  0%| F|  |TAMS 0x0000000082c00000, 0x0000000082c00000| Untracked 
|  19|0x0000000082d00000, 0x0000000082d00000, 0x0000000082e00000|  0%| F|  |TAMS 0x0000000082d00000, 0x0000000082d00000| Untracked 
|  20|0x0000000082e00000, 0x0000000082e00000, 0x0000000082f00000|  0%| F|  |TAMS 0x0000000082e00000, 0x0000000082e00000| Untracked 
|  21|0x0000000082f00000, 0x0000000082f00000, 0x0000000083000000|  0%| F|  |TAMS 0x0000000082f00000, 0x0000000082f00000| Untracked 
|  22|0x0000000083000000, 0x0000000083000000, 0x0000000083100000|  0%| F|  |TAMS 0x0000000083000000, 0x0000000083000000| Untracked 
|  23|0x0000000083100000, 0x0000000083100000, 0x0000000083200000|  0%| F|  |TAMS 0x0000000083100000, 0x0000000083100000| Untracked 
|  24|0x0000000083200000, 0x0000000083200000, 0x0000000083300000|  0%| F|  |TAMS 0x0000000083200000, 0x0000000083200000| Untracked 
|  25|0x0000000083300000, 0x0000000083300000, 0x0000000083400000|  0%| F|  |TAMS 0x0000000083300000, 0x0000000083300000| Untracked 
|  26|0x0000000083400000, 0x0000000083400000, 0x0000000083500000|  0%| F|  |TAMS 0x0000000083400000, 0x0000000083400000| Untracked 
|  27|0x0000000083500000, 0x0000000083500000, 0x0000000083600000|  0%| F|  |TAMS 0x0000000083500000, 0x0000000083500000| Untracked 
|  28|0x0000000083600000, 0x0000000083600000, 0x0000000083700000|  0%| F|  |TAMS 0x0000000083600000, 0x0000000083600000| Untracked 
|  29|0x0000000083700000, 0x0000000083700000, 0x0000000083800000|  0%| F|  |TAMS 0x0000000083700000, 0x0000000083700000| Untracked 
|  30|0x0000000083800000, 0x0000000083800000, 0x0000000083900000|  0%| F|  |TAMS 0x0000000083800000, 0x0000000083800000| Untracked 
|  31|0x0000000083900000, 0x0000000083900000, 0x0000000083a00000|  0%| F|  |TAMS 0x0000000083900000, 0x0000000083900000| Untracked 
|  32|0x0000000083a00000, 0x0000000083a00000, 0x0000000083b00000|  0%| F|  |TAMS 0x0000000083a00000, 0x0000000083a00000| Untracked 
|  33|0x0000000083b00000, 0x0000000083b00000, 0x0000000083c00000|  0%| F|  |TAMS 0x0000000083b00000, 0x0000000083b00000| Untracked 
|  34|0x0000000083c00000, 0x0000000083c00000, 0x0000000083d00000|  0%| F|  |TAMS 0x0000000083c00000, 0x0000000083c00000| Untracked 
|  35|0x0000000083d00000, 0x0000000083d00000, 0x0000000083e00000|  0%| F|  |TAMS 0x0000000083d00000, 0x0000000083d00000| Untracked 
|  36|0x0000000083e00000, 0x0000000083e00000, 0x0000000083f00000|  0%| F|  |TAMS 0x0000000083e00000, 0x0000000083e00000| Untracked 
|  37|0x0000000083f00000, 0x0000000083f00000, 0x0000000084000000|  0%| F|  |TAMS 0x0000000083f00000, 0x0000000083f00000| Untracked 
|  38|0x0000000084000000, 0x0000000084000000, 0x0000000084100000|  0%| F|  |TAMS 0x0000000084000000, 0x0000000084000000| Untracked 
|  39|0x0000000084100000, 0x0000000084100000, 0x0000000084200000|  0%| F|  |TAMS 0x0000000084100000, 0x0000000084100000| Untracked 
|  40|0x0000000084200000, 0x0000000084200000, 0x0000000084300000|  0%| F|  |TAMS 0x0000000084200000, 0x0000000084200000| Untracked 
|  41|0x0000000084300000, 0x0000000084300000, 0x0000000084400000|  0%| F|  |TAMS 0x0000000084300000, 0x0000000084300000| Untracked 
|  42|0x0000000084400000, 0x0000000084400000, 0x0000000084500000|  0%| F|  |TAMS 0x0000000084400000, 0x0000000084400000| Untracked 
|  43|0x0000000084500000, 0x0000000084500000, 0x0000000084600000|  0%| F|  |TAMS 0x0000000084500000, 0x0000000084500000| Untracked 
|  44|0x0000000084600000, 0x0000000084600000, 0x0000000084700000|  0%| F|  |TAMS 0x0000000084600000, 0x0000000084600000| Untracked 
|  45|0x0000000084700000, 0x0000000084700000, 0x0000000084800000|  0%| F|  |TAMS 0x0000000084700000, 0x0000000084700000| Untracked 
|  46|0x0000000084800000, 0x0000000084800000, 0x0000000084900000|  0%| F|  |TAMS 0x0000000084800000, 0x0000000084800000| Untracked 
|  47|0x0000000084900000, 0x0000000084900000, 0x0000000084a00000|  0%| F|  |TAMS 0x0000000084900000, 0x0000000084900000| Untracked 
|  48|0x0000000084a00000, 0x0000000084a00000, 0x0000000084b00000|  0%| F|  |TAMS 0x0000000084a00000, 0x0000000084a00000| Untracked 
|  49|0x0000000084b00000, 0x0000000084b00000, 0x0000000084c00000|  0%| F|  |TAMS 0x0000000084b00000, 0x0000000084b00000| Untracked 
|  50|0x0000000084c00000, 0x0000000084c00000, 0x0000000084d00000|  0%| F|  |TAMS 0x0000000084c00000, 0x0000000084c00000| Untracked 
|  51|0x0000000084d00000, 0x0000000084d00000, 0x0000000084e00000|  0%| F|  |TAMS 0x0000000084d00000, 0x0000000084d00000| Untracked 
|  52|0x0000000084e00000, 0x0000000084e20370, 0x0000000084f00000| 12%| S|CS|TAMS 0x0000000084e00000, 0x0000000084e00000| Complete 
|  53|0x0000000084f00000, 0x0000000084f00000, 0x0000000085000000|  0%| F|  |TAMS 0x0000000084f00000, 0x0000000084f00000| Untracked 
|  54|0x0000000085000000, 0x0000000085000000, 0x0000000085100000|  0%| F|  |TAMS 0x0000000085000000, 0x0000000085000000| Untracked 
|  55|0x0000000085100000, 0x0000000085100000, 0x0000000085200000|  0%| F|  |TAMS 0x0000000085100000, 0x0000000085100000| Untracked 
|  56|0x0000000085200000, 0x0000000085200000, 0x0000000085300000|  0%| F|  |TAMS 0x0000000085200000, 0x0000000085200000| Untracked 
|  57|0x0000000085300000, 0x0000000085300000, 0x0000000085400000|  0%| F|  |TAMS 0x0000000085300000, 0x0000000085300000| Untracked 
|  58|0x0000000085400000, 0x0000000085400000, 0x0000000085500000|  0%| F|  |TAMS 0x0000000085400000, 0x0000000085400000| Untracked 
|  59|0x0000000085500000, 0x0000000085500000, 0x0000000085600000|  0%| F|  |TAMS 0x0000000085500000, 0x0000000085500000| Untracked 
|  60|0x0000000085600000, 0x0000000085600000, 0x0000000085700000|  0%| F|  |TAMS 0x0000000085600000, 0x0000000085600000| Untracked 
|  61|0x0000000085700000, 0x0000000085700000, 0x0000000085800000|  0%| F|  |TAMS 0x0000000085700000, 0x0000000085700000| Untracked 
|  62|0x0000000085800000, 0x0000000085800000, 0x0000000085900000|  0%| F|  |TAMS 0x0000000085800000, 0x0000000085800000| Untracked 
|  63|0x0000000085900000, 0x0000000085900000, 0x0000000085a00000|  0%| F|  |TAMS 0x0000000085900000, 0x0000000085900000| Untracked 
|  64|0x0000000085a00000, 0x0000000085a00000, 0x0000000085b00000|  0%| F|  |TAMS 0x0000000085a00000, 0x0000000085a00000| Untracked 
|  65|0x0000000085b00000, 0x0000000085b00000, 0x0000000085c00000|  0%| F|  |TAMS 0x0000000085b00000, 0x0000000085b00000| Untracked 
|  66|0x0000000085c00000, 0x0000000085c00000, 0x0000000085d00000|  0%| F|  |TAMS 0x0000000085c00000, 0x0000000085c00000| Untracked 
|  67|0x0000000085d00000, 0x0000000085d00000, 0x0000000085e00000|  0%| F|  |TAMS 0x0000000085d00000, 0x0000000085d00000| Untracked 
|  68|0x0000000085e00000, 0x0000000085e00000, 0x0000000085f00000|  0%| F|  |TAMS 0x0000000085e00000, 0x0000000085e00000| Untracked 
|  69|0x0000000085f00000, 0x0000000085f00000, 0x0000000086000000|  0%| F|  |TAMS 0x0000000085f00000, 0x0000000085f00000| Untracked 
|  70|0x0000000086000000, 0x0000000086000000, 0x0000000086100000|  0%| F|  |TAMS 0x0000000086000000, 0x0000000086000000| Untracked 
|  71|0x0000000086100000, 0x0000000086100000, 0x0000000086200000|  0%| F|  |TAMS 0x0000000086100000, 0x0000000086100000| Untracked 
|  72|0x0000000086200000, 0x0000000086200000, 0x0000000086300000|  0%| F|  |TAMS 0x0000000086200000, 0x0000000086200000| Untracked 
|  73|0x0000000086300000, 0x0000000086300000, 0x0000000086400000|  0%| F|  |TAMS 0x0000000086300000, 0x0000000086300000| Untracked 
|  74|0x0000000086400000, 0x0000000086400000, 0x0000000086500000|  0%| F|  |TAMS 0x0000000086400000, 0x0000000086400000| Untracked 
|  75|0x0000000086500000, 0x0000000086500000, 0x0000000086600000|  0%| F|  |TAMS 0x0000000086500000, 0x0000000086500000| Untracked 
|  76|0x0000000086600000, 0x0000000086600000, 0x0000000086700000|  0%| F|  |TAMS 0x0000000086600000, 0x0000000086600000| Untracked 
|  77|0x0000000086700000, 0x0000000086700000, 0x0000000086800000|  0%| F|  |TAMS 0x0000000086700000, 0x0000000086700000| Untracked 
|  78|0x0000000086800000, 0x0000000086800000, 0x0000000086900000|  0%| F|  |TAMS 0x0000000086800000, 0x0000000086800000| Untracked 
|  79|0x0000000086900000, 0x0000000086900000, 0x0000000086a00000|  0%| F|  |TAMS 0x0000000086900000, 0x0000000086900000| Untracked 
|  80|0x0000000086a00000, 0x0000000086a00000, 0x0000000086b00000|  0%| F|  |TAMS 0x0000000086a00000, 0x0000000086a00000| Untracked 
|  81|0x0000000086b00000, 0x0000000086b00000, 0x0000000086c00000|  0%| F|  |TAMS 0x0000000086b00000, 0x0000000086b00000| Untracked 
|  82|0x0000000086c00000, 0x0000000086c00000, 0x0000000086d00000|  0%| F|  |TAMS 0x0000000086c00000, 0x0000000086c00000| Untracked 
|  83|0x0000000086d00000, 0x0000000086d00000, 0x0000000086e00000|  0%| F|  |TAMS 0x0000000086d00000, 0x0000000086d00000| Untracked 
|  84|0x0000000086e00000, 0x0000000086e00000, 0x0000000086f00000|  0%| F|  |TAMS 0x0000000086e00000, 0x0000000086e00000| Untracked 
|  85|0x0000000086f00000, 0x0000000086f00000, 0x0000000087000000|  0%| F|  |TAMS 0x0000000086f00000, 0x0000000086f00000| Untracked 
|  86|0x0000000087000000, 0x0000000087000000, 0x0000000087100000|  0%| F|  |TAMS 0x0000000087000000, 0x0000000087000000| Untracked 
|  87|0x0000000087100000, 0x0000000087100000, 0x0000000087200000|  0%| F|  |TAMS 0x0000000087100000, 0x0000000087100000| Untracked 
|  88|0x0000000087200000, 0x0000000087200000, 0x0000000087300000|  0%| F|  |TAMS 0x0000000087200000, 0x0000000087200000| Untracked 
|  89|0x0000000087300000, 0x0000000087300000, 0x0000000087400000|  0%| F|  |TAMS 0x0000000087300000, 0x0000000087300000| Untracked 
|  90|0x0000000087400000, 0x0000000087400000, 0x0000000087500000|  0%| F|  |TAMS 0x0000000087400000, 0x0000000087400000| Untracked 
|  91|0x0000000087500000, 0x0000000087500000, 0x0000000087600000|  0%| F|  |TAMS 0x0000000087500000, 0x0000000087500000| Untracked 
|  92|0x0000000087600000, 0x0000000087600000, 0x0000000087700000|  0%| F|  |TAMS 0x0000000087600000, 0x0000000087600000| Untracked 
|  93|0x0000000087700000, 0x0000000087700000, 0x0000000087800000|  0%| F|  |TAMS 0x0000000087700000, 0x0000000087700000| Untracked 
|  94|0x0000000087800000, 0x0000000087800000, 0x0000000087900000|  0%| F|  |TAMS 0x0000000087800000, 0x0000000087800000| Untracked 
|  95|0x0000000087900000, 0x0000000087980800, 0x0000000087a00000| 50%| E|  |TAMS 0x0000000087900000, 0x0000000087900000| Complete 
|  96|0x0000000087a00000, 0x0000000087b00000, 0x0000000087b00000|100%| E|CS|TAMS 0x0000000087a00000, 0x0000000087a00000| Complete 
|  97|0x0000000087b00000, 0x0000000087c00000, 0x0000000087c00000|100%| E|CS|TAMS 0x0000000087b00000, 0x0000000087b00000| Complete 
|  98|0x0000000087c00000, 0x0000000087d00000, 0x0000000087d00000|100%| E|CS|TAMS 0x0000000087c00000, 0x0000000087c00000| Complete 
|  99|0x0000000087d00000, 0x0000000087e00000, 0x0000000087e00000|100%| E|CS|TAMS 0x0000000087d00000, 0x0000000087d00000| Complete 
| 100|0x0000000087e00000, 0x0000000087f00000, 0x0000000087f00000|100%| E|CS|TAMS 0x0000000087e00000, 0x0000000087e00000| Complete 
| 101|0x0000000087f00000, 0x0000000088000000, 0x0000000088000000|100%| E|CS|TAMS 0x0000000087f00000, 0x0000000087f00000| Complete 
| 102|0x0000000088000000, 0x0000000088100000, 0x0000000088100000|100%| E|CS|TAMS 0x0000000088000000, 0x0000000088000000| Complete 
| 103|0x0000000088100000, 0x0000000088200000, 0x0000000088200000|100%| E|CS|TAMS 0x0000000088100000, 0x0000000088100000| Complete 
| 104|0x0000000088200000, 0x0000000088300000, 0x0000000088300000|100%| E|CS|TAMS 0x0000000088200000, 0x0000000088200000| Complete 
| 105|0x0000000088300000, 0x0000000088400000, 0x0000000088400000|100%| E|CS|TAMS 0x0000000088300000, 0x0000000088300000| Complete 
| 106|0x0000000088400000, 0x0000000088500000, 0x0000000088500000|100%| E|CS|TAMS 0x0000000088400000, 0x0000000088400000| Complete 
| 107|0x0000000088500000, 0x0000000088600000, 0x0000000088600000|100%| E|CS|TAMS 0x0000000088500000, 0x0000000088500000| Complete 
| 108|0x0000000088600000, 0x0000000088700000, 0x0000000088700000|100%| E|CS|TAMS 0x0000000088600000, 0x0000000088600000| Complete 
| 109|0x0000000088700000, 0x0000000088800000, 0x0000000088800000|100%| E|CS|TAMS 0x0000000088700000, 0x0000000088700000| Complete 
| 110|0x0000000088800000, 0x0000000088900000, 0x0000000088900000|100%| E|CS|TAMS 0x0000000088800000, 0x0000000088800000| Complete 
| 111|0x0000000088900000, 0x0000000088a00000, 0x0000000088a00000|100%| E|CS|TAMS 0x0000000088900000, 0x0000000088900000| Complete 
| 112|0x0000000088a00000, 0x0000000088b00000, 0x0000000088b00000|100%| E|CS|TAMS 0x0000000088a00000, 0x0000000088a00000| Complete 
| 113|0x0000000088b00000, 0x0000000088c00000, 0x0000000088c00000|100%| E|CS|TAMS 0x0000000088b00000, 0x0000000088b00000| Complete 
| 114|0x0000000088c00000, 0x0000000088d00000, 0x0000000088d00000|100%| E|CS|TAMS 0x0000000088c00000, 0x0000000088c00000| Complete 
| 115|0x0000000088d00000, 0x0000000088e00000, 0x0000000088e00000|100%| E|CS|TAMS 0x0000000088d00000, 0x0000000088d00000| Complete 
| 116|0x0000000088e00000, 0x0000000088f00000, 0x0000000088f00000|100%| E|CS|TAMS 0x0000000088e00000, 0x0000000088e00000| Complete 
| 117|0x0000000088f00000, 0x0000000089000000, 0x0000000089000000|100%| E|CS|TAMS 0x0000000088f00000, 0x0000000088f00000| Complete 
| 118|0x0000000089000000, 0x0000000089100000, 0x0000000089100000|100%| E|CS|TAMS 0x0000000089000000, 0x0000000089000000| Complete 
| 119|0x0000000089100000, 0x0000000089200000, 0x0000000089200000|100%| E|CS|TAMS 0x0000000089100000, 0x0000000089100000| Complete 
| 120|0x0000000089200000, 0x0000000089300000, 0x0000000089300000|100%| E|CS|TAMS 0x0000000089200000, 0x0000000089200000| Complete 
| 121|0x0000000089300000, 0x0000000089400000, 0x0000000089400000|100%| E|CS|TAMS 0x0000000089300000, 0x0000000089300000| Complete 
| 122|0x0000000089400000, 0x0000000089500000, 0x0000000089500000|100%| E|CS|TAMS 0x0000000089400000, 0x0000000089400000| Complete 
| 123|0x0000000089500000, 0x0000000089600000, 0x0000000089600000|100%| E|CS|TAMS 0x0000000089500000, 0x0000000089500000| Complete 
| 124|0x0000000089600000, 0x0000000089700000, 0x0000000089700000|100%| E|CS|TAMS 0x0000000089600000, 0x0000000089600000| Complete 
| 125|0x0000000089700000, 0x0000000089800000, 0x0000000089800000|100%| E|CS|TAMS 0x0000000089700000, 0x0000000089700000| Complete 
| 126|0x0000000089800000, 0x0000000089900000, 0x0000000089900000|100%| E|CS|TAMS 0x0000000089800000, 0x0000000089800000| Complete 
| 127|0x0000000089900000, 0x0000000089a00000, 0x0000000089a00000|100%| E|CS|TAMS 0x0000000089900000, 0x0000000089900000| Complete 

Card table byte_map: [0x0000020b29e50000,0x0000020b2a250000] _byte_map_base: 0x0000020b29a43000

Marking Bits (Prev, Next): (CMBitMap*) 0x0000020b108479f8, (CMBitMap*) 0x0000020b10847a38
 Prev Bits: [0x0000020b2a650000, 0x0000020b2c5e8000)
 Next Bits: [0x0000020b2c5f0000, 0x0000020b2e588000)

Polling page: 0x0000020b105d0000

Metaspace:

Usage:
  Non-class:      6.48 MB capacity,     6.38 MB ( 98%) used,    98.83 KB (  1%) free+waste,     9.94 KB ( <1%) overhead. 
      Class:    721.00 KB capacity,   642.77 KB ( 89%) used,    73.23 KB ( 10%) free+waste,     5.00 KB ( <1%) overhead. 
       Both:      7.19 MB capacity,     7.00 MB ( 97%) used,   172.06 KB (  2%) free+waste,    14.94 KB ( <1%) overhead. 

Virtual space:
  Non-class space:        8.00 MB reserved,       6.50 MB ( 81%) committed 
      Class space:        1.00 GB reserved,     768.00 KB ( <1%) committed 
             Both:        1.01 GB reserved,       7.25 MB ( <1%) committed 

Chunk freelists:
   Non-Class:  2.13 KB
       Class:  1.88 KB
        Both:  4.00 KB

CodeHeap 'non-profiled nmethods': size=120064Kb used=1767Kb max_used=1767Kb free=118296Kb
 bounds [0x0000020b21ef0000, 0x0000020b22160000, 0x0000020b29430000]
CodeHeap 'profiled nmethods': size=120000Kb used=4249Kb max_used=4249Kb free=115750Kb
 bounds [0x0000020b1a9c0000, 0x0000020b1adf0000, 0x0000020b21ef0000]
CodeHeap 'non-nmethods': size=5696Kb used=1151Kb max_used=1230Kb free=4545Kb
 bounds [0x0000020b1a430000, 0x0000020b1a6a0000, 0x0000020b1a9c0000]
 total_blobs=3424 nmethods=2046 adapters=387
 compilation: enabled
              stopped_count=0, restarted_count=0
 full_count=0

Compilation events (10 events):
Event: 5.281 Thread 0x0000020b30b8d800 nmethod 2048 0x0000020b1addf610 code [0x0000020b1addf860, 0x0000020b1ade0200]
Event: 5.282 Thread 0x0000020b30b8d800 2049       3       com.esotericsoftware.kryo.serializers.FieldSerializer::newMatchingCachedField (154 bytes)
Event: 5.283 Thread 0x0000020b30b8d800 nmethod 2049 0x0000020b1ade0690 code [0x0000020b1ade0a20, 0x0000020b1ade1f60]
Event: 5.283 Thread 0x0000020b30b8d800 2050       3       com.esotericsoftware.kryo.serializers.UnsafeCachedFieldFactory::createCachedField (239 bytes)
Event: 5.285 Thread 0x0000020b30b8d800 nmethod 2050 0x0000020b1ade2610 code [0x0000020b1ade2a80, 0x0000020b1ade4c10]
Event: 5.285 Thread 0x0000020b30b8d800 2051   !   3       java.lang.reflect.Field::declaredAnnotations (82 bytes)
Event: 5.285 Thread 0x0000020b30b8d800 nmethod 2051 0x0000020b1ade5610 code [0x0000020b1ade5820, 0x0000020b1ade5e90]
Event: 5.290 Thread 0x0000020b31b70000 nmethod 2047 0x0000020b220a6510 code [0x0000020b220a6720, 0x0000020b220a6f68]
Event: 5.290 Thread 0x0000020b31b70000 2055       4       com.esotericsoftware.kryo.util.ObjectMap::hash2 (19 bytes)
Event: 5.290 Thread 0x0000020b30b8d800 2056       3       com.esotericsoftware.kryo.util.IdentityObjectIntMap::getStash (51 bytes)

GC Heap History (10 events):
Event: 4.249 GC heap before
{Heap before GC invocations=6 (full 0):
 garbage-first heap   total 131072K, used 83960K [0x0000000081a00000, 0x0000000100000000)
  region size 1024K, 76 young (77824K), 1 survivors (1024K)
 Metaspace       used 7074K, capacity 7296K, committed 7424K, reserved 1056768K
  class space    used 634K, capacity 721K, committed 768K, reserved 1048576K
}
Event: 4.250 GC heap after
{Heap after GC invocations=7 (full 0):
 garbage-first heap   total 131072K, used 7148K [0x0000000081a00000, 0x0000000100000000)
  region size 1024K, 1 young (1024K), 1 survivors (1024K)
 Metaspace       used 7074K, capacity 7296K, committed 7424K, reserved 1056768K
  class space    used 634K, capacity 721K, committed 768K, reserved 1048576K
}
Event: 4.482 GC heap before
{Heap before GC invocations=7 (full 0):
 garbage-first heap   total 131072K, used 83948K [0x0000000081a00000, 0x0000000100000000)
  region size 1024K, 76 young (77824K), 1 survivors (1024K)
 Metaspace       used 7074K, capacity 7296K, committed 7424K, reserved 1056768K
  class space    used 634K, capacity 721K, committed 768K, reserved 1048576K
}
Event: 4.483 GC heap after
{Heap after GC invocations=8 (full 0):
 garbage-first heap   total 131072K, used 7150K [0x0000000081a00000, 0x0000000100000000)
  region size 1024K, 1 young (1024K), 1 survivors (1024K)
 Metaspace       used 7074K, capacity 7296K, committed 7424K, reserved 1056768K
  class space    used 634K, capacity 721K, committed 768K, reserved 1048576K
}
Event: 4.729 GC heap before
{Heap before GC invocations=8 (full 0):
 garbage-first heap   total 131072K, used 83950K [0x0000000081a00000, 0x0000000100000000)
  region size 1024K, 76 young (77824K), 1 survivors (1024K)
 Metaspace       used 7076K, capacity 7296K, committed 7424K, reserved 1056768K
  class space    used 635K, capacity 721K, committed 768K, reserved 1048576K
}
Event: 4.730 GC heap after
{Heap after GC invocations=9 (full 0):
 garbage-first heap   total 131072K, used 7164K [0x0000000081a00000, 0x0000000100000000)
  region size 1024K, 1 young (1024K), 1 survivors (1024K)
 Metaspace       used 7076K, capacity 7296K, committed 7424K, reserved 1056768K
  class space    used 635K, capacity 721K, committed 768K, reserved 1048576K
}
Event: 4.947 GC heap before
{Heap before GC invocations=9 (full 0):
 garbage-first heap   total 131072K, used 83964K [0x0000000081a00000, 0x0000000100000000)
  region size 1024K, 76 young (77824K), 1 survivors (1024K)
 Metaspace       used 7077K, capacity 7296K, committed 7424K, reserved 1056768K
  class space    used 635K, capacity 721K, committed 768K, reserved 1048576K
}
Event: 4.948 GC heap after
{Heap after GC invocations=10 (full 0):
 garbage-first heap   total 131072K, used 7159K [0x0000000081a00000, 0x0000000100000000)
  region size 1024K, 1 young (1024K), 1 survivors (1024K)
 Metaspace       used 7077K, capacity 7296K, committed 7424K, reserved 1056768K
  class space    used 635K, capacity 721K, committed 768K, reserved 1048576K
}
Event: 5.133 GC heap before
{Heap before GC invocations=10 (full 0):
 garbage-first heap   total 131072K, used 83959K [0x0000000081a00000, 0x0000000100000000)
  region size 1024K, 76 young (77824K), 1 survivors (1024K)
 Metaspace       used 7077K, capacity 7296K, committed 7424K, reserved 1056768K
  class space    used 635K, capacity 721K, committed 768K, reserved 1048576K
}
Event: 5.135 GC heap after
{Heap after GC invocations=11 (full 0):
 garbage-first heap   total 131072K, used 7151K [0x0000000081a00000, 0x0000000100000000)
  region size 1024K, 1 young (1024K), 1 survivors (1024K)
 Metaspace       used 7077K, capacity 7296K, committed 7424K, reserved 1056768K
  class space    used 635K, capacity 721K, committed 768K, reserved 1048576K
}

Deoptimization events (10 events):
Event: 5.277 Thread 0x0000020b1080d800 Uncommon trap: reason=unstable_if action=reinterpret pc=0x0000020b220060b4 method=java.lang.Class.getGenericInfo()Lsun/reflect/generics/repository/ClassRepository; @ 6 c2
Event: 5.278 Thread 0x0000020b1080d800 Uncommon trap: reason=class_check action=maybe_recompile pc=0x0000020b21ff8628 method=com.esotericsoftware.kryo.serializers.ObjectField.write(Lcom/esotericsoftware/kryo/io/Output;Ljava/lang/Object;)V @ 177 c2
Event: 5.278 Thread 0x0000020b1080d800 Uncommon trap: reason=class_check action=maybe_recompile pc=0x0000020b21ff393c method=com.esotericsoftware.kryo.Kryo.writeObjectOrNull(Lcom/esotericsoftware/kryo/io/Output;Ljava/lang/Object;Lcom/esotericsoftware/kryo/Serializer;)V @ 184 c2
Event: 5.278 Thread 0x0000020b1080d800 Uncommon trap: reason=unstable_if action=reinterpret pc=0x0000020b22021904 method=com.esotericsoftware.kryo.serializers.DefaultArraySerializers$ObjectArraySerializer.<init>(Lcom/esotericsoftware/kryo/Kryo;Ljava/lang/Class;)V @ 32 c2
Event: 5.280 Thread 0x0000020b1080d800 Uncommon trap: reason=class_check action=maybe_recompile pc=0x0000020b22057b44 method=com.esotericsoftware.kryo.serializers.ObjectField.read(Lcom/esotericsoftware/kryo/io/Input;Ljava/lang/Object;)V @ 171 c2
Event: 5.280 Thread 0x0000020b1080d800 Uncommon trap: reason=class_check action=maybe_recompile pc=0x0000020b22025700 method=com.esotericsoftware.kryo.Kryo.readObjectOrNull(Lcom/esotericsoftware/kryo/io/Input;Ljava/lang/Class;Lcom/esotericsoftware/kryo/Serializer;)Ljava/lang/Object; @ 106 c2
Event: 5.280 Thread 0x0000020b1080d800 Uncommon trap: reason=unstable_if action=reinterpret pc=0x0000020b22094bd8 method=com.esotericsoftware.kryo.io.Input.readVarLong(Z)J @ 118 c2
Event: 5.280 Thread 0x0000020b1080d800 Uncommon trap: reason=class_check action=maybe_recompile pc=0x0000020b22057b44 method=com.esotericsoftware.kryo.serializers.ObjectField.read(Lcom/esotericsoftware/kryo/io/Input;Ljava/lang/Object;)V @ 171 c2
Event: 5.280 Thread 0x0000020b1080d800 Uncommon trap: reason=class_check action=maybe_recompile pc=0x0000020b22025700 method=com.esotericsoftware.kryo.Kryo.readObjectOrNull(Lcom/esotericsoftware/kryo/io/Input;Ljava/lang/Class;Lcom/esotericsoftware/kryo/Serializer;)Ljava/lang/Object; @ 106 c2
Event: 5.290 Thread 0x0000020b1080d800 Uncommon trap: reason=class_check action=maybe_recompile pc=0x0000020b21fbe350 method=com.esotericsoftware.kryo.factories.ReflectionSerializerFactory.makeSerializer(Lcom/esotericsoftware/kryo/Kryo;Ljava/lang/Class;Ljava/lang/Class;)Lcom/esotericsoftware/k

Classes redefined (0 events):
No events

Internal exceptions (10 events):
Event: 1.169 Thread 0x0000020b1080d800 Exception <a 'java/lang/NoSuchMethodError'{0x0000000089076fc8}: java.lang.invoke.DirectMethodHandle$Holder.invokeStaticInit(Ljava/lang/Object;Ljava/lang/Object;IIII)Ljava/lang/Object;> (0x0000000089076fc8) thrown at [t:/workspace/open/src/hotspot/share/in
Event: 1.553 Thread 0x0000020b1080d800 Implicit null exception at 0x0000020b21f1e5ee to 0x0000020b21f1ef8f
Event: 1.554 Thread 0x0000020b1080d800 Implicit null exception at 0x0000020b21efb0cf to 0x0000020b21efb14d
Event: 2.015 Thread 0x0000020b1080d800 Exception <a 'java/lang/NoSuchMethodError'{0x0000000089743b18}: org.slf4j.impl.StaticMDCBinder.getSingleton()Lorg/slf4j/impl/StaticMDCBinder;> (0x0000000089743b18) thrown at [t:/workspace/open/src/hotspot/share/interpreter/linkResolver.cpp, line 777]
Event: 2.490 Thread 0x0000020b1080d800 Implicit null exception at 0x0000020b21f9c3b7 to 0x0000020b21f9cdee
Event: 2.524 Thread 0x0000020b1080d800 Implicit null exception at 0x0000020b21f9eed2 to 0x0000020b21f9f95a
Event: 5.202 Thread 0x0000020b1080d800 Implicit null exception at 0x0000020b21fd34e4 to 0x0000020b21fd351e
Event: 5.202 Thread 0x0000020b1080d800 Implicit null exception at 0x0000020b21fdf52a to 0x0000020b21fe1f42
Event: 5.276 Thread 0x0000020b1080d800 Implicit null exception at 0x0000020b21fa58e5 to 0x0000020b21faa9d0
Event: 5.276 Thread 0x0000020b1080d800 Implicit null exception at 0x0000020b21f9294c to 0x0000020b21f929f6

Events (10 events):
Event: 5.280 Thread 0x0000020b1080d800 DEOPT PACKING pc=0x0000020b22057b44 sp=0x0000005c3c3fede0
Event: 5.280 Thread 0x0000020b1080d800 DEOPT UNPACKING pc=0x0000020b1a459baf sp=0x0000005c3c3fed80 mode 2
Event: 5.280 Thread 0x0000020b1080d800 Uncommon trap: trap_request=0xffffffde fr.pc=0x0000020b22025700 relative=0x0000000000000720
Event: 5.280 Thread 0x0000020b1080d800 DEOPT PACKING pc=0x0000020b22025700 sp=0x0000005c3c3fed20
Event: 5.280 Thread 0x0000020b1080d800 DEOPT UNPACKING pc=0x0000020b1a459baf sp=0x0000005c3c3fecd8 mode 2
Event: 5.282 loading class one/wangwei/blockchain/transaction/UTXOSet
Event: 5.282 loading class one/wangwei/blockchain/transaction/UTXOSet done
Event: 5.290 Thread 0x0000020b1080d800 Uncommon trap: trap_request=0xffffffde fr.pc=0x0000020b21fbe350 relative=0x000000000000b350
Event: 5.290 Thread 0x0000020b1080d800 DEOPT PACKING pc=0x0000020b21fbe350 sp=0x0000005c3c3fec70
Event: 5.290 Thread 0x0000020b1080d800 DEOPT UNPACKING pc=0x0000020b1a459baf sp=0x0000005c3c3feb08 mode 2


Dynamic libraries:
0x00007ff6e3e80000 - 0x00007ff6e3e8f000 	C:\Program Files\Java\jdk-12.0.1\bin\java.exe
0x00007ffda2280000 - 0x00007ffda2470000 	C:\WINDOWS\SYSTEM32\ntdll.dll
0x00007ffda0bc0000 - 0x00007ffda0c72000 	C:\WINDOWS\System32\KERNEL32.DLL
0x00007ffd9fed0000 - 0x00007ffda0174000 	C:\WINDOWS\System32\KERNELBASE.dll
0x00007ffd9fd80000 - 0x00007ffd9fe7a000 	C:\WINDOWS\System32\ucrtbase.dll
0x00007ffd9d260000 - 0x00007ffd9d278000 	C:\Program Files\Java\jdk-12.0.1\bin\jli.dll
0x00007ffda0ef0000 - 0x00007ffda0f93000 	C:\WINDOWS\System32\ADVAPI32.dll
0x00007ffda07a0000 - 0x00007ffda083e000 	C:\WINDOWS\System32\msvcrt.dll
0x00007ffda0980000 - 0x00007ffda0a17000 	C:\WINDOWS\System32\sechost.dll
0x00007ffda1850000 - 0x00007ffda1970000 	C:\WINDOWS\System32\RPCRT4.dll
0x00007ffda0fa0000 - 0x00007ffda1134000 	C:\WINDOWS\System32\USER32.dll
0x00007ffda0200000 - 0x00007ffda0221000 	C:\WINDOWS\System32\win32u.dll
0x00007ffda20d0000 - 0x00007ffda20f6000 	C:\WINDOWS\System32\GDI32.dll
0x00007ffd9f350000 - 0x00007ffd9f4e6000 	C:\WINDOWS\System32\gdi32full.dll
0x00007ffda0230000 - 0x00007ffda02ce000 	C:\WINDOWS\System32\msvcp_win.dll
0x00007ffd99a40000 - 0x00007ffd99a56000 	C:\Program Files\Java\jdk-12.0.1\bin\VCRUNTIME140.dll
0x00007ffd92240000 - 0x00007ffd924c4000 	C:\WINDOWS\WinSxS\amd64_microsoft.windows.common-controls_6595b64144ccf1df_6.0.18362.959_none_e6c7bbbf130c62bb\COMCTL32.dll
0x00007ffda1c30000 - 0x00007ffda1f65000 	C:\WINDOWS\System32\combase.dll
0x00007ffda0180000 - 0x00007ffda0200000 	C:\WINDOWS\System32\bcryptPrimitives.dll
0x00007ffd96280000 - 0x00007ffd9628a000 	C:\WINDOWS\SYSTEM32\VERSION.dll
0x00007ffda0840000 - 0x00007ffda086e000 	C:\WINDOWS\System32\IMM32.DLL
0x00007ffd99920000 - 0x00007ffd999ca000 	C:\Program Files\Java\jdk-12.0.1\bin\msvcp140.dll
0x00007ffd6b5d0000 - 0x00007ffd6c144000 	C:\Program Files\Java\jdk-12.0.1\bin\server\jvm.dll
0x00007ffda0870000 - 0x00007ffda0878000 	C:\WINDOWS\System32\PSAPI.DLL
0x00007ffd8f660000 - 0x00007ffd8f669000 	C:\WINDOWS\SYSTEM32\WSOCK32.dll
0x00007ffd9d0d0000 - 0x00007ffd9d0f4000 	C:\WINDOWS\SYSTEM32\WINMM.dll
0x00007ffda0b50000 - 0x00007ffda0bbf000 	C:\WINDOWS\System32\WS2_32.dll
0x00007ffd9d070000 - 0x00007ffd9d09d000 	C:\WINDOWS\SYSTEM32\winmmbase.dll
0x00007ffd9fe80000 - 0x00007ffd9feca000 	C:\WINDOWS\System32\cfgmgr32.dll
0x00007ffd9f140000 - 0x00007ffd9f151000 	C:\WINDOWS\System32\kernel.appcore.dll
0x00007ffd99900000 - 0x00007ffd99911000 	C:\Program Files\Java\jdk-12.0.1\bin\verify.dll
0x00007ffd9b610000 - 0x00007ffd9b804000 	C:\WINDOWS\SYSTEM32\DBGHELP.DLL
0x00007ffd8edc0000 - 0x00007ffd8edea000 	C:\WINDOWS\SYSTEM32\dbgcore.DLL
0x00007ffd998d0000 - 0x00007ffd998f6000 	C:\Program Files\Java\jdk-12.0.1\bin\java.dll
0x00007ffd9d230000 - 0x00007ffd9d23e000 	C:\Program Files\Java\jdk-12.0.1\bin\instrument.dll
0x00007ffd995a0000 - 0x00007ffd995b7000 	C:\Program Files\Java\jdk-12.0.1\bin\zip.dll
0x00007ffd99a20000 - 0x00007ffd99a2a000 	C:\Program Files\Java\jdk-12.0.1\bin\jimage.dll
0x00007ffda1140000 - 0x00007ffda1826000 	C:\WINDOWS\System32\SHELL32.dll
0x00007ffda0c80000 - 0x00007ffda0d29000 	C:\WINDOWS\System32\shcore.dll
0x00007ffd9f5f0000 - 0x00007ffd9fd72000 	C:\WINDOWS\System32\windows.storage.dll
0x00007ffd9f1d0000 - 0x00007ffd9f1f3000 	C:\WINDOWS\System32\profapi.dll
0x00007ffd9f160000 - 0x00007ffd9f1aa000 	C:\WINDOWS\System32\powrprof.dll
0x00007ffd9f130000 - 0x00007ffd9f140000 	C:\WINDOWS\System32\UMPDC.dll
0x00007ffda0a80000 - 0x00007ffda0ad2000 	C:\WINDOWS\System32\shlwapi.dll
0x00007ffd9f4f0000 - 0x00007ffd9f507000 	C:\WINDOWS\System32\cryptsp.dll
0x00007ffd99580000 - 0x00007ffd99599000 	C:\Program Files\Java\jdk-12.0.1\bin\net.dll
0x00007ffd93930000 - 0x00007ffd93a20000 	C:\WINDOWS\SYSTEM32\WINHTTP.dll
0x00007ffd90020000 - 0x00007ffd901f6000 	C:\WINDOWS\SYSTEM32\urlmon.dll
0x00007ffd8d5c0000 - 0x00007ffd8d866000 	C:\WINDOWS\SYSTEM32\iertutil.dll
0x00007ffd9eb70000 - 0x00007ffd9eb7c000 	C:\WINDOWS\SYSTEM32\CRYPTBASE.DLL
0x00007ffd9e9a0000 - 0x00007ffd9ea07000 	C:\WINDOWS\system32\mswsock.dll
0x00007ffd98ea0000 - 0x00007ffd98eb3000 	C:\Program Files\Java\jdk-12.0.1\bin\nio.dll
0x00007ffd98e80000 - 0x00007ffd98e9a000 	C:\Program Files\JetBrains\IntelliJ IDEA Community Edition 2020.1.3\bin\breakgen64.dll
0x00007ffd9e510000 - 0x00007ffd9e543000 	C:\WINDOWS\system32\rsaenh.dll
0x00007ffd9f510000 - 0x00007ffd9f536000 	C:\WINDOWS\System32\bcrypt.dll
0x00007ffd9f050000 - 0x00007ffd9f075000 	C:\WINDOWS\SYSTEM32\USERENV.dll
0x00007ffd9e6b0000 - 0x00007ffd9e6ea000 	C:\WINDOWS\SYSTEM32\IPHLPAPI.DLL
0x00007ffda0b40000 - 0x00007ffda0b48000 	C:\WINDOWS\System32\NSI.dll
0x00007ffd993a0000 - 0x00007ffd993b6000 	C:\WINDOWS\SYSTEM32\dhcpcsvc6.DLL
0x00007ffd99360000 - 0x00007ffd9937c000 	C:\WINDOWS\SYSTEM32\dhcpcsvc.DLL
0x00007ffd9e6f0000 - 0x00007ffd9e7bb000 	C:\WINDOWS\SYSTEM32\DNSAPI.dll
0x00007ffd66590000 - 0x00007ffd66c07000 	C:\Users\62737\AppData\Local\Temp\librocksdbjni16188155068093983599.dll

dbghelp: loaded successfully - version: 4.0.5 - missing functions: none
symbol engine: initialized successfully - sym options: 0x614 - pdb path: .;C:\Program Files\Java\jdk-12.0.1\bin;C:\WINDOWS\SYSTEM32;C:\WINDOWS\WinSxS\amd64_microsoft.windows.common-controls_6595b64144ccf1df_6.0.18362.959_none_e6c7bbbf130c62bb;C:\Program Files\Java\jdk-12.0.1\bin\server;C:\Program Files\JetBrains\IntelliJ IDEA Community Edition 2020.1.3\bin;C:\Users\62737\AppData\Local\Temp

VM Arguments:
jvm_args: -javaagent:C:\Program Files\JetBrains\IntelliJ IDEA Community Edition 2020.1.3\lib\idea_rt.jar=55291:C:\Program Files\JetBrains\IntelliJ IDEA Community Edition 2020.1.3\bin -Dfile.encoding=UTF-8 
java_command: one.wangwei.blockchain.cli.Main
java_class_path (initial): D:\int main\blockchain-java-master -÷ÿππ\target\classes;C:\Users\62737\.m2\repository\org\apache\commons\commons-lang3\3.7\commons-lang3-3.7.jar;C:\Users\62737\.m2\repository\commons-codec\commons-codec\1.11\commons-codec-1.11.jar;C:\Users\62737\.m2\repository\commons-cli\commons-cli\1.4\commons-cli-1.4.jar;C:\Users\62737\.m2\repository\commons-io\commons-io\2.6\commons-io-2.6.jar;C:\Users\62737\.m2\repository\com\google\guava\guava\24.0-jre\guava-24.0-jre.jar;C:\Users\62737\.m2\repository\com\google\code\findbugs\jsr305\1.3.9\jsr305-1.3.9.jar;C:\Users\62737\.m2\repository\org\checkerframework\checker-compat-qual\2.0.0\checker-compat-qual-2.0.0.jar;C:\Users\62737\.m2\repository\com\google\errorprone\error_prone_annotations\2.1.3\error_prone_annotations-2.1.3.jar;C:\Users\62737\.m2\repository\com\google\j2objc\j2objc-annotations\1.1\j2objc-annotations-1.1.jar;C:\Users\62737\.m2\repository\org\codehaus\mojo\animal-sniffer-annotations\1.14\animal-sniffer-annotations-1.14.jar;C:\Users\62737\.m2\repository\org\projectlombok\lombok\1.18.12\lombok-1.18.12.jar;C:\Users\62737\.m2\repository\com\esotericsoftware\kryo\4.0.1\kryo-4.0.1.jar;C:\Users\62737\.m2\repository\com\esotericsoftware\reflectasm\1.11.3\reflectasm-1.11.3.jar;C:\Users\62737\.m2\repository\org\ow2\asm\asm\5.0.4\asm-5.0.4.jar;C:\Users\62737\.m2\repository\com\esotericsoftware\minlog\1.3.0\minlog-1.3.0.jar;C:\Users\62737\.m2\repository\org\objenesis\objenesis\2.5.1\objenesis-2.5.1.jar;C:\Users\62737\.m2\repository\org\rocksdb\rocksdbjni\5.9.2\rocksdbjni-5.9.2.jar;C:\Users\62737\.m2\repository\org\bouncycastle\bcprov-jdk15on\1.59\bcprov-jdk15on-1.59.jar;C:\Users\62737\.m2\repository\org\slf4j\slf4j-api\1.7.25\slf4j-api-1.7.25.jar;C:\Users\62737\.m2\repository\ch\qos\logback\logback-core\1.2.3\logback-core-1.2.3.jar;C:\Users\62737\.m2\repository\ch\qos\logback\logback-classic\1.2.3\logback-classic-1.2.3.jar;C:\Users\62737\.m2\repository\org\jetbrains\annotations\19.0.0\annotations-19.
Launcher Type: SUN_STANDARD

[Global flags]
     intx CICompilerCount                          = 3                                         {product} {ergonomic}
     uint ConcGCThreads                            = 1                                         {product} {ergonomic}
     uint G1ConcRefinementThreads                  = 4                                         {product} {ergonomic}
   size_t G1HeapRegionSize                         = 1048576                                   {product} {ergonomic}
    uintx GCDrainStackTargetSize                   = 64                                        {product} {ergonomic}
   size_t InitialHeapSize                          = 134217728                                 {product} {ergonomic}
   size_t MarkStackSize                            = 4194304                                   {product} {ergonomic}
   size_t MaxHeapSize                              = 2120220672                                {product} {ergonomic}
   size_t MaxNewSize                               = 1271922688                                {product} {ergonomic}
   size_t MinHeapDeltaBytes                        = 1048576                                   {product} {ergonomic}
    uintx NonNMethodCodeHeapSize                   = 5830732                                {pd product} {ergonomic}
    uintx NonProfiledCodeHeapSize                  = 122913754                              {pd product} {ergonomic}
    uintx ProfiledCodeHeapSize                     = 122913754                              {pd product} {ergonomic}
    uintx ReservedCodeCacheSize                    = 251658240                              {pd product} {ergonomic}
     bool SegmentedCodeCache                       = true                                      {product} {ergonomic}
     bool UseCompressedClassPointers               = true                                 {lp64_product} {ergonomic}
     bool UseCompressedOops                        = true                                 {lp64_product} {ergonomic}
     bool UseG1GC                                  = true                                      {product} {ergonomic}
     bool UseLargePagesIndividualAllocation        = false                                  {pd product} {ergonomic}

Logging:
Log output configuration:
 #0: stdout all=warning uptime,level,tags
 #1: stderr all=off uptime,level,tags

Environment Variables:
JAVA_HOME=C:\Program Files\Java\jdk-12.0.1
PATH=C:\Windows\system32;C:\Windows;C:\Windows\System32\Wbem;C:\Windows\System32\WindowsPowerShell\v1.0\;C:\Windows\System32\OpenSSH\;C:\Program Files (x86)\NVIDIA Corporation\PhysX\Common;C:\Program Files\NVIDIA Corporation\NVIDIA NvDLISR;C:\Program Files\Java\jdk-12.0.1\bin;C:\Program Files\dotnet\;C:\Program Files\Microsoft SQL Server\130\Tools\Binn\;C:\Program Files\Microsoft SQL Server\Client SDK\ODBC\170\Tools\Binn\;C:\Program Files\MySQL\MySQL Server 8.0\bin;C:\Program Files\Git\cmd;C:\WINDOWS\system32;C:\WINDOWS;C:\WINDOWS\System32\Wbem;C:\WINDOWS\System32\WindowsPowerShell\v1.0\;C:\WINDOWS\System32\OpenSSH\;D:\Program Files\C++Library\OpenCV\420\opencv\build\x64\vc15\bin;D:\matlab\bin;D:\Program Files\apache-maven-3.6.1\bin;C:\Program Files\MySQL\MySQL Shell 8.0\bin\;C:\Users\62737\AppData\Local\Microsoft\WindowsApps;;D:\Bigdata-CCA\Microsoft VS Code\bin
USERNAME=62737
OS=Windows_NT
PROCESSOR_IDENTIFIER=Intel64 Family 6 Model 94 Stepping 3, GenuineIntel



---------------  S Y S T E M  ---------------

OS: Windows 10 , 64 bit Build 18362 (10.0.18362.959)

CPU:total 4 (initial active 4) (4 cores per cpu, 1 threads per core) family 6 model 94 stepping 3, cmov, cx8, fxsr, mmx, sse, sse2, sse3, ssse3, sse4.1, sse4.2, popcnt, avx, avx2, aes, clmul, erms, rtm, 3dnowpref, lzcnt, tsc, tscinvbit, bmi1, bmi2, adx, fma

Memory: 4k page, system-wide physical 8081M (2071M free)
TotalPageFile size 12689M (AvailPageFile size 2023M)
current process WorkingSet (physical memory assigned to process): 203M, peak: 208M
current process commit charge ("private bytes"): 275M, peak: 284M

vm_info: Java HotSpot(TM) 64-Bit Server VM (12.0.1+12) for windows-amd64 JRE (12.0.1+12), built on Apr  2 2019 14:02:19 by "mach5one" with MS VC++ 15.5 (VS2017)

END.
