#
# A fatal error has been detected by the Java Runtime Environment:
#
#  EXCEPTION_ACCESS_VIOLATION (0xc0000005) at pc=0x0000000000000000, pid=7720, tid=11016
#
# JRE version: Java(TM) SE Runtime Environment (12.0.1+12) (build 12.0.1+12)
# Java VM: Java HotSpot(TM) 64-Bit Server VM (12.0.1+12, mixed mode, sharing, tiered, compressed oops, g1 gc, windows-amd64)
# Problematic frame:
# C  0x0000000000000000
#
# No core dump will be written. Minidumps are not enabled by default on client versions of Windows
#
# If you would like to submit a bug report, please visit:
#   http://bugreport.java.com/bugreport/crash.jsp
# The crash happened outside the Java Virtual Machine in native code.
# See problematic frame for where to report the bug.
#

---------------  S U M M A R Y ------------

Command Line: -javaagent:C:\Program Files\JetBrains\IntelliJ IDEA Community Edition 2020.1.3\lib\idea_rt.jar=62723:C:\Program Files\JetBrains\IntelliJ IDEA Community Edition 2020.1.3\bin -Dfile.encoding=UTF-8 one.wangwei.blockchain.cli.Main

Host: Intel(R) Core(TM) i5-6300HQ CPU @ 2.30GHz, 4 cores, 7G,  Windows 10 , 64 bit Build 18362 (10.0.18362.959)
Time: Fri Aug 14 10:46:45 2020 ?D1®≤°¿®∫°¡?®∫°¿?? elapsed time: 16 seconds (0d 0h 0m 16s)

---------------  T H R E A D  ---------------

Current thread (0x0000024e947e9800):  JavaThread "main" [_thread_in_native, id=11016, stack(0x00000074ff500000,0x00000074ff600000)]

Stack: [0x00000074ff500000,0x00000074ff600000],  sp=0x00000074ff5fee68,  free space=1019k
Native frames: (J=compiled Java code, j=interpreted, Vv=VM code, C=native code)

Java frames: (J=compiled Java code, j=interpreted, Vv=VM code)
j  org.rocksdb.RocksDB.put(J[BII[BII)V+0
j  org.rocksdb.RocksDB.put([B[B)V+13
j  one.wangwei.blockchain.store.RocksDBUtils.putUTXOs(Ljava/lang/String;[Lone/wangwei/blockchain/transaction/TXOutput;)V+31
j  one.wangwei.blockchain.transaction.UTXOSet.reIndex()V+86
j  one.wangwei.blockchain.cli.CLI.createBlockchain(Ljava/lang/String;)V+15
j  one.wangwei.blockchain.cli.CLI.parse()V+339
j  one.wangwei.blockchain.cli.Main.main([Ljava/lang/String;)V+30
v  ~StubRoutines::call_stub

siginfo: EXCEPTION_ACCESS_VIOLATION (0xc0000005), data execution prevention violation at address 0x0000000000000000


Register to memory mapping:

RIP=0x0 is NULL
RAX=0x0000024eb57a2410 points into unknown readable memory: e0 8f 92 b5 4e 02 00 00
RBX=0x00000000000000d6 is an unknown value
RCX=0x0000024eb5edd020 points into unknown readable memory: f0 8a bf b6 4e 02 00 00
RDX=0x00000074ff5feed8 is pointing into the stack for thread: 0x0000024e947e9800
RSP=0x00000074ff5fee68 is pointing into the stack for thread: 0x0000024e947e9800
RBP=0x00000074ff5feef0 is pointing into the stack for thread: 0x0000024e947e9800
RSI=0x0 is NULL
RDI=0x0 is NULL
R8 =0x00007ffd6e4d8944 librocksdbjni3710916217119308961.dll
R9 =0x00000074ff5feec8 is pointing into the stack for thread: 0x0000024e947e9800
R10=0x00000000867ec858 points into unknown readable memory: 01 00 6a 61 76 61 2e 75
R11=0x00000074ff5fee50 is pointing into the stack for thread: 0x0000024e947e9800
R12=0x0000024e947e9b30 points into unknown readable memory: e0 1d f3 6e fd 7f 00 00
R13=0x0000024eb5edd020 points into unknown readable memory: 80 b8 22 b7 4e 02 00 00
R14=0x0000024eb6a34bf0 points into unknown readable memory: 03 01 63 68 61 69 6e 73
R15=0x0000024eb722e2e0 points into unknown readable memory: 01 00 6a 61 76 61 2e 75


Registers:
RAX=0x0000024eb57a2410, RBX=0x00000000000000d6, RCX=0x0000024eb5edd020, RDX=0x00000074ff5feed8
RSP=0x00000074ff5fee68, RBP=0x00000074ff5feef0, RSI=0x0000000000000000, RDI=0x0000000000000000
R8 =0x00007ffd6e4d8944, R9 =0x00000074ff5feec8, R10=0x00000000867ec858, R11=0x00000074ff5fee50
R12=0x0000024e947e9b30, R13=0x0000024eb5edd020, R14=0x0000024eb6a34bf0, R15=0x0000024eb722e2e0
RIP=0x0000000000000000, EFLAGS=0x0000000000010246

Top of Stack: (sp=0x00000074ff5fee68)
0x00000074ff5fee68:   00007ffd6e0ee87b 00000000000000d6
0x00000074ff5fee78:   000000000000000c 000000000000000c
0x00000074ff5fee88:   00000000867e8580 00000074ff5feeb8
0x00000074ff5fee98:   0000024e9e3b9655 fffffffffffffffe
0x00000074ff5feea8:   0000000000000000 0000000000000000
0x00000074ff5feeb8:   0000024eb722e2e0 00000000000000d6
0x00000074ff5feec8:   0000024eb6a34bf0 000000000000000c
0x00000074ff5feed8:   0000024eb50f6b50 0000000000000000
0x00000074ff5feee8:   00000074ff5fef28 0000024e947e9800
0x00000074ff5feef8:   00000074ff5ff0a0 0000024eb5062010
0x00000074ff5fef08:   0000000000000000 00000000867e8580
0x00000074ff5fef18:   0000000000000000 00000074ff5ff040
0x00000074ff5fef28:   00007ffd6e0f1464 0000024eb5062018
0x00000074ff5fef38:   00000000867e8140 00007ffd6e4d8944
0x00000074ff5fef48:   0000000000000000 00000074ff5ff088
0x00000074ff5fef58:   0000007400000000 0000024e0000000c 

Instructions: (pc=0x0000000000000000)
0xffffffffffffffe0:   


Stack slot to memory mapping:
stack at sp + 0 slots: 0x00007ffd6e0ee87b librocksdbjni3710916217119308961.dll
stack at sp + 1 slots: 0x00000000000000d6 is an unknown value
stack at sp + 2 slots: 0x000000000000000c is an unknown value
stack at sp + 3 slots: 0x000000000000000c is an unknown value
stack at sp + 4 slots: 0x00000000867e8580 points into unknown readable memory: 01 00 00 00 00 00 00 00
stack at sp + 5 slots: 0x00000074ff5feeb8 is pointing into the stack for thread: 0x0000024e947e9800
stack at sp + 6 slots: 0x0000024e9e3b9655 is at code_begin+277 in an Interpreter codelet
invoke return entry points  [0x0000024e9e3b9540, 0x0000024e9e3b9f60]  2592 bytes
stack at sp + 7 slots: 0xfffffffffffffffe is an unknown value


---------------  P R O C E S S  ---------------

Threads class SMR info:
_java_thread_list=0x0000024eb581c530, length=12, elements={
0x0000024e947e9800, 0x0000024eb4b92800, 0x0000024eb4b94000, 0x0000024eb5434000,
0x0000024eb5436000, 0x0000024eb5437000, 0x0000024eb5440800, 0x0000024eb4bbd800,
0x0000024eb555a800, 0x0000024eb5731000, 0x0000024eb5731800, 0x0000024eb65a9800
}

Java Threads: ( => current thread )
=>0x0000024e947e9800 JavaThread "main" [_thread_in_native, id=11016, stack(0x00000074ff500000,0x00000074ff600000)]
  0x0000024eb4b92800 JavaThread "Reference Handler" daemon [_thread_blocked, id=15084, stack(0x00000074ffc00000,0x00000074ffd00000)]
  0x0000024eb4b94000 JavaThread "Finalizer" daemon [_thread_blocked, id=6596, stack(0x00000074ffd00000,0x00000074ffe00000)]
  0x0000024eb5434000 JavaThread "Signal Dispatcher" daemon [_thread_blocked, id=8068, stack(0x00000074ffe00000,0x00000074fff00000)]
  0x0000024eb5436000 JavaThread "Attach Listener" daemon [_thread_blocked, id=16136, stack(0x00000074fff00000,0x0000007500000000)]
  0x0000024eb5437000 JavaThread "C2 CompilerThread0" daemon [_thread_blocked, id=3620, stack(0x0000007480000000,0x0000007480100000)]
  0x0000024eb5440800 JavaThread "C1 CompilerThread0" daemon [_thread_blocked, id=9788, stack(0x0000007480100000,0x0000007480200000)]
  0x0000024eb4bbd800 JavaThread "Sweeper thread" daemon [_thread_blocked, id=7444, stack(0x0000007480200000,0x0000007480300000)]
  0x0000024eb555a800 JavaThread "Common-Cleaner" daemon [_thread_blocked, id=10924, stack(0x0000007480300000,0x0000007480400000)]
  0x0000024eb5731000 JavaThread "Monitor Ctrl-Break" daemon [_thread_in_native, id=9948, stack(0x0000007480400000,0x0000007480500000)]
  0x0000024eb5731800 JavaThread "Service Thread" daemon [_thread_blocked, id=1136, stack(0x0000007480500000,0x0000007480600000)]
  0x0000024eb65a9800 JavaThread "C2 CompilerThread1" daemon [_thread_in_native, id=16368, stack(0x0000007480b00000,0x0000007480c00000)]

Other Threads:
  0x0000024eb4b8f800 VMThread "VM Thread" [stack: 0x00000074ffb00000,0x00000074ffc00000] [id=17396]
  0x0000024eb5732800 WatcherThread [stack: 0x0000007480600000,0x0000007480700000] [id=15800]
  0x0000024e94827000 GCTaskThread "GC Thread#0" [stack: 0x00000074ff600000,0x00000074ff700000] [id=10708]
  0x0000024eb6577000 GCTaskThread "GC Thread#1" [stack: 0x0000007480900000,0x0000007480a00000] [id=12248]
  0x0000024eb58a6000 GCTaskThread "GC Thread#2" [stack: 0x0000007480a00000,0x0000007480b00000] [id=9896]
  0x0000024e94875000 ConcurrentGCThread "G1 Main Marker" [stack: 0x00000074ff700000,0x00000074ff800000] [id=10984]
  0x0000024e94876000 ConcurrentGCThread "G1 Conc#0" [stack: 0x00000074ff800000,0x00000074ff900000] [id=9412]
  0x0000024eb4a0a800 ConcurrentGCThread "G1 Refine#0" [stack: 0x00000074ff900000,0x00000074ffa00000] [id=16868]
  0x0000024eb4a0b000 ConcurrentGCThread "G1 Young RemSet Sampling" [stack: 0x00000074ffa00000,0x00000074ffb00000] [id=12028]

Threads with active compile tasks:
C2 CompilerThread1  2077   !   4       com.esotericsoftware.kryo.Kryo::writeClassAndObject (212 bytes)

VM state:not at safepoint (normal execution)

VM Mutex/Monitor currently owned by a thread: None

Heap address: 0x0000000081a00000, size: 2022 MB, Compressed Oops mode: 32-bit
Narrow klass base: 0x0000000800000000, Narrow klass shift: 3
Compressed class space size: 1073741824 Address: 0x00000008011a0000

Heap:
 garbage-first heap   total 131072K, used 59550K [0x0000000081a00000, 0x0000000100000000)
  region size 1024K, 52 young (53248K), 1 survivors (1024K)
 Metaspace       used 7252K, capacity 7488K, committed 7680K, reserved 1056768K
  class space    used 648K, capacity 721K, committed 768K, reserved 1048576K
Heap Regions: E=young(eden), S=young(survivor), O=old, HS=humongous(starts), HC=humongous(continues), CS=collection set, F=free, A=archive, TAMS=top-at-mark-start (previous, next)
|   0|0x0000000081a00000, 0x0000000081b00000, 0x0000000081b00000|100%| O|  |TAMS 0x0000000081a00000, 0x0000000081a00000| Untracked 
|   1|0x0000000081b00000, 0x0000000081c00000, 0x0000000081c00000|100%| O|  |TAMS 0x0000000081b00000, 0x0000000081b00000| Untracked 
|   2|0x0000000081c00000, 0x0000000081d00000, 0x0000000081d00000|100%| O|  |TAMS 0x0000000081c00000, 0x0000000081c00000| Untracked 
|   3|0x0000000081d00000, 0x0000000081e00000, 0x0000000081e00000|100%| O|  |TAMS 0x0000000081d00000, 0x0000000081d00000| Untracked 
|   4|0x0000000081e00000, 0x0000000081f00000, 0x0000000081f00000|100%| O|  |TAMS 0x0000000081e00000, 0x0000000081e00000| Untracked 
|   5|0x0000000081f00000, 0x0000000082000000, 0x0000000082000000|100%| O|  |TAMS 0x0000000081f00000, 0x0000000081f00000| Untracked 
|   6|0x0000000082000000, 0x0000000082100000, 0x0000000082100000|100%| O|  |TAMS 0x0000000082000000, 0x0000000082000000| Untracked 
|   7|0x0000000082100000, 0x0000000082200000, 0x0000000082200000|100%| O|  |TAMS 0x0000000082100000, 0x0000000082100000| Untracked 
|   8|0x0000000082200000, 0x0000000082224000, 0x0000000082300000| 14%| O|  |TAMS 0x0000000082200000, 0x0000000082200000| Untracked 
|   9|0x0000000082300000, 0x0000000082300000, 0x0000000082400000|  0%| F|  |TAMS 0x0000000082300000, 0x0000000082300000| Untracked 
|  10|0x0000000082400000, 0x0000000082400000, 0x0000000082500000|  0%| F|  |TAMS 0x0000000082400000, 0x0000000082400000| Untracked 
|  11|0x0000000082500000, 0x0000000082500000, 0x0000000082600000|  0%| F|  |TAMS 0x0000000082500000, 0x0000000082500000| Untracked 
|  12|0x0000000082600000, 0x0000000082600000, 0x0000000082700000|  0%| F|  |TAMS 0x0000000082600000, 0x0000000082600000| Untracked 
|  13|0x0000000082700000, 0x0000000082700000, 0x0000000082800000|  0%| F|  |TAMS 0x0000000082700000, 0x0000000082700000| Untracked 
|  14|0x0000000082800000, 0x0000000082800000, 0x0000000082900000|  0%| F|  |TAMS 0x0000000082800000, 0x0000000082800000| Untracked 
|  15|0x0000000082900000, 0x0000000082900000, 0x0000000082a00000|  0%| F|  |TAMS 0x0000000082900000, 0x0000000082900000| Untracked 
|  16|0x0000000082a00000, 0x0000000082a00000, 0x0000000082b00000|  0%| F|  |TAMS 0x0000000082a00000, 0x0000000082a00000| Untracked 
|  17|0x0000000082b00000, 0x0000000082b00000, 0x0000000082c00000|  0%| F|  |TAMS 0x0000000082b00000, 0x0000000082b00000| Untracked 
|  18|0x0000000082c00000, 0x0000000082c00000, 0x0000000082d00000|  0%| F|  |TAMS 0x0000000082c00000, 0x0000000082c00000| Untracked 
|  19|0x0000000082d00000, 0x0000000082d00000, 0x0000000082e00000|  0%| F|  |TAMS 0x0000000082d00000, 0x0000000082d00000| Untracked 
|  20|0x0000000082e00000, 0x0000000082e00000, 0x0000000082f00000|  0%| F|  |TAMS 0x0000000082e00000, 0x0000000082e00000| Untracked 
|  21|0x0000000082f00000, 0x0000000082f00000, 0x0000000083000000|  0%| F|  |TAMS 0x0000000082f00000, 0x0000000082f00000| Untracked 
|  22|0x0000000083000000, 0x0000000083000000, 0x0000000083100000|  0%| F|  |TAMS 0x0000000083000000, 0x0000000083000000| Untracked 
|  23|0x0000000083100000, 0x0000000083100000, 0x0000000083200000|  0%| F|  |TAMS 0x0000000083100000, 0x0000000083100000| Untracked 
|  24|0x0000000083200000, 0x0000000083200000, 0x0000000083300000|  0%| F|  |TAMS 0x0000000083200000, 0x0000000083200000| Untracked 
|  25|0x0000000083300000, 0x0000000083300000, 0x0000000083400000|  0%| F|  |TAMS 0x0000000083300000, 0x0000000083300000| Untracked 
|  26|0x0000000083400000, 0x0000000083400000, 0x0000000083500000|  0%| F|  |TAMS 0x0000000083400000, 0x0000000083400000| Untracked 
|  27|0x0000000083500000, 0x0000000083500000, 0x0000000083600000|  0%| F|  |TAMS 0x0000000083500000, 0x0000000083500000| Untracked 
|  28|0x0000000083600000, 0x0000000083600000, 0x0000000083700000|  0%| F|  |TAMS 0x0000000083600000, 0x0000000083600000| Untracked 
|  29|0x0000000083700000, 0x0000000083700000, 0x0000000083800000|  0%| F|  |TAMS 0x0000000083700000, 0x0000000083700000| Untracked 
|  30|0x0000000083800000, 0x0000000083800000, 0x0000000083900000|  0%| F|  |TAMS 0x0000000083800000, 0x0000000083800000| Untracked 
|  31|0x0000000083900000, 0x0000000083900000, 0x0000000083a00000|  0%| F|  |TAMS 0x0000000083900000, 0x0000000083900000| Untracked 
|  32|0x0000000083a00000, 0x0000000083a00000, 0x0000000083b00000|  0%| F|  |TAMS 0x0000000083a00000, 0x0000000083a00000| Untracked 
|  33|0x0000000083b00000, 0x0000000083b00000, 0x0000000083c00000|  0%| F|  |TAMS 0x0000000083b00000, 0x0000000083b00000| Untracked 
|  34|0x0000000083c00000, 0x0000000083c00000, 0x0000000083d00000|  0%| F|  |TAMS 0x0000000083c00000, 0x0000000083c00000| Untracked 
|  35|0x0000000083d00000, 0x0000000083d00000, 0x0000000083e00000|  0%| F|  |TAMS 0x0000000083d00000, 0x0000000083d00000| Untracked 
|  36|0x0000000083e00000, 0x0000000083e00000, 0x0000000083f00000|  0%| F|  |TAMS 0x0000000083e00000, 0x0000000083e00000| Untracked 
|  37|0x0000000083f00000, 0x0000000083f00000, 0x0000000084000000|  0%| F|  |TAMS 0x0000000083f00000, 0x0000000083f00000| Untracked 
|  38|0x0000000084000000, 0x0000000084000000, 0x0000000084100000|  0%| F|  |TAMS 0x0000000084000000, 0x0000000084000000| Untracked 
|  39|0x0000000084100000, 0x0000000084100000, 0x0000000084200000|  0%| F|  |TAMS 0x0000000084100000, 0x0000000084100000| Untracked 
|  40|0x0000000084200000, 0x0000000084200000, 0x0000000084300000|  0%| F|  |TAMS 0x0000000084200000, 0x0000000084200000| Untracked 
|  41|0x0000000084300000, 0x0000000084300000, 0x0000000084400000|  0%| F|  |TAMS 0x0000000084300000, 0x0000000084300000| Untracked 
|  42|0x0000000084400000, 0x0000000084400000, 0x0000000084500000|  0%| F|  |TAMS 0x0000000084400000, 0x0000000084400000| Untracked 
|  43|0x0000000084500000, 0x0000000084500000, 0x0000000084600000|  0%| F|  |TAMS 0x0000000084500000, 0x0000000084500000| Untracked 
|  44|0x0000000084600000, 0x0000000084600000, 0x0000000084700000|  0%| F|  |TAMS 0x0000000084600000, 0x0000000084600000| Untracked 
|  45|0x0000000084700000, 0x0000000084700000, 0x0000000084800000|  0%| F|  |TAMS 0x0000000084700000, 0x0000000084700000| Untracked 
|  46|0x0000000084800000, 0x0000000084800000, 0x0000000084900000|  0%| F|  |TAMS 0x0000000084800000, 0x0000000084800000| Untracked 
|  47|0x0000000084900000, 0x0000000084900000, 0x0000000084a00000|  0%| F|  |TAMS 0x0000000084900000, 0x0000000084900000| Untracked 
|  48|0x0000000084a00000, 0x0000000084a00000, 0x0000000084b00000|  0%| F|  |TAMS 0x0000000084a00000, 0x0000000084a00000| Untracked 
|  49|0x0000000084b00000, 0x0000000084b00000, 0x0000000084c00000|  0%| F|  |TAMS 0x0000000084b00000, 0x0000000084b00000| Untracked 
|  50|0x0000000084c00000, 0x0000000084c00000, 0x0000000084d00000|  0%| F|  |TAMS 0x0000000084c00000, 0x0000000084c00000| Untracked 
|  51|0x0000000084d00000, 0x0000000084d03860, 0x0000000084e00000|  1%| S|CS|TAMS 0x0000000084d00000, 0x0000000084d00000| Complete 
|  52|0x0000000084e00000, 0x0000000084e00000, 0x0000000084f00000|  0%| F|  |TAMS 0x0000000084e00000, 0x0000000084e00000| Untracked 
|  53|0x0000000084f00000, 0x0000000084f00000, 0x0000000085000000|  0%| F|  |TAMS 0x0000000084f00000, 0x0000000084f00000| Untracked 
|  54|0x0000000085000000, 0x0000000085000000, 0x0000000085100000|  0%| F|  |TAMS 0x0000000085000000, 0x0000000085000000| Untracked 
|  55|0x0000000085100000, 0x0000000085100000, 0x0000000085200000|  0%| F|  |TAMS 0x0000000085100000, 0x0000000085100000| Untracked 
|  56|0x0000000085200000, 0x0000000085200000, 0x0000000085300000|  0%| F|  |TAMS 0x0000000085200000, 0x0000000085200000| Untracked 
|  57|0x0000000085300000, 0x0000000085300000, 0x0000000085400000|  0%| F|  |TAMS 0x0000000085300000, 0x0000000085300000| Untracked 
|  58|0x0000000085400000, 0x0000000085400000, 0x0000000085500000|  0%| F|  |TAMS 0x0000000085400000, 0x0000000085400000| Untracked 
|  59|0x0000000085500000, 0x0000000085500000, 0x0000000085600000|  0%| F|  |TAMS 0x0000000085500000, 0x0000000085500000| Untracked 
|  60|0x0000000085600000, 0x0000000085600000, 0x0000000085700000|  0%| F|  |TAMS 0x0000000085600000, 0x0000000085600000| Untracked 
|  61|0x0000000085700000, 0x0000000085700000, 0x0000000085800000|  0%| F|  |TAMS 0x0000000085700000, 0x0000000085700000| Untracked 
|  62|0x0000000085800000, 0x0000000085800000, 0x0000000085900000|  0%| F|  |TAMS 0x0000000085800000, 0x0000000085800000| Untracked 
|  63|0x0000000085900000, 0x0000000085900000, 0x0000000085a00000|  0%| F|  |TAMS 0x0000000085900000, 0x0000000085900000| Untracked 
|  64|0x0000000085a00000, 0x0000000085a00000, 0x0000000085b00000|  0%| F|  |TAMS 0x0000000085a00000, 0x0000000085a00000| Untracked 
|  65|0x0000000085b00000, 0x0000000085b00000, 0x0000000085c00000|  0%| F|  |TAMS 0x0000000085b00000, 0x0000000085b00000| Untracked 
|  66|0x0000000085c00000, 0x0000000085c00000, 0x0000000085d00000|  0%| F|  |TAMS 0x0000000085c00000, 0x0000000085c00000| Untracked 
|  67|0x0000000085d00000, 0x0000000085d00000, 0x0000000085e00000|  0%| F|  |TAMS 0x0000000085d00000, 0x0000000085d00000| Untracked 
|  68|0x0000000085e00000, 0x0000000085e00000, 0x0000000085f00000|  0%| F|  |TAMS 0x0000000085e00000, 0x0000000085e00000| Untracked 
|  69|0x0000000085f00000, 0x0000000085f00000, 0x0000000086000000|  0%| F|  |TAMS 0x0000000085f00000, 0x0000000085f00000| Untracked 
|  70|0x0000000086000000, 0x0000000086000000, 0x0000000086100000|  0%| F|  |TAMS 0x0000000086000000, 0x0000000086000000| Untracked 
|  71|0x0000000086100000, 0x0000000086100000, 0x0000000086200000|  0%| F|  |TAMS 0x0000000086100000, 0x0000000086100000| Untracked 
|  72|0x0000000086200000, 0x0000000086200000, 0x0000000086300000|  0%| F|  |TAMS 0x0000000086200000, 0x0000000086200000| Untracked 
|  73|0x0000000086300000, 0x0000000086300000, 0x0000000086400000|  0%| F|  |TAMS 0x0000000086300000, 0x0000000086300000| Untracked 
|  74|0x0000000086400000, 0x0000000086400000, 0x0000000086500000|  0%| F|  |TAMS 0x0000000086400000, 0x0000000086400000| Untracked 
|  75|0x0000000086500000, 0x0000000086500000, 0x0000000086600000|  0%| F|  |TAMS 0x0000000086500000, 0x0000000086500000| Untracked 
|  76|0x0000000086600000, 0x0000000086600000, 0x0000000086700000|  0%| F|  |TAMS 0x0000000086600000, 0x0000000086600000| Untracked 
|  77|0x0000000086700000, 0x0000000086800000, 0x0000000086800000|100%| E|  |TAMS 0x0000000086700000, 0x0000000086700000| Complete 
|  78|0x0000000086800000, 0x0000000086900000, 0x0000000086900000|100%| E|CS|TAMS 0x0000000086800000, 0x0000000086800000| Complete 
|  79|0x0000000086900000, 0x0000000086a00000, 0x0000000086a00000|100%| E|CS|TAMS 0x0000000086900000, 0x0000000086900000| Complete 
|  80|0x0000000086a00000, 0x0000000086b00000, 0x0000000086b00000|100%| E|CS|TAMS 0x0000000086a00000, 0x0000000086a00000| Complete 
|  81|0x0000000086b00000, 0x0000000086c00000, 0x0000000086c00000|100%| E|CS|TAMS 0x0000000086b00000, 0x0000000086b00000| Complete 
|  82|0x0000000086c00000, 0x0000000086d00000, 0x0000000086d00000|100%| E|CS|TAMS 0x0000000086c00000, 0x0000000086c00000| Complete 
|  83|0x0000000086d00000, 0x0000000086e00000, 0x0000000086e00000|100%| E|CS|TAMS 0x0000000086d00000, 0x0000000086d00000| Complete 
|  84|0x0000000086e00000, 0x0000000086f00000, 0x0000000086f00000|100%| E|CS|TAMS 0x0000000086e00000, 0x0000000086e00000| Complete 
|  85|0x0000000086f00000, 0x0000000087000000, 0x0000000087000000|100%| E|CS|TAMS 0x0000000086f00000, 0x0000000086f00000| Complete 
|  86|0x0000000087000000, 0x0000000087100000, 0x0000000087100000|100%| E|CS|TAMS 0x0000000087000000, 0x0000000087000000| Complete 
|  87|0x0000000087100000, 0x0000000087200000, 0x0000000087200000|100%| E|CS|TAMS 0x0000000087100000, 0x0000000087100000| Complete 
|  88|0x0000000087200000, 0x0000000087300000, 0x0000000087300000|100%| E|CS|TAMS 0x0000000087200000, 0x0000000087200000| Complete 
|  89|0x0000000087300000, 0x0000000087400000, 0x0000000087400000|100%| E|CS|TAMS 0x0000000087300000, 0x0000000087300000| Complete 
|  90|0x0000000087400000, 0x0000000087500000, 0x0000000087500000|100%| E|CS|TAMS 0x0000000087400000, 0x0000000087400000| Complete 
|  91|0x0000000087500000, 0x0000000087600000, 0x0000000087600000|100%| E|CS|TAMS 0x0000000087500000, 0x0000000087500000| Complete 
|  92|0x0000000087600000, 0x0000000087700000, 0x0000000087700000|100%| E|CS|TAMS 0x0000000087600000, 0x0000000087600000| Complete 
|  93|0x0000000087700000, 0x0000000087800000, 0x0000000087800000|100%| E|CS|TAMS 0x0000000087700000, 0x0000000087700000| Complete 
|  94|0x0000000087800000, 0x0000000087900000, 0x0000000087900000|100%| E|CS|TAMS 0x0000000087800000, 0x0000000087800000| Complete 
|  95|0x0000000087900000, 0x0000000087a00000, 0x0000000087a00000|100%| E|CS|TAMS 0x0000000087900000, 0x0000000087900000| Complete 
|  96|0x0000000087a00000, 0x0000000087b00000, 0x0000000087b00000|100%| E|CS|TAMS 0x0000000087a00000, 0x0000000087a00000| Complete 
|  97|0x0000000087b00000, 0x0000000087c00000, 0x0000000087c00000|100%| E|CS|TAMS 0x0000000087b00000, 0x0000000087b00000| Complete 
|  98|0x0000000087c00000, 0x0000000087d00000, 0x0000000087d00000|100%| E|CS|TAMS 0x0000000087c00000, 0x0000000087c00000| Complete 
|  99|0x0000000087d00000, 0x0000000087e00000, 0x0000000087e00000|100%| E|CS|TAMS 0x0000000087d00000, 0x0000000087d00000| Complete 
| 100|0x0000000087e00000, 0x0000000087f00000, 0x0000000087f00000|100%| E|CS|TAMS 0x0000000087e00000, 0x0000000087e00000| Complete 
| 101|0x0000000087f00000, 0x0000000088000000, 0x0000000088000000|100%| E|CS|TAMS 0x0000000087f00000, 0x0000000087f00000| Complete 
| 102|0x0000000088000000, 0x0000000088100000, 0x0000000088100000|100%| E|CS|TAMS 0x0000000088000000, 0x0000000088000000| Complete 
| 103|0x0000000088100000, 0x0000000088200000, 0x0000000088200000|100%| E|CS|TAMS 0x0000000088100000, 0x0000000088100000| Complete 
| 104|0x0000000088200000, 0x0000000088300000, 0x0000000088300000|100%| E|CS|TAMS 0x0000000088200000, 0x0000000088200000| Complete 
| 105|0x0000000088300000, 0x0000000088400000, 0x0000000088400000|100%| E|CS|TAMS 0x0000000088300000, 0x0000000088300000| Complete 
| 106|0x0000000088400000, 0x0000000088500000, 0x0000000088500000|100%| E|CS|TAMS 0x0000000088400000, 0x0000000088400000| Complete 
| 107|0x0000000088500000, 0x0000000088600000, 0x0000000088600000|100%| E|CS|TAMS 0x0000000088500000, 0x0000000088500000| Complete 
| 108|0x0000000088600000, 0x0000000088700000, 0x0000000088700000|100%| E|CS|TAMS 0x0000000088600000, 0x0000000088600000| Complete 
| 109|0x0000000088700000, 0x0000000088800000, 0x0000000088800000|100%| E|CS|TAMS 0x0000000088700000, 0x0000000088700000| Complete 
| 110|0x0000000088800000, 0x0000000088900000, 0x0000000088900000|100%| E|CS|TAMS 0x0000000088800000, 0x0000000088800000| Complete 
| 111|0x0000000088900000, 0x0000000088a00000, 0x0000000088a00000|100%| E|CS|TAMS 0x0000000088900000, 0x0000000088900000| Complete 
| 112|0x0000000088a00000, 0x0000000088b00000, 0x0000000088b00000|100%| E|CS|TAMS 0x0000000088a00000, 0x0000000088a00000| Complete 
| 113|0x0000000088b00000, 0x0000000088c00000, 0x0000000088c00000|100%| E|CS|TAMS 0x0000000088b00000, 0x0000000088b00000| Complete 
| 114|0x0000000088c00000, 0x0000000088d00000, 0x0000000088d00000|100%| E|CS|TAMS 0x0000000088c00000, 0x0000000088c00000| Complete 
| 115|0x0000000088d00000, 0x0000000088e00000, 0x0000000088e00000|100%| E|CS|TAMS 0x0000000088d00000, 0x0000000088d00000| Complete 
| 116|0x0000000088e00000, 0x0000000088f00000, 0x0000000088f00000|100%| E|CS|TAMS 0x0000000088e00000, 0x0000000088e00000| Complete 
| 117|0x0000000088f00000, 0x0000000089000000, 0x0000000089000000|100%| E|CS|TAMS 0x0000000088f00000, 0x0000000088f00000| Complete 
| 118|0x0000000089000000, 0x0000000089100000, 0x0000000089100000|100%| E|CS|TAMS 0x0000000089000000, 0x0000000089000000| Complete 
| 119|0x0000000089100000, 0x0000000089200000, 0x0000000089200000|100%| E|CS|TAMS 0x0000000089100000, 0x0000000089100000| Complete 
| 120|0x0000000089200000, 0x0000000089300000, 0x0000000089300000|100%| E|CS|TAMS 0x0000000089200000, 0x0000000089200000| Complete 
| 121|0x0000000089300000, 0x0000000089400000, 0x0000000089400000|100%| E|CS|TAMS 0x0000000089300000, 0x0000000089300000| Complete 
| 122|0x0000000089400000, 0x0000000089500000, 0x0000000089500000|100%| E|CS|TAMS 0x0000000089400000, 0x0000000089400000| Complete 
| 123|0x0000000089500000, 0x0000000089600000, 0x0000000089600000|100%| E|CS|TAMS 0x0000000089500000, 0x0000000089500000| Complete 
| 124|0x0000000089600000, 0x0000000089700000, 0x0000000089700000|100%| E|CS|TAMS 0x0000000089600000, 0x0000000089600000| Complete 
| 125|0x0000000089700000, 0x0000000089800000, 0x0000000089800000|100%| E|CS|TAMS 0x0000000089700000, 0x0000000089700000| Complete 
| 126|0x0000000089800000, 0x0000000089900000, 0x0000000089900000|100%| E|CS|TAMS 0x0000000089800000, 0x0000000089800000| Complete 
| 127|0x0000000089900000, 0x0000000089a00000, 0x0000000089a00000|100%| E|CS|TAMS 0x0000000089900000, 0x0000000089900000| Complete 

Card table byte_map: [0x0000024eadde0000,0x0000024eae1e0000] _byte_map_base: 0x0000024ead9d3000

Marking Bits (Prev, Next): (CMBitMap*) 0x0000024e94829458, (CMBitMap*) 0x0000024e94829498
 Prev Bits: [0x0000024eae5e0000, 0x0000024eb0578000)
 Next Bits: [0x0000024eb0580000, 0x0000024eb2518000)

Polling page: 0x0000024e945d0000

Metaspace:

Usage:
  Non-class:      6.61 MB capacity,     6.45 MB ( 98%) used,   152.95 KB (  2%) free+waste,    10.06 KB ( <1%) overhead. 
      Class:    721.00 KB capacity,   648.76 KB ( 90%) used,    67.24 KB (  9%) free+waste,     5.00 KB ( <1%) overhead. 
       Both:      7.31 MB capacity,     7.08 MB ( 97%) used,   220.20 KB (  3%) free+waste,    15.06 KB ( <1%) overhead. 

Virtual space:
  Non-class space:        8.00 MB reserved,       6.75 MB ( 84%) committed 
      Class space:        1.00 GB reserved,     768.00 KB ( <1%) committed 
             Both:        1.01 GB reserved,       7.50 MB ( <1%) committed 

Chunk freelists:
   Non-Class:  2.13 KB
       Class:  1.88 KB
        Both:  4.00 KB

CodeHeap 'non-profiled nmethods': size=120064Kb used=1832Kb max_used=1832Kb free=118231Kb
 bounds [0x0000024ea5e70000, 0x0000024ea60e0000, 0x0000024ead3b0000]
CodeHeap 'profiled nmethods': size=120000Kb used=4290Kb max_used=4290Kb free=115709Kb
 bounds [0x0000024e9e940000, 0x0000024e9ed80000, 0x0000024ea5e70000]
CodeHeap 'non-nmethods': size=5696Kb used=1150Kb max_used=1218Kb free=4545Kb
 bounds [0x0000024e9e3b0000, 0x0000024e9e620000, 0x0000024e9e940000]
 total_blobs=3482 nmethods=2062 adapters=387
 compilation: enabled
              stopped_count=0, restarted_count=0
 full_count=0

Compilation events (10 events):
Event: 16.636 Thread 0x0000024eb5440800 nmethod 2068 0x0000024e9ed6cd90 code [0x0000024e9ed6cf40, 0x0000024e9ed6d098]
Event: 16.636 Thread 0x0000024eb5440800 2069       3       java.lang.ClassLoader::definePackage (84 bytes)
Event: 16.637 Thread 0x0000024eb5440800 nmethod 2069 0x0000024e9ed6d110 code [0x0000024e9ed6d420, 0x0000024e9ed6e660]
Event: 16.637 Thread 0x0000024eb5440800 2070       3       java.lang.Package::isSealed (26 bytes)
Event: 16.637 Thread 0x0000024eb5440800 nmethod 2070 0x0000024e9ed6eb90 code [0x0000024e9ed6ed60, 0x0000024e9ed6f0f8]
Event: 16.651 Thread 0x0000024eb5440800 2071       3       jdk.internal.loader.BuiltinClassLoader::isSealed (70 bytes)
Event: 16.651 Thread 0x0000024eb5440800 nmethod 2071 0x0000024e9ed6f210 code [0x0000024e9ed6f4c0, 0x0000024e9ed70010]
Event: 16.758 Thread 0x0000024eb5440800 2072       3       java.lang.Class::arrayContentsEq (70 bytes)
Event: 16.759 Thread 0x0000024eb5440800 nmethod 2072 0x0000024e9ed70410 code [0x0000024e9ed70600, 0x0000024e9ed70a58]
Event: 16.759 Thread 0x0000024eb5437000 2073       4       java.util.HashSet::<init> (16 bytes)

GC Heap History (10 events):
Event: 15.439 GC heap before
{Heap before GC invocations=61 (full 0):
 garbage-first heap   total 131072K, used 85150K [0x0000000081a00000, 0x0000000100000000)
  region size 1024K, 76 young (77824K), 1 survivors (1024K)
 Metaspace       used 7088K, capacity 7296K, committed 7424K, reserved 1056768K
  class space    used 636K, capacity 721K, committed 768K, reserved 1048576K
}
Event: 15.439 GC heap after
{Heap after GC invocations=62 (full 0):
 garbage-first heap   total 131072K, used 8350K [0x0000000081a00000, 0x0000000100000000)
  region size 1024K, 1 young (1024K), 1 survivors (1024K)
 Metaspace       used 7088K, capacity 7296K, committed 7424K, reserved 1056768K
  class space    used 636K, capacity 721K, committed 768K, reserved 1048576K
}
Event: 15.659 GC heap before
{Heap before GC invocations=62 (full 0):
 garbage-first heap   total 131072K, used 85150K [0x0000000081a00000, 0x0000000100000000)
  region size 1024K, 76 young (77824K), 1 survivors (1024K)
 Metaspace       used 7088K, capacity 7296K, committed 7424K, reserved 1056768K
  class space    used 636K, capacity 721K, committed 768K, reserved 1048576K
}
Event: 15.660 GC heap after
{Heap after GC invocations=63 (full 0):
 garbage-first heap   total 131072K, used 8340K [0x0000000081a00000, 0x0000000100000000)
  region size 1024K, 1 young (1024K), 1 survivors (1024K)
 Metaspace       used 7088K, capacity 7296K, committed 7424K, reserved 1056768K
  class space    used 636K, capacity 721K, committed 768K, reserved 1048576K
}
Event: 15.961 GC heap before
{Heap before GC invocations=63 (full 0):
 garbage-first heap   total 131072K, used 85140K [0x0000000081a00000, 0x0000000100000000)
  region size 1024K, 76 young (77824K), 1 survivors (1024K)
 Metaspace       used 7088K, capacity 7296K, committed 7424K, reserved 1056768K
  class space    used 636K, capacity 721K, committed 768K, reserved 1048576K
}
Event: 15.961 GC heap after
{Heap after GC invocations=64 (full 0):
 garbage-first heap   total 131072K, used 8350K [0x0000000081a00000, 0x0000000100000000)
  region size 1024K, 1 young (1024K), 1 survivors (1024K)
 Metaspace       used 7088K, capacity 7296K, committed 7424K, reserved 1056768K
  class space    used 636K, capacity 721K, committed 768K, reserved 1048576K
}
Event: 16.240 GC heap before
{Heap before GC invocations=64 (full 0):
 garbage-first heap   total 131072K, used 85150K [0x0000000081a00000, 0x0000000100000000)
  region size 1024K, 76 young (77824K), 1 survivors (1024K)
 Metaspace       used 7088K, capacity 7296K, committed 7424K, reserved 1056768K
  class space    used 636K, capacity 721K, committed 768K, reserved 1048576K
}
Event: 16.241 GC heap after
{Heap after GC invocations=65 (full 0):
 garbage-first heap   total 131072K, used 8350K [0x0000000081a00000, 0x0000000100000000)
  region size 1024K, 1 young (1024K), 1 survivors (1024K)
 Metaspace       used 7088K, capacity 7296K, committed 7424K, reserved 1056768K
  class space    used 636K, capacity 721K, committed 768K, reserved 1048576K
}
Event: 16.475 GC heap before
{Heap before GC invocations=65 (full 0):
 garbage-first heap   total 131072K, used 85150K [0x0000000081a00000, 0x0000000100000000)
  region size 1024K, 76 young (77824K), 1 survivors (1024K)
 Metaspace       used 7088K, capacity 7296K, committed 7424K, reserved 1056768K
  class space    used 636K, capacity 721K, committed 768K, reserved 1048576K
}
Event: 16.476 GC heap after
{Heap after GC invocations=66 (full 0):
 garbage-first heap   total 131072K, used 8350K [0x0000000081a00000, 0x0000000100000000)
  region size 1024K, 1 young (1024K), 1 survivors (1024K)
 Metaspace       used 7088K, capacity 7296K, committed 7424K, reserved 1056768K
  class space    used 636K, capacity 721K, committed 768K, reserved 1048576K
}

Deoptimization events (10 events):
Event: 16.758 Thread 0x0000024e947e9800 Uncommon trap: reason=class_check action=maybe_recompile pc=0x0000024ea5fa9924 method=com.esotericsoftware.kryo.Kryo.readObjectOrNull(Lcom/esotericsoftware/kryo/io/Input;Ljava/lang/Class;Lcom/esotericsoftware/kryo/Serializer;)Ljava/lang/Object; @ 106 c2
Event: 16.758 Thread 0x0000024e947e9800 Uncommon trap: reason=unstable_if action=reinterpret pc=0x0000024ea6014fd8 method=com.esotericsoftware.kryo.io.Input.readVarLong(Z)J @ 118 c2
Event: 16.758 Thread 0x0000024e947e9800 Uncommon trap: reason=class_check action=maybe_recompile pc=0x0000024ea5fb353c method=com.esotericsoftware.kryo.serializers.ObjectField.read(Lcom/esotericsoftware/kryo/io/Input;Ljava/lang/Object;)V @ 171 c2
Event: 16.758 Thread 0x0000024e947e9800 Uncommon trap: reason=class_check action=maybe_recompile pc=0x0000024ea5fa9924 method=com.esotericsoftware.kryo.Kryo.readObjectOrNull(Lcom/esotericsoftware/kryo/io/Input;Ljava/lang/Class;Lcom/esotericsoftware/kryo/Serializer;)Ljava/lang/Object; @ 106 c2
Event: 16.759 Thread 0x0000024e947e9800 Uncommon trap: reason=class_check action=maybe_recompile pc=0x0000024ea5fb353c method=com.esotericsoftware.kryo.serializers.ObjectField.read(Lcom/esotericsoftware/kryo/io/Input;Ljava/lang/Object;)V @ 171 c2
Event: 16.759 Thread 0x0000024e947e9800 Uncommon trap: reason=class_check action=maybe_recompile pc=0x0000024ea5fa9924 method=com.esotericsoftware.kryo.Kryo.readObjectOrNull(Lcom/esotericsoftware/kryo/io/Input;Ljava/lang/Class;Lcom/esotericsoftware/kryo/Serializer;)Ljava/lang/Object; @ 106 c2
Event: 16.759 Thread 0x0000024e947e9800 Uncommon trap: reason=class_check action=maybe_recompile pc=0x0000024ea5fb353c method=com.esotericsoftware.kryo.serializers.ObjectField.read(Lcom/esotericsoftware/kryo/io/Input;Ljava/lang/Object;)V @ 171 c2
Event: 16.759 Thread 0x0000024e947e9800 Uncommon trap: reason=class_check action=maybe_recompile pc=0x0000024ea5fa9924 method=com.esotericsoftware.kryo.Kryo.readObjectOrNull(Lcom/esotericsoftware/kryo/io/Input;Ljava/lang/Class;Lcom/esotericsoftware/kryo/Serializer;)Ljava/lang/Object; @ 106 c2
Event: 16.759 Thread 0x0000024e947e9800 Uncommon trap: reason=unstable_if action=reinterpret pc=0x0000024ea5f665a0 method=com.esotericsoftware.kryo.util.ObjectMap.push(Ljava/lang/Object;Ljava/lang/Object;ILjava/lang/Object;ILjava/lang/Object;ILjava/lang/Object;ILjava/lang/Object;)V @ 355 c2
Event: 16.760 Thread 0x0000024e947e9800 Uncommon trap: reason=class_check action=maybe_recompile pc=0x0000024ea5f3b764 method=com.esotericsoftware.kryo.factories.ReflectionSerializerFactory.makeSerializer(Lcom/esotericsoftware/kryo/Kryo;Ljava/lang/Class;Ljava/lang/Class;)Lcom/esotericsoftware/k

Classes redefined (0 events):
No events

Internal exceptions (10 events):
Event: 0.436 Thread 0x0000024e947e9800 Exception <a 'java/lang/NoSuchMethodError'{0x000000008912ab10}: java.lang.invoke.DirectMethodHandle$Holder.invokeStaticInit(Ljava/lang/Object;IIII)Ljava/lang/Object;> (0x000000008912ab10) thrown at [t:/workspace/open/src/hotspot/share/interpreter/linkReso
Event: 1.347 Thread 0x0000024e947e9800 Exception <a 'java/lang/NoSuchMethodError'{0x000000008907e460}: java.lang.invoke.DirectMethodHandle$Holder.invokeStaticInit(Ljava/lang/Object;Ljava/lang/Object;IIII)Ljava/lang/Object;> (0x000000008907e460) thrown at [t:/workspace/open/src/hotspot/share/in
Event: 1.776 Thread 0x0000024e947e9800 Implicit null exception at 0x0000024ea5e9fbee to 0x0000024ea5ea051f
Event: 2.182 Thread 0x0000024e947e9800 Exception <a 'java/lang/NoSuchMethodError'{0x00000000891450c0}: org.slf4j.impl.StaticMDCBinder.getSingleton()Lorg/slf4j/impl/StaticMDCBinder;> (0x00000000891450c0) thrown at [t:/workspace/open/src/hotspot/share/interpreter/linkResolver.cpp, line 777]
Event: 2.561 Thread 0x0000024e947e9800 Implicit null exception at 0x0000024ea5f15c97 to 0x0000024ea5f15fbe
Event: 2.575 Thread 0x0000024e947e9800 Implicit null exception at 0x0000024ea5f16f54 to 0x0000024ea5f1729e
Event: 16.626 Thread 0x0000024e947e9800 Implicit null exception at 0x0000024ea5f55964 to 0x0000024ea5f5599e
Event: 16.627 Thread 0x0000024e947e9800 Implicit null exception at 0x0000024ea5f5fd1e to 0x0000024ea5f62866
Event: 16.757 Thread 0x0000024e947e9800 Implicit null exception at 0x0000024ea5f1a385 to 0x0000024ea5f1f438
Event: 16.757 Thread 0x0000024e947e9800 Implicit null exception at 0x0000024ea5f1354c to 0x0000024ea5f135f6

Events (10 events):
Event: 16.759 Thread 0x0000024e947e9800 DEOPT UNPACKING pc=0x0000024e9e3d9baf sp=0x00000074ff5fec60 mode 2
Event: 16.759 Thread 0x0000024e947e9800 Uncommon trap: trap_request=0xffffffde fr.pc=0x0000024ea5fa9924 relative=0x0000000000000584
Event: 16.759 Thread 0x0000024e947e9800 DEOPT PACKING pc=0x0000024ea5fa9924 sp=0x00000074ff5fec00
Event: 16.759 Thread 0x0000024e947e9800 DEOPT UNPACKING pc=0x0000024e9e3d9baf sp=0x00000074ff5febb8 mode 2
Event: 16.759 Thread 0x0000024e947e9800 Uncommon trap: trap_request=0xffffff4d fr.pc=0x0000024ea5f665a0 relative=0x0000000000000980
Event: 16.759 Thread 0x0000024e947e9800 DEOPT PACKING pc=0x0000024ea5f665a0 sp=0x00000074ff5fe4d0
Event: 16.759 Thread 0x0000024e947e9800 DEOPT UNPACKING pc=0x0000024e9e3d9baf sp=0x00000074ff5fe420 mode 2
Event: 16.760 Thread 0x0000024e947e9800 Uncommon trap: trap_request=0xffffffde fr.pc=0x0000024ea5f3b764 relative=0x000000000000bca4
Event: 16.760 Thread 0x0000024e947e9800 DEOPT PACKING pc=0x0000024ea5f3b764 sp=0x00000074ff5fed60
Event: 16.760 Thread 0x0000024e947e9800 DEOPT UNPACKING pc=0x0000024e9e3d9baf sp=0x00000074ff5fec08 mode 2


Dynamic libraries:
0x00007ff6ffab0000 - 0x00007ff6ffabf000 	C:\Program Files\Java\jdk-12.0.1\bin\java.exe
0x00007ffda2280000 - 0x00007ffda2470000 	C:\WINDOWS\SYSTEM32\ntdll.dll
0x00007ffda0bc0000 - 0x00007ffda0c72000 	C:\WINDOWS\System32\KERNEL32.DLL
0x00007ffd9fed0000 - 0x00007ffda0174000 	C:\WINDOWS\System32\KERNELBASE.dll
0x00007ffd9fd80000 - 0x00007ffd9fe7a000 	C:\WINDOWS\System32\ucrtbase.dll
0x00007ffd99a60000 - 0x00007ffd99a76000 	C:\Program Files\Java\jdk-12.0.1\bin\VCRUNTIME140.dll
0x00007ffd99a80000 - 0x00007ffd99a98000 	C:\Program Files\Java\jdk-12.0.1\bin\jli.dll
0x00007ffda0ef0000 - 0x00007ffda0f93000 	C:\WINDOWS\System32\ADVAPI32.dll
0x00007ffda07a0000 - 0x00007ffda083e000 	C:\WINDOWS\System32\msvcrt.dll
0x00007ffda0980000 - 0x00007ffda0a17000 	C:\WINDOWS\System32\sechost.dll
0x00007ffda1850000 - 0x00007ffda1970000 	C:\WINDOWS\System32\RPCRT4.dll
0x00007ffda0fa0000 - 0x00007ffda1134000 	C:\WINDOWS\System32\USER32.dll
0x00007ffda0200000 - 0x00007ffda0221000 	C:\WINDOWS\System32\win32u.dll
0x00007ffda20d0000 - 0x00007ffda20f6000 	C:\WINDOWS\System32\GDI32.dll
0x00007ffd9f350000 - 0x00007ffd9f4e6000 	C:\WINDOWS\System32\gdi32full.dll
0x00007ffda0230000 - 0x00007ffda02ce000 	C:\WINDOWS\System32\msvcp_win.dll
0x00007ffd92240000 - 0x00007ffd924c4000 	C:\WINDOWS\WinSxS\amd64_microsoft.windows.common-controls_6595b64144ccf1df_6.0.18362.959_none_e6c7bbbf130c62bb\COMCTL32.dll
0x00007ffda1c30000 - 0x00007ffda1f65000 	C:\WINDOWS\System32\combase.dll
0x00007ffda0180000 - 0x00007ffda0200000 	C:\WINDOWS\System32\bcryptPrimitives.dll
0x00007ffd96280000 - 0x00007ffd9628a000 	C:\WINDOWS\SYSTEM32\VERSION.dll
0x00007ffda0840000 - 0x00007ffda086e000 	C:\WINDOWS\System32\IMM32.DLL
0x00007ffd8b1f0000 - 0x00007ffd8b29a000 	C:\Program Files\Java\jdk-12.0.1\bin\msvcp140.dll
0x00007ffd6e520000 - 0x00007ffd6f094000 	C:\Program Files\Java\jdk-12.0.1\bin\server\jvm.dll
0x00007ffda0870000 - 0x00007ffda0878000 	C:\WINDOWS\System32\PSAPI.DLL
0x00007ffd8f660000 - 0x00007ffd8f669000 	C:\WINDOWS\SYSTEM32\WSOCK32.dll
0x00007ffda0b50000 - 0x00007ffda0bbf000 	C:\WINDOWS\System32\WS2_32.dll
0x00007ffd9d0d0000 - 0x00007ffd9d0f4000 	C:\WINDOWS\SYSTEM32\WINMM.dll
0x00007ffd9d070000 - 0x00007ffd9d09d000 	C:\WINDOWS\SYSTEM32\winmmbase.dll
0x00007ffd9fe80000 - 0x00007ffd9feca000 	C:\WINDOWS\System32\cfgmgr32.dll
0x00007ffd9f140000 - 0x00007ffd9f151000 	C:\WINDOWS\System32\kernel.appcore.dll
0x00007ffd99a40000 - 0x00007ffd99a51000 	C:\Program Files\Java\jdk-12.0.1\bin\verify.dll
0x00007ffd9b610000 - 0x00007ffd9b804000 	C:\WINDOWS\SYSTEM32\DBGHELP.DLL
0x00007ffd8edc0000 - 0x00007ffd8edea000 	C:\WINDOWS\SYSTEM32\dbgcore.DLL
0x00007ffd99a10000 - 0x00007ffd99a36000 	C:\Program Files\Java\jdk-12.0.1\bin\java.dll
0x00007ffd9d230000 - 0x00007ffd9d23e000 	C:\Program Files\Java\jdk-12.0.1\bin\instrument.dll
0x00007ffd999f0000 - 0x00007ffd99a07000 	C:\Program Files\Java\jdk-12.0.1\bin\zip.dll
0x00007ffd9b820000 - 0x00007ffd9b82a000 	C:\Program Files\Java\jdk-12.0.1\bin\jimage.dll
0x00007ffda1140000 - 0x00007ffda1826000 	C:\WINDOWS\System32\SHELL32.dll
0x00007ffda0c80000 - 0x00007ffda0d29000 	C:\WINDOWS\System32\shcore.dll
0x00007ffd9f5f0000 - 0x00007ffd9fd72000 	C:\WINDOWS\System32\windows.storage.dll
0x00007ffd9f1d0000 - 0x00007ffd9f1f3000 	C:\WINDOWS\System32\profapi.dll
0x00007ffd9f160000 - 0x00007ffd9f1aa000 	C:\WINDOWS\System32\powrprof.dll
0x00007ffd9f130000 - 0x00007ffd9f140000 	C:\WINDOWS\System32\UMPDC.dll
0x00007ffda0a80000 - 0x00007ffda0ad2000 	C:\WINDOWS\System32\shlwapi.dll
0x00007ffd9f4f0000 - 0x00007ffd9f507000 	C:\WINDOWS\System32\cryptsp.dll
0x00007ffd98ea0000 - 0x00007ffd98eb9000 	C:\Program Files\Java\jdk-12.0.1\bin\net.dll
0x00007ffd93930000 - 0x00007ffd93a20000 	C:\WINDOWS\SYSTEM32\WINHTTP.dll
0x00007ffd90020000 - 0x00007ffd901f6000 	C:\WINDOWS\SYSTEM32\urlmon.dll
0x00007ffd8d5c0000 - 0x00007ffd8d866000 	C:\WINDOWS\SYSTEM32\iertutil.dll
0x00007ffd9eb70000 - 0x00007ffd9eb7c000 	C:\WINDOWS\SYSTEM32\CRYPTBASE.DLL
0x00007ffd9e9a0000 - 0x00007ffd9ea07000 	C:\WINDOWS\system32\mswsock.dll
0x00007ffd98e80000 - 0x00007ffd98e93000 	C:\Program Files\Java\jdk-12.0.1\bin\nio.dll
0x00007ffd98e60000 - 0x00007ffd98e7a000 	C:\Program Files\JetBrains\IntelliJ IDEA Community Edition 2020.1.3\bin\breakgen64.dll
0x00007ffd9e510000 - 0x00007ffd9e543000 	C:\WINDOWS\system32\rsaenh.dll
0x00007ffd9f510000 - 0x00007ffd9f536000 	C:\WINDOWS\System32\bcrypt.dll
0x00007ffd9f050000 - 0x00007ffd9f075000 	C:\WINDOWS\SYSTEM32\USERENV.dll
0x00007ffd9e6b0000 - 0x00007ffd9e6ea000 	C:\WINDOWS\SYSTEM32\IPHLPAPI.DLL
0x00007ffda0b40000 - 0x00007ffda0b48000 	C:\WINDOWS\System32\NSI.dll
0x00007ffd993a0000 - 0x00007ffd993b6000 	C:\WINDOWS\SYSTEM32\dhcpcsvc6.DLL
0x00007ffd99360000 - 0x00007ffd9937c000 	C:\WINDOWS\SYSTEM32\dhcpcsvc.DLL
0x00007ffd9e6f0000 - 0x00007ffd9e7bb000 	C:\WINDOWS\SYSTEM32\DNSAPI.dll
0x00007ffd6dea0000 - 0x00007ffd6e517000 	C:\Users\62737\AppData\Local\Temp\librocksdbjni3710916217119308961.dll

dbghelp: loaded successfully - version: 4.0.5 - missing functions: none
symbol engine: initialized successfully - sym options: 0x614 - pdb path: .;C:\Program Files\Java\jdk-12.0.1\bin;C:\WINDOWS\SYSTEM32;C:\WINDOWS\WinSxS\amd64_microsoft.windows.common-controls_6595b64144ccf1df_6.0.18362.959_none_e6c7bbbf130c62bb;C:\Program Files\Java\jdk-12.0.1\bin\server;C:\Program Files\JetBrains\IntelliJ IDEA Community Edition 2020.1.3\bin;C:\Users\62737\AppData\Local\Temp

VM Arguments:
jvm_args: -javaagent:C:\Program Files\JetBrains\IntelliJ IDEA Community Edition 2020.1.3\lib\idea_rt.jar=62723:C:\Program Files\JetBrains\IntelliJ IDEA Community Edition 2020.1.3\bin -Dfile.encoding=UTF-8 
java_command: one.wangwei.blockchain.cli.Main
java_class_path (initial): D:\int main\blockchain-java-master -÷ÿππ\target\classes;C:\Users\62737\.m2\repository\org\apache\commons\commons-lang3\3.7\commons-lang3-3.7.jar;C:\Users\62737\.m2\repository\commons-codec\commons-codec\1.11\commons-codec-1.11.jar;C:\Users\62737\.m2\repository\commons-cli\commons-cli\1.4\commons-cli-1.4.jar;C:\Users\62737\.m2\repository\commons-io\commons-io\2.6\commons-io-2.6.jar;C:\Users\62737\.m2\repository\com\google\guava\guava\24.0-jre\guava-24.0-jre.jar;C:\Users\62737\.m2\repository\com\google\code\findbugs\jsr305\1.3.9\jsr305-1.3.9.jar;C:\Users\62737\.m2\repository\org\checkerframework\checker-compat-qual\2.0.0\checker-compat-qual-2.0.0.jar;C:\Users\62737\.m2\repository\com\google\errorprone\error_prone_annotations\2.1.3\error_prone_annotations-2.1.3.jar;C:\Users\62737\.m2\repository\com\google\j2objc\j2objc-annotations\1.1\j2objc-annotations-1.1.jar;C:\Users\62737\.m2\repository\org\codehaus\mojo\animal-sniffer-annotations\1.14\animal-sniffer-annotations-1.14.jar;C:\Users\62737\.m2\repository\org\projectlombok\lombok\1.18.12\lombok-1.18.12.jar;C:\Users\62737\.m2\repository\com\esotericsoftware\kryo\4.0.1\kryo-4.0.1.jar;C:\Users\62737\.m2\repository\com\esotericsoftware\reflectasm\1.11.3\reflectasm-1.11.3.jar;C:\Users\62737\.m2\repository\org\ow2\asm\asm\5.0.4\asm-5.0.4.jar;C:\Users\62737\.m2\repository\com\esotericsoftware\minlog\1.3.0\minlog-1.3.0.jar;C:\Users\62737\.m2\repository\org\objenesis\objenesis\2.5.1\objenesis-2.5.1.jar;C:\Users\62737\.m2\repository\org\rocksdb\rocksdbjni\5.9.2\rocksdbjni-5.9.2.jar;C:\Users\62737\.m2\repository\org\bouncycastle\bcprov-jdk15on\1.59\bcprov-jdk15on-1.59.jar;C:\Users\62737\.m2\repository\org\slf4j\slf4j-api\1.7.25\slf4j-api-1.7.25.jar;C:\Users\62737\.m2\repository\ch\qos\logback\logback-core\1.2.3\logback-core-1.2.3.jar;C:\Users\62737\.m2\repository\ch\qos\logback\logback-classic\1.2.3\logback-classic-1.2.3.jar;C:\Users\62737\.m2\repository\org\jetbrains\annotations\19.0.0\annotations-19.
Launcher Type: SUN_STANDARD

[Global flags]
     intx CICompilerCount                          = 3                                         {product} {ergonomic}
     uint ConcGCThreads                            = 1                                         {product} {ergonomic}
     uint G1ConcRefinementThreads                  = 4                                         {product} {ergonomic}
   size_t G1HeapRegionSize                         = 1048576                                   {product} {ergonomic}
    uintx GCDrainStackTargetSize                   = 64                                        {product} {ergonomic}
   size_t InitialHeapSize                          = 134217728                                 {product} {ergonomic}
   size_t MarkStackSize                            = 4194304                                   {product} {ergonomic}
   size_t MaxHeapSize                              = 2120220672                                {product} {ergonomic}
   size_t MaxNewSize                               = 1271922688                                {product} {ergonomic}
   size_t MinHeapDeltaBytes                        = 1048576                                   {product} {ergonomic}
    uintx NonNMethodCodeHeapSize                   = 5830732                                {pd product} {ergonomic}
    uintx NonProfiledCodeHeapSize                  = 122913754                              {pd product} {ergonomic}
    uintx ProfiledCodeHeapSize                     = 122913754                              {pd product} {ergonomic}
    uintx ReservedCodeCacheSize                    = 251658240                              {pd product} {ergonomic}
     bool SegmentedCodeCache                       = true                                      {product} {ergonomic}
     bool UseCompressedClassPointers               = true                                 {lp64_product} {ergonomic}
     bool UseCompressedOops                        = true                                 {lp64_product} {ergonomic}
     bool UseG1GC                                  = true                                      {product} {ergonomic}
     bool UseLargePagesIndividualAllocation        = false                                  {pd product} {ergonomic}

Logging:
Log output configuration:
 #0: stdout all=warning uptime,level,tags
 #1: stderr all=off uptime,level,tags

Environment Variables:
JAVA_HOME=C:\Program Files\Java\jdk-12.0.1
PATH=C:\Windows\system32;C:\Windows;C:\Windows\System32\Wbem;C:\Windows\System32\WindowsPowerShell\v1.0\;C:\Windows\System32\OpenSSH\;C:\Program Files (x86)\NVIDIA Corporation\PhysX\Common;C:\Program Files\NVIDIA Corporation\NVIDIA NvDLISR;C:\Program Files\Java\jdk-12.0.1\bin;C:\Program Files\dotnet\;C:\Program Files\Microsoft SQL Server\130\Tools\Binn\;C:\Program Files\Microsoft SQL Server\Client SDK\ODBC\170\Tools\Binn\;C:\Program Files\MySQL\MySQL Server 8.0\bin;C:\Program Files\Git\cmd;C:\WINDOWS\system32;C:\WINDOWS;C:\WINDOWS\System32\Wbem;C:\WINDOWS\System32\WindowsPowerShell\v1.0\;C:\WINDOWS\System32\OpenSSH\;D:\Program Files\C++Library\OpenCV\420\opencv\build\x64\vc15\bin;D:\matlab\bin;D:\Program Files\apache-maven-3.6.1\bin;C:\Program Files\MySQL\MySQL Shell 8.0\bin\;C:\Users\62737\AppData\Local\Microsoft\WindowsApps;;D:\Bigdata-CCA\Microsoft VS Code\bin
USERNAME=62737
OS=Windows_NT
PROCESSOR_IDENTIFIER=Intel64 Family 6 Model 94 Stepping 3, GenuineIntel



---------------  S Y S T E M  ---------------

OS: Windows 10 , 64 bit Build 18362 (10.0.18362.959)

CPU:total 4 (initial active 4) (4 cores per cpu, 1 threads per core) family 6 model 94 stepping 3, cmov, cx8, fxsr, mmx, sse, sse2, sse3, ssse3, sse4.1, sse4.2, popcnt, avx, avx2, aes, clmul, erms, rtm, 3dnowpref, lzcnt, tsc, tscinvbit, bmi1, bmi2, adx, fma

Memory: 4k page, system-wide physical 8081M (2586M free)
TotalPageFile size 12689M (AvailPageFile size 3975M)
current process WorkingSet (physical memory assigned to process): 155M, peak: 201M
current process commit charge ("private bytes"): 223M, peak: 277M

vm_info: Java HotSpot(TM) 64-Bit Server VM (12.0.1+12) for windows-amd64 JRE (12.0.1+12), built on Apr  2 2019 14:02:19 by "mach5one" with MS VC++ 15.5 (VS2017)

END.
