#
# A fatal error has been detected by the Java Runtime Environment:
#
#  EXCEPTION_ACCESS_VIOLATION (0xc0000005) at pc=0x00007ffd6d49e878, pid=9416, tid=8956
#
# JRE version: Java(TM) SE Runtime Environment (12.0.1+12) (build 12.0.1+12)
# Java VM: Java HotSpot(TM) 64-Bit Server VM (12.0.1+12, mixed mode, sharing, tiered, compressed oops, g1 gc, windows-amd64)
# Problematic frame:
# C  [librocksdbjni13146827881915690126.dll+0x24e878]
#
# No core dump will be written. Minidumps are not enabled by default on client versions of Windows
#
# If you would like to submit a bug report, please visit:
#   http://bugreport.java.com/bugreport/crash.jsp
# The crash happened outside the Java Virtual Machine in native code.
# See problematic frame for where to report the bug.
#

---------------  S U M M A R Y ------------

Command Line: -javaagent:C:\Program Files\JetBrains\IntelliJ IDEA Community Edition 2020.1.3\lib\idea_rt.jar=53279:C:\Program Files\JetBrains\IntelliJ IDEA Community Edition 2020.1.3\bin -Dfile.encoding=UTF-8 one.wangwei.blockchain.cli.Main

Host: Intel(R) Core(TM) i5-6300HQ CPU @ 2.30GHz, 4 cores, 7G,  Windows 10 , 64 bit Build 18362 (10.0.18362.959)
Time: Thu Aug 13 15:07:18 2020 ?D1®≤°¿®∫°¡?®∫°¿?? elapsed time: 2 seconds (0d 0h 0m 2s)

---------------  T H R E A D  ---------------

Current thread (0x0000022c5697e000):  JavaThread "main" [_thread_in_native, id=8956, stack(0x0000007ba3200000,0x0000007ba3300000)]

Stack: [0x0000007ba3200000,0x0000007ba3300000],  sp=0x0000007ba32ff080,  free space=1020k
Native frames: (J=compiled Java code, j=interpreted, Vv=VM code, C=native code)
C  [librocksdbjni13146827881915690126.dll+0x24e878]

Java frames: (J=compiled Java code, j=interpreted, Vv=VM code)
j  org.rocksdb.RocksDB.put(J[BII[BII)V+0
j  org.rocksdb.RocksDB.put([B[B)V+13
j  one.wangwei.blockchain.store.RocksDBUtils.deletetransacion([B)V+27
j  one.wangwei.blockchain.cli.CLI.mineblock(Ljava/lang/String;)V+126
j  one.wangwei.blockchain.cli.CLI.parse()V+468
j  one.wangwei.blockchain.cli.Main.main([Ljava/lang/String;)V+30
v  ~StubRoutines::call_stub

siginfo: EXCEPTION_ACCESS_VIOLATION (0xc0000005), reading address 0x0000000000000038


Register to memory mapping:

RIP=0x00007ffd6d49e878 librocksdbjni13146827881915690126.dll
RAX=0x0 is NULL
RBX=0x0000000000000015 is an unknown value
RCX=0x0000022c761fd130 points into unknown readable memory: 00 00 00 00 00 00 00 00
RDX=0x0000007ba32ff0e8 is pointing into the stack for thread: 0x0000022c5697e000
RSP=0x0000007ba32ff080 is pointing into the stack for thread: 0x0000022c5697e000
RBP=0x0000007ba32ff100 is pointing into the stack for thread: 0x0000022c5697e000
RSI=0x0 is NULL
RDI=0x0 is NULL
R8 =0x00007ffd6d888944 librocksdbjni13146827881915690126.dll
R9 =0x0000007ba32ff0d8 is pointing into the stack for thread: 0x0000022c5697e000
R10=0x00000000893e3d88 points into unknown readable memory: 01 00 6a 61 76 61 2e 75
R11=0x0000007ba32ff060 is pointing into the stack for thread: 0x0000022c5697e000
R12=0x0000022c5697e330 points into unknown readable memory: e0 1d 2b 5d fd 7f 00 00
R13=0x0000022c761fd130 points into unknown readable memory: 00 00 00 00 00 00 00 00
R14=0x0000022c767c6600 points into unknown readable memory: 03 01 54 f8 00 00 00 00
R15=0x0000022c7740f150 points into unknown readable memory: 01 00 6a 61 76 61 2e 75


Registers:
RAX=0x0000000000000000, RBX=0x0000000000000015, RCX=0x0000022c761fd130, RDX=0x0000007ba32ff0e8
RSP=0x0000007ba32ff080, RBP=0x0000007ba32ff100, RSI=0x0000000000000000, RDI=0x0000000000000000
R8 =0x00007ffd6d888944, R9 =0x0000007ba32ff0d8, R10=0x00000000893e3d88, R11=0x0000007ba32ff060
R12=0x0000022c5697e330, R13=0x0000022c761fd130, R14=0x0000022c767c6600, R15=0x0000022c7740f150
RIP=0x00007ffd6d49e878, EFLAGS=0x0000000000010246

Top of Stack: (sp=0x0000007ba32ff080)
0x0000007ba32ff080:   0000000000000015 0000000000000004
0x0000007ba32ff090:   0000000000000004 0000000000000000
0x0000007ba32ff0a0:   0000007ba32ff0c8 0000022c000000b6
0x0000007ba32ff0b0:   fffffffffffffffe 0000000000000000
0x0000007ba32ff0c0:   0000000000000000 0000022c7740f150
0x0000007ba32ff0d0:   0000000000000015 0000022c767c6600
0x0000007ba32ff0e0:   0000000000000004 0000007ba32ff2b0
0x0000007ba32ff0f0:   0000022c7529f120 00007ffd5ca2e699
0x0000007ba32ff100:   0000022c5697e000 0000007ba32ff2b0
0x0000007ba32ff110:   0000022c7529f120 0000000000000000
0x0000007ba32ff120:   0000000000000000 0000000000000015
0x0000007ba32ff130:   0000007ba32ff250 00007ffd6d4a1464
0x0000007ba32ff140:   0000022c7529f128 0000022c5edd5e6b
0x0000007ba32ff150:   00007ffd6d888944 0000000000000000
0x0000007ba32ff160:   0000007ba32ff298 0000022c00000000
0x0000007ba32ff170:   3ff0000000000004 0000007ba32ff280 

Instructions: (pc=0x00007ffd6d49e878)
0x00007ffd6d49e858:   4c 24 28 48 8d 4d d8 48 89 4c 24 20 49 8b cd ff
0x00007ffd6d49e868:   50 40 eb 0f 48 89 4c 24 20 4c 8d 4d d8 49 8b cd
0x00007ffd6d49e878:   ff 50 38 48 8b d8 48 8d 45 b8 48 3b c3 74 28 8b
0x00007ffd6d49e888:   33 45 33 ed 44 89 2b 8b 4b 04 89 4d bc 89 75 b8 


Stack slot to memory mapping:
stack at sp + 0 slots: 0x0000000000000015 is an unknown value
stack at sp + 1 slots: 0x0000000000000004 is an unknown value
stack at sp + 2 slots: 0x0000000000000004 is an unknown value
stack at sp + 3 slots: 0x0 is NULL
stack at sp + 4 slots: 0x0000007ba32ff0c8 is pointing into the stack for thread: 0x0000022c5697e000
stack at sp + 5 slots: 0x0000022c000000b6 is an unknown value
stack at sp + 6 slots: 0xfffffffffffffffe is an unknown value
stack at sp + 7 slots: 0x0 is NULL


---------------  P R O C E S S  ---------------

Threads class SMR info:
_java_thread_list=0x0000022c761fdca0, length=12, elements={
0x0000022c5697e000, 0x0000022c74d91800, 0x0000022c74d93000, 0x0000022c74db4800,
0x0000022c74db5800, 0x0000022c74db8800, 0x0000022c74dbd000, 0x0000022c74dc2000,
0x0000022c756e2000, 0x0000022c758c5000, 0x0000022c758c6000, 0x0000022c767c3800
}

Java Threads: ( => current thread )
=>0x0000022c5697e000 JavaThread "main" [_thread_in_native, id=8956, stack(0x0000007ba3200000,0x0000007ba3300000)]
  0x0000022c74d91800 JavaThread "Reference Handler" daemon [_thread_blocked, id=4360, stack(0x0000007ba3900000,0x0000007ba3a00000)]
  0x0000022c74d93000 JavaThread "Finalizer" daemon [_thread_blocked, id=452, stack(0x0000007ba3a00000,0x0000007ba3b00000)]
  0x0000022c74db4800 JavaThread "Signal Dispatcher" daemon [_thread_blocked, id=9900, stack(0x0000007ba3b00000,0x0000007ba3c00000)]
  0x0000022c74db5800 JavaThread "Attach Listener" daemon [_thread_blocked, id=8488, stack(0x0000007ba3c00000,0x0000007ba3d00000)]
  0x0000022c74db8800 JavaThread "C2 CompilerThread0" daemon [_thread_blocked, id=8992, stack(0x0000007ba3d00000,0x0000007ba3e00000)]
  0x0000022c74dbd000 JavaThread "C1 CompilerThread0" daemon [_thread_blocked, id=6804, stack(0x0000007ba3e00000,0x0000007ba3f00000)]
  0x0000022c74dc2000 JavaThread "Sweeper thread" daemon [_thread_blocked, id=16472, stack(0x0000007ba3f00000,0x0000007ba4000000)]
  0x0000022c756e2000 JavaThread "Common-Cleaner" daemon [_thread_blocked, id=9392, stack(0x0000007ba4000000,0x0000007ba4100000)]
  0x0000022c758c5000 JavaThread "Monitor Ctrl-Break" daemon [_thread_in_native, id=2436, stack(0x0000007ba4100000,0x0000007ba4200000)]
  0x0000022c758c6000 JavaThread "Service Thread" daemon [_thread_blocked, id=11376, stack(0x0000007ba4200000,0x0000007ba4300000)]
  0x0000022c767c3800 JavaThread "C2 CompilerThread1" daemon [_thread_blocked, id=8212, stack(0x0000007ba4900000,0x0000007ba4a00000)]

Other Threads:
  0x0000022c74d8d800 VMThread "VM Thread" [stack: 0x0000007ba3800000,0x0000007ba3900000] [id=10516]
  0x0000022c758ce000 WatcherThread [stack: 0x0000007ba4300000,0x0000007ba4400000] [id=10436]
  0x0000022c569b9000 GCTaskThread "GC Thread#0" [stack: 0x0000007ba3300000,0x0000007ba3400000] [id=16300]
  0x0000022c768a2800 GCTaskThread "GC Thread#1" [stack: 0x0000007ba4600000,0x0000007ba4700000] [id=11580]
  0x0000022c768a0800 GCTaskThread "GC Thread#2" [stack: 0x0000007ba4700000,0x0000007ba4800000] [id=11236]
  0x0000022c569c6000 ConcurrentGCThread "G1 Main Marker" [stack: 0x0000007ba3400000,0x0000007ba3500000] [id=10312]
  0x0000022c569c9800 ConcurrentGCThread "G1 Conc#0" [stack: 0x0000007ba3500000,0x0000007ba3600000] [id=9180]
  0x0000022c74c10800 ConcurrentGCThread "G1 Refine#0" [stack: 0x0000007ba3600000,0x0000007ba3700000] [id=9136]
  0x0000022c768a2000 ConcurrentGCThread "G1 Refine#1" [stack: 0x0000007ba4800000,0x0000007ba4900000] [id=11180]
  0x0000022c74c11800 ConcurrentGCThread "G1 Young RemSet Sampling" [stack: 0x0000007ba3700000,0x0000007ba3800000] [id=15468]

Threads with active compile tasks:

VM state:not at safepoint (normal execution)

VM Mutex/Monitor currently owned by a thread: None

Heap address: 0x0000000081a00000, size: 2022 MB, Compressed Oops mode: 32-bit
Narrow klass base: 0x0000000800000000, Narrow klass shift: 3
Compressed class space size: 1073741824 Address: 0x00000008011a0000

Heap:
 garbage-first heap   total 131072K, used 12487K [0x0000000081a00000, 0x0000000100000000)
  region size 1024K, 9 young (9216K), 2 survivors (2048K)
 Metaspace       used 5911K, capacity 6387K, committed 6528K, reserved 1056768K
  class space    used 584K, capacity 640K, committed 640K, reserved 1048576K
Heap Regions: E=young(eden), S=young(survivor), O=old, HS=humongous(starts), HC=humongous(continues), CS=collection set, F=free, A=archive, TAMS=top-at-mark-start (previous, next)
|   0|0x0000000081a00000, 0x0000000081b00000, 0x0000000081b00000|100%| O|  |TAMS 0x0000000081a00000, 0x0000000081a00000| Untracked 
|   1|0x0000000081b00000, 0x0000000081c00000, 0x0000000081c00000|100%| O|  |TAMS 0x0000000081b00000, 0x0000000081b00000| Untracked 
|   2|0x0000000081c00000, 0x0000000081d00000, 0x0000000081d00000|100%| O|  |TAMS 0x0000000081c00000, 0x0000000081c00000| Untracked 
|   3|0x0000000081d00000, 0x0000000081e00000, 0x0000000081e00000|100%| O|  |TAMS 0x0000000081d00000, 0x0000000081d00000| Untracked 
|   4|0x0000000081e00000, 0x0000000081f00000, 0x0000000081f00000|100%| O|  |TAMS 0x0000000081e00000, 0x0000000081e00000| Untracked 
|   5|0x0000000081f00000, 0x0000000081f31e00, 0x0000000082000000| 19%| O|  |TAMS 0x0000000081f00000, 0x0000000081f00000| Untracked 
|   6|0x0000000082000000, 0x0000000082000000, 0x0000000082100000|  0%| F|  |TAMS 0x0000000082000000, 0x0000000082000000| Untracked 
|   7|0x0000000082100000, 0x0000000082100000, 0x0000000082200000|  0%| F|  |TAMS 0x0000000082100000, 0x0000000082100000| Untracked 
|   8|0x0000000082200000, 0x0000000082200000, 0x0000000082300000|  0%| F|  |TAMS 0x0000000082200000, 0x0000000082200000| Untracked 
|   9|0x0000000082300000, 0x0000000082300000, 0x0000000082400000|  0%| F|  |TAMS 0x0000000082300000, 0x0000000082300000| Untracked 
|  10|0x0000000082400000, 0x0000000082400000, 0x0000000082500000|  0%| F|  |TAMS 0x0000000082400000, 0x0000000082400000| Untracked 
|  11|0x0000000082500000, 0x0000000082500000, 0x0000000082600000|  0%| F|  |TAMS 0x0000000082500000, 0x0000000082500000| Untracked 
|  12|0x0000000082600000, 0x0000000082600000, 0x0000000082700000|  0%| F|  |TAMS 0x0000000082600000, 0x0000000082600000| Untracked 
|  13|0x0000000082700000, 0x0000000082700000, 0x0000000082800000|  0%| F|  |TAMS 0x0000000082700000, 0x0000000082700000| Untracked 
|  14|0x0000000082800000, 0x0000000082800000, 0x0000000082900000|  0%| F|  |TAMS 0x0000000082800000, 0x0000000082800000| Untracked 
|  15|0x0000000082900000, 0x0000000082900000, 0x0000000082a00000|  0%| F|  |TAMS 0x0000000082900000, 0x0000000082900000| Untracked 
|  16|0x0000000082a00000, 0x0000000082a00000, 0x0000000082b00000|  0%| F|  |TAMS 0x0000000082a00000, 0x0000000082a00000| Untracked 
|  17|0x0000000082b00000, 0x0000000082b00000, 0x0000000082c00000|  0%| F|  |TAMS 0x0000000082b00000, 0x0000000082b00000| Untracked 
|  18|0x0000000082c00000, 0x0000000082c00000, 0x0000000082d00000|  0%| F|  |TAMS 0x0000000082c00000, 0x0000000082c00000| Untracked 
|  19|0x0000000082d00000, 0x0000000082d00000, 0x0000000082e00000|  0%| F|  |TAMS 0x0000000082d00000, 0x0000000082d00000| Untracked 
|  20|0x0000000082e00000, 0x0000000082e00000, 0x0000000082f00000|  0%| F|  |TAMS 0x0000000082e00000, 0x0000000082e00000| Untracked 
|  21|0x0000000082f00000, 0x0000000082f00000, 0x0000000083000000|  0%| F|  |TAMS 0x0000000082f00000, 0x0000000082f00000| Untracked 
|  22|0x0000000083000000, 0x0000000083000000, 0x0000000083100000|  0%| F|  |TAMS 0x0000000083000000, 0x0000000083000000| Untracked 
|  23|0x0000000083100000, 0x0000000083100000, 0x0000000083200000|  0%| F|  |TAMS 0x0000000083100000, 0x0000000083100000| Untracked 
|  24|0x0000000083200000, 0x0000000083200000, 0x0000000083300000|  0%| F|  |TAMS 0x0000000083200000, 0x0000000083200000| Untracked 
|  25|0x0000000083300000, 0x0000000083300000, 0x0000000083400000|  0%| F|  |TAMS 0x0000000083300000, 0x0000000083300000| Untracked 
|  26|0x0000000083400000, 0x0000000083400000, 0x0000000083500000|  0%| F|  |TAMS 0x0000000083400000, 0x0000000083400000| Untracked 
|  27|0x0000000083500000, 0x0000000083500000, 0x0000000083600000|  0%| F|  |TAMS 0x0000000083500000, 0x0000000083500000| Untracked 
|  28|0x0000000083600000, 0x0000000083600000, 0x0000000083700000|  0%| F|  |TAMS 0x0000000083600000, 0x0000000083600000| Untracked 
|  29|0x0000000083700000, 0x0000000083700000, 0x0000000083800000|  0%| F|  |TAMS 0x0000000083700000, 0x0000000083700000| Untracked 
|  30|0x0000000083800000, 0x0000000083800000, 0x0000000083900000|  0%| F|  |TAMS 0x0000000083800000, 0x0000000083800000| Untracked 
|  31|0x0000000083900000, 0x0000000083900000, 0x0000000083a00000|  0%| F|  |TAMS 0x0000000083900000, 0x0000000083900000| Untracked 
|  32|0x0000000083a00000, 0x0000000083a00000, 0x0000000083b00000|  0%| F|  |TAMS 0x0000000083a00000, 0x0000000083a00000| Untracked 
|  33|0x0000000083b00000, 0x0000000083b00000, 0x0000000083c00000|  0%| F|  |TAMS 0x0000000083b00000, 0x0000000083b00000| Untracked 
|  34|0x0000000083c00000, 0x0000000083c00000, 0x0000000083d00000|  0%| F|  |TAMS 0x0000000083c00000, 0x0000000083c00000| Untracked 
|  35|0x0000000083d00000, 0x0000000083d00000, 0x0000000083e00000|  0%| F|  |TAMS 0x0000000083d00000, 0x0000000083d00000| Untracked 
|  36|0x0000000083e00000, 0x0000000083e00000, 0x0000000083f00000|  0%| F|  |TAMS 0x0000000083e00000, 0x0000000083e00000| Untracked 
|  37|0x0000000083f00000, 0x0000000083f00000, 0x0000000084000000|  0%| F|  |TAMS 0x0000000083f00000, 0x0000000083f00000| Untracked 
|  38|0x0000000084000000, 0x0000000084000000, 0x0000000084100000|  0%| F|  |TAMS 0x0000000084000000, 0x0000000084000000| Untracked 
|  39|0x0000000084100000, 0x0000000084100000, 0x0000000084200000|  0%| F|  |TAMS 0x0000000084100000, 0x0000000084100000| Untracked 
|  40|0x0000000084200000, 0x0000000084200000, 0x0000000084300000|  0%| F|  |TAMS 0x0000000084200000, 0x0000000084200000| Untracked 
|  41|0x0000000084300000, 0x0000000084300000, 0x0000000084400000|  0%| F|  |TAMS 0x0000000084300000, 0x0000000084300000| Untracked 
|  42|0x0000000084400000, 0x0000000084400000, 0x0000000084500000|  0%| F|  |TAMS 0x0000000084400000, 0x0000000084400000| Untracked 
|  43|0x0000000084500000, 0x0000000084500000, 0x0000000084600000|  0%| F|  |TAMS 0x0000000084500000, 0x0000000084500000| Untracked 
|  44|0x0000000084600000, 0x0000000084600000, 0x0000000084700000|  0%| F|  |TAMS 0x0000000084600000, 0x0000000084600000| Untracked 
|  45|0x0000000084700000, 0x0000000084700000, 0x0000000084800000|  0%| F|  |TAMS 0x0000000084700000, 0x0000000084700000| Untracked 
|  46|0x0000000084800000, 0x0000000084800000, 0x0000000084900000|  0%| F|  |TAMS 0x0000000084800000, 0x0000000084800000| Untracked 
|  47|0x0000000084900000, 0x0000000084900000, 0x0000000084a00000|  0%| F|  |TAMS 0x0000000084900000, 0x0000000084900000| Untracked 
|  48|0x0000000084a00000, 0x0000000084a00000, 0x0000000084b00000|  0%| F|  |TAMS 0x0000000084a00000, 0x0000000084a00000| Untracked 
|  49|0x0000000084b00000, 0x0000000084b00000, 0x0000000084c00000|  0%| F|  |TAMS 0x0000000084b00000, 0x0000000084b00000| Untracked 
|  50|0x0000000084c00000, 0x0000000084c00000, 0x0000000084d00000|  0%| F|  |TAMS 0x0000000084c00000, 0x0000000084c00000| Untracked 
|  51|0x0000000084d00000, 0x0000000084d00000, 0x0000000084e00000|  0%| F|  |TAMS 0x0000000084d00000, 0x0000000084d00000| Untracked 
|  52|0x0000000084e00000, 0x0000000084e00000, 0x0000000084f00000|  0%| F|  |TAMS 0x0000000084e00000, 0x0000000084e00000| Untracked 
|  53|0x0000000084f00000, 0x0000000084f00000, 0x0000000085000000|  0%| F|  |TAMS 0x0000000084f00000, 0x0000000084f00000| Untracked 
|  54|0x0000000085000000, 0x0000000085000000, 0x0000000085100000|  0%| F|  |TAMS 0x0000000085000000, 0x0000000085000000| Untracked 
|  55|0x0000000085100000, 0x0000000085100000, 0x0000000085200000|  0%| F|  |TAMS 0x0000000085100000, 0x0000000085100000| Untracked 
|  56|0x0000000085200000, 0x0000000085200000, 0x0000000085300000|  0%| F|  |TAMS 0x0000000085200000, 0x0000000085200000| Untracked 
|  57|0x0000000085300000, 0x0000000085300000, 0x0000000085400000|  0%| F|  |TAMS 0x0000000085300000, 0x0000000085300000| Untracked 
|  58|0x0000000085400000, 0x0000000085400000, 0x0000000085500000|  0%| F|  |TAMS 0x0000000085400000, 0x0000000085400000| Untracked 
|  59|0x0000000085500000, 0x0000000085500000, 0x0000000085600000|  0%| F|  |TAMS 0x0000000085500000, 0x0000000085500000| Untracked 
|  60|0x0000000085600000, 0x0000000085600000, 0x0000000085700000|  0%| F|  |TAMS 0x0000000085600000, 0x0000000085600000| Untracked 
|  61|0x0000000085700000, 0x0000000085700000, 0x0000000085800000|  0%| F|  |TAMS 0x0000000085700000, 0x0000000085700000| Untracked 
|  62|0x0000000085800000, 0x0000000085800000, 0x0000000085900000|  0%| F|  |TAMS 0x0000000085800000, 0x0000000085800000| Untracked 
|  63|0x0000000085900000, 0x0000000085900000, 0x0000000085a00000|  0%| F|  |TAMS 0x0000000085900000, 0x0000000085900000| Untracked 
|  64|0x0000000085a00000, 0x0000000085a00000, 0x0000000085b00000|  0%| F|  |TAMS 0x0000000085a00000, 0x0000000085a00000| Untracked 
|  65|0x0000000085b00000, 0x0000000085b00000, 0x0000000085c00000|  0%| F|  |TAMS 0x0000000085b00000, 0x0000000085b00000| Untracked 
|  66|0x0000000085c00000, 0x0000000085c00000, 0x0000000085d00000|  0%| F|  |TAMS 0x0000000085c00000, 0x0000000085c00000| Untracked 
|  67|0x0000000085d00000, 0x0000000085d00000, 0x0000000085e00000|  0%| F|  |TAMS 0x0000000085d00000, 0x0000000085d00000| Untracked 
|  68|0x0000000085e00000, 0x0000000085e00000, 0x0000000085f00000|  0%| F|  |TAMS 0x0000000085e00000, 0x0000000085e00000| Untracked 
|  69|0x0000000085f00000, 0x0000000085f00000, 0x0000000086000000|  0%| F|  |TAMS 0x0000000085f00000, 0x0000000085f00000| Untracked 
|  70|0x0000000086000000, 0x0000000086000000, 0x0000000086100000|  0%| F|  |TAMS 0x0000000086000000, 0x0000000086000000| Untracked 
|  71|0x0000000086100000, 0x0000000086100000, 0x0000000086200000|  0%| F|  |TAMS 0x0000000086100000, 0x0000000086100000| Untracked 
|  72|0x0000000086200000, 0x0000000086200000, 0x0000000086300000|  0%| F|  |TAMS 0x0000000086200000, 0x0000000086200000| Untracked 
|  73|0x0000000086300000, 0x0000000086300000, 0x0000000086400000|  0%| F|  |TAMS 0x0000000086300000, 0x0000000086300000| Untracked 
|  74|0x0000000086400000, 0x0000000086400000, 0x0000000086500000|  0%| F|  |TAMS 0x0000000086400000, 0x0000000086400000| Untracked 
|  75|0x0000000086500000, 0x0000000086500000, 0x0000000086600000|  0%| F|  |TAMS 0x0000000086500000, 0x0000000086500000| Untracked 
|  76|0x0000000086600000, 0x0000000086600000, 0x0000000086700000|  0%| F|  |TAMS 0x0000000086600000, 0x0000000086600000| Untracked 
|  77|0x0000000086700000, 0x0000000086700000, 0x0000000086800000|  0%| F|  |TAMS 0x0000000086700000, 0x0000000086700000| Untracked 
|  78|0x0000000086800000, 0x0000000086800000, 0x0000000086900000|  0%| F|  |TAMS 0x0000000086800000, 0x0000000086800000| Untracked 
|  79|0x0000000086900000, 0x0000000086900000, 0x0000000086a00000|  0%| F|  |TAMS 0x0000000086900000, 0x0000000086900000| Untracked 
|  80|0x0000000086a00000, 0x0000000086a00000, 0x0000000086b00000|  0%| F|  |TAMS 0x0000000086a00000, 0x0000000086a00000| Untracked 
|  81|0x0000000086b00000, 0x0000000086b00000, 0x0000000086c00000|  0%| F|  |TAMS 0x0000000086b00000, 0x0000000086b00000| Untracked 
|  82|0x0000000086c00000, 0x0000000086c00000, 0x0000000086d00000|  0%| F|  |TAMS 0x0000000086c00000, 0x0000000086c00000| Untracked 
|  83|0x0000000086d00000, 0x0000000086d00000, 0x0000000086e00000|  0%| F|  |TAMS 0x0000000086d00000, 0x0000000086d00000| Untracked 
|  84|0x0000000086e00000, 0x0000000086e00000, 0x0000000086f00000|  0%| F|  |TAMS 0x0000000086e00000, 0x0000000086e00000| Untracked 
|  85|0x0000000086f00000, 0x0000000086f00000, 0x0000000087000000|  0%| F|  |TAMS 0x0000000086f00000, 0x0000000086f00000| Untracked 
|  86|0x0000000087000000, 0x0000000087000000, 0x0000000087100000|  0%| F|  |TAMS 0x0000000087000000, 0x0000000087000000| Untracked 
|  87|0x0000000087100000, 0x0000000087100000, 0x0000000087200000|  0%| F|  |TAMS 0x0000000087100000, 0x0000000087100000| Untracked 
|  88|0x0000000087200000, 0x0000000087200000, 0x0000000087300000|  0%| F|  |TAMS 0x0000000087200000, 0x0000000087200000| Untracked 
|  89|0x0000000087300000, 0x0000000087300000, 0x0000000087400000|  0%| F|  |TAMS 0x0000000087300000, 0x0000000087300000| Untracked 
|  90|0x0000000087400000, 0x0000000087400000, 0x0000000087500000|  0%| F|  |TAMS 0x0000000087400000, 0x0000000087400000| Untracked 
|  91|0x0000000087500000, 0x0000000087500000, 0x0000000087600000|  0%| F|  |TAMS 0x0000000087500000, 0x0000000087500000| Untracked 
|  92|0x0000000087600000, 0x0000000087600000, 0x0000000087700000|  0%| F|  |TAMS 0x0000000087600000, 0x0000000087600000| Untracked 
|  93|0x0000000087700000, 0x0000000087700000, 0x0000000087800000|  0%| F|  |TAMS 0x0000000087700000, 0x0000000087700000| Untracked 
|  94|0x0000000087800000, 0x0000000087800000, 0x0000000087900000|  0%| F|  |TAMS 0x0000000087800000, 0x0000000087800000| Untracked 
|  95|0x0000000087900000, 0x0000000087900000, 0x0000000087a00000|  0%| F|  |TAMS 0x0000000087900000, 0x0000000087900000| Untracked 
|  96|0x0000000087a00000, 0x0000000087a00000, 0x0000000087b00000|  0%| F|  |TAMS 0x0000000087a00000, 0x0000000087a00000| Untracked 
|  97|0x0000000087b00000, 0x0000000087b00000, 0x0000000087c00000|  0%| F|  |TAMS 0x0000000087b00000, 0x0000000087b00000| Untracked 
|  98|0x0000000087c00000, 0x0000000087c00000, 0x0000000087d00000|  0%| F|  |TAMS 0x0000000087c00000, 0x0000000087c00000| Untracked 
|  99|0x0000000087d00000, 0x0000000087d00000, 0x0000000087e00000|  0%| F|  |TAMS 0x0000000087d00000, 0x0000000087d00000| Untracked 
| 100|0x0000000087e00000, 0x0000000087e00000, 0x0000000087f00000|  0%| F|  |TAMS 0x0000000087e00000, 0x0000000087e00000| Untracked 
| 101|0x0000000087f00000, 0x0000000087f00000, 0x0000000088000000|  0%| F|  |TAMS 0x0000000087f00000, 0x0000000087f00000| Untracked 
| 102|0x0000000088000000, 0x0000000088000000, 0x0000000088100000|  0%| F|  |TAMS 0x0000000088000000, 0x0000000088000000| Untracked 
| 103|0x0000000088100000, 0x0000000088100000, 0x0000000088200000|  0%| F|  |TAMS 0x0000000088100000, 0x0000000088100000| Untracked 
| 104|0x0000000088200000, 0x0000000088200000, 0x0000000088300000|  0%| F|  |TAMS 0x0000000088200000, 0x0000000088200000| Untracked 
| 105|0x0000000088300000, 0x0000000088300000, 0x0000000088400000|  0%| F|  |TAMS 0x0000000088300000, 0x0000000088300000| Untracked 
| 106|0x0000000088400000, 0x0000000088400000, 0x0000000088500000|  0%| F|  |TAMS 0x0000000088400000, 0x0000000088400000| Untracked 
| 107|0x0000000088500000, 0x0000000088500000, 0x0000000088600000|  0%| F|  |TAMS 0x0000000088500000, 0x0000000088500000| Untracked 
| 108|0x0000000088600000, 0x0000000088600000, 0x0000000088700000|  0%| F|  |TAMS 0x0000000088600000, 0x0000000088600000| Untracked 
| 109|0x0000000088700000, 0x0000000088700000, 0x0000000088800000|  0%| F|  |TAMS 0x0000000088700000, 0x0000000088700000| Untracked 
| 110|0x0000000088800000, 0x0000000088800000, 0x0000000088900000|  0%| F|  |TAMS 0x0000000088800000, 0x0000000088800000| Untracked 
| 111|0x0000000088900000, 0x0000000088900000, 0x0000000088a00000|  0%| F|  |TAMS 0x0000000088900000, 0x0000000088900000| Untracked 
| 112|0x0000000088a00000, 0x0000000088a00000, 0x0000000088b00000|  0%| F|  |TAMS 0x0000000088a00000, 0x0000000088a00000| Untracked 
| 113|0x0000000088b00000, 0x0000000088b00000, 0x0000000088c00000|  0%| F|  |TAMS 0x0000000088b00000, 0x0000000088b00000| Untracked 
| 114|0x0000000088c00000, 0x0000000088c00000, 0x0000000088d00000|  0%| F|  |TAMS 0x0000000088c00000, 0x0000000088c00000| Untracked 
| 115|0x0000000088d00000, 0x0000000088d00000, 0x0000000088e00000|  0%| F|  |TAMS 0x0000000088d00000, 0x0000000088d00000| Untracked 
| 116|0x0000000088e00000, 0x0000000088e00000, 0x0000000088f00000|  0%| F|  |TAMS 0x0000000088e00000, 0x0000000088e00000| Untracked 
| 117|0x0000000088f00000, 0x0000000088f00000, 0x0000000089000000|  0%| F|  |TAMS 0x0000000088f00000, 0x0000000088f00000| Untracked 
| 118|0x0000000089000000, 0x0000000089100000, 0x0000000089100000|100%| S|CS|TAMS 0x0000000089000000, 0x0000000089000000| Complete 
| 119|0x0000000089100000, 0x0000000089200000, 0x0000000089200000|100%| S|CS|TAMS 0x0000000089100000, 0x0000000089100000| Complete 
| 120|0x0000000089200000, 0x0000000089200000, 0x0000000089300000|  0%| F|  |TAMS 0x0000000089200000, 0x0000000089200000| Untracked 
| 121|0x0000000089300000, 0x00000000893f7b50, 0x0000000089400000| 96%| E|  |TAMS 0x0000000089300000, 0x0000000089300000| Complete 
| 122|0x0000000089400000, 0x0000000089500000, 0x0000000089500000|100%| E|CS|TAMS 0x0000000089400000, 0x0000000089400000| Complete 
| 123|0x0000000089500000, 0x0000000089600000, 0x0000000089600000|100%| E|CS|TAMS 0x0000000089500000, 0x0000000089500000| Complete 
| 124|0x0000000089600000, 0x0000000089700000, 0x0000000089700000|100%| E|  |TAMS 0x0000000089600000, 0x0000000089600000| Complete 
| 125|0x0000000089700000, 0x0000000089800000, 0x0000000089800000|100%| E|CS|TAMS 0x0000000089700000, 0x0000000089700000| Complete 
| 126|0x0000000089800000, 0x0000000089900000, 0x0000000089900000|100%| E|CS|TAMS 0x0000000089800000, 0x0000000089800000| Complete 
| 127|0x0000000089900000, 0x0000000089a00000, 0x0000000089a00000|100%| E|CS|TAMS 0x0000000089900000, 0x0000000089900000| Complete 

Card table byte_map: [0x0000022c6e180000,0x0000022c6e580000] _byte_map_base: 0x0000022c6dd73000

Marking Bits (Prev, Next): (CMBitMap*) 0x0000022c569b99d8, (CMBitMap*) 0x0000022c569b9a18
 Prev Bits: [0x0000022c6e980000, 0x0000022c70918000)
 Next Bits: [0x0000022c70920000, 0x0000022c728b8000)

Polling page: 0x0000022c54970000

Metaspace:

Usage:
  Non-class:      5.61 MB capacity,     5.20 MB ( 93%) used,   412.45 KB (  7%) free+waste,     7.63 KB ( <1%) overhead. 
      Class:    640.00 KB capacity,   584.76 KB ( 91%) used,    51.18 KB (  8%) free+waste,     4.06 KB ( <1%) overhead. 
       Both:      6.24 MB capacity,     5.77 MB ( 93%) used,   463.63 KB (  7%) free+waste,    11.69 KB ( <1%) overhead. 

Virtual space:
  Non-class space:        8.00 MB reserved,       5.75 MB ( 72%) committed 
      Class space:        1.00 GB reserved,     640.00 KB ( <1%) committed 
             Both:        1.01 GB reserved,       6.38 MB ( <1%) committed 

Chunk freelists:
   Non-Class:  1.63 KB
       Class:  0 bytes
        Both:  1.63 KB

CodeHeap 'non-profiled nmethods': size=120064Kb used=418Kb max_used=418Kb free=119645Kb
 bounds [0x0000022c66840000, 0x0000022c66ab0000, 0x0000022c6dd80000]
CodeHeap 'profiled nmethods': size=120000Kb used=2094Kb max_used=2094Kb free=117905Kb
 bounds [0x0000022c5f310000, 0x0000022c5f580000, 0x0000022c66840000]
CodeHeap 'non-nmethods': size=5696Kb used=1149Kb max_used=1189Kb free=4546Kb
 bounds [0x0000022c5ed80000, 0x0000022c5eff0000, 0x0000022c5f310000]
 total_blobs=1814 nmethods=1069 adapters=384
 compilation: enabled
              stopped_count=0, restarted_count=0
 full_count=0

Compilation events (10 events):
Event: 2.184 Thread 0x0000022c74dbd000 1067       3       sun.net.www.protocol.jar.Handler::parseContextSpec (150 bytes)
Event: 2.186 Thread 0x0000022c74dbd000 nmethod 1067 0x0000022c5f515e10 code [0x0000022c5f516320, 0x0000022c5f518680]
Event: 2.186 Thread 0x0000022c74dbd000 1070       3       com.esotericsoftware.kryo.util.ObjectMap::hash2 (19 bytes)
Event: 2.186 Thread 0x0000022c74dbd000 nmethod 1070 0x0000022c5f519290 code [0x0000022c5f519440, 0x0000022c5f5195d8]
Event: 2.186 Thread 0x0000022c74dbd000 1069       3       java.lang.reflect.AccessibleObject::<init> (5 bytes)
Event: 2.186 Thread 0x0000022c74dbd000 nmethod 1069 0x0000022c5f519690 code [0x0000022c5f519840, 0x0000022c5f519a18]
Event: 2.186 Thread 0x0000022c74dbd000 1072       3       com.esotericsoftware.kryo.factories.ReflectionSerializerFactory::<init> (10 bytes)
Event: 2.186 Thread 0x0000022c74dbd000 nmethod 1072 0x0000022c5f519b10 code [0x0000022c5f519ce0, 0x0000022c5f519f18]
Event: 2.186 Thread 0x0000022c74dbd000 1073       3       com.esotericsoftware.kryo.Kryo::addDefaultSerializer (66 bytes)
Event: 2.187 Thread 0x0000022c74dbd000 nmethod 1073 0x0000022c5f51a010 code [0x0000022c5f51a240, 0x0000022c5f51a9d0]

GC Heap History (4 events):
Event: 1.800 GC heap before
{Heap before GC invocations=0 (full 0):
 garbage-first heap   total 131072K, used 14336K [0x0000000081a00000, 0x0000000100000000)
  region size 1024K, 14 young (14336K), 0 survivors (0K)
 Metaspace       used 4359K, capacity 6284K, committed 6528K, reserved 1056768K
  class space    used 431K, capacity 606K, committed 640K, reserved 1048576K
}
Event: 1.804 GC heap after
{Heap after GC invocations=1 (full 0):
 garbage-first heap   total 131072K, used 4166K [0x0000000081a00000, 0x0000000100000000)
  region size 1024K, 2 young (2048K), 2 survivors (2048K)
 Metaspace       used 4359K, capacity 6284K, committed 6528K, reserved 1056768K
  class space    used 431K, capacity 606K, committed 640K, reserved 1048576K
}
Event: 1.877 GC heap before
{Heap before GC invocations=1 (full 0):
 garbage-first heap   total 131072K, used 11334K [0x0000000081a00000, 0x0000000100000000)
  region size 1024K, 10 young (10240K), 2 survivors (2048K)
 Metaspace       used 4450K, capacity 6288K, committed 6528K, reserved 1056768K
  class space    used 435K, capacity 607K, committed 640K, reserved 1048576K
}
Event: 1.881 GC heap after
{Heap after GC invocations=2 (full 0):
 garbage-first heap   total 131072K, used 7367K [0x0000000081a00000, 0x0000000100000000)
  region size 1024K, 2 young (2048K), 2 survivors (2048K)
 Metaspace       used 4450K, capacity 6288K, committed 6528K, reserved 1056768K
  class space    used 435K, capacity 607K, committed 640K, reserved 1048576K
}

Deoptimization events (10 events):
Event: 0.513 Thread 0x0000022c5697e000 Uncommon trap: reason=unstable_if action=reinterpret pc=0x0000022c668552bc method=java.util.HashMap.putVal(ILjava/lang/Object;Ljava/lang/Object;ZZ)Ljava/lang/Object; @ 181 c2
Event: 1.733 Thread 0x0000022c5697e000 Uncommon trap: reason=unstable_if action=reinterpret pc=0x0000022c6686dcdc method=java.util.HashMap.hash(Ljava/lang/Object;)I @ 1 c2
Event: 1.885 Thread 0x0000022c5697e000 Uncommon trap: reason=unstable_if action=reinterpret pc=0x0000022c66884df0 method=sun.security.util.ManifestDigester.findSection(ILsun/security/util/ManifestDigester$Position;)Z @ 134 c2
Event: 1.898 Thread 0x0000022c5697e000 Uncommon trap: reason=class_check action=maybe_recompile pc=0x0000022c66880134 method=java.util.HashMap.getNode(ILjava/lang/Object;)Ljava/util/HashMap$Node; @ 59 c2
Event: 1.900 Thread 0x0000022c5697e000 Uncommon trap: reason=class_check action=maybe_recompile pc=0x0000022c66880134 method=java.util.HashMap.getNode(ILjava/lang/Object;)Ljava/util/HashMap$Node; @ 59 c2
Event: 1.901 Thread 0x0000022c5697e000 Uncommon trap: reason=class_check action=maybe_recompile pc=0x0000022c66880134 method=java.util.HashMap.getNode(ILjava/lang/Object;)Ljava/util/HashMap$Node; @ 59 c2
Event: 1.901 Thread 0x0000022c5697e000 Uncommon trap: reason=class_check action=maybe_recompile pc=0x0000022c66880134 method=java.util.HashMap.getNode(ILjava/lang/Object;)Ljava/util/HashMap$Node; @ 59 c2
Event: 1.917 Thread 0x0000022c5697e000 Uncommon trap: reason=unstable_if action=reinterpret pc=0x0000022c6688285c method=java.util.jar.Manifest$FastInputStream.readLine([BII)I @ 130 c2
Event: 2.110 Thread 0x0000022c5697e000 Uncommon trap: reason=unstable_if action=reinterpret pc=0x0000022c6687f6c8 method=java.util.jar.Manifest$FastInputStream.readLine([BII)I @ 130 c2
Event: 2.164 Thread 0x0000022c5697e000 Uncommon trap: reason=unstable_if action=reinterpret pc=0x0000022c668a5150 method=java.security.CodeSigner.equals(Ljava/lang/Object;)Z @ 34 c2

Classes redefined (0 events):
No events

Internal exceptions (5 events):
Event: 0.343 Thread 0x0000022c5697e000 Exception <a 'java/lang/ClassNotFoundException'{0x0000000089449938}: javax/smartcardio/CardPermission> (0x0000000089449938) thrown at [t:/workspace/open/src/hotspot/share/classfile/systemDictionary.cpp, line 235]
Event: 0.350 Thread 0x0000022c5697e000 Exception <a 'java/io/FileNotFoundException'{0x00000000894576e8}> (0x00000000894576e8) thrown at [t:/workspace/open/src/hotspot/share/prims/jni.cpp, line 615]
Event: 0.517 Thread 0x0000022c5697e000 Exception <a 'java/lang/NoSuchMethodError'{0x0000000089124ac8}: java.lang.invoke.DirectMethodHandle$Holder.invokeStaticInit(Ljava/lang/Object;IIII)Ljava/lang/Object;> (0x0000000089124ac8) thrown at [t:/workspace/open/src/hotspot/share/interpreter/linkReso
Event: 1.366 Thread 0x0000022c5697e000 Exception <a 'java/lang/NoSuchMethodError'{0x0000000089076858}: java.lang.invoke.DirectMethodHandle$Holder.invokeStaticInit(Ljava/lang/Object;Ljava/lang/Object;IIII)Ljava/lang/Object;> (0x0000000089076858) thrown at [t:/workspace/open/src/hotspot/share/in
Event: 1.733 Thread 0x0000022c5697e000 Implicit null exception at 0x0000022c6686d36e to 0x0000022c6686dcc3

Events (10 events):
Event: 2.184 loading class one/wangwei/blockchain/transaction/TransactionConstructorAccess
Event: 2.184 loading class one/wangwei/blockchain/transaction/TransactionConstructorAccess done
Event: 2.185 loading class one/wangwei/blockchain/transaction/TXInputConstructorAccess
Event: 2.185 loading class one/wangwei/blockchain/transaction/TXInputConstructorAccess done
Event: 2.185 loading class one/wangwei/blockchain/transaction/TXInputConstructorAccess
Event: 2.185 loading class one/wangwei/blockchain/transaction/TXInputConstructorAccess done
Event: 2.185 loading class one/wangwei/blockchain/transaction/TXOutputConstructorAccess
Event: 2.185 loading class one/wangwei/blockchain/transaction/TXOutputConstructorAccess done
Event: 2.186 loading class one/wangwei/blockchain/transaction/TXOutputConstructorAccess
Event: 2.186 loading class one/wangwei/blockchain/transaction/TXOutputConstructorAccess done


Dynamic libraries:
0x00007ff6e3e80000 - 0x00007ff6e3e8f000 	C:\Program Files\Java\jdk-12.0.1\bin\java.exe
0x00007ffda2280000 - 0x00007ffda2470000 	C:\WINDOWS\SYSTEM32\ntdll.dll
0x00007ffda0bc0000 - 0x00007ffda0c72000 	C:\WINDOWS\System32\KERNEL32.DLL
0x00007ffd9fed0000 - 0x00007ffda0174000 	C:\WINDOWS\System32\KERNELBASE.dll
0x00007ffd9fd80000 - 0x00007ffd9fe7a000 	C:\WINDOWS\System32\ucrtbase.dll
0x00007ffd9d260000 - 0x00007ffd9d278000 	C:\Program Files\Java\jdk-12.0.1\bin\jli.dll
0x00007ffda0ef0000 - 0x00007ffda0f93000 	C:\WINDOWS\System32\ADVAPI32.dll
0x00007ffda07a0000 - 0x00007ffda083e000 	C:\WINDOWS\System32\msvcrt.dll
0x00007ffda0980000 - 0x00007ffda0a17000 	C:\WINDOWS\System32\sechost.dll
0x00007ffda1850000 - 0x00007ffda1970000 	C:\WINDOWS\System32\RPCRT4.dll
0x00007ffda0fa0000 - 0x00007ffda1134000 	C:\WINDOWS\System32\USER32.dll
0x00007ffda0200000 - 0x00007ffda0221000 	C:\WINDOWS\System32\win32u.dll
0x00007ffda20d0000 - 0x00007ffda20f6000 	C:\WINDOWS\System32\GDI32.dll
0x00007ffd9f350000 - 0x00007ffd9f4e6000 	C:\WINDOWS\System32\gdi32full.dll
0x00007ffda0230000 - 0x00007ffda02ce000 	C:\WINDOWS\System32\msvcp_win.dll
0x00007ffd99a40000 - 0x00007ffd99a56000 	C:\Program Files\Java\jdk-12.0.1\bin\VCRUNTIME140.dll
0x00007ffd92240000 - 0x00007ffd924c4000 	C:\WINDOWS\WinSxS\amd64_microsoft.windows.common-controls_6595b64144ccf1df_6.0.18362.959_none_e6c7bbbf130c62bb\COMCTL32.dll
0x00007ffda1c30000 - 0x00007ffda1f65000 	C:\WINDOWS\System32\combase.dll
0x00007ffda0180000 - 0x00007ffda0200000 	C:\WINDOWS\System32\bcryptPrimitives.dll
0x00007ffd96280000 - 0x00007ffd9628a000 	C:\WINDOWS\SYSTEM32\VERSION.dll
0x00007ffda0840000 - 0x00007ffda086e000 	C:\WINDOWS\System32\IMM32.DLL
0x00007ffd98db0000 - 0x00007ffd98e5a000 	C:\Program Files\Java\jdk-12.0.1\bin\msvcp140.dll
0x00007ffd5c8a0000 - 0x00007ffd5d414000 	C:\Program Files\Java\jdk-12.0.1\bin\server\jvm.dll
0x00007ffda0870000 - 0x00007ffda0878000 	C:\WINDOWS\System32\PSAPI.DLL
0x00007ffd8f660000 - 0x00007ffd8f669000 	C:\WINDOWS\SYSTEM32\WSOCK32.dll
0x00007ffda0b50000 - 0x00007ffda0bbf000 	C:\WINDOWS\System32\WS2_32.dll
0x00007ffd9d0d0000 - 0x00007ffd9d0f4000 	C:\WINDOWS\SYSTEM32\WINMM.dll
0x00007ffd9d070000 - 0x00007ffd9d09d000 	C:\WINDOWS\SYSTEM32\winmmbase.dll
0x00007ffd9fe80000 - 0x00007ffd9feca000 	C:\WINDOWS\System32\cfgmgr32.dll
0x00007ffd9f140000 - 0x00007ffd9f151000 	C:\WINDOWS\System32\kernel.appcore.dll
0x00007ffd999b0000 - 0x00007ffd999c1000 	C:\Program Files\Java\jdk-12.0.1\bin\verify.dll
0x00007ffd9b610000 - 0x00007ffd9b804000 	C:\WINDOWS\SYSTEM32\DBGHELP.DLL
0x00007ffd8edc0000 - 0x00007ffd8edea000 	C:\WINDOWS\SYSTEM32\dbgcore.DLL
0x00007ffd99980000 - 0x00007ffd999a6000 	C:\Program Files\Java\jdk-12.0.1\bin\java.dll
0x00007ffd9d230000 - 0x00007ffd9d23e000 	C:\Program Files\Java\jdk-12.0.1\bin\instrument.dll
0x00007ffd99940000 - 0x00007ffd99957000 	C:\Program Files\Java\jdk-12.0.1\bin\zip.dll
0x00007ffd99a20000 - 0x00007ffd99a2a000 	C:\Program Files\Java\jdk-12.0.1\bin\jimage.dll
0x00007ffda1140000 - 0x00007ffda1826000 	C:\WINDOWS\System32\SHELL32.dll
0x00007ffda0c80000 - 0x00007ffda0d29000 	C:\WINDOWS\System32\shcore.dll
0x00007ffd9f5f0000 - 0x00007ffd9fd72000 	C:\WINDOWS\System32\windows.storage.dll
0x00007ffd9f1d0000 - 0x00007ffd9f1f3000 	C:\WINDOWS\System32\profapi.dll
0x00007ffd9f160000 - 0x00007ffd9f1aa000 	C:\WINDOWS\System32\powrprof.dll
0x00007ffd9f130000 - 0x00007ffd9f140000 	C:\WINDOWS\System32\UMPDC.dll
0x00007ffda0a80000 - 0x00007ffda0ad2000 	C:\WINDOWS\System32\shlwapi.dll
0x00007ffd9f4f0000 - 0x00007ffd9f507000 	C:\WINDOWS\System32\cryptsp.dll
0x00007ffd99920000 - 0x00007ffd99939000 	C:\Program Files\Java\jdk-12.0.1\bin\net.dll
0x00007ffd93930000 - 0x00007ffd93a20000 	C:\WINDOWS\SYSTEM32\WINHTTP.dll
0x00007ffd90020000 - 0x00007ffd901f6000 	C:\WINDOWS\SYSTEM32\urlmon.dll
0x00007ffd8d5c0000 - 0x00007ffd8d866000 	C:\WINDOWS\SYSTEM32\iertutil.dll
0x00007ffd9eb70000 - 0x00007ffd9eb7c000 	C:\WINDOWS\SYSTEM32\CRYPTBASE.DLL
0x00007ffd9e9a0000 - 0x00007ffd9ea07000 	C:\WINDOWS\system32\mswsock.dll
0x00007ffd99900000 - 0x00007ffd99913000 	C:\Program Files\Java\jdk-12.0.1\bin\nio.dll
0x00007ffd998e0000 - 0x00007ffd998fa000 	C:\Program Files\JetBrains\IntelliJ IDEA Community Edition 2020.1.3\bin\breakgen64.dll
0x00007ffd9e510000 - 0x00007ffd9e543000 	C:\WINDOWS\system32\rsaenh.dll
0x00007ffd9f510000 - 0x00007ffd9f536000 	C:\WINDOWS\System32\bcrypt.dll
0x00007ffd9f050000 - 0x00007ffd9f075000 	C:\WINDOWS\SYSTEM32\USERENV.dll
0x00007ffd9e6b0000 - 0x00007ffd9e6ea000 	C:\WINDOWS\SYSTEM32\IPHLPAPI.DLL
0x00007ffda0b40000 - 0x00007ffda0b48000 	C:\WINDOWS\System32\NSI.dll
0x00007ffd993a0000 - 0x00007ffd993b6000 	C:\WINDOWS\SYSTEM32\dhcpcsvc6.DLL
0x00007ffd99360000 - 0x00007ffd9937c000 	C:\WINDOWS\SYSTEM32\dhcpcsvc.DLL
0x00007ffd9e6f0000 - 0x00007ffd9e7bb000 	C:\WINDOWS\SYSTEM32\DNSAPI.dll
0x00007ffd6d250000 - 0x00007ffd6d8c7000 	C:\Users\62737\AppData\Local\Temp\librocksdbjni13146827881915690126.dll

dbghelp: loaded successfully - version: 4.0.5 - missing functions: none
symbol engine: initialized successfully - sym options: 0x614 - pdb path: .;C:\Program Files\Java\jdk-12.0.1\bin;C:\WINDOWS\SYSTEM32;C:\WINDOWS\WinSxS\amd64_microsoft.windows.common-controls_6595b64144ccf1df_6.0.18362.959_none_e6c7bbbf130c62bb;C:\Program Files\Java\jdk-12.0.1\bin\server;C:\Program Files\JetBrains\IntelliJ IDEA Community Edition 2020.1.3\bin;C:\Users\62737\AppData\Local\Temp

VM Arguments:
jvm_args: -javaagent:C:\Program Files\JetBrains\IntelliJ IDEA Community Edition 2020.1.3\lib\idea_rt.jar=53279:C:\Program Files\JetBrains\IntelliJ IDEA Community Edition 2020.1.3\bin -Dfile.encoding=UTF-8 
java_command: one.wangwei.blockchain.cli.Main
java_class_path (initial): D:\int main\blockchain-java-master -÷ÿππ\target\classes;C:\Users\62737\.m2\repository\org\apache\commons\commons-lang3\3.7\commons-lang3-3.7.jar;C:\Users\62737\.m2\repository\commons-codec\commons-codec\1.11\commons-codec-1.11.jar;C:\Users\62737\.m2\repository\commons-cli\commons-cli\1.4\commons-cli-1.4.jar;C:\Users\62737\.m2\repository\commons-io\commons-io\2.6\commons-io-2.6.jar;C:\Users\62737\.m2\repository\com\google\guava\guava\24.0-jre\guava-24.0-jre.jar;C:\Users\62737\.m2\repository\com\google\code\findbugs\jsr305\1.3.9\jsr305-1.3.9.jar;C:\Users\62737\.m2\repository\org\checkerframework\checker-compat-qual\2.0.0\checker-compat-qual-2.0.0.jar;C:\Users\62737\.m2\repository\com\google\errorprone\error_prone_annotations\2.1.3\error_prone_annotations-2.1.3.jar;C:\Users\62737\.m2\repository\com\google\j2objc\j2objc-annotations\1.1\j2objc-annotations-1.1.jar;C:\Users\62737\.m2\repository\org\codehaus\mojo\animal-sniffer-annotations\1.14\animal-sniffer-annotations-1.14.jar;C:\Users\62737\.m2\repository\org\projectlombok\lombok\1.18.12\lombok-1.18.12.jar;C:\Users\62737\.m2\repository\com\esotericsoftware\kryo\4.0.1\kryo-4.0.1.jar;C:\Users\62737\.m2\repository\com\esotericsoftware\reflectasm\1.11.3\reflectasm-1.11.3.jar;C:\Users\62737\.m2\repository\org\ow2\asm\asm\5.0.4\asm-5.0.4.jar;C:\Users\62737\.m2\repository\com\esotericsoftware\minlog\1.3.0\minlog-1.3.0.jar;C:\Users\62737\.m2\repository\org\objenesis\objenesis\2.5.1\objenesis-2.5.1.jar;C:\Users\62737\.m2\repository\org\rocksdb\rocksdbjni\5.9.2\rocksdbjni-5.9.2.jar;C:\Users\62737\.m2\repository\org\bouncycastle\bcprov-jdk15on\1.59\bcprov-jdk15on-1.59.jar;C:\Users\62737\.m2\repository\org\slf4j\slf4j-api\1.7.25\slf4j-api-1.7.25.jar;C:\Users\62737\.m2\repository\ch\qos\logback\logback-core\1.2.3\logback-core-1.2.3.jar;C:\Users\62737\.m2\repository\ch\qos\logback\logback-classic\1.2.3\logback-classic-1.2.3.jar;C:\Users\62737\.m2\repository\org\jetbrains\annotations\19.0.0\annotations-19.
Launcher Type: SUN_STANDARD

[Global flags]
     intx CICompilerCount                          = 3                                         {product} {ergonomic}
     uint ConcGCThreads                            = 1                                         {product} {ergonomic}
     uint G1ConcRefinementThreads                  = 4                                         {product} {ergonomic}
   size_t G1HeapRegionSize                         = 1048576                                   {product} {ergonomic}
    uintx GCDrainStackTargetSize                   = 64                                        {product} {ergonomic}
   size_t InitialHeapSize                          = 134217728                                 {product} {ergonomic}
   size_t MarkStackSize                            = 4194304                                   {product} {ergonomic}
   size_t MaxHeapSize                              = 2120220672                                {product} {ergonomic}
   size_t MaxNewSize                               = 1271922688                                {product} {ergonomic}
   size_t MinHeapDeltaBytes                        = 1048576                                   {product} {ergonomic}
    uintx NonNMethodCodeHeapSize                   = 5830732                                {pd product} {ergonomic}
    uintx NonProfiledCodeHeapSize                  = 122913754                              {pd product} {ergonomic}
    uintx ProfiledCodeHeapSize                     = 122913754                              {pd product} {ergonomic}
    uintx ReservedCodeCacheSize                    = 251658240                              {pd product} {ergonomic}
     bool SegmentedCodeCache                       = true                                      {product} {ergonomic}
     bool UseCompressedClassPointers               = true                                 {lp64_product} {ergonomic}
     bool UseCompressedOops                        = true                                 {lp64_product} {ergonomic}
     bool UseG1GC                                  = true                                      {product} {ergonomic}
     bool UseLargePagesIndividualAllocation        = false                                  {pd product} {ergonomic}

Logging:
Log output configuration:
 #0: stdout all=warning uptime,level,tags
 #1: stderr all=off uptime,level,tags

Environment Variables:
JAVA_HOME=C:\Program Files\Java\jdk-12.0.1
PATH=C:\Windows\system32;C:\Windows;C:\Windows\System32\Wbem;C:\Windows\System32\WindowsPowerShell\v1.0\;C:\Windows\System32\OpenSSH\;C:\Program Files (x86)\NVIDIA Corporation\PhysX\Common;C:\Program Files\NVIDIA Corporation\NVIDIA NvDLISR;C:\Program Files\Java\jdk-12.0.1\bin;C:\Program Files\dotnet\;C:\Program Files\Microsoft SQL Server\130\Tools\Binn\;C:\Program Files\Microsoft SQL Server\Client SDK\ODBC\170\Tools\Binn\;C:\Program Files\MySQL\MySQL Server 8.0\bin;C:\Program Files\Git\cmd;C:\WINDOWS\system32;C:\WINDOWS;C:\WINDOWS\System32\Wbem;C:\WINDOWS\System32\WindowsPowerShell\v1.0\;C:\WINDOWS\System32\OpenSSH\;D:\Program Files\C++Library\OpenCV\420\opencv\build\x64\vc15\bin;D:\matlab\bin;D:\Program Files\apache-maven-3.6.1\bin;C:\Program Files\MySQL\MySQL Shell 8.0\bin\;C:\Users\62737\AppData\Local\Microsoft\WindowsApps;;D:\Bigdata-CCA\Microsoft VS Code\bin
USERNAME=62737
OS=Windows_NT
PROCESSOR_IDENTIFIER=Intel64 Family 6 Model 94 Stepping 3, GenuineIntel



---------------  S Y S T E M  ---------------

OS: Windows 10 , 64 bit Build 18362 (10.0.18362.959)

CPU:total 4 (initial active 4) (4 cores per cpu, 1 threads per core) family 6 model 94 stepping 3, cmov, cx8, fxsr, mmx, sse, sse2, sse3, ssse3, sse4.1, sse4.2, popcnt, avx, avx2, aes, clmul, erms, rtm, 3dnowpref, lzcnt, tsc, tscinvbit, bmi1, bmi2, adx, fma

Memory: 4k page, system-wide physical 8081M (2705M free)
TotalPageFile size 12689M (AvailPageFile size 3108M)
current process WorkingSet (physical memory assigned to process): 94M, peak: 98M
current process commit charge ("private bytes"): 229M, peak: 233M

vm_info: Java HotSpot(TM) 64-Bit Server VM (12.0.1+12) for windows-amd64 JRE (12.0.1+12), built on Apr  2 2019 14:02:19 by "mach5one" with MS VC++ 15.5 (VS2017)

END.
