#
# A fatal error has been detected by the Java Runtime Environment:
#
#  EXCEPTION_ACCESS_VIOLATION (0xc0000005) at pc=0x00007ffd5daae878, pid=2296, tid=13300
#
# JRE version: Java(TM) SE Runtime Environment (12.0.1+12) (build 12.0.1+12)
# Java VM: Java HotSpot(TM) 64-Bit Server VM (12.0.1+12, mixed mode, sharing, tiered, compressed oops, g1 gc, windows-amd64)
# Problematic frame:
# C  [librocksdbjni17129053157391740692.dll+0x24e878]
#
# No core dump will be written. Minidumps are not enabled by default on client versions of Windows
#
# If you would like to submit a bug report, please visit:
#   http://bugreport.java.com/bugreport/crash.jsp
# The crash happened outside the Java Virtual Machine in native code.
# See problematic frame for where to report the bug.
#

---------------  S U M M A R Y ------------

Command Line: -javaagent:C:\Program Files\JetBrains\IntelliJ IDEA Community Edition 2020.1.3\lib\idea_rt.jar=61923:C:\Program Files\JetBrains\IntelliJ IDEA Community Edition 2020.1.3\bin -Dfile.encoding=UTF-8 one.wangwei.blockchain.cli.Main

Host: Intel(R) Core(TM) i5-6300HQ CPU @ 2.30GHz, 4 cores, 7G,  Windows 10 , 64 bit Build 18362 (10.0.18362.959)
Time: Fri Aug 14 10:34:03 2020 ?D1®≤°¿®∫°¡?®∫°¿?? elapsed time: 1 seconds (0d 0h 0m 1s)

---------------  T H R E A D  ---------------

Current thread (0x000001c516c09000):  JavaThread "main" [_thread_in_native, id=13300, stack(0x0000008ff3800000,0x0000008ff3900000)]

Stack: [0x0000008ff3800000,0x0000008ff3900000],  sp=0x0000008ff38ff200,  free space=1020k
Native frames: (J=compiled Java code, j=interpreted, Vv=VM code, C=native code)
C  [librocksdbjni17129053157391740692.dll+0x24e878]

Java frames: (J=compiled Java code, j=interpreted, Vv=VM code)
j  org.rocksdb.RocksDB.put(J[BII[BII)V+0
j  org.rocksdb.RocksDB.put([B[B)V+13
j  one.wangwei.blockchain.store.RocksDBUtils.cleanTxBucket()V+25
j  one.wangwei.blockchain.cli.Main.main([Ljava/lang/String;)V+9
v  ~StubRoutines::call_stub

siginfo: EXCEPTION_ACCESS_VIOLATION (0xc0000005), reading address 0xffffffffffffffff


Register to memory mapping:

RIP=0x00007ffd5daae878 librocksdbjni17129053157391740692.dll
RAX=0x000001c5368b6410 points into unknown readable memory: 80 68 a7 36 c5 01 00 00
RBX=0x0000000000000015 is an unknown value
RCX=0x000001c5361b9290 points into unknown readable memory: 10 64 8b 36 c5 01 00 00
RDX=0x0000008ff38ff268 is pointing into the stack for thread: 0x000001c516c09000
RSP=0x0000008ff38ff200 is pointing into the stack for thread: 0x000001c516c09000
RBP=0x0000008ff38ff280 is pointing into the stack for thread: 0x000001c516c09000
RSI=0x0 is NULL
RDI=0x0 is NULL
R8 =0x00007ffd5de98944 librocksdbjni17129053157391740692.dll
R9 =0x0000008ff38ff258 is pointing into the stack for thread: 0x000001c516c09000
R10=0x0000000088d512d8 points into unknown readable memory: 01 00 6a 61 76 61 2e 75
R11=0x0000008ff38ff1e0 is pointing into the stack for thread: 0x000001c516c09000
R12=0x000001c516c09330 points into unknown readable memory: e0 1d f3 6e fd 7f 00 00
R13=0x000001c5361b9290 points into unknown readable memory: 10 64 8b 36 c5 01 00 00
R14=0x000001c535ccf050 points into unknown readable memory: 03 01 54 f8 34 00 00 00
R15=0x000001c536a31440 points into unknown readable memory: 01 00 6a 61 76 61 2e 75


Registers:
RAX=0x000001c5368b6410, RBX=0x0000000000000015, RCX=0x000001c5361b9290, RDX=0x0000008ff38ff268
RSP=0x0000008ff38ff200, RBP=0x0000008ff38ff280, RSI=0x0000000000000000, RDI=0x0000000000000000
R8 =0x00007ffd5de98944, R9 =0x0000008ff38ff258, R10=0x0000000088d512d8, R11=0x0000008ff38ff1e0
R12=0x000001c516c09330, R13=0x000001c5361b9290, R14=0x000001c535ccf050, R15=0x000001c536a31440
RIP=0x00007ffd5daae878, EFLAGS=0x0000000000010246

Top of Stack: (sp=0x0000008ff38ff200)
0x0000008ff38ff200:   0000000000000015 0000000000000004
0x0000008ff38ff210:   0000000000000004 0000000000000000
0x0000008ff38ff220:   0000008ff38ff248 0000000088d512a0
0x0000008ff38ff230:   fffffffffffffffe 0000000000000000
0x0000008ff38ff240:   0000000000000000 000001c536a31440
0x0000008ff38ff250:   0000000000000015 000001c535ccf050
0x0000008ff38ff260:   0000000000000004 00007ffd6eaef730
0x0000008ff38ff270:   0000008ff38ff2f0 0000000000000001
0x0000008ff38ff280:   000001c516c09000 0000008ff38ff438
0x0000008ff38ff290:   000001c5354f6908 0000000000000000
0x0000008ff38ff2a0:   0000000000000000 0000000000000015
0x0000008ff38ff2b0:   0000008ff38ff3d8 00007ffd5dab1464
0x0000008ff38ff2c0:   000001c5354f6910 00007ffd6e729e8d
0x0000008ff38ff2d0:   00007ffd5de98944 0000000000000000
0x0000008ff38ff2e0:   0000008ff38ff420 0000000000000000
0x0000008ff38ff2f0:   0000008f00000004 0000008ff38ff408 

Instructions: (pc=0x00007ffd5daae878)
0x00007ffd5daae858:   4c 24 28 48 8d 4d d8 48 89 4c 24 20 49 8b cd ff
0x00007ffd5daae868:   50 40 eb 0f 48 89 4c 24 20 4c 8d 4d d8 49 8b cd
0x00007ffd5daae878:   ff 50 38 48 8b d8 48 8d 45 b8 48 3b c3 74 28 8b
0x00007ffd5daae888:   33 45 33 ed 44 89 2b 8b 4b 04 89 4d bc 89 75 b8 


Stack slot to memory mapping:
stack at sp + 0 slots: 0x0000000000000015 is an unknown value
stack at sp + 1 slots: 0x0000000000000004 is an unknown value
stack at sp + 2 slots: 0x0000000000000004 is an unknown value
stack at sp + 3 slots: 0x0 is NULL
stack at sp + 4 slots: 0x0000008ff38ff248 is pointing into the stack for thread: 0x000001c516c09000
stack at sp + 5 slots: 0x0000000088d512a0 points into unknown readable memory: 05 00 00 00 00 00 00 00
stack at sp + 6 slots: 0xfffffffffffffffe is an unknown value
stack at sp + 7 slots: 0x0 is NULL


---------------  P R O C E S S  ---------------

Threads class SMR info:
_java_thread_list=0x000001c53597cef0, length=11, elements={
0x000001c516c09000, 0x000001c535012000, 0x000001c535013800, 0x000001c535033000,
0x000001c535035000, 0x000001c535036000, 0x000001c535039800, 0x000001c53504f000,
0x000001c53595a000, 0x000001c535b69000, 0x000001c535b6b000
}

Java Threads: ( => current thread )
=>0x000001c516c09000 JavaThread "main" [_thread_in_native, id=13300, stack(0x0000008ff3800000,0x0000008ff3900000)]
  0x000001c535012000 JavaThread "Reference Handler" daemon [_thread_blocked, id=5648, stack(0x0000008ff3f00000,0x0000008ff4000000)]
  0x000001c535013800 JavaThread "Finalizer" daemon [_thread_blocked, id=14640, stack(0x0000008ff4000000,0x0000008ff4100000)]
  0x000001c535033000 JavaThread "Signal Dispatcher" daemon [_thread_blocked, id=7632, stack(0x0000008ff4100000,0x0000008ff4200000)]
  0x000001c535035000 JavaThread "Attach Listener" daemon [_thread_blocked, id=15592, stack(0x0000008ff4200000,0x0000008ff4300000)]
  0x000001c535036000 JavaThread "C2 CompilerThread0" daemon [_thread_blocked, id=9624, stack(0x0000008ff4300000,0x0000008ff4400000)]
  0x000001c535039800 JavaThread "C1 CompilerThread0" daemon [_thread_blocked, id=16152, stack(0x0000008ff4400000,0x0000008ff4500000)]
  0x000001c53504f000 JavaThread "Sweeper thread" daemon [_thread_blocked, id=4964, stack(0x0000008ff4500000,0x0000008ff4600000)]
  0x000001c53595a000 JavaThread "Common-Cleaner" daemon [_thread_blocked, id=12400, stack(0x0000008ff4600000,0x0000008ff4700000)]
  0x000001c535b69000 JavaThread "Monitor Ctrl-Break" daemon [_thread_in_native, id=7472, stack(0x0000008ff4700000,0x0000008ff4800000)]
  0x000001c535b6b000 JavaThread "Service Thread" daemon [_thread_blocked, id=10268, stack(0x0000008ff4800000,0x0000008ff4900000)]

Other Threads:
  0x000001c53500e000 VMThread "VM Thread" [stack: 0x0000008ff3e00000,0x0000008ff3f00000] [id=9120]
  0x000001c535b71800 WatcherThread [stack: 0x0000008ff4900000,0x0000008ff4a00000] [id=16884]
  0x000001c516c47000 GCTaskThread "GC Thread#0" [stack: 0x0000008ff3900000,0x0000008ff3a00000] [id=8700]
  0x000001c516c56000 ConcurrentGCThread "G1 Main Marker" [stack: 0x0000008ff3a00000,0x0000008ff3b00000] [id=15640]
  0x000001c516c58800 ConcurrentGCThread "G1 Conc#0" [stack: 0x0000008ff3b00000,0x0000008ff3c00000] [id=7396]
  0x000001c534e90800 ConcurrentGCThread "G1 Refine#0" [stack: 0x0000008ff3c00000,0x0000008ff3d00000] [id=1728]
  0x000001c534e91800 ConcurrentGCThread "G1 Young RemSet Sampling" [stack: 0x0000008ff3d00000,0x0000008ff3e00000] [id=9304]

Threads with active compile tasks:

VM state:not at safepoint (normal execution)

VM Mutex/Monitor currently owned by a thread: None

Heap address: 0x0000000081a00000, size: 2022 MB, Compressed Oops mode: 32-bit
Narrow klass base: 0x0000000800000000, Narrow klass shift: 3
Compressed class space size: 1073741824 Address: 0x00000008011a0000

Heap:
 garbage-first heap   total 131072K, used 12288K [0x0000000081a00000, 0x0000000100000000)
  region size 1024K, 13 young (13312K), 0 survivors (0K)
 Metaspace       used 4045K, capacity 6028K, committed 6272K, reserved 1056768K
  class space    used 403K, capacity 606K, committed 640K, reserved 1048576K
Heap Regions: E=young(eden), S=young(survivor), O=old, HS=humongous(starts), HC=humongous(continues), CS=collection set, F=free, A=archive, TAMS=top-at-mark-start (previous, next)
|   0|0x0000000081a00000, 0x0000000081a00000, 0x0000000081b00000|  0%| F|  |TAMS 0x0000000081a00000, 0x0000000081a00000| Untracked 
|   1|0x0000000081b00000, 0x0000000081b00000, 0x0000000081c00000|  0%| F|  |TAMS 0x0000000081b00000, 0x0000000081b00000| Untracked 
|   2|0x0000000081c00000, 0x0000000081c00000, 0x0000000081d00000|  0%| F|  |TAMS 0x0000000081c00000, 0x0000000081c00000| Untracked 
|   3|0x0000000081d00000, 0x0000000081d00000, 0x0000000081e00000|  0%| F|  |TAMS 0x0000000081d00000, 0x0000000081d00000| Untracked 
|   4|0x0000000081e00000, 0x0000000081e00000, 0x0000000081f00000|  0%| F|  |TAMS 0x0000000081e00000, 0x0000000081e00000| Untracked 
|   5|0x0000000081f00000, 0x0000000081f00000, 0x0000000082000000|  0%| F|  |TAMS 0x0000000081f00000, 0x0000000081f00000| Untracked 
|   6|0x0000000082000000, 0x0000000082000000, 0x0000000082100000|  0%| F|  |TAMS 0x0000000082000000, 0x0000000082000000| Untracked 
|   7|0x0000000082100000, 0x0000000082100000, 0x0000000082200000|  0%| F|  |TAMS 0x0000000082100000, 0x0000000082100000| Untracked 
|   8|0x0000000082200000, 0x0000000082200000, 0x0000000082300000|  0%| F|  |TAMS 0x0000000082200000, 0x0000000082200000| Untracked 
|   9|0x0000000082300000, 0x0000000082300000, 0x0000000082400000|  0%| F|  |TAMS 0x0000000082300000, 0x0000000082300000| Untracked 
|  10|0x0000000082400000, 0x0000000082400000, 0x0000000082500000|  0%| F|  |TAMS 0x0000000082400000, 0x0000000082400000| Untracked 
|  11|0x0000000082500000, 0x0000000082500000, 0x0000000082600000|  0%| F|  |TAMS 0x0000000082500000, 0x0000000082500000| Untracked 
|  12|0x0000000082600000, 0x0000000082600000, 0x0000000082700000|  0%| F|  |TAMS 0x0000000082600000, 0x0000000082600000| Untracked 
|  13|0x0000000082700000, 0x0000000082700000, 0x0000000082800000|  0%| F|  |TAMS 0x0000000082700000, 0x0000000082700000| Untracked 
|  14|0x0000000082800000, 0x0000000082800000, 0x0000000082900000|  0%| F|  |TAMS 0x0000000082800000, 0x0000000082800000| Untracked 
|  15|0x0000000082900000, 0x0000000082900000, 0x0000000082a00000|  0%| F|  |TAMS 0x0000000082900000, 0x0000000082900000| Untracked 
|  16|0x0000000082a00000, 0x0000000082a00000, 0x0000000082b00000|  0%| F|  |TAMS 0x0000000082a00000, 0x0000000082a00000| Untracked 
|  17|0x0000000082b00000, 0x0000000082b00000, 0x0000000082c00000|  0%| F|  |TAMS 0x0000000082b00000, 0x0000000082b00000| Untracked 
|  18|0x0000000082c00000, 0x0000000082c00000, 0x0000000082d00000|  0%| F|  |TAMS 0x0000000082c00000, 0x0000000082c00000| Untracked 
|  19|0x0000000082d00000, 0x0000000082d00000, 0x0000000082e00000|  0%| F|  |TAMS 0x0000000082d00000, 0x0000000082d00000| Untracked 
|  20|0x0000000082e00000, 0x0000000082e00000, 0x0000000082f00000|  0%| F|  |TAMS 0x0000000082e00000, 0x0000000082e00000| Untracked 
|  21|0x0000000082f00000, 0x0000000082f00000, 0x0000000083000000|  0%| F|  |TAMS 0x0000000082f00000, 0x0000000082f00000| Untracked 
|  22|0x0000000083000000, 0x0000000083000000, 0x0000000083100000|  0%| F|  |TAMS 0x0000000083000000, 0x0000000083000000| Untracked 
|  23|0x0000000083100000, 0x0000000083100000, 0x0000000083200000|  0%| F|  |TAMS 0x0000000083100000, 0x0000000083100000| Untracked 
|  24|0x0000000083200000, 0x0000000083200000, 0x0000000083300000|  0%| F|  |TAMS 0x0000000083200000, 0x0000000083200000| Untracked 
|  25|0x0000000083300000, 0x0000000083300000, 0x0000000083400000|  0%| F|  |TAMS 0x0000000083300000, 0x0000000083300000| Untracked 
|  26|0x0000000083400000, 0x0000000083400000, 0x0000000083500000|  0%| F|  |TAMS 0x0000000083400000, 0x0000000083400000| Untracked 
|  27|0x0000000083500000, 0x0000000083500000, 0x0000000083600000|  0%| F|  |TAMS 0x0000000083500000, 0x0000000083500000| Untracked 
|  28|0x0000000083600000, 0x0000000083600000, 0x0000000083700000|  0%| F|  |TAMS 0x0000000083600000, 0x0000000083600000| Untracked 
|  29|0x0000000083700000, 0x0000000083700000, 0x0000000083800000|  0%| F|  |TAMS 0x0000000083700000, 0x0000000083700000| Untracked 
|  30|0x0000000083800000, 0x0000000083800000, 0x0000000083900000|  0%| F|  |TAMS 0x0000000083800000, 0x0000000083800000| Untracked 
|  31|0x0000000083900000, 0x0000000083900000, 0x0000000083a00000|  0%| F|  |TAMS 0x0000000083900000, 0x0000000083900000| Untracked 
|  32|0x0000000083a00000, 0x0000000083a00000, 0x0000000083b00000|  0%| F|  |TAMS 0x0000000083a00000, 0x0000000083a00000| Untracked 
|  33|0x0000000083b00000, 0x0000000083b00000, 0x0000000083c00000|  0%| F|  |TAMS 0x0000000083b00000, 0x0000000083b00000| Untracked 
|  34|0x0000000083c00000, 0x0000000083c00000, 0x0000000083d00000|  0%| F|  |TAMS 0x0000000083c00000, 0x0000000083c00000| Untracked 
|  35|0x0000000083d00000, 0x0000000083d00000, 0x0000000083e00000|  0%| F|  |TAMS 0x0000000083d00000, 0x0000000083d00000| Untracked 
|  36|0x0000000083e00000, 0x0000000083e00000, 0x0000000083f00000|  0%| F|  |TAMS 0x0000000083e00000, 0x0000000083e00000| Untracked 
|  37|0x0000000083f00000, 0x0000000083f00000, 0x0000000084000000|  0%| F|  |TAMS 0x0000000083f00000, 0x0000000083f00000| Untracked 
|  38|0x0000000084000000, 0x0000000084000000, 0x0000000084100000|  0%| F|  |TAMS 0x0000000084000000, 0x0000000084000000| Untracked 
|  39|0x0000000084100000, 0x0000000084100000, 0x0000000084200000|  0%| F|  |TAMS 0x0000000084100000, 0x0000000084100000| Untracked 
|  40|0x0000000084200000, 0x0000000084200000, 0x0000000084300000|  0%| F|  |TAMS 0x0000000084200000, 0x0000000084200000| Untracked 
|  41|0x0000000084300000, 0x0000000084300000, 0x0000000084400000|  0%| F|  |TAMS 0x0000000084300000, 0x0000000084300000| Untracked 
|  42|0x0000000084400000, 0x0000000084400000, 0x0000000084500000|  0%| F|  |TAMS 0x0000000084400000, 0x0000000084400000| Untracked 
|  43|0x0000000084500000, 0x0000000084500000, 0x0000000084600000|  0%| F|  |TAMS 0x0000000084500000, 0x0000000084500000| Untracked 
|  44|0x0000000084600000, 0x0000000084600000, 0x0000000084700000|  0%| F|  |TAMS 0x0000000084600000, 0x0000000084600000| Untracked 
|  45|0x0000000084700000, 0x0000000084700000, 0x0000000084800000|  0%| F|  |TAMS 0x0000000084700000, 0x0000000084700000| Untracked 
|  46|0x0000000084800000, 0x0000000084800000, 0x0000000084900000|  0%| F|  |TAMS 0x0000000084800000, 0x0000000084800000| Untracked 
|  47|0x0000000084900000, 0x0000000084900000, 0x0000000084a00000|  0%| F|  |TAMS 0x0000000084900000, 0x0000000084900000| Untracked 
|  48|0x0000000084a00000, 0x0000000084a00000, 0x0000000084b00000|  0%| F|  |TAMS 0x0000000084a00000, 0x0000000084a00000| Untracked 
|  49|0x0000000084b00000, 0x0000000084b00000, 0x0000000084c00000|  0%| F|  |TAMS 0x0000000084b00000, 0x0000000084b00000| Untracked 
|  50|0x0000000084c00000, 0x0000000084c00000, 0x0000000084d00000|  0%| F|  |TAMS 0x0000000084c00000, 0x0000000084c00000| Untracked 
|  51|0x0000000084d00000, 0x0000000084d00000, 0x0000000084e00000|  0%| F|  |TAMS 0x0000000084d00000, 0x0000000084d00000| Untracked 
|  52|0x0000000084e00000, 0x0000000084e00000, 0x0000000084f00000|  0%| F|  |TAMS 0x0000000084e00000, 0x0000000084e00000| Untracked 
|  53|0x0000000084f00000, 0x0000000084f00000, 0x0000000085000000|  0%| F|  |TAMS 0x0000000084f00000, 0x0000000084f00000| Untracked 
|  54|0x0000000085000000, 0x0000000085000000, 0x0000000085100000|  0%| F|  |TAMS 0x0000000085000000, 0x0000000085000000| Untracked 
|  55|0x0000000085100000, 0x0000000085100000, 0x0000000085200000|  0%| F|  |TAMS 0x0000000085100000, 0x0000000085100000| Untracked 
|  56|0x0000000085200000, 0x0000000085200000, 0x0000000085300000|  0%| F|  |TAMS 0x0000000085200000, 0x0000000085200000| Untracked 
|  57|0x0000000085300000, 0x0000000085300000, 0x0000000085400000|  0%| F|  |TAMS 0x0000000085300000, 0x0000000085300000| Untracked 
|  58|0x0000000085400000, 0x0000000085400000, 0x0000000085500000|  0%| F|  |TAMS 0x0000000085400000, 0x0000000085400000| Untracked 
|  59|0x0000000085500000, 0x0000000085500000, 0x0000000085600000|  0%| F|  |TAMS 0x0000000085500000, 0x0000000085500000| Untracked 
|  60|0x0000000085600000, 0x0000000085600000, 0x0000000085700000|  0%| F|  |TAMS 0x0000000085600000, 0x0000000085600000| Untracked 
|  61|0x0000000085700000, 0x0000000085700000, 0x0000000085800000|  0%| F|  |TAMS 0x0000000085700000, 0x0000000085700000| Untracked 
|  62|0x0000000085800000, 0x0000000085800000, 0x0000000085900000|  0%| F|  |TAMS 0x0000000085800000, 0x0000000085800000| Untracked 
|  63|0x0000000085900000, 0x0000000085900000, 0x0000000085a00000|  0%| F|  |TAMS 0x0000000085900000, 0x0000000085900000| Untracked 
|  64|0x0000000085a00000, 0x0000000085a00000, 0x0000000085b00000|  0%| F|  |TAMS 0x0000000085a00000, 0x0000000085a00000| Untracked 
|  65|0x0000000085b00000, 0x0000000085b00000, 0x0000000085c00000|  0%| F|  |TAMS 0x0000000085b00000, 0x0000000085b00000| Untracked 
|  66|0x0000000085c00000, 0x0000000085c00000, 0x0000000085d00000|  0%| F|  |TAMS 0x0000000085c00000, 0x0000000085c00000| Untracked 
|  67|0x0000000085d00000, 0x0000000085d00000, 0x0000000085e00000|  0%| F|  |TAMS 0x0000000085d00000, 0x0000000085d00000| Untracked 
|  68|0x0000000085e00000, 0x0000000085e00000, 0x0000000085f00000|  0%| F|  |TAMS 0x0000000085e00000, 0x0000000085e00000| Untracked 
|  69|0x0000000085f00000, 0x0000000085f00000, 0x0000000086000000|  0%| F|  |TAMS 0x0000000085f00000, 0x0000000085f00000| Untracked 
|  70|0x0000000086000000, 0x0000000086000000, 0x0000000086100000|  0%| F|  |TAMS 0x0000000086000000, 0x0000000086000000| Untracked 
|  71|0x0000000086100000, 0x0000000086100000, 0x0000000086200000|  0%| F|  |TAMS 0x0000000086100000, 0x0000000086100000| Untracked 
|  72|0x0000000086200000, 0x0000000086200000, 0x0000000086300000|  0%| F|  |TAMS 0x0000000086200000, 0x0000000086200000| Untracked 
|  73|0x0000000086300000, 0x0000000086300000, 0x0000000086400000|  0%| F|  |TAMS 0x0000000086300000, 0x0000000086300000| Untracked 
|  74|0x0000000086400000, 0x0000000086400000, 0x0000000086500000|  0%| F|  |TAMS 0x0000000086400000, 0x0000000086400000| Untracked 
|  75|0x0000000086500000, 0x0000000086500000, 0x0000000086600000|  0%| F|  |TAMS 0x0000000086500000, 0x0000000086500000| Untracked 
|  76|0x0000000086600000, 0x0000000086600000, 0x0000000086700000|  0%| F|  |TAMS 0x0000000086600000, 0x0000000086600000| Untracked 
|  77|0x0000000086700000, 0x0000000086700000, 0x0000000086800000|  0%| F|  |TAMS 0x0000000086700000, 0x0000000086700000| Untracked 
|  78|0x0000000086800000, 0x0000000086800000, 0x0000000086900000|  0%| F|  |TAMS 0x0000000086800000, 0x0000000086800000| Untracked 
|  79|0x0000000086900000, 0x0000000086900000, 0x0000000086a00000|  0%| F|  |TAMS 0x0000000086900000, 0x0000000086900000| Untracked 
|  80|0x0000000086a00000, 0x0000000086a00000, 0x0000000086b00000|  0%| F|  |TAMS 0x0000000086a00000, 0x0000000086a00000| Untracked 
|  81|0x0000000086b00000, 0x0000000086b00000, 0x0000000086c00000|  0%| F|  |TAMS 0x0000000086b00000, 0x0000000086b00000| Untracked 
|  82|0x0000000086c00000, 0x0000000086c00000, 0x0000000086d00000|  0%| F|  |TAMS 0x0000000086c00000, 0x0000000086c00000| Untracked 
|  83|0x0000000086d00000, 0x0000000086d00000, 0x0000000086e00000|  0%| F|  |TAMS 0x0000000086d00000, 0x0000000086d00000| Untracked 
|  84|0x0000000086e00000, 0x0000000086e00000, 0x0000000086f00000|  0%| F|  |TAMS 0x0000000086e00000, 0x0000000086e00000| Untracked 
|  85|0x0000000086f00000, 0x0000000086f00000, 0x0000000087000000|  0%| F|  |TAMS 0x0000000086f00000, 0x0000000086f00000| Untracked 
|  86|0x0000000087000000, 0x0000000087000000, 0x0000000087100000|  0%| F|  |TAMS 0x0000000087000000, 0x0000000087000000| Untracked 
|  87|0x0000000087100000, 0x0000000087100000, 0x0000000087200000|  0%| F|  |TAMS 0x0000000087100000, 0x0000000087100000| Untracked 
|  88|0x0000000087200000, 0x0000000087200000, 0x0000000087300000|  0%| F|  |TAMS 0x0000000087200000, 0x0000000087200000| Untracked 
|  89|0x0000000087300000, 0x0000000087300000, 0x0000000087400000|  0%| F|  |TAMS 0x0000000087300000, 0x0000000087300000| Untracked 
|  90|0x0000000087400000, 0x0000000087400000, 0x0000000087500000|  0%| F|  |TAMS 0x0000000087400000, 0x0000000087400000| Untracked 
|  91|0x0000000087500000, 0x0000000087500000, 0x0000000087600000|  0%| F|  |TAMS 0x0000000087500000, 0x0000000087500000| Untracked 
|  92|0x0000000087600000, 0x0000000087600000, 0x0000000087700000|  0%| F|  |TAMS 0x0000000087600000, 0x0000000087600000| Untracked 
|  93|0x0000000087700000, 0x0000000087700000, 0x0000000087800000|  0%| F|  |TAMS 0x0000000087700000, 0x0000000087700000| Untracked 
|  94|0x0000000087800000, 0x0000000087800000, 0x0000000087900000|  0%| F|  |TAMS 0x0000000087800000, 0x0000000087800000| Untracked 
|  95|0x0000000087900000, 0x0000000087900000, 0x0000000087a00000|  0%| F|  |TAMS 0x0000000087900000, 0x0000000087900000| Untracked 
|  96|0x0000000087a00000, 0x0000000087a00000, 0x0000000087b00000|  0%| F|  |TAMS 0x0000000087a00000, 0x0000000087a00000| Untracked 
|  97|0x0000000087b00000, 0x0000000087b00000, 0x0000000087c00000|  0%| F|  |TAMS 0x0000000087b00000, 0x0000000087b00000| Untracked 
|  98|0x0000000087c00000, 0x0000000087c00000, 0x0000000087d00000|  0%| F|  |TAMS 0x0000000087c00000, 0x0000000087c00000| Untracked 
|  99|0x0000000087d00000, 0x0000000087d00000, 0x0000000087e00000|  0%| F|  |TAMS 0x0000000087d00000, 0x0000000087d00000| Untracked 
| 100|0x0000000087e00000, 0x0000000087e00000, 0x0000000087f00000|  0%| F|  |TAMS 0x0000000087e00000, 0x0000000087e00000| Untracked 
| 101|0x0000000087f00000, 0x0000000087f00000, 0x0000000088000000|  0%| F|  |TAMS 0x0000000087f00000, 0x0000000087f00000| Untracked 
| 102|0x0000000088000000, 0x0000000088000000, 0x0000000088100000|  0%| F|  |TAMS 0x0000000088000000, 0x0000000088000000| Untracked 
| 103|0x0000000088100000, 0x0000000088100000, 0x0000000088200000|  0%| F|  |TAMS 0x0000000088100000, 0x0000000088100000| Untracked 
| 104|0x0000000088200000, 0x0000000088200000, 0x0000000088300000|  0%| F|  |TAMS 0x0000000088200000, 0x0000000088200000| Untracked 
| 105|0x0000000088300000, 0x0000000088300000, 0x0000000088400000|  0%| F|  |TAMS 0x0000000088300000, 0x0000000088300000| Untracked 
| 106|0x0000000088400000, 0x0000000088400000, 0x0000000088500000|  0%| F|  |TAMS 0x0000000088400000, 0x0000000088400000| Untracked 
| 107|0x0000000088500000, 0x0000000088500000, 0x0000000088600000|  0%| F|  |TAMS 0x0000000088500000, 0x0000000088500000| Untracked 
| 108|0x0000000088600000, 0x0000000088600000, 0x0000000088700000|  0%| F|  |TAMS 0x0000000088600000, 0x0000000088600000| Untracked 
| 109|0x0000000088700000, 0x0000000088700000, 0x0000000088800000|  0%| F|  |TAMS 0x0000000088700000, 0x0000000088700000| Untracked 
| 110|0x0000000088800000, 0x0000000088800000, 0x0000000088900000|  0%| F|  |TAMS 0x0000000088800000, 0x0000000088800000| Untracked 
| 111|0x0000000088900000, 0x0000000088900000, 0x0000000088a00000|  0%| F|  |TAMS 0x0000000088900000, 0x0000000088900000| Untracked 
| 112|0x0000000088a00000, 0x0000000088a00000, 0x0000000088b00000|  0%| F|  |TAMS 0x0000000088a00000, 0x0000000088a00000| Untracked 
| 113|0x0000000088b00000, 0x0000000088b00000, 0x0000000088c00000|  0%| F|  |TAMS 0x0000000088b00000, 0x0000000088b00000| Untracked 
| 114|0x0000000088c00000, 0x0000000088c00000, 0x0000000088d00000|  0%| F|  |TAMS 0x0000000088c00000, 0x0000000088c00000| Untracked 
| 115|0x0000000088d00000, 0x0000000088d8fe38, 0x0000000088e00000| 56%| E|  |TAMS 0x0000000088d00000, 0x0000000088d00000| Complete 
| 116|0x0000000088e00000, 0x0000000088f00000, 0x0000000088f00000|100%| E|CS|TAMS 0x0000000088e00000, 0x0000000088e00000| Complete 
| 117|0x0000000088f00000, 0x0000000089000000, 0x0000000089000000|100%| E|CS|TAMS 0x0000000088f00000, 0x0000000088f00000| Complete 
| 118|0x0000000089000000, 0x0000000089100000, 0x0000000089100000|100%| E|CS|TAMS 0x0000000089000000, 0x0000000089000000| Complete 
| 119|0x0000000089100000, 0x0000000089200000, 0x0000000089200000|100%| E|CS|TAMS 0x0000000089100000, 0x0000000089100000| Complete 
| 120|0x0000000089200000, 0x0000000089300000, 0x0000000089300000|100%| E|CS|TAMS 0x0000000089200000, 0x0000000089200000| Complete 
| 121|0x0000000089300000, 0x0000000089400000, 0x0000000089400000|100%| E|CS|TAMS 0x0000000089300000, 0x0000000089300000| Complete 
| 122|0x0000000089400000, 0x0000000089500000, 0x0000000089500000|100%| E|CS|TAMS 0x0000000089400000, 0x0000000089400000| Complete 
| 123|0x0000000089500000, 0x0000000089600000, 0x0000000089600000|100%| E|CS|TAMS 0x0000000089500000, 0x0000000089500000| Complete 
| 124|0x0000000089600000, 0x0000000089700000, 0x0000000089700000|100%| E|CS|TAMS 0x0000000089600000, 0x0000000089600000| Complete 
| 125|0x0000000089700000, 0x0000000089800000, 0x0000000089800000|100%| E|CS|TAMS 0x0000000089700000, 0x0000000089700000| Complete 
| 126|0x0000000089800000, 0x0000000089900000, 0x0000000089900000|100%| E|CS|TAMS 0x0000000089800000, 0x0000000089800000| Complete 
| 127|0x0000000089900000, 0x0000000089a00000, 0x0000000089a00000|100%| E|CS|TAMS 0x0000000089900000, 0x0000000089900000| Complete 

Card table byte_map: [0x000001c52e410000,0x000001c52e810000] _byte_map_base: 0x000001c52e003000

Marking Bits (Prev, Next): (CMBitMap*) 0x000001c516c49568, (CMBitMap*) 0x000001c516c495a8
 Prev Bits: [0x000001c52ec10000, 0x000001c530ba8000)
 Next Bits: [0x000001c530bb0000, 0x000001c532b48000)

Polling page: 0x000001c514a30000

Metaspace:

Usage:
  Non-class:      5.29 MB capacity,     3.56 MB ( 67%) used,     1.73 MB ( 33%) free+waste,     7.00 KB ( <1%) overhead. 
      Class:    606.00 KB capacity,   403.22 KB ( 67%) used,   198.91 KB ( 33%) free+waste,     3.88 KB ( <1%) overhead. 
       Both:      5.89 MB capacity,     3.95 MB ( 67%) used,     1.93 MB ( 33%) free+waste,    10.88 KB ( <1%) overhead. 

Virtual space:
  Non-class space:        8.00 MB reserved,       5.50 MB ( 69%) committed 
      Class space:        1.00 GB reserved,     640.00 KB ( <1%) committed 
             Both:        1.01 GB reserved,       6.13 MB ( <1%) committed 

Chunk freelists:
   Non-Class:  2.25 KB
       Class:  256 bytes
        Both:  2.50 KB

CodeHeap 'non-profiled nmethods': size=120064Kb used=244Kb max_used=244Kb free=119819Kb
 bounds [0x000001c526ad0000, 0x000001c526d40000, 0x000001c52e010000]
CodeHeap 'profiled nmethods': size=120000Kb used=1544Kb max_used=1544Kb free=118456Kb
 bounds [0x000001c51f5a0000, 0x000001c51f810000, 0x000001c526ad0000]
CodeHeap 'non-nmethods': size=5696Kb used=1146Kb max_used=1157Kb free=4549Kb
 bounds [0x000001c51f010000, 0x000001c51f280000, 0x000001c51f5a0000]
 total_blobs=1462 nmethods=811 adapters=380
 compilation: enabled
              stopped_count=0, restarted_count=0
 full_count=0

Compilation events (10 events):
Event: 1.546 Thread 0x000001c535039800  807       3       com.esotericsoftware.kryo.Serializer::<init> (5 bytes)
Event: 1.546 Thread 0x000001c535039800 nmethod 807 0x000001c51f720290 code [0x000001c51f720440, 0x000001c51f720618]
Event: 1.597 Thread 0x000001c535039800  808       3       com.esotericsoftware.kryo.factories.ReflectionSerializerFactory::<init> (10 bytes)
Event: 1.597 Thread 0x000001c535039800 nmethod 808 0x000001c51f720710 code [0x000001c51f7208e0, 0x000001c51f720b18]
Event: 1.597 Thread 0x000001c535039800  809       3       com.esotericsoftware.kryo.Kryo::addDefaultSerializer (66 bytes)
Event: 1.598 Thread 0x000001c535039800 nmethod 809 0x000001c51f720c10 code [0x000001c51f720e40, 0x000001c51f7215d0]
Event: 1.598 Thread 0x000001c535039800  810       3       com.esotericsoftware.kryo.util.ObjectMap::hash2 (19 bytes)
Event: 1.598 Thread 0x000001c535039800 nmethod 810 0x000001c51f721810 code [0x000001c51f7219c0, 0x000001c51f721b58]
Event: 1.598 Thread 0x000001c535039800  811       3       com.esotericsoftware.kryo.util.ObjectMap::hash3 (19 bytes)
Event: 1.598 Thread 0x000001c535039800 nmethod 811 0x000001c51f721c10 code [0x000001c51f721dc0, 0x000001c51f721f58]

GC Heap History (0 events):
No events

Deoptimization events (10 events):
Event: 0.232 Thread 0x000001c516c09000 Uncommon trap: reason=unstable_if action=reinterpret pc=0x000001c526ad8a34 method=java.lang.String.hashCode()I @ 22 c2
Event: 0.236 Thread 0x000001c516c09000 Uncommon trap: reason=class_check action=maybe_recompile pc=0x000001c526add6b8 method=java.util.HashMap.putVal(ILjava/lang/Object;Ljava/lang/Object;ZZ)Ljava/lang/Object; @ 152 c2
Event: 0.237 Thread 0x000001c516c09000 Uncommon trap: reason=class_check action=maybe_recompile pc=0x000001c526add6b8 method=java.util.HashMap.putVal(ILjava/lang/Object;Ljava/lang/Object;ZZ)Ljava/lang/Object; @ 152 c2
Event: 0.237 Thread 0x000001c516c09000 Uncommon trap: reason=class_check action=maybe_recompile pc=0x000001c526add6b8 method=java.util.HashMap.putVal(ILjava/lang/Object;Ljava/lang/Object;ZZ)Ljava/lang/Object; @ 152 c2
Event: 0.283 Thread 0x000001c516c09000 Uncommon trap: reason=bimorphic_or_optimized_type_check action=maybe_recompile pc=0x000001c526adb144 method=java.util.AbstractCollection.isEmpty()Z @ 1 c2
Event: 0.284 Thread 0x000001c516c09000 Uncommon trap: reason=bimorphic_or_optimized_type_check action=maybe_recompile pc=0x000001c526adb144 method=java.util.AbstractCollection.isEmpty()Z @ 1 c2
Event: 0.286 Thread 0x000001c516c09000 Uncommon trap: reason=bimorphic_or_optimized_type_check action=maybe_recompile pc=0x000001c526adb144 method=java.util.AbstractCollection.isEmpty()Z @ 1 c2
Event: 0.286 Thread 0x000001c516c09000 Uncommon trap: reason=bimorphic_or_optimized_type_check action=maybe_recompile pc=0x000001c526adb144 method=java.util.AbstractCollection.isEmpty()Z @ 1 c2
Event: 0.408 Thread 0x000001c516c09000 Uncommon trap: reason=unstable_if action=reinterpret pc=0x000001c526af3bac method=java.util.HashMap.putVal(ILjava/lang/Object;Ljava/lang/Object;ZZ)Ljava/lang/Object; @ 181 c2
Event: 1.521 Thread 0x000001c516c09000 Uncommon trap: reason=unstable_if action=reinterpret pc=0x000001c526af8324 method=java.util.HashMap.hash(Ljava/lang/Object;)I @ 1 c2

Classes redefined (0 events):
No events

Internal exceptions (5 events):
Event: 0.286 Thread 0x000001c516c09000 Exception <a 'java/lang/ClassNotFoundException'{0x0000000089449190}: javax/smartcardio/CardPermission> (0x0000000089449190) thrown at [t:/workspace/open/src/hotspot/share/classfile/systemDictionary.cpp, line 235]
Event: 0.289 Thread 0x000001c516c09000 Exception <a 'java/io/FileNotFoundException'{0x0000000089456f40}> (0x0000000089456f40) thrown at [t:/workspace/open/src/hotspot/share/prims/jni.cpp, line 615]
Event: 0.412 Thread 0x000001c516c09000 Exception <a 'java/lang/NoSuchMethodError'{0x00000000892b1aa0}: java.lang.invoke.DirectMethodHandle$Holder.invokeStaticInit(Ljava/lang/Object;IIII)Ljava/lang/Object;> (0x00000000892b1aa0) thrown at [t:/workspace/open/src/hotspot/share/interpreter/linkReso
Event: 1.119 Thread 0x000001c516c09000 Exception <a 'java/lang/NoSuchMethodError'{0x000000008902d5a8}: java.lang.invoke.DirectMethodHandle$Holder.invokeStaticInit(Ljava/lang/Object;Ljava/lang/Object;IIII)Ljava/lang/Object;> (0x000000008902d5a8) thrown at [t:/workspace/open/src/hotspot/share/in
Event: 1.521 Thread 0x000001c516c09000 Implicit null exception at 0x000001c526af8288 to 0x000001c526af831a

Events (10 events):
Event: 1.537 loading class org/objectweb/asm/MethodWriter
Event: 1.537 loading class org/objectweb/asm/MethodWriter done
Event: 1.539 loading class org/objectweb/asm/ByteVector
Event: 1.539 loading class org/objectweb/asm/ByteVector done
Event: 1.539 loading class org/objectweb/asm/Item
Event: 1.539 loading class org/objectweb/asm/Item done
Event: 1.543 loading class java/lang/ClassFormatError
Event: 1.543 loading class java/lang/ClassFormatError done
Event: 1.544 loading class com/esotericsoftware/kryo/Kryo$DefaultInstantiatorStrategy$1
Event: 1.544 loading class com/esotericsoftware/kryo/Kryo$DefaultInstantiatorStrategy$1 done


Dynamic libraries:
0x00007ff6ffab0000 - 0x00007ff6ffabf000 	C:\Program Files\Java\jdk-12.0.1\bin\java.exe
0x00007ffda2280000 - 0x00007ffda2470000 	C:\WINDOWS\SYSTEM32\ntdll.dll
0x00007ffda0bc0000 - 0x00007ffda0c72000 	C:\WINDOWS\System32\KERNEL32.DLL
0x00007ffd9fed0000 - 0x00007ffda0174000 	C:\WINDOWS\System32\KERNELBASE.dll
0x00007ffd9fd80000 - 0x00007ffd9fe7a000 	C:\WINDOWS\System32\ucrtbase.dll
0x00007ffd99a80000 - 0x00007ffd99a98000 	C:\Program Files\Java\jdk-12.0.1\bin\jli.dll
0x00007ffd99a60000 - 0x00007ffd99a76000 	C:\Program Files\Java\jdk-12.0.1\bin\VCRUNTIME140.dll
0x00007ffda0ef0000 - 0x00007ffda0f93000 	C:\WINDOWS\System32\ADVAPI32.dll
0x00007ffda07a0000 - 0x00007ffda083e000 	C:\WINDOWS\System32\msvcrt.dll
0x00007ffda0980000 - 0x00007ffda0a17000 	C:\WINDOWS\System32\sechost.dll
0x00007ffda1850000 - 0x00007ffda1970000 	C:\WINDOWS\System32\RPCRT4.dll
0x00007ffda0fa0000 - 0x00007ffda1134000 	C:\WINDOWS\System32\USER32.dll
0x00007ffda0200000 - 0x00007ffda0221000 	C:\WINDOWS\System32\win32u.dll
0x00007ffda20d0000 - 0x00007ffda20f6000 	C:\WINDOWS\System32\GDI32.dll
0x00007ffd9f350000 - 0x00007ffd9f4e6000 	C:\WINDOWS\System32\gdi32full.dll
0x00007ffda0230000 - 0x00007ffda02ce000 	C:\WINDOWS\System32\msvcp_win.dll
0x00007ffd96280000 - 0x00007ffd9628a000 	C:\WINDOWS\SYSTEM32\VERSION.dll
0x00007ffd92240000 - 0x00007ffd924c4000 	C:\WINDOWS\WinSxS\amd64_microsoft.windows.common-controls_6595b64144ccf1df_6.0.18362.959_none_e6c7bbbf130c62bb\COMCTL32.dll
0x00007ffda1c30000 - 0x00007ffda1f65000 	C:\WINDOWS\System32\combase.dll
0x00007ffda0180000 - 0x00007ffda0200000 	C:\WINDOWS\System32\bcryptPrimitives.dll
0x00007ffda0840000 - 0x00007ffda086e000 	C:\WINDOWS\System32\IMM32.DLL
0x00007ffd8b1f0000 - 0x00007ffd8b29a000 	C:\Program Files\Java\jdk-12.0.1\bin\msvcp140.dll
0x00007ffd6e520000 - 0x00007ffd6f094000 	C:\Program Files\Java\jdk-12.0.1\bin\server\jvm.dll
0x00007ffda0870000 - 0x00007ffda0878000 	C:\WINDOWS\System32\PSAPI.DLL
0x00007ffd8f660000 - 0x00007ffd8f669000 	C:\WINDOWS\SYSTEM32\WSOCK32.dll
0x00007ffda0b50000 - 0x00007ffda0bbf000 	C:\WINDOWS\System32\WS2_32.dll
0x00007ffd9d0d0000 - 0x00007ffd9d0f4000 	C:\WINDOWS\SYSTEM32\WINMM.dll
0x00007ffd9d070000 - 0x00007ffd9d09d000 	C:\WINDOWS\SYSTEM32\WINMMBASE.dll
0x00007ffd9fe80000 - 0x00007ffd9feca000 	C:\WINDOWS\System32\cfgmgr32.dll
0x00007ffd9f140000 - 0x00007ffd9f151000 	C:\WINDOWS\System32\kernel.appcore.dll
0x00007ffd99a40000 - 0x00007ffd99a51000 	C:\Program Files\Java\jdk-12.0.1\bin\verify.dll
0x00007ffd9b610000 - 0x00007ffd9b804000 	C:\WINDOWS\SYSTEM32\DBGHELP.DLL
0x00007ffd8edc0000 - 0x00007ffd8edea000 	C:\WINDOWS\SYSTEM32\dbgcore.DLL
0x00007ffd99a10000 - 0x00007ffd99a36000 	C:\Program Files\Java\jdk-12.0.1\bin\java.dll
0x00007ffd9d230000 - 0x00007ffd9d23e000 	C:\Program Files\Java\jdk-12.0.1\bin\instrument.dll
0x00007ffd999f0000 - 0x00007ffd99a07000 	C:\Program Files\Java\jdk-12.0.1\bin\zip.dll
0x00007ffd9b820000 - 0x00007ffd9b82a000 	C:\Program Files\Java\jdk-12.0.1\bin\jimage.dll
0x00007ffda1140000 - 0x00007ffda1826000 	C:\WINDOWS\System32\SHELL32.dll
0x00007ffda0c80000 - 0x00007ffda0d29000 	C:\WINDOWS\System32\shcore.dll
0x00007ffd9f5f0000 - 0x00007ffd9fd72000 	C:\WINDOWS\System32\windows.storage.dll
0x00007ffd9f1d0000 - 0x00007ffd9f1f3000 	C:\WINDOWS\System32\profapi.dll
0x00007ffd9f160000 - 0x00007ffd9f1aa000 	C:\WINDOWS\System32\powrprof.dll
0x00007ffd9f130000 - 0x00007ffd9f140000 	C:\WINDOWS\System32\UMPDC.dll
0x00007ffda0a80000 - 0x00007ffda0ad2000 	C:\WINDOWS\System32\shlwapi.dll
0x00007ffd9f4f0000 - 0x00007ffd9f507000 	C:\WINDOWS\System32\cryptsp.dll
0x00007ffd98ea0000 - 0x00007ffd98eb9000 	C:\Program Files\Java\jdk-12.0.1\bin\net.dll
0x00007ffd93930000 - 0x00007ffd93a20000 	C:\WINDOWS\SYSTEM32\WINHTTP.dll
0x00007ffd90020000 - 0x00007ffd901f6000 	C:\WINDOWS\SYSTEM32\urlmon.dll
0x00007ffd8d5c0000 - 0x00007ffd8d866000 	C:\WINDOWS\SYSTEM32\iertutil.dll
0x00007ffd9eb70000 - 0x00007ffd9eb7c000 	C:\WINDOWS\SYSTEM32\CRYPTBASE.DLL
0x00007ffd9e9a0000 - 0x00007ffd9ea07000 	C:\WINDOWS\system32\mswsock.dll
0x00007ffd98e80000 - 0x00007ffd98e93000 	C:\Program Files\Java\jdk-12.0.1\bin\nio.dll
0x00007ffd98e60000 - 0x00007ffd98e7a000 	C:\Program Files\JetBrains\IntelliJ IDEA Community Edition 2020.1.3\bin\breakgen64.dll
0x00007ffd9e510000 - 0x00007ffd9e543000 	C:\WINDOWS\system32\rsaenh.dll
0x00007ffd9f510000 - 0x00007ffd9f536000 	C:\WINDOWS\System32\bcrypt.dll
0x00007ffd9f050000 - 0x00007ffd9f075000 	C:\WINDOWS\SYSTEM32\USERENV.dll
0x00007ffd9e6b0000 - 0x00007ffd9e6ea000 	C:\WINDOWS\SYSTEM32\IPHLPAPI.DLL
0x00007ffda0b40000 - 0x00007ffda0b48000 	C:\WINDOWS\System32\NSI.dll
0x00007ffd993a0000 - 0x00007ffd993b6000 	C:\WINDOWS\SYSTEM32\dhcpcsvc6.DLL
0x00007ffd99360000 - 0x00007ffd9937c000 	C:\WINDOWS\SYSTEM32\dhcpcsvc.DLL
0x00007ffd9e6f0000 - 0x00007ffd9e7bb000 	C:\WINDOWS\SYSTEM32\DNSAPI.dll
0x00007ffd5d860000 - 0x00007ffd5ded7000 	C:\Users\62737\AppData\Local\Temp\librocksdbjni17129053157391740692.dll

dbghelp: loaded successfully - version: 4.0.5 - missing functions: none
symbol engine: initialized successfully - sym options: 0x614 - pdb path: .;C:\Program Files\Java\jdk-12.0.1\bin;C:\WINDOWS\SYSTEM32;C:\WINDOWS\WinSxS\amd64_microsoft.windows.common-controls_6595b64144ccf1df_6.0.18362.959_none_e6c7bbbf130c62bb;C:\Program Files\Java\jdk-12.0.1\bin\server;C:\Program Files\JetBrains\IntelliJ IDEA Community Edition 2020.1.3\bin;C:\Users\62737\AppData\Local\Temp

VM Arguments:
jvm_args: -javaagent:C:\Program Files\JetBrains\IntelliJ IDEA Community Edition 2020.1.3\lib\idea_rt.jar=61923:C:\Program Files\JetBrains\IntelliJ IDEA Community Edition 2020.1.3\bin -Dfile.encoding=UTF-8 
java_command: one.wangwei.blockchain.cli.Main
java_class_path (initial): D:\int main\blockchain-java-master -÷ÿππ\target\classes;C:\Users\62737\.m2\repository\org\apache\commons\commons-lang3\3.7\commons-lang3-3.7.jar;C:\Users\62737\.m2\repository\commons-codec\commons-codec\1.11\commons-codec-1.11.jar;C:\Users\62737\.m2\repository\commons-cli\commons-cli\1.4\commons-cli-1.4.jar;C:\Users\62737\.m2\repository\commons-io\commons-io\2.6\commons-io-2.6.jar;C:\Users\62737\.m2\repository\com\google\guava\guava\24.0-jre\guava-24.0-jre.jar;C:\Users\62737\.m2\repository\com\google\code\findbugs\jsr305\1.3.9\jsr305-1.3.9.jar;C:\Users\62737\.m2\repository\org\checkerframework\checker-compat-qual\2.0.0\checker-compat-qual-2.0.0.jar;C:\Users\62737\.m2\repository\com\google\errorprone\error_prone_annotations\2.1.3\error_prone_annotations-2.1.3.jar;C:\Users\62737\.m2\repository\com\google\j2objc\j2objc-annotations\1.1\j2objc-annotations-1.1.jar;C:\Users\62737\.m2\repository\org\codehaus\mojo\animal-sniffer-annotations\1.14\animal-sniffer-annotations-1.14.jar;C:\Users\62737\.m2\repository\org\projectlombok\lombok\1.18.12\lombok-1.18.12.jar;C:\Users\62737\.m2\repository\com\esotericsoftware\kryo\4.0.1\kryo-4.0.1.jar;C:\Users\62737\.m2\repository\com\esotericsoftware\reflectasm\1.11.3\reflectasm-1.11.3.jar;C:\Users\62737\.m2\repository\org\ow2\asm\asm\5.0.4\asm-5.0.4.jar;C:\Users\62737\.m2\repository\com\esotericsoftware\minlog\1.3.0\minlog-1.3.0.jar;C:\Users\62737\.m2\repository\org\objenesis\objenesis\2.5.1\objenesis-2.5.1.jar;C:\Users\62737\.m2\repository\org\rocksdb\rocksdbjni\5.9.2\rocksdbjni-5.9.2.jar;C:\Users\62737\.m2\repository\org\bouncycastle\bcprov-jdk15on\1.59\bcprov-jdk15on-1.59.jar;C:\Users\62737\.m2\repository\org\slf4j\slf4j-api\1.7.25\slf4j-api-1.7.25.jar;C:\Users\62737\.m2\repository\ch\qos\logback\logback-core\1.2.3\logback-core-1.2.3.jar;C:\Users\62737\.m2\repository\ch\qos\logback\logback-classic\1.2.3\logback-classic-1.2.3.jar;C:\Users\62737\.m2\repository\org\jetbrains\annotations\19.0.0\annotations-19.
Launcher Type: SUN_STANDARD

[Global flags]
     intx CICompilerCount                          = 3                                         {product} {ergonomic}
     uint ConcGCThreads                            = 1                                         {product} {ergonomic}
     uint G1ConcRefinementThreads                  = 4                                         {product} {ergonomic}
   size_t G1HeapRegionSize                         = 1048576                                   {product} {ergonomic}
    uintx GCDrainStackTargetSize                   = 64                                        {product} {ergonomic}
   size_t InitialHeapSize                          = 134217728                                 {product} {ergonomic}
   size_t MarkStackSize                            = 4194304                                   {product} {ergonomic}
   size_t MaxHeapSize                              = 2120220672                                {product} {ergonomic}
   size_t MaxNewSize                               = 1271922688                                {product} {ergonomic}
   size_t MinHeapDeltaBytes                        = 1048576                                   {product} {ergonomic}
    uintx NonNMethodCodeHeapSize                   = 5830732                                {pd product} {ergonomic}
    uintx NonProfiledCodeHeapSize                  = 122913754                              {pd product} {ergonomic}
    uintx ProfiledCodeHeapSize                     = 122913754                              {pd product} {ergonomic}
    uintx ReservedCodeCacheSize                    = 251658240                              {pd product} {ergonomic}
     bool SegmentedCodeCache                       = true                                      {product} {ergonomic}
     bool UseCompressedClassPointers               = true                                 {lp64_product} {ergonomic}
     bool UseCompressedOops                        = true                                 {lp64_product} {ergonomic}
     bool UseG1GC                                  = true                                      {product} {ergonomic}
     bool UseLargePagesIndividualAllocation        = false                                  {pd product} {ergonomic}

Logging:
Log output configuration:
 #0: stdout all=warning uptime,level,tags
 #1: stderr all=off uptime,level,tags

Environment Variables:
JAVA_HOME=C:\Program Files\Java\jdk-12.0.1
PATH=C:\Windows\system32;C:\Windows;C:\Windows\System32\Wbem;C:\Windows\System32\WindowsPowerShell\v1.0\;C:\Windows\System32\OpenSSH\;C:\Program Files (x86)\NVIDIA Corporation\PhysX\Common;C:\Program Files\NVIDIA Corporation\NVIDIA NvDLISR;C:\Program Files\Java\jdk-12.0.1\bin;C:\Program Files\dotnet\;C:\Program Files\Microsoft SQL Server\130\Tools\Binn\;C:\Program Files\Microsoft SQL Server\Client SDK\ODBC\170\Tools\Binn\;C:\Program Files\MySQL\MySQL Server 8.0\bin;C:\Program Files\Git\cmd;C:\WINDOWS\system32;C:\WINDOWS;C:\WINDOWS\System32\Wbem;C:\WINDOWS\System32\WindowsPowerShell\v1.0\;C:\WINDOWS\System32\OpenSSH\;D:\Program Files\C++Library\OpenCV\420\opencv\build\x64\vc15\bin;D:\matlab\bin;D:\Program Files\apache-maven-3.6.1\bin;C:\Program Files\MySQL\MySQL Shell 8.0\bin\;C:\Users\62737\AppData\Local\Microsoft\WindowsApps;;D:\Bigdata-CCA\Microsoft VS Code\bin
USERNAME=62737
OS=Windows_NT
PROCESSOR_IDENTIFIER=Intel64 Family 6 Model 94 Stepping 3, GenuineIntel



---------------  S Y S T E M  ---------------

OS: Windows 10 , 64 bit Build 18362 (10.0.18362.959)

CPU:total 4 (initial active 4) (4 cores per cpu, 1 threads per core) family 6 model 94 stepping 3, cmov, cx8, fxsr, mmx, sse, sse2, sse3, ssse3, sse4.1, sse4.2, popcnt, avx, avx2, aes, clmul, erms, rtm, 3dnowpref, lzcnt, tsc, tscinvbit, bmi1, bmi2, adx, fma

Memory: 4k page, system-wide physical 8081M (2661M free)
TotalPageFile size 12689M (AvailPageFile size 4103M)
current process WorkingSet (physical memory assigned to process): 68M, peak: 68M
current process commit charge ("private bytes"): 213M, peak: 213M

vm_info: Java HotSpot(TM) 64-Bit Server VM (12.0.1+12) for windows-amd64 JRE (12.0.1+12), built on Apr  2 2019 14:02:19 by "mach5one" with MS VC++ 15.5 (VS2017)

END.
